GPU is available

Entering LSTM Training Loop
Epoch [1/100], Training Loss: 1.3890
Validation Loss: 1.3827, Validation Accuracy: 18.33%

Per-Class Validation Accuracy:
  Class 0: 0.00% (0/14)
  Class 1: 0.00% (0/18)
  Class 2: 90.91% (10/11)
  Class 3: 5.88% (1/17)
Epoch [2/100], Training Loss: 1.3779
Validation Loss: 1.3779, Validation Accuracy: 23.33%

Per-Class Validation Accuracy:
  Class 0: 28.57% (4/14)
  Class 1: 0.00% (0/18)
  Class 2: 90.91% (10/11)
  Class 3: 0.00% (0/17)
Epoch [3/100], Training Loss: 1.3644
Validation Loss: 1.3583, Validation Accuracy: 30.00%

Per-Class Validation Accuracy:
  Class 0: 14.29% (2/14)
  Class 1: 0.00% (0/18)
  Class 2: 90.91% (10/11)
  Class 3: 35.29% (6/17)
Epoch [4/100], Training Loss: 1.3336
Validation Loss: 1.2852, Validation Accuracy: 50.00%

Per-Class Validation Accuracy:
  Class 0: 85.71% (12/14)
  Class 1: 0.00% (0/18)
  Class 2: 9.09% (1/11)
  Class 3: 100.00% (17/17)
Epoch [5/100], Training Loss: 1.2102
Validation Loss: 1.1962, Validation Accuracy: 43.33%

Per-Class Validation Accuracy:
  Class 0: 100.00% (14/14)
  Class 1: 0.00% (0/18)
  Class 2: 0.00% (0/11)
  Class 3: 70.59% (12/17)
Epoch [6/100], Training Loss: 1.0997
Validation Loss: 1.0892, Validation Accuracy: 43.33%

Per-Class Validation Accuracy:
  Class 0: 78.57% (11/14)
  Class 1: 0.00% (0/18)
  Class 2: 9.09% (1/11)
  Class 3: 82.35% (14/17)
Epoch [7/100], Training Loss: 1.0072
Validation Loss: 0.9719, Validation Accuracy: 70.00%

Per-Class Validation Accuracy:
  Class 0: 71.43% (10/14)
  Class 1: 88.89% (16/18)
  Class 2: 9.09% (1/11)
  Class 3: 88.24% (15/17)
Epoch [8/100], Training Loss: 0.9336
Validation Loss: 0.9017, Validation Accuracy: 71.67%

Per-Class Validation Accuracy:
  Class 0: 28.57% (4/14)
  Class 1: 100.00% (18/18)
  Class 2: 54.55% (6/11)
  Class 3: 88.24% (15/17)
Epoch [9/100], Training Loss: 0.8746
Validation Loss: 0.8313, Validation Accuracy: 70.00%

Per-Class Validation Accuracy:
  Class 0: 64.29% (9/14)
  Class 1: 94.44% (17/18)
  Class 2: 9.09% (1/11)
  Class 3: 88.24% (15/17)
Epoch [10/100], Training Loss: 0.8336
Validation Loss: 0.7565, Validation Accuracy: 71.67%

Per-Class Validation Accuracy:
  Class 0: 64.29% (9/14)
  Class 1: 100.00% (18/18)
  Class 2: 9.09% (1/11)
  Class 3: 88.24% (15/17)
Epoch [11/100], Training Loss: 0.7940
Validation Loss: 0.6751, Validation Accuracy: 68.33%

Per-Class Validation Accuracy:
  Class 0: 64.29% (9/14)
  Class 1: 88.89% (16/18)
  Class 2: 9.09% (1/11)
  Class 3: 88.24% (15/17)
Epoch [12/100], Training Loss: 0.7504
Validation Loss: 0.7138, Validation Accuracy: 66.67%

Per-Class Validation Accuracy:
  Class 0: 28.57% (4/14)
  Class 1: 100.00% (18/18)
  Class 2: 27.27% (3/11)
  Class 3: 88.24% (15/17)
Epoch [13/100], Training Loss: 0.7246
Validation Loss: 0.6072, Validation Accuracy: 71.67%

Per-Class Validation Accuracy:
  Class 0: 64.29% (9/14)
  Class 1: 100.00% (18/18)
  Class 2: 9.09% (1/11)
  Class 3: 88.24% (15/17)
Epoch [14/100], Training Loss: 0.7156
Validation Loss: 0.6136, Validation Accuracy: 71.67%

Per-Class Validation Accuracy:
  Class 0: 57.14% (8/14)
  Class 1: 100.00% (18/18)
  Class 2: 18.18% (2/11)
  Class 3: 88.24% (15/17)
Epoch [15/100], Training Loss: 0.6932
Validation Loss: 0.5699, Validation Accuracy: 70.00%

Per-Class Validation Accuracy:
  Class 0: 42.86% (6/14)
  Class 1: 100.00% (18/18)
  Class 2: 27.27% (3/11)
  Class 3: 88.24% (15/17)
Epoch [16/100], Training Loss: 0.6969
Validation Loss: 0.5856, Validation Accuracy: 71.67%

Per-Class Validation Accuracy:
  Class 0: 64.29% (9/14)
  Class 1: 100.00% (18/18)
  Class 2: 9.09% (1/11)
  Class 3: 88.24% (15/17)
Epoch [17/100], Training Loss: 0.6598
Validation Loss: 0.5584, Validation Accuracy: 71.67%

Per-Class Validation Accuracy:
  Class 0: 64.29% (9/14)
  Class 1: 100.00% (18/18)
  Class 2: 9.09% (1/11)
  Class 3: 88.24% (15/17)
Epoch [18/100], Training Loss: 0.6484
Validation Loss: 0.5223, Validation Accuracy: 73.33%

Per-Class Validation Accuracy:
  Class 0: 42.86% (6/14)
  Class 1: 100.00% (18/18)
  Class 2: 36.36% (4/11)
  Class 3: 94.12% (16/17)
Epoch [19/100], Training Loss: 0.6192
Validation Loss: 0.5300, Validation Accuracy: 70.00%

Per-Class Validation Accuracy:
  Class 0: 64.29% (9/14)
  Class 1: 88.89% (16/18)
  Class 2: 9.09% (1/11)
  Class 3: 94.12% (16/17)
Epoch [20/100], Training Loss: 0.6724
Validation Loss: 0.5854, Validation Accuracy: 71.67%

Per-Class Validation Accuracy:
  Class 0: 64.29% (9/14)
  Class 1: 100.00% (18/18)
  Class 2: 9.09% (1/11)
  Class 3: 88.24% (15/17)
Epoch [21/100], Training Loss: 0.6234
Validation Loss: 0.4954, Validation Accuracy: 71.67%

Per-Class Validation Accuracy:
  Class 0: 64.29% (9/14)
  Class 1: 100.00% (18/18)
  Class 2: 9.09% (1/11)
  Class 3: 88.24% (15/17)
Epoch [22/100], Training Loss: 0.6110
Validation Loss: 0.5499, Validation Accuracy: 70.00%

Per-Class Validation Accuracy:
  Class 0: 42.86% (6/14)
  Class 1: 100.00% (18/18)
  Class 2: 27.27% (3/11)
  Class 3: 88.24% (15/17)
Epoch [23/100], Training Loss: 0.5943
Validation Loss: 0.5087, Validation Accuracy: 71.67%

Per-Class Validation Accuracy:
  Class 0: 64.29% (9/14)
  Class 1: 100.00% (18/18)
  Class 2: 9.09% (1/11)
  Class 3: 88.24% (15/17)
Epoch [24/100], Training Loss: 0.5480
Validation Loss: 0.4170, Validation Accuracy: 73.33%

Per-Class Validation Accuracy:
  Class 0: 50.00% (7/14)
  Class 1: 100.00% (18/18)
  Class 2: 27.27% (3/11)
  Class 3: 94.12% (16/17)
Epoch [25/100], Training Loss: 0.5629
Validation Loss: 0.6479, Validation Accuracy: 63.33%

Per-Class Validation Accuracy:
  Class 0: 64.29% (9/14)
  Class 1: 77.78% (14/18)
  Class 2: 0.00% (0/11)
  Class 3: 88.24% (15/17)
Epoch [26/100], Training Loss: 0.6075
Validation Loss: 0.5686, Validation Accuracy: 71.67%

Per-Class Validation Accuracy:
  Class 0: 71.43% (10/14)
  Class 1: 100.00% (18/18)
  Class 2: 0.00% (0/11)
  Class 3: 88.24% (15/17)
Epoch [27/100], Training Loss: 0.5696
Validation Loss: 0.4315, Validation Accuracy: 71.67%

Per-Class Validation Accuracy:
  Class 0: 42.86% (6/14)
  Class 1: 100.00% (18/18)
  Class 2: 27.27% (3/11)
  Class 3: 94.12% (16/17)
Epoch [28/100], Training Loss: 0.5532
Validation Loss: 0.4617, Validation Accuracy: 73.33%

Per-Class Validation Accuracy:
  Class 0: 35.71% (5/14)
  Class 1: 100.00% (18/18)
  Class 2: 45.45% (5/11)
  Class 3: 94.12% (16/17)
Epoch [29/100], Training Loss: 0.4940
Validation Loss: 0.4600, Validation Accuracy: 73.33%

Per-Class Validation Accuracy:
  Class 0: 42.86% (6/14)
  Class 1: 100.00% (18/18)
  Class 2: 45.45% (5/11)
  Class 3: 88.24% (15/17)
Epoch [30/100], Training Loss: 0.5098
Validation Loss: 0.4872, Validation Accuracy: 71.67%

Per-Class Validation Accuracy:
  Class 0: 71.43% (10/14)
  Class 1: 100.00% (18/18)
  Class 2: 0.00% (0/11)
  Class 3: 88.24% (15/17)
Epoch [31/100], Training Loss: 0.4727
Validation Loss: 0.4229, Validation Accuracy: 71.67%

Per-Class Validation Accuracy:
  Class 0: 71.43% (10/14)
  Class 1: 100.00% (18/18)
  Class 2: 0.00% (0/11)
  Class 3: 88.24% (15/17)
Epoch [32/100], Training Loss: 0.4625
Validation Loss: 0.4674, Validation Accuracy: 71.67%

Per-Class Validation Accuracy:
  Class 0: 42.86% (6/14)
  Class 1: 94.44% (17/18)
  Class 2: 45.45% (5/11)
  Class 3: 88.24% (15/17)
Epoch [33/100], Training Loss: 0.4640
Validation Loss: 0.3856, Validation Accuracy: 70.00%

Per-Class Validation Accuracy:
  Class 0: 42.86% (6/14)
  Class 1: 100.00% (18/18)
  Class 2: 27.27% (3/11)
  Class 3: 88.24% (15/17)
Epoch [34/100], Training Loss: 0.4461
Validation Loss: 0.3872, Validation Accuracy: 71.67%

Per-Class Validation Accuracy:
  Class 0: 64.29% (9/14)
  Class 1: 100.00% (18/18)
  Class 2: 9.09% (1/11)
  Class 3: 88.24% (15/17)
Epoch [35/100], Training Loss: 0.4422
Validation Loss: 0.4552, Validation Accuracy: 73.33%

Per-Class Validation Accuracy:
  Class 0: 78.57% (11/14)
  Class 1: 94.44% (17/18)
  Class 2: 9.09% (1/11)
  Class 3: 88.24% (15/17)
Epoch [36/100], Training Loss: 0.4558
Validation Loss: 0.4149, Validation Accuracy: 75.00%

Per-Class Validation Accuracy:
  Class 0: 28.57% (4/14)
  Class 1: 100.00% (18/18)
  Class 2: 72.73% (8/11)
  Class 3: 88.24% (15/17)
Epoch [37/100], Training Loss: 0.4493
Validation Loss: 0.3780, Validation Accuracy: 73.33%

Per-Class Validation Accuracy:
  Class 0: 64.29% (9/14)
  Class 1: 100.00% (18/18)
  Class 2: 9.09% (1/11)
  Class 3: 94.12% (16/17)
Epoch [38/100], Training Loss: 0.4378
Validation Loss: 0.4122, Validation Accuracy: 73.33%

Per-Class Validation Accuracy:
  Class 0: 42.86% (6/14)
  Class 1: 100.00% (18/18)
  Class 2: 45.45% (5/11)
  Class 3: 88.24% (15/17)
Epoch [39/100], Training Loss: 0.4473
Validation Loss: 0.3871, Validation Accuracy: 73.33%

Per-Class Validation Accuracy:
  Class 0: 64.29% (9/14)
  Class 1: 100.00% (18/18)
  Class 2: 9.09% (1/11)
  Class 3: 94.12% (16/17)
Epoch [40/100], Training Loss: 0.4211
Validation Loss: 0.4204, Validation Accuracy: 75.00%

Per-Class Validation Accuracy:
  Class 0: 78.57% (11/14)
  Class 1: 94.44% (17/18)
  Class 2: 9.09% (1/11)
  Class 3: 94.12% (16/17)
Epoch [41/100], Training Loss: 0.4276
Validation Loss: 0.4234, Validation Accuracy: 70.00%

Per-Class Validation Accuracy:
  Class 0: 35.71% (5/14)
  Class 1: 94.44% (17/18)
  Class 2: 45.45% (5/11)
  Class 3: 88.24% (15/17)
Epoch [42/100], Training Loss: 0.4769
Validation Loss: 0.3948, Validation Accuracy: 70.00%

Per-Class Validation Accuracy:
  Class 0: 42.86% (6/14)
  Class 1: 100.00% (18/18)
  Class 2: 27.27% (3/11)
  Class 3: 88.24% (15/17)
Epoch [43/100], Training Loss: 0.4519
Validation Loss: 0.3857, Validation Accuracy: 73.33%

Per-Class Validation Accuracy:
  Class 0: 64.29% (9/14)
  Class 1: 100.00% (18/18)
  Class 2: 9.09% (1/11)
  Class 3: 94.12% (16/17)
Epoch [44/100], Training Loss: 0.4262
Validation Loss: 0.4108, Validation Accuracy: 73.33%

Per-Class Validation Accuracy:
  Class 0: 64.29% (9/14)
  Class 1: 100.00% (18/18)
  Class 2: 18.18% (2/11)
  Class 3: 88.24% (15/17)
Epoch [45/100], Training Loss: 0.4222
Validation Loss: 0.4280, Validation Accuracy: 71.67%

Per-Class Validation Accuracy:
  Class 0: 57.14% (8/14)
  Class 1: 94.44% (17/18)
  Class 2: 27.27% (3/11)
  Class 3: 88.24% (15/17)
Epoch [46/100], Training Loss: 0.4119
Validation Loss: 0.3887, Validation Accuracy: 71.67%

Per-Class Validation Accuracy:
  Class 0: 64.29% (9/14)
  Class 1: 100.00% (18/18)
  Class 2: 9.09% (1/11)
  Class 3: 88.24% (15/17)
Epoch [47/100], Training Loss: 0.4103
Validation Loss: 0.3882, Validation Accuracy: 73.33%

Per-Class Validation Accuracy:
  Class 0: 64.29% (9/14)
  Class 1: 100.00% (18/18)
  Class 2: 9.09% (1/11)
  Class 3: 94.12% (16/17)
Early stopping triggered.

	Elapsed time is 5.0049 seconds.

==========================================================================================
Total parameters: 10948
Total memory (bytes): 87584
Total memory (MB): 0.083526611328125
==========================================================================================
Validation Loss: 0.3882, Validation Accuracy: 73.33%

Per-Class Validation Accuracy:
  No Thrust: 64.29% (9/14)
  Chemical: 100.00% (18/18)
  Electric: 9.09% (1/11)
  Impulsive: 94.12% (16/17)

Entering Mamba Training Loop
Epoch [1/100], Training Loss: 1.3885
Validation Loss: 1.3641, Validation Accuracy: 45.00%

Per-Class Validation Accuracy:
  Class 0: 0.00% (0/14)
  Class 1: 0.00% (0/18)
  Class 2: 90.91% (10/11)
  Class 3: 100.00% (17/17)
Epoch [2/100], Training Loss: 1.3616
Validation Loss: 1.3140, Validation Accuracy: 45.00%

Per-Class Validation Accuracy:
  Class 0: 0.00% (0/14)
  Class 1: 0.00% (0/18)
  Class 2: 90.91% (10/11)
  Class 3: 100.00% (17/17)
Epoch [3/100], Training Loss: 1.2588
Validation Loss: 1.0183, Validation Accuracy: 71.67%

Per-Class Validation Accuracy:
  Class 0: 71.43% (10/14)
  Class 1: 88.89% (16/18)
  Class 2: 0.00% (0/11)
  Class 3: 100.00% (17/17)
Epoch [4/100], Training Loss: 0.9690
Validation Loss: 0.6874, Validation Accuracy: 71.67%

Per-Class Validation Accuracy:
  Class 0: 71.43% (10/14)
  Class 1: 88.89% (16/18)
  Class 2: 0.00% (0/11)
  Class 3: 100.00% (17/17)
Epoch [5/100], Training Loss: 0.7860
Validation Loss: 0.5841, Validation Accuracy: 73.33%

Per-Class Validation Accuracy:
  Class 0: 0.00% (0/14)
  Class 1: 100.00% (18/18)
  Class 2: 90.91% (10/11)
  Class 3: 94.12% (16/17)
Epoch [6/100], Training Loss: 0.7290
Validation Loss: 0.6009, Validation Accuracy: 71.67%

Per-Class Validation Accuracy:
  Class 0: 7.14% (1/14)
  Class 1: 88.89% (16/18)
  Class 2: 100.00% (11/11)
  Class 3: 88.24% (15/17)
Epoch [7/100], Training Loss: 0.6720
Validation Loss: 0.5580, Validation Accuracy: 73.33%

Per-Class Validation Accuracy:
  Class 0: 0.00% (0/14)
  Class 1: 100.00% (18/18)
  Class 2: 100.00% (11/11)
  Class 3: 88.24% (15/17)
Epoch [8/100], Training Loss: 0.6017
Validation Loss: 0.5378, Validation Accuracy: 75.00%

Per-Class Validation Accuracy:
  Class 0: 85.71% (12/14)
  Class 1: 100.00% (18/18)
  Class 2: 0.00% (0/11)
  Class 3: 88.24% (15/17)
Epoch [9/100], Training Loss: 0.6523
Validation Loss: 0.4830, Validation Accuracy: 75.00%

Per-Class Validation Accuracy:
  Class 0: 14.29% (2/14)
  Class 1: 100.00% (18/18)
  Class 2: 90.91% (10/11)
  Class 3: 88.24% (15/17)
Epoch [10/100], Training Loss: 0.5838
Validation Loss: 0.4764, Validation Accuracy: 76.67%

Per-Class Validation Accuracy:
  Class 0: 21.43% (3/14)
  Class 1: 100.00% (18/18)
  Class 2: 90.91% (10/11)
  Class 3: 88.24% (15/17)
Epoch [11/100], Training Loss: 0.5694
Validation Loss: 0.4659, Validation Accuracy: 71.67%

Per-Class Validation Accuracy:
  Class 0: 35.71% (5/14)
  Class 1: 100.00% (18/18)
  Class 2: 45.45% (5/11)
  Class 3: 88.24% (15/17)
Epoch [12/100], Training Loss: 0.5460
Validation Loss: 0.4056, Validation Accuracy: 78.33%

Per-Class Validation Accuracy:
  Class 0: 64.29% (9/14)
  Class 1: 100.00% (18/18)
  Class 2: 36.36% (4/11)
  Class 3: 94.12% (16/17)
Epoch [13/100], Training Loss: 0.5453
Validation Loss: 0.4029, Validation Accuracy: 80.00%

Per-Class Validation Accuracy:
  Class 0: 85.71% (12/14)
  Class 1: 100.00% (18/18)
  Class 2: 9.09% (1/11)
  Class 3: 100.00% (17/17)
Epoch [14/100], Training Loss: 0.5434
Validation Loss: 0.4872, Validation Accuracy: 78.33%

Per-Class Validation Accuracy:
  Class 0: 100.00% (14/14)
  Class 1: 94.44% (17/18)
  Class 2: 0.00% (0/11)
  Class 3: 94.12% (16/17)
Epoch [15/100], Training Loss: 0.5508
Validation Loss: 0.4292, Validation Accuracy: 73.33%

Per-Class Validation Accuracy:
  Class 0: 0.00% (0/14)
  Class 1: 94.44% (17/18)
  Class 2: 100.00% (11/11)
  Class 3: 94.12% (16/17)
Epoch [16/100], Training Loss: 0.5199
Validation Loss: 0.4226, Validation Accuracy: 75.00%

Per-Class Validation Accuracy:
  Class 0: 14.29% (2/14)
  Class 1: 94.44% (17/18)
  Class 2: 81.82% (9/11)
  Class 3: 100.00% (17/17)
Epoch [17/100], Training Loss: 0.5273
Validation Loss: 0.3961, Validation Accuracy: 76.67%

Per-Class Validation Accuracy:
  Class 0: 42.86% (6/14)
  Class 1: 94.44% (17/18)
  Class 2: 54.55% (6/11)
  Class 3: 100.00% (17/17)
Epoch [18/100], Training Loss: 0.5109
Validation Loss: 0.3780, Validation Accuracy: 75.00%

Per-Class Validation Accuracy:
  Class 0: 21.43% (3/14)
  Class 1: 100.00% (18/18)
  Class 2: 63.64% (7/11)
  Class 3: 100.00% (17/17)
Epoch [19/100], Training Loss: 0.4913
Validation Loss: 0.4052, Validation Accuracy: 73.33%

Per-Class Validation Accuracy:
  Class 0: 64.29% (9/14)
  Class 1: 94.44% (17/18)
  Class 2: 9.09% (1/11)
  Class 3: 100.00% (17/17)
Epoch [20/100], Training Loss: 0.4962
Validation Loss: 0.3693, Validation Accuracy: 78.33%

Per-Class Validation Accuracy:
  Class 0: 92.86% (13/14)
  Class 1: 94.44% (17/18)
  Class 2: 0.00% (0/11)
  Class 3: 100.00% (17/17)
Epoch [21/100], Training Loss: 0.4961
Validation Loss: 0.3754, Validation Accuracy: 75.00%

Per-Class Validation Accuracy:
  Class 0: 14.29% (2/14)
  Class 1: 94.44% (17/18)
  Class 2: 81.82% (9/11)
  Class 3: 100.00% (17/17)
Epoch [22/100], Training Loss: 0.4929
Validation Loss: 0.3595, Validation Accuracy: 76.67%

Per-Class Validation Accuracy:
  Class 0: 28.57% (4/14)
  Class 1: 94.44% (17/18)
  Class 2: 72.73% (8/11)
  Class 3: 100.00% (17/17)
Epoch [23/100], Training Loss: 0.5094
Validation Loss: 0.3923, Validation Accuracy: 76.67%

Per-Class Validation Accuracy:
  Class 0: 14.29% (2/14)
  Class 1: 94.44% (17/18)
  Class 2: 90.91% (10/11)
  Class 3: 100.00% (17/17)
Epoch [24/100], Training Loss: 0.4845
Validation Loss: 0.4111, Validation Accuracy: 75.00%

Per-Class Validation Accuracy:
  Class 0: 71.43% (10/14)
  Class 1: 94.44% (17/18)
  Class 2: 9.09% (1/11)
  Class 3: 100.00% (17/17)
Epoch [25/100], Training Loss: 0.4550
Validation Loss: 0.3682, Validation Accuracy: 76.67%

Per-Class Validation Accuracy:
  Class 0: 0.00% (0/14)
  Class 1: 100.00% (18/18)
  Class 2: 100.00% (11/11)
  Class 3: 100.00% (17/17)
Epoch [26/100], Training Loss: 0.4504
Validation Loss: 0.3555, Validation Accuracy: 81.67%

Per-Class Validation Accuracy:
  Class 0: 100.00% (14/14)
  Class 1: 100.00% (18/18)
  Class 2: 0.00% (0/11)
  Class 3: 100.00% (17/17)
Epoch [27/100], Training Loss: 0.4710
Validation Loss: 0.3460, Validation Accuracy: 73.33%

Per-Class Validation Accuracy:
  Class 0: 42.86% (6/14)
  Class 1: 100.00% (18/18)
  Class 2: 27.27% (3/11)
  Class 3: 100.00% (17/17)
Epoch [28/100], Training Loss: 0.4298
Validation Loss: 0.3373, Validation Accuracy: 78.33%

Per-Class Validation Accuracy:
  Class 0: 35.71% (5/14)
  Class 1: 100.00% (18/18)
  Class 2: 63.64% (7/11)
  Class 3: 100.00% (17/17)
Epoch [29/100], Training Loss: 0.4435
Validation Loss: 0.3657, Validation Accuracy: 71.67%

Per-Class Validation Accuracy:
  Class 0: 7.14% (1/14)
  Class 1: 94.44% (17/18)
  Class 2: 72.73% (8/11)
  Class 3: 100.00% (17/17)
Epoch [30/100], Training Loss: 0.4373
Validation Loss: 0.4094, Validation Accuracy: 80.00%

Per-Class Validation Accuracy:
  Class 0: 85.71% (12/14)
  Class 1: 100.00% (18/18)
  Class 2: 9.09% (1/11)
  Class 3: 100.00% (17/17)
Epoch [31/100], Training Loss: 0.4628
Validation Loss: 0.3469, Validation Accuracy: 71.67%

Per-Class Validation Accuracy:
  Class 0: 42.86% (6/14)
  Class 1: 100.00% (18/18)
  Class 2: 18.18% (2/11)
  Class 3: 100.00% (17/17)
Epoch [32/100], Training Loss: 0.4517
Validation Loss: 0.3790, Validation Accuracy: 76.67%

Per-Class Validation Accuracy:
  Class 0: 0.00% (0/14)
  Class 1: 100.00% (18/18)
  Class 2: 100.00% (11/11)
  Class 3: 100.00% (17/17)
Epoch [33/100], Training Loss: 0.4353
Validation Loss: 0.3207, Validation Accuracy: 76.67%

Per-Class Validation Accuracy:
  Class 0: 71.43% (10/14)
  Class 1: 100.00% (18/18)
  Class 2: 9.09% (1/11)
  Class 3: 100.00% (17/17)
Epoch [34/100], Training Loss: 0.4427
Validation Loss: 0.3277, Validation Accuracy: 81.67%

Per-Class Validation Accuracy:
  Class 0: 100.00% (14/14)
  Class 1: 100.00% (18/18)
  Class 2: 0.00% (0/11)
  Class 3: 100.00% (17/17)
Epoch [35/100], Training Loss: 0.4987
Validation Loss: 0.3296, Validation Accuracy: 73.33%

Per-Class Validation Accuracy:
  Class 0: 50.00% (7/14)
  Class 1: 100.00% (18/18)
  Class 2: 18.18% (2/11)
  Class 3: 100.00% (17/17)
Epoch [36/100], Training Loss: 0.4421
Validation Loss: 0.3449, Validation Accuracy: 78.33%

Per-Class Validation Accuracy:
  Class 0: 85.71% (12/14)
  Class 1: 100.00% (18/18)
  Class 2: 0.00% (0/11)
  Class 3: 100.00% (17/17)
Epoch [37/100], Training Loss: 0.4201
Validation Loss: 0.3548, Validation Accuracy: 78.33%

Per-Class Validation Accuracy:
  Class 0: 85.71% (12/14)
  Class 1: 94.44% (17/18)
  Class 2: 9.09% (1/11)
  Class 3: 100.00% (17/17)
Epoch [38/100], Training Loss: 0.4420
Validation Loss: 0.3189, Validation Accuracy: 75.00%

Per-Class Validation Accuracy:
  Class 0: 14.29% (2/14)
  Class 1: 100.00% (18/18)
  Class 2: 72.73% (8/11)
  Class 3: 100.00% (17/17)
Epoch [39/100], Training Loss: 0.4171
Validation Loss: 0.3324, Validation Accuracy: 81.67%

Per-Class Validation Accuracy:
  Class 0: 92.86% (13/14)
  Class 1: 100.00% (18/18)
  Class 2: 9.09% (1/11)
  Class 3: 100.00% (17/17)
Epoch [40/100], Training Loss: 0.4591
Validation Loss: 0.3608, Validation Accuracy: 76.67%

Per-Class Validation Accuracy:
  Class 0: 0.00% (0/14)
  Class 1: 100.00% (18/18)
  Class 2: 100.00% (11/11)
  Class 3: 100.00% (17/17)
Epoch [41/100], Training Loss: 0.4402
Validation Loss: 0.3360, Validation Accuracy: 73.33%

Per-Class Validation Accuracy:
  Class 0: 50.00% (7/14)
  Class 1: 100.00% (18/18)
  Class 2: 18.18% (2/11)
  Class 3: 100.00% (17/17)
Epoch [42/100], Training Loss: 0.4127
Validation Loss: 0.3220, Validation Accuracy: 73.33%

Per-Class Validation Accuracy:
  Class 0: 7.14% (1/14)
  Class 1: 100.00% (18/18)
  Class 2: 72.73% (8/11)
  Class 3: 100.00% (17/17)
Epoch [43/100], Training Loss: 0.4066
Validation Loss: 0.3159, Validation Accuracy: 76.67%

Per-Class Validation Accuracy:
  Class 0: 28.57% (4/14)
  Class 1: 100.00% (18/18)
  Class 2: 63.64% (7/11)
  Class 3: 100.00% (17/17)
Epoch [44/100], Training Loss: 0.3941
Validation Loss: 0.3189, Validation Accuracy: 73.33%

Per-Class Validation Accuracy:
  Class 0: 50.00% (7/14)
  Class 1: 100.00% (18/18)
  Class 2: 18.18% (2/11)
  Class 3: 100.00% (17/17)
Epoch [45/100], Training Loss: 0.3972
Validation Loss: 0.3129, Validation Accuracy: 75.00%

Per-Class Validation Accuracy:
  Class 0: 14.29% (2/14)
  Class 1: 100.00% (18/18)
  Class 2: 72.73% (8/11)
  Class 3: 100.00% (17/17)
Epoch [46/100], Training Loss: 0.3873
Validation Loss: 0.3268, Validation Accuracy: 78.33%

Per-Class Validation Accuracy:
  Class 0: 14.29% (2/14)
  Class 1: 100.00% (18/18)
  Class 2: 90.91% (10/11)
  Class 3: 100.00% (17/17)
Epoch [47/100], Training Loss: 0.3875
Validation Loss: 0.3317, Validation Accuracy: 81.67%

Per-Class Validation Accuracy:
  Class 0: 92.86% (13/14)
  Class 1: 100.00% (18/18)
  Class 2: 9.09% (1/11)
  Class 3: 100.00% (17/17)
Epoch [48/100], Training Loss: 0.3960
Validation Loss: 0.3327, Validation Accuracy: 78.33%

Per-Class Validation Accuracy:
  Class 0: 7.14% (1/14)
  Class 1: 100.00% (18/18)
  Class 2: 100.00% (11/11)
  Class 3: 100.00% (17/17)
Epoch [49/100], Training Loss: 0.3931
Validation Loss: 0.3135, Validation Accuracy: 78.33%

Per-Class Validation Accuracy:
  Class 0: 78.57% (11/14)
  Class 1: 100.00% (18/18)
  Class 2: 9.09% (1/11)
  Class 3: 100.00% (17/17)
Epoch [50/100], Training Loss: 0.3814
Validation Loss: 0.3059, Validation Accuracy: 73.33%

Per-Class Validation Accuracy:
  Class 0: 42.86% (6/14)
  Class 1: 100.00% (18/18)
  Class 2: 27.27% (3/11)
  Class 3: 100.00% (17/17)
Epoch [51/100], Training Loss: 0.3785
Validation Loss: 0.3329, Validation Accuracy: 78.33%

Per-Class Validation Accuracy:
  Class 0: 7.14% (1/14)
  Class 1: 100.00% (18/18)
  Class 2: 100.00% (11/11)
  Class 3: 100.00% (17/17)
Epoch [52/100], Training Loss: 0.3779
Validation Loss: 0.3146, Validation Accuracy: 75.00%

Per-Class Validation Accuracy:
  Class 0: 64.29% (9/14)
  Class 1: 100.00% (18/18)
  Class 2: 9.09% (1/11)
  Class 3: 100.00% (17/17)
Epoch [53/100], Training Loss: 0.3813
Validation Loss: 0.3078, Validation Accuracy: 76.67%

Per-Class Validation Accuracy:
  Class 0: 50.00% (7/14)
  Class 1: 100.00% (18/18)
  Class 2: 36.36% (4/11)
  Class 3: 100.00% (17/17)
Epoch [54/100], Training Loss: 0.3821
Validation Loss: 0.3235, Validation Accuracy: 78.33%

Per-Class Validation Accuracy:
  Class 0: 7.14% (1/14)
  Class 1: 100.00% (18/18)
  Class 2: 100.00% (11/11)
  Class 3: 100.00% (17/17)
Epoch [55/100], Training Loss: 0.3801
Validation Loss: 0.3177, Validation Accuracy: 76.67%

Per-Class Validation Accuracy:
  Class 0: 64.29% (9/14)
  Class 1: 100.00% (18/18)
  Class 2: 18.18% (2/11)
  Class 3: 100.00% (17/17)
Epoch [56/100], Training Loss: 0.3902
Validation Loss: 0.3073, Validation Accuracy: 81.67%

Per-Class Validation Accuracy:
  Class 0: 92.86% (13/14)
  Class 1: 100.00% (18/18)
  Class 2: 9.09% (1/11)
  Class 3: 100.00% (17/17)
Epoch [57/100], Training Loss: 0.3844
Validation Loss: 0.3167, Validation Accuracy: 75.00%

Per-Class Validation Accuracy:
  Class 0: 14.29% (2/14)
  Class 1: 100.00% (18/18)
  Class 2: 72.73% (8/11)
  Class 3: 100.00% (17/17)
Epoch [58/100], Training Loss: 0.3755
Validation Loss: 0.3059, Validation Accuracy: 78.33%

Per-Class Validation Accuracy:
  Class 0: 57.14% (8/14)
  Class 1: 100.00% (18/18)
  Class 2: 36.36% (4/11)
  Class 3: 100.00% (17/17)
Epoch [59/100], Training Loss: 0.3764
Validation Loss: 0.3153, Validation Accuracy: 75.00%

Per-Class Validation Accuracy:
  Class 0: 35.71% (5/14)
  Class 1: 100.00% (18/18)
  Class 2: 45.45% (5/11)
  Class 3: 100.00% (17/17)
Epoch [60/100], Training Loss: 0.3779
Validation Loss: 0.3092, Validation Accuracy: 75.00%

Per-Class Validation Accuracy:
  Class 0: 35.71% (5/14)
  Class 1: 100.00% (18/18)
  Class 2: 45.45% (5/11)
  Class 3: 100.00% (17/17)
Early stopping triggered.

	Elapsed time is 9.0652 seconds.

==========================================================================================
Total parameters: 6682
Total memory (bytes): 53456
Total memory (MB): 0.0509796142578125
==========================================================================================
Validation Loss: 0.3092, Validation Accuracy: 75.00%

Per-Class Validation Accuracy:
  No Thrust: 35.71% (5/14)
  Chemical: 100.00% (18/18)
  Electric: 45.45% (5/11)
  Impulsive: 100.00% (17/17)
