GPU is available

Entering Decision Trees Training Loop

	Elapsed time is 0.2309 seconds.

==========================================================================================
Total parameters: NaN
Total memory (bytes): 623928
Total memory (MB): 0.5950241088867188
==========================================================================================
Validation Loss: 0.5048, Validation Accuracy: 73.33%

Per-Class Validation Accuracy:
  No Thrust: 75.00% (6/8)
  Chemical: 100.00% (18/18)
  Electric: 22.22% (4/18)
  Impulsive: 100.00% (16/16)

Classification Report:
              precision    recall  f1-score   support

   No Thrust     0.3000    0.7500    0.4286         8
    Chemical     1.0000    1.0000    1.0000        18
    Electric     0.6667    0.2222    0.3333        18
   Impulsive     1.0000    1.0000    1.0000        16

    accuracy                         0.7333        60
   macro avg     0.7417    0.7431    0.6905        60
weighted avg     0.8067    0.7333    0.7238        60


Confusion Matrix (rows = true, cols = predicted):
             P_No Thrust  P_Chemical  P_Electric  P_Impulsive
T_No Thrust            6           0           2            0
T_Chemical             0          18           0            0
T_Electric            14           0           4            0
T_Impulsive            0           0           0           16

Entering Nearest Neighbor Training Loop

	Elapsed time is 0.0855 seconds.

==========================================================================================
Total parameters: NaN (non-parametric model)
Total memory (bytes): 1101890
Total memory (MB): 1.0508
==========================================================================================
Validation Loss: NaN, Validation Accuracy: 63.33%

Per-Class Validation Accuracy:
  No Thrust: 50.00% (4/8)
  Chemical: 94.44% (17/18)
  Electric: 5.56% (1/18)
  Impulsive: 100.00% (16/16)

Classification Report:
              precision    recall  f1-score   support

   No Thrust     0.1905    0.5000    0.2759         8
    Chemical     1.0000    0.9444    0.9714        18
    Electric     0.1667    0.0556    0.0833        18
   Impulsive     1.0000    1.0000    1.0000        16

    accuracy                         0.6333        60
   macro avg     0.5893    0.6250    0.5827        60
weighted avg     0.6421    0.6333    0.6199        60


Confusion Matrix (rows = true, cols = predicted):
             P_No Thrust  P_Chemical  P_Electric  P_Impulsive
T_No Thrust            4           0           4            0
T_Chemical             0          17           1            0
T_Electric            17           0           1            0
T_Impulsive            0           0           0           16

Entering LSTM Training Loop
Epoch [1/100], Training Loss: 1.3851
Validation Loss: 1.3828, Validation Accuracy: 40.00%

Per-Class Validation Accuracy:
  Class 0: 100.00% (8/8)
  Class 1: 0.00% (0/18)
  Class 2: 0.00% (0/18)
  Class 3: 100.00% (16/16)
Epoch [2/100], Training Loss: 1.3609
Validation Loss: 1.3573, Validation Accuracy: 36.67%

Per-Class Validation Accuracy:
  Class 0: 100.00% (8/8)
  Class 1: 0.00% (0/18)
  Class 2: 0.00% (0/18)
  Class 3: 87.50% (14/16)
Epoch [3/100], Training Loss: 1.2805
Validation Loss: 1.2919, Validation Accuracy: 30.00%

Per-Class Validation Accuracy:
  Class 0: 25.00% (2/8)
  Class 1: 0.00% (0/18)
  Class 2: 0.00% (0/18)
  Class 3: 100.00% (16/16)
Epoch [4/100], Training Loss: 1.1831
Validation Loss: 1.1366, Validation Accuracy: 35.00%

Per-Class Validation Accuracy:
  Class 0: 100.00% (8/8)
  Class 1: 0.00% (0/18)
  Class 2: 0.00% (0/18)
  Class 3: 81.25% (13/16)
Epoch [5/100], Training Loss: 1.0486
Validation Loss: 1.0375, Validation Accuracy: 41.67%

Per-Class Validation Accuracy:
  Class 0: 100.00% (8/8)
  Class 1: 16.67% (3/18)
  Class 2: 5.56% (1/18)
  Class 3: 81.25% (13/16)
Epoch [6/100], Training Loss: 0.9819
Validation Loss: 0.9797, Validation Accuracy: 56.67%

Per-Class Validation Accuracy:
  Class 0: 75.00% (6/8)
  Class 1: 77.78% (14/18)
  Class 2: 5.56% (1/18)
  Class 3: 81.25% (13/16)
Epoch [7/100], Training Loss: 0.9129
Validation Loss: 0.9439, Validation Accuracy: 58.33%

Per-Class Validation Accuracy:
  Class 0: 75.00% (6/8)
  Class 1: 83.33% (15/18)
  Class 2: 0.00% (0/18)
  Class 3: 87.50% (14/16)
Epoch [8/100], Training Loss: 0.8433
Validation Loss: 0.8327, Validation Accuracy: 61.67%

Per-Class Validation Accuracy:
  Class 0: 37.50% (3/8)
  Class 1: 100.00% (18/18)
  Class 2: 11.11% (2/18)
  Class 3: 87.50% (14/16)
Epoch [9/100], Training Loss: 0.7473
Validation Loss: 0.7517, Validation Accuracy: 66.67%

Per-Class Validation Accuracy:
  Class 0: 75.00% (6/8)
  Class 1: 100.00% (18/18)
  Class 2: 11.11% (2/18)
  Class 3: 87.50% (14/16)
Epoch [10/100], Training Loss: 0.7024
Validation Loss: 0.7902, Validation Accuracy: 63.33%

Per-Class Validation Accuracy:
  Class 0: 37.50% (3/8)
  Class 1: 100.00% (18/18)
  Class 2: 11.11% (2/18)
  Class 3: 93.75% (15/16)
Epoch [11/100], Training Loss: 0.6931
Validation Loss: 0.7132, Validation Accuracy: 68.33%

Per-Class Validation Accuracy:
  Class 0: 75.00% (6/8)
  Class 1: 100.00% (18/18)
  Class 2: 16.67% (3/18)
  Class 3: 87.50% (14/16)
Epoch [12/100], Training Loss: 0.6750
Validation Loss: 0.6519, Validation Accuracy: 68.33%

Per-Class Validation Accuracy:
  Class 0: 75.00% (6/8)
  Class 1: 100.00% (18/18)
  Class 2: 16.67% (3/18)
  Class 3: 87.50% (14/16)
Epoch [13/100], Training Loss: 0.6413
Validation Loss: 0.7132, Validation Accuracy: 66.67%

Per-Class Validation Accuracy:
  Class 0: 50.00% (4/8)
  Class 1: 100.00% (18/18)
  Class 2: 11.11% (2/18)
  Class 3: 100.00% (16/16)
Epoch [14/100], Training Loss: 0.6448
Validation Loss: 0.6379, Validation Accuracy: 65.00%

Per-Class Validation Accuracy:
  Class 0: 62.50% (5/8)
  Class 1: 100.00% (18/18)
  Class 2: 11.11% (2/18)
  Class 3: 87.50% (14/16)
Epoch [15/100], Training Loss: 0.6195
Validation Loss: 0.6277, Validation Accuracy: 68.33%

Per-Class Validation Accuracy:
  Class 0: 75.00% (6/8)
  Class 1: 100.00% (18/18)
  Class 2: 11.11% (2/18)
  Class 3: 93.75% (15/16)
Epoch [16/100], Training Loss: 0.5899
Validation Loss: 0.6818, Validation Accuracy: 65.00%

Per-Class Validation Accuracy:
  Class 0: 75.00% (6/8)
  Class 1: 94.44% (17/18)
  Class 2: 11.11% (2/18)
  Class 3: 87.50% (14/16)
Epoch [17/100], Training Loss: 0.5941
Validation Loss: 0.6370, Validation Accuracy: 68.33%

Per-Class Validation Accuracy:
  Class 0: 75.00% (6/8)
  Class 1: 100.00% (18/18)
  Class 2: 11.11% (2/18)
  Class 3: 93.75% (15/16)
Epoch [18/100], Training Loss: 0.5550
Validation Loss: 0.5754, Validation Accuracy: 66.67%

Per-Class Validation Accuracy:
  Class 0: 75.00% (6/8)
  Class 1: 100.00% (18/18)
  Class 2: 11.11% (2/18)
  Class 3: 87.50% (14/16)
Epoch [19/100], Training Loss: 0.5563
Validation Loss: 0.5523, Validation Accuracy: 65.00%

Per-Class Validation Accuracy:
  Class 0: 75.00% (6/8)
  Class 1: 100.00% (18/18)
  Class 2: 0.00% (0/18)
  Class 3: 93.75% (15/16)
Epoch [20/100], Training Loss: 0.5632
Validation Loss: 0.5718, Validation Accuracy: 68.33%

Per-Class Validation Accuracy:
  Class 0: 87.50% (7/8)
  Class 1: 100.00% (18/18)
  Class 2: 11.11% (2/18)
  Class 3: 87.50% (14/16)
Epoch [21/100], Training Loss: 0.5415
Validation Loss: 0.6494, Validation Accuracy: 63.33%

Per-Class Validation Accuracy:
  Class 0: 75.00% (6/8)
  Class 1: 100.00% (18/18)
  Class 2: 0.00% (0/18)
  Class 3: 87.50% (14/16)
Epoch [22/100], Training Loss: 0.5396
Validation Loss: 0.5185, Validation Accuracy: 66.67%

Per-Class Validation Accuracy:
  Class 0: 75.00% (6/8)
  Class 1: 100.00% (18/18)
  Class 2: 0.00% (0/18)
  Class 3: 100.00% (16/16)
Epoch [23/100], Training Loss: 0.5060
Validation Loss: 0.5042, Validation Accuracy: 66.67%

Per-Class Validation Accuracy:
  Class 0: 75.00% (6/8)
  Class 1: 100.00% (18/18)
  Class 2: 11.11% (2/18)
  Class 3: 87.50% (14/16)
Epoch [24/100], Training Loss: 0.4754
Validation Loss: 0.4583, Validation Accuracy: 68.33%

Per-Class Validation Accuracy:
  Class 0: 100.00% (8/8)
  Class 1: 100.00% (18/18)
  Class 2: 0.00% (0/18)
  Class 3: 93.75% (15/16)
Epoch [25/100], Training Loss: 0.4514
Validation Loss: 0.5592, Validation Accuracy: 63.33%

Per-Class Validation Accuracy:
  Class 0: 75.00% (6/8)
  Class 1: 100.00% (18/18)
  Class 2: 0.00% (0/18)
  Class 3: 87.50% (14/16)
Epoch [26/100], Training Loss: 0.5656
Validation Loss: 0.4937, Validation Accuracy: 70.00%

Per-Class Validation Accuracy:
  Class 0: 50.00% (4/8)
  Class 1: 100.00% (18/18)
  Class 2: 22.22% (4/18)
  Class 3: 100.00% (16/16)
Epoch [27/100], Training Loss: 0.5233
Validation Loss: 0.5624, Validation Accuracy: 68.33%

Per-Class Validation Accuracy:
  Class 0: 75.00% (6/8)
  Class 1: 100.00% (18/18)
  Class 2: 11.11% (2/18)
  Class 3: 93.75% (15/16)
Epoch [28/100], Training Loss: 0.4599
Validation Loss: 0.4495, Validation Accuracy: 68.33%

Per-Class Validation Accuracy:
  Class 0: 87.50% (7/8)
  Class 1: 100.00% (18/18)
  Class 2: 0.00% (0/18)
  Class 3: 100.00% (16/16)
Epoch [29/100], Training Loss: 0.4512
Validation Loss: 0.4093, Validation Accuracy: 68.33%

Per-Class Validation Accuracy:
  Class 0: 100.00% (8/8)
  Class 1: 100.00% (18/18)
  Class 2: 0.00% (0/18)
  Class 3: 93.75% (15/16)
Epoch [30/100], Training Loss: 0.4374
Validation Loss: 0.3944, Validation Accuracy: 71.67%

Per-Class Validation Accuracy:
  Class 0: 87.50% (7/8)
  Class 1: 100.00% (18/18)
  Class 2: 11.11% (2/18)
  Class 3: 100.00% (16/16)
Epoch [31/100], Training Loss: 0.4824
Validation Loss: 0.4726, Validation Accuracy: 70.00%

Per-Class Validation Accuracy:
  Class 0: 87.50% (7/8)
  Class 1: 100.00% (18/18)
  Class 2: 5.56% (1/18)
  Class 3: 100.00% (16/16)
Epoch [32/100], Training Loss: 0.4841
Validation Loss: 0.6399, Validation Accuracy: 65.00%

Per-Class Validation Accuracy:
  Class 0: 75.00% (6/8)
  Class 1: 94.44% (17/18)
  Class 2: 0.00% (0/18)
  Class 3: 100.00% (16/16)
Epoch [33/100], Training Loss: 0.4540
Validation Loss: 0.4127, Validation Accuracy: 68.33%

Per-Class Validation Accuracy:
  Class 0: 100.00% (8/8)
  Class 1: 100.00% (18/18)
  Class 2: 0.00% (0/18)
  Class 3: 93.75% (15/16)
Epoch [34/100], Training Loss: 0.4492
Validation Loss: 0.3814, Validation Accuracy: 71.67%

Per-Class Validation Accuracy:
  Class 0: 87.50% (7/8)
  Class 1: 100.00% (18/18)
  Class 2: 11.11% (2/18)
  Class 3: 100.00% (16/16)
Epoch [35/100], Training Loss: 0.4774
Validation Loss: 0.4053, Validation Accuracy: 71.67%

Per-Class Validation Accuracy:
  Class 0: 100.00% (8/8)
  Class 1: 100.00% (18/18)
  Class 2: 5.56% (1/18)
  Class 3: 100.00% (16/16)
Epoch [36/100], Training Loss: 0.4316
Validation Loss: 0.3912, Validation Accuracy: 68.33%

Per-Class Validation Accuracy:
  Class 0: 87.50% (7/8)
  Class 1: 100.00% (18/18)
  Class 2: 0.00% (0/18)
  Class 3: 100.00% (16/16)
Epoch [37/100], Training Loss: 0.4153
Validation Loss: 0.3893, Validation Accuracy: 68.33%

Per-Class Validation Accuracy:
  Class 0: 100.00% (8/8)
  Class 1: 94.44% (17/18)
  Class 2: 0.00% (0/18)
  Class 3: 100.00% (16/16)
Epoch [38/100], Training Loss: 0.4262
Validation Loss: 0.3633, Validation Accuracy: 73.33%

Per-Class Validation Accuracy:
  Class 0: 100.00% (8/8)
  Class 1: 100.00% (18/18)
  Class 2: 11.11% (2/18)
  Class 3: 100.00% (16/16)
Epoch [39/100], Training Loss: 0.4019
Validation Loss: 0.3695, Validation Accuracy: 73.33%

Per-Class Validation Accuracy:
  Class 0: 100.00% (8/8)
  Class 1: 100.00% (18/18)
  Class 2: 11.11% (2/18)
  Class 3: 100.00% (16/16)
Epoch [40/100], Training Loss: 0.4037
Validation Loss: 0.3666, Validation Accuracy: 73.33%

Per-Class Validation Accuracy:
  Class 0: 100.00% (8/8)
  Class 1: 100.00% (18/18)
  Class 2: 11.11% (2/18)
  Class 3: 100.00% (16/16)
Epoch [41/100], Training Loss: 0.4023
Validation Loss: 0.3500, Validation Accuracy: 73.33%

Per-Class Validation Accuracy:
  Class 0: 100.00% (8/8)
  Class 1: 100.00% (18/18)
  Class 2: 11.11% (2/18)
  Class 3: 100.00% (16/16)
Epoch [42/100], Training Loss: 0.4178
Validation Loss: 0.3671, Validation Accuracy: 73.33%

Per-Class Validation Accuracy:
  Class 0: 100.00% (8/8)
  Class 1: 100.00% (18/18)
  Class 2: 11.11% (2/18)
  Class 3: 100.00% (16/16)
Epoch [43/100], Training Loss: 0.4135
Validation Loss: 0.3781, Validation Accuracy: 73.33%

Per-Class Validation Accuracy:
  Class 0: 100.00% (8/8)
  Class 1: 100.00% (18/18)
  Class 2: 11.11% (2/18)
  Class 3: 100.00% (16/16)
Epoch [44/100], Training Loss: 0.4441
Validation Loss: 0.4101, Validation Accuracy: 68.33%

Per-Class Validation Accuracy:
  Class 0: 87.50% (7/8)
  Class 1: 100.00% (18/18)
  Class 2: 0.00% (0/18)
  Class 3: 100.00% (16/16)
Epoch [45/100], Training Loss: 0.4198
Validation Loss: 0.3918, Validation Accuracy: 70.00%

Per-Class Validation Accuracy:
  Class 0: 100.00% (8/8)
  Class 1: 100.00% (18/18)
  Class 2: 0.00% (0/18)
  Class 3: 100.00% (16/16)
Epoch [46/100], Training Loss: 0.4021
Validation Loss: 0.3524, Validation Accuracy: 73.33%

Per-Class Validation Accuracy:
  Class 0: 75.00% (6/8)
  Class 1: 100.00% (18/18)
  Class 2: 22.22% (4/18)
  Class 3: 100.00% (16/16)
Epoch [47/100], Training Loss: 0.4018
Validation Loss: 0.3698, Validation Accuracy: 71.67%

Per-Class Validation Accuracy:
  Class 0: 100.00% (8/8)
  Class 1: 100.00% (18/18)
  Class 2: 5.56% (1/18)
  Class 3: 100.00% (16/16)
Epoch [48/100], Training Loss: 0.3822
Validation Loss: 0.3604, Validation Accuracy: 71.67%

Per-Class Validation Accuracy:
  Class 0: 100.00% (8/8)
  Class 1: 100.00% (18/18)
  Class 2: 5.56% (1/18)
  Class 3: 100.00% (16/16)
Epoch [49/100], Training Loss: 0.3870
Validation Loss: 0.3784, Validation Accuracy: 73.33%

Per-Class Validation Accuracy:
  Class 0: 100.00% (8/8)
  Class 1: 100.00% (18/18)
  Class 2: 11.11% (2/18)
  Class 3: 100.00% (16/16)
Epoch [50/100], Training Loss: 0.3874
Validation Loss: 0.3398, Validation Accuracy: 73.33%

Per-Class Validation Accuracy:
  Class 0: 100.00% (8/8)
  Class 1: 100.00% (18/18)
  Class 2: 11.11% (2/18)
  Class 3: 100.00% (16/16)
Epoch [51/100], Training Loss: 0.4202
Validation Loss: 0.3534, Validation Accuracy: 73.33%

Per-Class Validation Accuracy:
  Class 0: 100.00% (8/8)
  Class 1: 100.00% (18/18)
  Class 2: 11.11% (2/18)
  Class 3: 100.00% (16/16)
Epoch [52/100], Training Loss: 0.3976
Validation Loss: 0.3520, Validation Accuracy: 71.67%

Per-Class Validation Accuracy:
  Class 0: 100.00% (8/8)
  Class 1: 100.00% (18/18)
  Class 2: 5.56% (1/18)
  Class 3: 100.00% (16/16)
Epoch [53/100], Training Loss: 0.4015
Validation Loss: 0.3814, Validation Accuracy: 71.67%

Per-Class Validation Accuracy:
  Class 0: 100.00% (8/8)
  Class 1: 100.00% (18/18)
  Class 2: 5.56% (1/18)
  Class 3: 100.00% (16/16)
Epoch [54/100], Training Loss: 0.3825
Validation Loss: 0.3757, Validation Accuracy: 73.33%

Per-Class Validation Accuracy:
  Class 0: 100.00% (8/8)
  Class 1: 100.00% (18/18)
  Class 2: 11.11% (2/18)
  Class 3: 100.00% (16/16)
Epoch [55/100], Training Loss: 0.3912
Validation Loss: 0.3895, Validation Accuracy: 70.00%

Per-Class Validation Accuracy:
  Class 0: 87.50% (7/8)
  Class 1: 100.00% (18/18)
  Class 2: 5.56% (1/18)
  Class 3: 100.00% (16/16)
Epoch [56/100], Training Loss: 0.3911
Validation Loss: 0.3432, Validation Accuracy: 71.67%

Per-Class Validation Accuracy:
  Class 0: 100.00% (8/8)
  Class 1: 100.00% (18/18)
  Class 2: 5.56% (1/18)
  Class 3: 100.00% (16/16)
Epoch [57/100], Training Loss: 0.3819
Validation Loss: 0.3605, Validation Accuracy: 71.67%

Per-Class Validation Accuracy:
  Class 0: 100.00% (8/8)
  Class 1: 100.00% (18/18)
  Class 2: 5.56% (1/18)
  Class 3: 100.00% (16/16)
Epoch [58/100], Training Loss: 0.3790
Validation Loss: 0.3723, Validation Accuracy: 71.67%

Per-Class Validation Accuracy:
  Class 0: 100.00% (8/8)
  Class 1: 100.00% (18/18)
  Class 2: 5.56% (1/18)
  Class 3: 100.00% (16/16)
Epoch [59/100], Training Loss: 0.3784
Validation Loss: 0.3616, Validation Accuracy: 71.67%

Per-Class Validation Accuracy:
  Class 0: 100.00% (8/8)
  Class 1: 100.00% (18/18)
  Class 2: 5.56% (1/18)
  Class 3: 100.00% (16/16)
Epoch [60/100], Training Loss: 0.3766
Validation Loss: 0.3818, Validation Accuracy: 70.00%

Per-Class Validation Accuracy:
  Class 0: 87.50% (7/8)
  Class 1: 100.00% (18/18)
  Class 2: 5.56% (1/18)
  Class 3: 100.00% (16/16)
Early stopping triggered.

	Elapsed time is 5.7453 seconds.

==========================================================================================
Total parameters: 14788
Total memory (bytes): 118304
Total memory (MB): 0.112823486328125
==========================================================================================
Validation Loss: 0.3818, Validation Accuracy: 70.00%

Per-Class Validation Accuracy:
  No Thrust: 87.50% (7/8)
  Chemical: 100.00% (18/18)
  Electric: 5.56% (1/18)
  Impulsive: 100.00% (16/16)

Classification Report:
              precision    recall  f1-score   support

   No Thrust     0.3043    0.8750    0.4516         8
    Chemical     0.9000    1.0000    0.9474        18
    Electric     1.0000    0.0556    0.1053        18
   Impulsive     1.0000    1.0000    1.0000        16

    accuracy                         0.7000        60
   macro avg     0.8011    0.7326    0.6261        60
weighted avg     0.8772    0.7000    0.6427        60


Confusion Matrix (rows = true, cols = predicted):
             P_No Thrust  P_Chemical  P_Electric  P_Impulsive
T_No Thrust            7           1           0            0
T_Chemical             0          18           0            0
T_Electric            16           1           1            0
T_Impulsive            0           0           0           16

Entering Mamba Training Loop
Epoch [1/100], Training Loss: 1.3852
Validation Loss: 1.3873, Validation Accuracy: 30.00%

Per-Class Validation Accuracy:
  Class 0: 0.00% (0/8)
  Class 1: 100.00% (18/18)
  Class 2: 0.00% (0/18)
  Class 3: 0.00% (0/16)
Epoch [2/100], Training Loss: 1.3688
Validation Loss: 1.3677, Validation Accuracy: 53.33%

Per-Class Validation Accuracy:
  Class 0: 0.00% (0/8)
  Class 1: 100.00% (18/18)
  Class 2: 0.00% (0/18)
  Class 3: 87.50% (14/16)
Epoch [3/100], Training Loss: 1.3137
Validation Loss: 1.2637, Validation Accuracy: 36.67%

Per-Class Validation Accuracy:
  Class 0: 75.00% (6/8)
  Class 1: 0.00% (0/18)
  Class 2: 0.00% (0/18)
  Class 3: 100.00% (16/16)
Epoch [4/100], Training Loss: 1.0932
Validation Loss: 0.9012, Validation Accuracy: 66.67%

Per-Class Validation Accuracy:
  Class 0: 75.00% (6/8)
  Class 1: 100.00% (18/18)
  Class 2: 0.00% (0/18)
  Class 3: 100.00% (16/16)
Epoch [5/100], Training Loss: 0.7439
Validation Loss: 0.6608, Validation Accuracy: 66.67%

Per-Class Validation Accuracy:
  Class 0: 62.50% (5/8)
  Class 1: 100.00% (18/18)
  Class 2: 5.56% (1/18)
  Class 3: 100.00% (16/16)
Epoch [6/100], Training Loss: 0.6143
Validation Loss: 0.6935, Validation Accuracy: 56.67%

Per-Class Validation Accuracy:
  Class 0: 62.50% (5/8)
  Class 1: 61.11% (11/18)
  Class 2: 11.11% (2/18)
  Class 3: 100.00% (16/16)
Epoch [7/100], Training Loss: 0.5707
Validation Loss: 0.5675, Validation Accuracy: 68.33%

Per-Class Validation Accuracy:
  Class 0: 75.00% (6/8)
  Class 1: 100.00% (18/18)
  Class 2: 5.56% (1/18)
  Class 3: 100.00% (16/16)
Epoch [8/100], Training Loss: 0.5465
Validation Loss: 0.4789, Validation Accuracy: 81.67%

Per-Class Validation Accuracy:
  Class 0: 0.00% (0/8)
  Class 1: 100.00% (18/18)
  Class 2: 83.33% (15/18)
  Class 3: 100.00% (16/16)
Epoch [9/100], Training Loss: 0.5347
Validation Loss: 0.5066, Validation Accuracy: 66.67%

Per-Class Validation Accuracy:
  Class 0: 75.00% (6/8)
  Class 1: 100.00% (18/18)
  Class 2: 0.00% (0/18)
  Class 3: 100.00% (16/16)
Epoch [10/100], Training Loss: 0.5260
Validation Loss: 0.4942, Validation Accuracy: 70.00%

Per-Class Validation Accuracy:
  Class 0: 87.50% (7/8)
  Class 1: 100.00% (18/18)
  Class 2: 5.56% (1/18)
  Class 3: 100.00% (16/16)
Epoch [11/100], Training Loss: 0.5149
Validation Loss: 0.4427, Validation Accuracy: 71.67%

Per-Class Validation Accuracy:
  Class 0: 50.00% (4/8)
  Class 1: 100.00% (18/18)
  Class 2: 27.78% (5/18)
  Class 3: 100.00% (16/16)
Epoch [12/100], Training Loss: 0.5148
Validation Loss: 0.5781, Validation Accuracy: 73.33%

Per-Class Validation Accuracy:
  Class 0: 87.50% (7/8)
  Class 1: 88.89% (16/18)
  Class 2: 27.78% (5/18)
  Class 3: 100.00% (16/16)
Epoch [13/100], Training Loss: 0.5285
Validation Loss: 0.6073, Validation Accuracy: 66.67%

Per-Class Validation Accuracy:
  Class 0: 87.50% (7/8)
  Class 1: 94.44% (17/18)
  Class 2: 0.00% (0/18)
  Class 3: 100.00% (16/16)
Epoch [14/100], Training Loss: 0.5325
Validation Loss: 0.4820, Validation Accuracy: 75.00%

Per-Class Validation Accuracy:
  Class 0: 87.50% (7/8)
  Class 1: 100.00% (18/18)
  Class 2: 22.22% (4/18)
  Class 3: 100.00% (16/16)
Epoch [15/100], Training Loss: 0.5304
Validation Loss: 0.4521, Validation Accuracy: 81.67%

Per-Class Validation Accuracy:
  Class 0: 0.00% (0/8)
  Class 1: 94.44% (17/18)
  Class 2: 88.89% (16/18)
  Class 3: 100.00% (16/16)
Epoch [16/100], Training Loss: 0.5109
Validation Loss: 0.4643, Validation Accuracy: 70.00%

Per-Class Validation Accuracy:
  Class 0: 75.00% (6/8)
  Class 1: 100.00% (18/18)
  Class 2: 11.11% (2/18)
  Class 3: 100.00% (16/16)
Epoch [17/100], Training Loss: 0.4906
Validation Loss: 0.4712, Validation Accuracy: 66.67%

Per-Class Validation Accuracy:
  Class 0: 87.50% (7/8)
  Class 1: 94.44% (17/18)
  Class 2: 0.00% (0/18)
  Class 3: 100.00% (16/16)
Epoch [18/100], Training Loss: 0.4715
Validation Loss: 0.4231, Validation Accuracy: 71.67%

Per-Class Validation Accuracy:
  Class 0: 87.50% (7/8)
  Class 1: 100.00% (18/18)
  Class 2: 11.11% (2/18)
  Class 3: 100.00% (16/16)
Epoch [19/100], Training Loss: 0.4682
Validation Loss: 0.4741, Validation Accuracy: 68.33%

Per-Class Validation Accuracy:
  Class 0: 87.50% (7/8)
  Class 1: 94.44% (17/18)
  Class 2: 5.56% (1/18)
  Class 3: 100.00% (16/16)
Epoch [20/100], Training Loss: 0.4553
Validation Loss: 0.4089, Validation Accuracy: 73.33%

Per-Class Validation Accuracy:
  Class 0: 37.50% (3/8)
  Class 1: 100.00% (18/18)
  Class 2: 38.89% (7/18)
  Class 3: 100.00% (16/16)
Epoch [21/100], Training Loss: 0.4503
Validation Loss: 0.4887, Validation Accuracy: 68.33%

Per-Class Validation Accuracy:
  Class 0: 87.50% (7/8)
  Class 1: 100.00% (18/18)
  Class 2: 0.00% (0/18)
  Class 3: 100.00% (16/16)
Epoch [22/100], Training Loss: 0.4571
Validation Loss: 0.4315, Validation Accuracy: 66.67%

Per-Class Validation Accuracy:
  Class 0: 87.50% (7/8)
  Class 1: 94.44% (17/18)
  Class 2: 0.00% (0/18)
  Class 3: 100.00% (16/16)
Epoch [23/100], Training Loss: 0.4407
Validation Loss: 0.4434, Validation Accuracy: 68.33%

Per-Class Validation Accuracy:
  Class 0: 100.00% (8/8)
  Class 1: 94.44% (17/18)
  Class 2: 0.00% (0/18)
  Class 3: 100.00% (16/16)
Epoch [24/100], Training Loss: 0.4548
Validation Loss: 0.4057, Validation Accuracy: 70.00%

Per-Class Validation Accuracy:
  Class 0: 87.50% (7/8)
  Class 1: 94.44% (17/18)
  Class 2: 11.11% (2/18)
  Class 3: 100.00% (16/16)
Epoch [25/100], Training Loss: 0.4281
Validation Loss: 0.3950, Validation Accuracy: 70.00%

Per-Class Validation Accuracy:
  Class 0: 87.50% (7/8)
  Class 1: 100.00% (18/18)
  Class 2: 5.56% (1/18)
  Class 3: 100.00% (16/16)
Epoch [26/100], Training Loss: 0.4449
Validation Loss: 0.3944, Validation Accuracy: 68.33%

Per-Class Validation Accuracy:
  Class 0: 87.50% (7/8)
  Class 1: 100.00% (18/18)
  Class 2: 0.00% (0/18)
  Class 3: 100.00% (16/16)
Epoch [27/100], Training Loss: 0.4563
Validation Loss: 0.4195, Validation Accuracy: 68.33%

Per-Class Validation Accuracy:
  Class 0: 87.50% (7/8)
  Class 1: 100.00% (18/18)
  Class 2: 0.00% (0/18)
  Class 3: 100.00% (16/16)
Epoch [28/100], Training Loss: 0.4635
Validation Loss: 0.4444, Validation Accuracy: 68.33%

Per-Class Validation Accuracy:
  Class 0: 87.50% (7/8)
  Class 1: 100.00% (18/18)
  Class 2: 0.00% (0/18)
  Class 3: 100.00% (16/16)
Epoch [29/100], Training Loss: 0.4423
Validation Loss: 0.3664, Validation Accuracy: 68.33%

Per-Class Validation Accuracy:
  Class 0: 50.00% (4/8)
  Class 1: 100.00% (18/18)
  Class 2: 16.67% (3/18)
  Class 3: 100.00% (16/16)
Epoch [30/100], Training Loss: 0.4184
Validation Loss: 0.3731, Validation Accuracy: 71.67%

Per-Class Validation Accuracy:
  Class 0: 37.50% (3/8)
  Class 1: 100.00% (18/18)
  Class 2: 33.33% (6/18)
  Class 3: 100.00% (16/16)
Epoch [31/100], Training Loss: 0.4244
Validation Loss: 0.4759, Validation Accuracy: 70.00%

Per-Class Validation Accuracy:
  Class 0: 87.50% (7/8)
  Class 1: 88.89% (16/18)
  Class 2: 16.67% (3/18)
  Class 3: 100.00% (16/16)
Epoch [32/100], Training Loss: 0.4410
Validation Loss: 0.3739, Validation Accuracy: 73.33%

Per-Class Validation Accuracy:
  Class 0: 75.00% (6/8)
  Class 1: 100.00% (18/18)
  Class 2: 22.22% (4/18)
  Class 3: 100.00% (16/16)
Epoch [33/100], Training Loss: 0.4172
Validation Loss: 0.3408, Validation Accuracy: 81.67%

Per-Class Validation Accuracy:
  Class 0: 12.50% (1/8)
  Class 1: 100.00% (18/18)
  Class 2: 77.78% (14/18)
  Class 3: 100.00% (16/16)
Epoch [34/100], Training Loss: 0.4262
Validation Loss: 0.3733, Validation Accuracy: 68.33%

Per-Class Validation Accuracy:
  Class 0: 87.50% (7/8)
  Class 1: 100.00% (18/18)
  Class 2: 0.00% (0/18)
  Class 3: 100.00% (16/16)
Epoch [35/100], Training Loss: 0.4135
Validation Loss: 0.4082, Validation Accuracy: 68.33%

Per-Class Validation Accuracy:
  Class 0: 87.50% (7/8)
  Class 1: 100.00% (18/18)
  Class 2: 0.00% (0/18)
  Class 3: 100.00% (16/16)
Epoch [36/100], Training Loss: 0.4244
Validation Loss: 0.3481, Validation Accuracy: 75.00%

Per-Class Validation Accuracy:
  Class 0: 25.00% (2/8)
  Class 1: 100.00% (18/18)
  Class 2: 50.00% (9/18)
  Class 3: 100.00% (16/16)
Epoch [37/100], Training Loss: 0.4197
Validation Loss: 0.3730, Validation Accuracy: 70.00%

Per-Class Validation Accuracy:
  Class 0: 100.00% (8/8)
  Class 1: 100.00% (18/18)
  Class 2: 0.00% (0/18)
  Class 3: 100.00% (16/16)
Epoch [38/100], Training Loss: 0.3929
Validation Loss: 0.3356, Validation Accuracy: 81.67%

Per-Class Validation Accuracy:
  Class 0: 25.00% (2/8)
  Class 1: 100.00% (18/18)
  Class 2: 72.22% (13/18)
  Class 3: 100.00% (16/16)
Epoch [39/100], Training Loss: 0.4005
Validation Loss: 0.3292, Validation Accuracy: 85.00%

Per-Class Validation Accuracy:
  Class 0: 25.00% (2/8)
  Class 1: 100.00% (18/18)
  Class 2: 83.33% (15/18)
  Class 3: 100.00% (16/16)
Epoch [40/100], Training Loss: 0.4044
Validation Loss: 0.3593, Validation Accuracy: 68.33%

Per-Class Validation Accuracy:
  Class 0: 87.50% (7/8)
  Class 1: 100.00% (18/18)
  Class 2: 0.00% (0/18)
  Class 3: 100.00% (16/16)
Epoch [41/100], Training Loss: 0.4003
Validation Loss: 0.4463, Validation Accuracy: 80.00%

Per-Class Validation Accuracy:
  Class 0: 12.50% (1/8)
  Class 1: 88.89% (16/18)
  Class 2: 83.33% (15/18)
  Class 3: 100.00% (16/16)
Epoch [42/100], Training Loss: 0.4753
Validation Loss: 0.3751, Validation Accuracy: 75.00%

Per-Class Validation Accuracy:
  Class 0: 87.50% (7/8)
  Class 1: 100.00% (18/18)
  Class 2: 22.22% (4/18)
  Class 3: 100.00% (16/16)
Epoch [43/100], Training Loss: 0.4062
Validation Loss: 0.4065, Validation Accuracy: 68.33%

Per-Class Validation Accuracy:
  Class 0: 87.50% (7/8)
  Class 1: 100.00% (18/18)
  Class 2: 0.00% (0/18)
  Class 3: 100.00% (16/16)
Epoch [44/100], Training Loss: 0.4045
Validation Loss: 0.3700, Validation Accuracy: 70.00%

Per-Class Validation Accuracy:
  Class 0: 75.00% (6/8)
  Class 1: 94.44% (17/18)
  Class 2: 16.67% (3/18)
  Class 3: 100.00% (16/16)
Epoch [45/100], Training Loss: 0.3903
Validation Loss: 0.3569, Validation Accuracy: 73.33%

Per-Class Validation Accuracy:
  Class 0: 87.50% (7/8)
  Class 1: 100.00% (18/18)
  Class 2: 16.67% (3/18)
  Class 3: 100.00% (16/16)
Epoch [46/100], Training Loss: 0.3812
Validation Loss: 0.3390, Validation Accuracy: 75.00%

Per-Class Validation Accuracy:
  Class 0: 50.00% (4/8)
  Class 1: 100.00% (18/18)
  Class 2: 38.89% (7/18)
  Class 3: 100.00% (16/16)
Epoch [47/100], Training Loss: 0.3847
Validation Loss: 0.3509, Validation Accuracy: 71.67%

Per-Class Validation Accuracy:
  Class 0: 100.00% (8/8)
  Class 1: 100.00% (18/18)
  Class 2: 5.56% (1/18)
  Class 3: 100.00% (16/16)
Epoch [48/100], Training Loss: 0.3730
Validation Loss: 0.3310, Validation Accuracy: 75.00%

Per-Class Validation Accuracy:
  Class 0: 50.00% (4/8)
  Class 1: 100.00% (18/18)
  Class 2: 38.89% (7/18)
  Class 3: 100.00% (16/16)
Epoch [49/100], Training Loss: 0.3797
Validation Loss: 0.3401, Validation Accuracy: 73.33%

Per-Class Validation Accuracy:
  Class 0: 87.50% (7/8)
  Class 1: 100.00% (18/18)
  Class 2: 16.67% (3/18)
  Class 3: 100.00% (16/16)
Early stopping triggered.

	Elapsed time is 6.4367 seconds.

==========================================================================================
Total parameters: 7963
Total memory (bytes): 63704
Total memory (MB): 0.06075286865234375
==========================================================================================
Validation Loss: 0.3401, Validation Accuracy: 73.33%

Per-Class Validation Accuracy:
  No Thrust: 87.50% (7/8)
  Chemical: 100.00% (18/18)
  Electric: 16.67% (3/18)
  Impulsive: 100.00% (16/16)

Classification Report:
              precision    recall  f1-score   support

   No Thrust     0.3182    0.8750    0.4667         8
    Chemical     1.0000    1.0000    1.0000        18
    Electric     0.7500    0.1667    0.2727        18
   Impulsive     1.0000    1.0000    1.0000        16

    accuracy                         0.7333        60
   macro avg     0.7670    0.7604    0.6848        60
weighted avg     0.8341    0.7333    0.7107        60


Confusion Matrix (rows = true, cols = predicted):
             P_No Thrust  P_Chemical  P_Electric  P_Impulsive
T_No Thrust            7           0           1            0
T_Chemical             0          18           0            0
T_Electric            15           0           3            0
T_Impulsive            0           0           0           16
