Processing datasets for vleo with 3 minutes and 800 random systems.
GPU is available
Training data location: C:/Users/hu650776/GMAT-Thrust-Data/data/classification/vleo/3min-800
Test data location: C:/Users/hu650776/GMAT-Thrust-Data/data/classification/vleo/3min-800

Entering Decision Trees Training Loop

	Elapsed time is 0.1865 seconds.

==========================================================================================
Total parameters: NaN
Total memory (bytes): 346127
Total memory (MB): 0.3300924301147461
==========================================================================================

Decision Trees Validation
Validation Loss: 0.3706, Validation Accuracy: 93.28%

Per-Class Validation Accuracy:
  No Thrust: 97.50% (156/160)
  Chemical: 100.00% (160/160)
  Electric: 91.25% (146/160)
  Impulsive: 84.38% (135/160)

Classification Report:
              precision    recall  f1-score   support

   No Thrust     0.9017    0.9750    0.9369       160
    Chemical     1.0000    1.0000    1.0000       160
    Electric     0.9481    0.9125    0.9299       160
   Impulsive     0.8824    0.8438    0.8626       160

    accuracy                         0.9328       640
   macro avg     0.9330    0.9328    0.9324       640
weighted avg     0.9330    0.9328    0.9324       640


Confusion Matrix (rows = true, cols = predicted):
             P_No Thrust  P_Chemical  P_Electric  P_Impulsive
T_No Thrust          156           0           0            4
T_Chemical             0         160           0            0
T_Electric             0           0         146           14
T_Impulsive           17           0           8          135

Decision Trees Inference Time	Elapsed time is 0.0183 seconds.

Entering LSTM Training Loop
Epoch [1/100], Training Loss: 1.3900
Validation Loss: 1.3762, Validation Accuracy: 31.88%

Per-Class Validation Accuracy:
  No Thrust: 0.00% (0/160)
  Chemical: 100.00% (160/160)
  Electric: 0.00% (0/160)
  Impulsive: 27.50% (44/160)
Epoch [2/100], Training Loss: 1.3866
Validation Loss: 1.3518, Validation Accuracy: 48.91%

Per-Class Validation Accuracy:
  No Thrust: 100.00% (160/160)
  Chemical: 95.62% (153/160)
  Electric: 0.00% (0/160)
  Impulsive: 0.00% (0/160)
Epoch [3/100], Training Loss: 1.3245
Validation Loss: 1.2113, Validation Accuracy: 41.88%

Per-Class Validation Accuracy:
  No Thrust: 98.75% (158/160)
  Chemical: 62.50% (100/160)
  Electric: 1.88% (3/160)
  Impulsive: 4.38% (7/160)
Epoch [4/100], Training Loss: 1.2757
Validation Loss: 1.1837, Validation Accuracy: 42.97%

Per-Class Validation Accuracy:
  No Thrust: 98.75% (158/160)
  Chemical: 62.50% (100/160)
  Electric: 7.50% (12/160)
  Impulsive: 3.12% (5/160)
Epoch [5/100], Training Loss: 1.2510
Validation Loss: 1.1300, Validation Accuracy: 46.25%

Per-Class Validation Accuracy:
  No Thrust: 97.50% (156/160)
  Chemical: 68.75% (110/160)
  Electric: 16.88% (27/160)
  Impulsive: 1.88% (3/160)
Epoch [6/100], Training Loss: 1.2120
Validation Loss: 1.0241, Validation Accuracy: 56.25%

Per-Class Validation Accuracy:
  No Thrust: 87.50% (140/160)
  Chemical: 84.38% (135/160)
  Electric: 24.38% (39/160)
  Impulsive: 28.75% (46/160)
Epoch [7/100], Training Loss: 1.1692
Validation Loss: 0.9371, Validation Accuracy: 59.06%

Per-Class Validation Accuracy:
  No Thrust: 91.25% (146/160)
  Chemical: 100.00% (160/160)
  Electric: 21.25% (34/160)
  Impulsive: 23.75% (38/160)
Epoch [8/100], Training Loss: 1.0906
Validation Loss: 0.8829, Validation Accuracy: 60.78%

Per-Class Validation Accuracy:
  No Thrust: 75.62% (121/160)
  Chemical: 100.00% (160/160)
  Electric: 30.00% (48/160)
  Impulsive: 37.50% (60/160)
Epoch [9/100], Training Loss: 1.0265
Validation Loss: 0.8496, Validation Accuracy: 57.19%

Per-Class Validation Accuracy:
  No Thrust: 13.12% (21/160)
  Chemical: 100.00% (160/160)
  Electric: 40.62% (65/160)
  Impulsive: 75.00% (120/160)
Epoch [10/100], Training Loss: 1.0075
Validation Loss: 0.8535, Validation Accuracy: 52.97%

Per-Class Validation Accuracy:
  No Thrust: 1.25% (2/160)
  Chemical: 100.00% (160/160)
  Electric: 23.12% (37/160)
  Impulsive: 87.50% (140/160)
Epoch [11/100], Training Loss: 0.9619
Validation Loss: 0.8490, Validation Accuracy: 53.75%

Per-Class Validation Accuracy:
  No Thrust: 96.88% (155/160)
  Chemical: 100.00% (160/160)
  Electric: 15.62% (25/160)
  Impulsive: 2.50% (4/160)
Epoch [12/100], Training Loss: 0.9712
Validation Loss: 0.8486, Validation Accuracy: 54.69%

Per-Class Validation Accuracy:
  No Thrust: 95.62% (153/160)
  Chemical: 100.00% (160/160)
  Electric: 23.12% (37/160)
  Impulsive: 0.00% (0/160)
Epoch [13/100], Training Loss: 0.9434
Validation Loss: 0.8261, Validation Accuracy: 56.88%

Per-Class Validation Accuracy:
  No Thrust: 3.75% (6/160)
  Chemical: 100.00% (160/160)
  Electric: 43.75% (70/160)
  Impulsive: 80.00% (128/160)
Epoch [14/100], Training Loss: 0.9319
Validation Loss: 0.8111, Validation Accuracy: 56.09%

Per-Class Validation Accuracy:
  No Thrust: 95.62% (153/160)
  Chemical: 100.00% (160/160)
  Electric: 27.50% (44/160)
  Impulsive: 1.25% (2/160)
Epoch [15/100], Training Loss: 0.9441
Validation Loss: 0.8284, Validation Accuracy: 56.72%

Per-Class Validation Accuracy:
  No Thrust: 58.12% (93/160)
  Chemical: 100.00% (160/160)
  Electric: 21.25% (34/160)
  Impulsive: 47.50% (76/160)
Epoch [16/100], Training Loss: 0.9394
Validation Loss: 0.8195, Validation Accuracy: 56.41%

Per-Class Validation Accuracy:
  No Thrust: 0.00% (0/160)
  Chemical: 100.00% (160/160)
  Electric: 37.50% (60/160)
  Impulsive: 88.12% (141/160)
Epoch [17/100], Training Loss: 0.9074
Validation Loss: 0.8040, Validation Accuracy: 60.94%

Per-Class Validation Accuracy:
  No Thrust: 75.62% (121/160)
  Chemical: 100.00% (160/160)
  Electric: 28.75% (46/160)
  Impulsive: 39.38% (63/160)
Epoch [18/100], Training Loss: 0.9077
Validation Loss: 0.7965, Validation Accuracy: 62.19%

Per-Class Validation Accuracy:
  No Thrust: 58.12% (93/160)
  Chemical: 100.00% (160/160)
  Electric: 46.25% (74/160)
  Impulsive: 44.38% (71/160)
Epoch [19/100], Training Loss: 0.8840
Validation Loss: 0.7966, Validation Accuracy: 61.88%

Per-Class Validation Accuracy:
  No Thrust: 6.88% (11/160)
  Chemical: 100.00% (160/160)
  Electric: 85.00% (136/160)
  Impulsive: 55.62% (89/160)
Epoch [20/100], Training Loss: 0.8667
Validation Loss: 0.7876, Validation Accuracy: 57.19%

Per-Class Validation Accuracy:
  No Thrust: 0.00% (0/160)
  Chemical: 100.00% (160/160)
  Electric: 68.75% (110/160)
  Impulsive: 60.00% (96/160)
Epoch [21/100], Training Loss: 0.8594
Validation Loss: 0.7811, Validation Accuracy: 71.56%

Per-Class Validation Accuracy:
  No Thrust: 75.62% (121/160)
  Chemical: 100.00% (160/160)
  Electric: 71.25% (114/160)
  Impulsive: 39.38% (63/160)
Epoch [22/100], Training Loss: 0.8728
Validation Loss: 0.7735, Validation Accuracy: 56.41%

Per-Class Validation Accuracy:
  No Thrust: 18.75% (30/160)
  Chemical: 100.00% (160/160)
  Electric: 28.12% (45/160)
  Impulsive: 78.75% (126/160)
Epoch [23/100], Training Loss: 0.8619
Validation Loss: 0.7616, Validation Accuracy: 65.62%

Per-Class Validation Accuracy:
  No Thrust: 86.25% (138/160)
  Chemical: 100.00% (160/160)
  Electric: 44.38% (71/160)
  Impulsive: 31.88% (51/160)
Epoch [24/100], Training Loss: 0.8397
Validation Loss: 0.7718, Validation Accuracy: 67.81%

Per-Class Validation Accuracy:
  No Thrust: 86.88% (139/160)
  Chemical: 100.00% (160/160)
  Electric: 51.25% (82/160)
  Impulsive: 33.12% (53/160)
Epoch [25/100], Training Loss: 0.8353
Validation Loss: 0.7640, Validation Accuracy: 65.94%

Per-Class Validation Accuracy:
  No Thrust: 93.12% (149/160)
  Chemical: 100.00% (160/160)
  Electric: 70.62% (113/160)
  Impulsive: 0.00% (0/160)
Epoch [26/100], Training Loss: 0.8914
Validation Loss: 0.7701, Validation Accuracy: 67.97%

Per-Class Validation Accuracy:
  No Thrust: 60.62% (97/160)
  Chemical: 100.00% (160/160)
  Electric: 92.50% (148/160)
  Impulsive: 18.75% (30/160)
Epoch [27/100], Training Loss: 0.8293
Validation Loss: 0.7801, Validation Accuracy: 54.38%

Per-Class Validation Accuracy:
  No Thrust: 0.00% (0/160)
  Chemical: 100.00% (160/160)
  Electric: 94.38% (151/160)
  Impulsive: 23.12% (37/160)
Epoch [28/100], Training Loss: 0.8652
Validation Loss: 0.8228, Validation Accuracy: 58.28%

Per-Class Validation Accuracy:
  No Thrust: 60.62% (97/160)
  Chemical: 100.00% (160/160)
  Electric: 53.75% (86/160)
  Impulsive: 18.75% (30/160)
Epoch [29/100], Training Loss: 0.8462
Validation Loss: 0.7644, Validation Accuracy: 57.81%

Per-Class Validation Accuracy:
  No Thrust: 68.75% (110/160)
  Chemical: 100.00% (160/160)
  Electric: 62.50% (100/160)
  Impulsive: 0.00% (0/160)
Epoch [30/100], Training Loss: 0.8073
Validation Loss: 0.7563, Validation Accuracy: 57.97%

Per-Class Validation Accuracy:
  No Thrust: 68.12% (109/160)
  Chemical: 100.00% (160/160)
  Electric: 61.25% (98/160)
  Impulsive: 2.50% (4/160)
Epoch [31/100], Training Loss: 0.8176
Validation Loss: 0.7571, Validation Accuracy: 57.97%

Per-Class Validation Accuracy:
  No Thrust: 65.00% (104/160)
  Chemical: 100.00% (160/160)
  Electric: 61.25% (98/160)
  Impulsive: 5.62% (9/160)
Epoch [32/100], Training Loss: 0.8115
Validation Loss: 0.7549, Validation Accuracy: 59.38%

Per-Class Validation Accuracy:
  No Thrust: 80.62% (129/160)
  Chemical: 100.00% (160/160)
  Electric: 56.88% (91/160)
  Impulsive: 0.00% (0/160)
Epoch [33/100], Training Loss: 0.8163
Validation Loss: 0.7582, Validation Accuracy: 60.47%

Per-Class Validation Accuracy:
  No Thrust: 85.00% (136/160)
  Chemical: 100.00% (160/160)
  Electric: 56.88% (91/160)
  Impulsive: 0.00% (0/160)
Epoch [34/100], Training Loss: 0.8159
Validation Loss: 0.7576, Validation Accuracy: 60.47%

Per-Class Validation Accuracy:
  No Thrust: 85.00% (136/160)
  Chemical: 100.00% (160/160)
  Electric: 56.88% (91/160)
  Impulsive: 0.00% (0/160)
Epoch [35/100], Training Loss: 0.8088
Validation Loss: 0.7600, Validation Accuracy: 58.91%

Per-Class Validation Accuracy:
  No Thrust: 65.62% (105/160)
  Chemical: 100.00% (160/160)
  Electric: 55.00% (88/160)
  Impulsive: 15.00% (24/160)
Epoch [36/100], Training Loss: 0.8313
Validation Loss: 0.7589, Validation Accuracy: 58.91%

Per-Class Validation Accuracy:
  No Thrust: 70.62% (113/160)
  Chemical: 100.00% (160/160)
  Electric: 59.38% (95/160)
  Impulsive: 5.62% (9/160)
Epoch [37/100], Training Loss: 0.8017
Validation Loss: 0.7566, Validation Accuracy: 61.25%

Per-Class Validation Accuracy:
  No Thrust: 79.38% (127/160)
  Chemical: 100.00% (160/160)
  Electric: 65.00% (104/160)
  Impulsive: 0.62% (1/160)
Epoch [38/100], Training Loss: 0.7992
Validation Loss: 0.7500, Validation Accuracy: 59.38%

Per-Class Validation Accuracy:
  No Thrust: 70.00% (112/160)
  Chemical: 100.00% (160/160)
  Electric: 66.88% (107/160)
  Impulsive: 0.62% (1/160)
Epoch [39/100], Training Loss: 0.8093
Validation Loss: 0.7521, Validation Accuracy: 61.25%

Per-Class Validation Accuracy:
  No Thrust: 74.38% (119/160)
  Chemical: 100.00% (160/160)
  Electric: 58.75% (94/160)
  Impulsive: 11.88% (19/160)
Epoch [40/100], Training Loss: 0.8059
Validation Loss: 0.7591, Validation Accuracy: 60.62%

Per-Class Validation Accuracy:
  No Thrust: 85.62% (137/160)
  Chemical: 100.00% (160/160)
  Electric: 56.88% (91/160)
  Impulsive: 0.00% (0/160)
Epoch [41/100], Training Loss: 0.8717
Validation Loss: 0.7566, Validation Accuracy: 62.66%

Per-Class Validation Accuracy:
  No Thrust: 65.62% (105/160)
  Chemical: 100.00% (160/160)
  Electric: 70.62% (113/160)
  Impulsive: 14.38% (23/160)
Epoch [42/100], Training Loss: 0.8033
Validation Loss: 0.7474, Validation Accuracy: 59.53%

Per-Class Validation Accuracy:
  No Thrust: 68.75% (110/160)
  Chemical: 100.00% (160/160)
  Electric: 59.38% (95/160)
  Impulsive: 10.00% (16/160)
Epoch [43/100], Training Loss: 0.8107
Validation Loss: 0.7461, Validation Accuracy: 62.19%

Per-Class Validation Accuracy:
  No Thrust: 75.62% (121/160)
  Chemical: 100.00% (160/160)
  Electric: 56.25% (90/160)
  Impulsive: 16.88% (27/160)
Epoch [44/100], Training Loss: 0.8044
Validation Loss: 0.7483, Validation Accuracy: 60.00%

Per-Class Validation Accuracy:
  No Thrust: 74.38% (119/160)
  Chemical: 100.00% (160/160)
  Electric: 62.50% (100/160)
  Impulsive: 3.12% (5/160)
Epoch [45/100], Training Loss: 0.8036
Validation Loss: 0.7437, Validation Accuracy: 60.16%

Per-Class Validation Accuracy:
  No Thrust: 66.88% (107/160)
  Chemical: 100.00% (160/160)
  Electric: 58.75% (94/160)
  Impulsive: 15.00% (24/160)
Epoch [46/100], Training Loss: 0.8149
Validation Loss: 0.7483, Validation Accuracy: 60.78%

Per-Class Validation Accuracy:
  No Thrust: 64.38% (103/160)
  Chemical: 100.00% (160/160)
  Electric: 66.25% (106/160)
  Impulsive: 12.50% (20/160)
Epoch [47/100], Training Loss: 0.8177
Validation Loss: 0.7446, Validation Accuracy: 61.88%

Per-Class Validation Accuracy:
  No Thrust: 75.62% (121/160)
  Chemical: 100.00% (160/160)
  Electric: 66.88% (107/160)
  Impulsive: 5.00% (8/160)
Epoch [48/100], Training Loss: 0.8116
Validation Loss: 0.7486, Validation Accuracy: 62.66%

Per-Class Validation Accuracy:
  No Thrust: 76.25% (122/160)
  Chemical: 100.00% (160/160)
  Electric: 56.88% (91/160)
  Impulsive: 17.50% (28/160)
Epoch [49/100], Training Loss: 0.8045
Validation Loss: 0.7502, Validation Accuracy: 64.22%

Per-Class Validation Accuracy:
  No Thrust: 78.75% (126/160)
  Chemical: 100.00% (160/160)
  Electric: 57.50% (92/160)
  Impulsive: 20.62% (33/160)
Epoch [50/100], Training Loss: 0.8015
Validation Loss: 0.7404, Validation Accuracy: 62.03%

Per-Class Validation Accuracy:
  No Thrust: 86.88% (139/160)
  Chemical: 100.00% (160/160)
  Electric: 61.25% (98/160)
  Impulsive: 0.00% (0/160)
Epoch [51/100], Training Loss: 0.8078
Validation Loss: 0.7435, Validation Accuracy: 64.38%

Per-Class Validation Accuracy:
  No Thrust: 80.62% (129/160)
  Chemical: 100.00% (160/160)
  Electric: 58.75% (94/160)
  Impulsive: 18.12% (29/160)
Epoch [52/100], Training Loss: 0.7885
Validation Loss: 0.7405, Validation Accuracy: 63.28%

Per-Class Validation Accuracy:
  No Thrust: 80.62% (129/160)
  Chemical: 100.00% (160/160)
  Electric: 61.25% (98/160)
  Impulsive: 11.25% (18/160)
Epoch [53/100], Training Loss: 0.8200
Validation Loss: 0.7466, Validation Accuracy: 64.53%

Per-Class Validation Accuracy:
  No Thrust: 80.00% (128/160)
  Chemical: 100.00% (160/160)
  Electric: 53.75% (86/160)
  Impulsive: 24.38% (39/160)
Epoch [54/100], Training Loss: 0.8014
Validation Loss: 0.7486, Validation Accuracy: 60.16%

Per-Class Validation Accuracy:
  No Thrust: 61.25% (98/160)
  Chemical: 100.00% (160/160)
  Electric: 61.25% (98/160)
  Impulsive: 18.12% (29/160)
Epoch [55/100], Training Loss: 0.8073
Validation Loss: 0.7401, Validation Accuracy: 63.44%

Per-Class Validation Accuracy:
  No Thrust: 78.75% (126/160)
  Chemical: 100.00% (160/160)
  Electric: 58.75% (94/160)
  Impulsive: 16.25% (26/160)
Epoch [56/100], Training Loss: 0.7901
Validation Loss: 0.7399, Validation Accuracy: 63.75%

Per-Class Validation Accuracy:
  No Thrust: 73.12% (117/160)
  Chemical: 100.00% (160/160)
  Electric: 62.50% (100/160)
  Impulsive: 19.38% (31/160)
Epoch [57/100], Training Loss: 0.7930
Validation Loss: 0.7390, Validation Accuracy: 63.28%

Per-Class Validation Accuracy:
  No Thrust: 74.38% (119/160)
  Chemical: 100.00% (160/160)
  Electric: 63.12% (101/160)
  Impulsive: 15.62% (25/160)
Epoch [58/100], Training Loss: 0.8159
Validation Loss: 0.7490, Validation Accuracy: 62.34%

Per-Class Validation Accuracy:
  No Thrust: 81.25% (130/160)
  Chemical: 100.00% (160/160)
  Electric: 53.12% (85/160)
  Impulsive: 15.00% (24/160)
Epoch [59/100], Training Loss: 0.8203
Validation Loss: 0.7437, Validation Accuracy: 59.69%

Per-Class Validation Accuracy:
  No Thrust: 60.00% (96/160)
  Chemical: 100.00% (160/160)
  Electric: 66.88% (107/160)
  Impulsive: 11.88% (19/160)
Epoch [60/100], Training Loss: 0.7727
Validation Loss: 0.7358, Validation Accuracy: 63.75%

Per-Class Validation Accuracy:
  No Thrust: 73.12% (117/160)
  Chemical: 100.00% (160/160)
  Electric: 64.38% (103/160)
  Impulsive: 17.50% (28/160)
Epoch [61/100], Training Loss: 0.7923
Validation Loss: 0.7359, Validation Accuracy: 62.66%

Per-Class Validation Accuracy:
  No Thrust: 73.75% (118/160)
  Chemical: 100.00% (160/160)
  Electric: 70.00% (112/160)
  Impulsive: 6.88% (11/160)
Epoch [62/100], Training Loss: 0.7788
Validation Loss: 0.7314, Validation Accuracy: 61.41%

Per-Class Validation Accuracy:
  No Thrust: 61.25% (98/160)
  Chemical: 100.00% (160/160)
  Electric: 61.25% (98/160)
  Impulsive: 23.12% (37/160)
Epoch [63/100], Training Loss: 0.7864
Validation Loss: 0.7299, Validation Accuracy: 63.75%

Per-Class Validation Accuracy:
  No Thrust: 70.00% (112/160)
  Chemical: 100.00% (160/160)
  Electric: 60.62% (97/160)
  Impulsive: 24.38% (39/160)
Epoch [64/100], Training Loss: 0.8106
Validation Loss: 0.7355, Validation Accuracy: 63.75%

Per-Class Validation Accuracy:
  No Thrust: 66.88% (107/160)
  Chemical: 100.00% (160/160)
  Electric: 66.25% (106/160)
  Impulsive: 21.88% (35/160)
Epoch [65/100], Training Loss: 0.7923
Validation Loss: 0.7322, Validation Accuracy: 63.75%

Per-Class Validation Accuracy:
  No Thrust: 71.88% (115/160)
  Chemical: 100.00% (160/160)
  Electric: 65.00% (104/160)
  Impulsive: 18.12% (29/160)
Epoch [66/100], Training Loss: 0.8399
Validation Loss: 0.7376, Validation Accuracy: 61.56%

Per-Class Validation Accuracy:
  No Thrust: 77.50% (124/160)
  Chemical: 100.00% (160/160)
  Electric: 64.38% (103/160)
  Impulsive: 4.38% (7/160)
Epoch [67/100], Training Loss: 0.8077
Validation Loss: 0.7391, Validation Accuracy: 61.56%

Per-Class Validation Accuracy:
  No Thrust: 58.12% (93/160)
  Chemical: 100.00% (160/160)
  Electric: 59.38% (95/160)
  Impulsive: 28.75% (46/160)
Epoch [68/100], Training Loss: 0.7848
Validation Loss: 0.7397, Validation Accuracy: 63.91%

Per-Class Validation Accuracy:
  No Thrust: 77.50% (124/160)
  Chemical: 100.00% (160/160)
  Electric: 56.88% (91/160)
  Impulsive: 21.25% (34/160)
Epoch [69/100], Training Loss: 0.8461
Validation Loss: 0.7351, Validation Accuracy: 60.78%

Per-Class Validation Accuracy:
  No Thrust: 73.12% (117/160)
  Chemical: 100.00% (160/160)
  Electric: 67.50% (108/160)
  Impulsive: 2.50% (4/160)
Epoch [70/100], Training Loss: 0.8169
Validation Loss: 0.7375, Validation Accuracy: 63.59%

Per-Class Validation Accuracy:
  No Thrust: 75.62% (121/160)
  Chemical: 100.00% (160/160)
  Electric: 61.88% (99/160)
  Impulsive: 16.88% (27/160)
Epoch [71/100], Training Loss: 0.7779
Validation Loss: 0.7315, Validation Accuracy: 61.72%

Per-Class Validation Accuracy:
  No Thrust: 72.50% (116/160)
  Chemical: 100.00% (160/160)
  Electric: 66.88% (107/160)
  Impulsive: 7.50% (12/160)
Epoch [72/100], Training Loss: 0.8014
Validation Loss: 0.7325, Validation Accuracy: 64.06%

Per-Class Validation Accuracy:
  No Thrust: 72.50% (116/160)
  Chemical: 100.00% (160/160)
  Electric: 65.00% (104/160)
  Impulsive: 18.75% (30/160)
Epoch [73/100], Training Loss: 0.7877
Validation Loss: 0.7325, Validation Accuracy: 63.12%

Per-Class Validation Accuracy:
  No Thrust: 68.12% (109/160)
  Chemical: 100.00% (160/160)
  Electric: 66.25% (106/160)
  Impulsive: 18.12% (29/160)
Early stopping triggered.

	Elapsed time is 31.2316 seconds.

==========================================================================================
Total parameters: 18004
Total memory (bytes): 144032
Total memory (MB): 0.137359619140625
==========================================================================================

LSTM Validation
Validation Loss: 0.7325, Validation Accuracy: 63.12%

Per-Class Validation Accuracy:
  No Thrust: 68.12% (109/160)
  Chemical: 100.00% (160/160)
  Electric: 66.25% (106/160)
  Impulsive: 18.12% (29/160)

Classification Report:
              precision    recall  f1-score   support

   No Thrust     0.4888    0.6813    0.5692       160
    Chemical     1.0000    1.0000    1.0000       160
    Electric     0.5327    0.6625    0.5905       160
   Impulsive     0.5000    0.1812    0.2661       160

    accuracy                         0.6312       640
   macro avg     0.6304    0.6312    0.6064       640
weighted avg     0.6304    0.6312    0.6064       640


Confusion Matrix (rows = true, cols = predicted):
             P_No Thrust  P_Chemical  P_Electric  P_Impulsive
T_No Thrust          109           0          33           18
T_Chemical             0         160           0            0
T_Electric            43           0         106           11
T_Impulsive           71           0          60           29

LSTM Inference Time	Elapsed time is 0.2835 seconds.

Entering Mamba Training Loop
Epoch [1/100], Training Loss: 1.3904
Validation Loss: 1.3820, Validation Accuracy: 25.78%

Per-Class Validation Accuracy:
  No Thrust: 50.62% (81/160)
  Chemical: 0.00% (0/160)
  Electric: 48.12% (77/160)
  Impulsive: 4.38% (7/160)
Epoch [2/100], Training Loss: 1.3715
Validation Loss: 1.3564, Validation Accuracy: 38.75%

Per-Class Validation Accuracy:
  No Thrust: 66.25% (106/160)
  Chemical: 62.50% (100/160)
  Electric: 24.38% (39/160)
  Impulsive: 1.88% (3/160)
Epoch [3/100], Training Loss: 1.3040
Validation Loss: 1.2297, Validation Accuracy: 36.88%

Per-Class Validation Accuracy:
  No Thrust: 68.75% (110/160)
  Chemical: 66.25% (106/160)
  Electric: 12.50% (20/160)
  Impulsive: 0.00% (0/160)
Epoch [4/100], Training Loss: 1.2056
Validation Loss: 1.1866, Validation Accuracy: 39.53%

Per-Class Validation Accuracy:
  No Thrust: 73.12% (117/160)
  Chemical: 64.38% (103/160)
  Electric: 15.62% (25/160)
  Impulsive: 5.00% (8/160)
Epoch [5/100], Training Loss: 1.1718
Validation Loss: 1.1480, Validation Accuracy: 44.53%

Per-Class Validation Accuracy:
  No Thrust: 77.50% (124/160)
  Chemical: 63.75% (102/160)
  Electric: 26.88% (43/160)
  Impulsive: 10.00% (16/160)
Epoch [6/100], Training Loss: 1.1427
Validation Loss: 1.1140, Validation Accuracy: 45.16%

Per-Class Validation Accuracy:
  No Thrust: 73.75% (118/160)
  Chemical: 64.38% (103/160)
  Electric: 20.62% (33/160)
  Impulsive: 21.88% (35/160)
Epoch [7/100], Training Loss: 1.1041
Validation Loss: 1.0803, Validation Accuracy: 46.56%

Per-Class Validation Accuracy:
  No Thrust: 76.88% (123/160)
  Chemical: 67.50% (108/160)
  Electric: 21.25% (34/160)
  Impulsive: 20.62% (33/160)
Epoch [8/100], Training Loss: 1.0598
Validation Loss: 1.0731, Validation Accuracy: 47.97%

Per-Class Validation Accuracy:
  No Thrust: 79.38% (127/160)
  Chemical: 73.12% (117/160)
  Electric: 21.88% (35/160)
  Impulsive: 17.50% (28/160)
Epoch [9/100], Training Loss: 1.0471
Validation Loss: 1.0182, Validation Accuracy: 49.84%

Per-Class Validation Accuracy:
  No Thrust: 80.62% (129/160)
  Chemical: 75.62% (121/160)
  Electric: 24.38% (39/160)
  Impulsive: 18.75% (30/160)
Epoch [10/100], Training Loss: 1.0088
Validation Loss: 0.9817, Validation Accuracy: 53.28%

Per-Class Validation Accuracy:
  No Thrust: 75.00% (120/160)
  Chemical: 81.25% (130/160)
  Electric: 30.62% (49/160)
  Impulsive: 26.25% (42/160)
Epoch [11/100], Training Loss: 0.9633
Validation Loss: 0.9493, Validation Accuracy: 56.09%

Per-Class Validation Accuracy:
  No Thrust: 69.38% (111/160)
  Chemical: 84.38% (135/160)
  Electric: 36.25% (58/160)
  Impulsive: 34.38% (55/160)
Epoch [12/100], Training Loss: 0.9390
Validation Loss: 0.9141, Validation Accuracy: 58.28%

Per-Class Validation Accuracy:
  No Thrust: 74.38% (119/160)
  Chemical: 93.12% (149/160)
  Electric: 37.50% (60/160)
  Impulsive: 28.12% (45/160)
Epoch [13/100], Training Loss: 0.9193
Validation Loss: 0.8789, Validation Accuracy: 59.06%

Per-Class Validation Accuracy:
  No Thrust: 69.38% (111/160)
  Chemical: 98.75% (158/160)
  Electric: 42.50% (68/160)
  Impulsive: 25.62% (41/160)
Epoch [14/100], Training Loss: 0.8645
Validation Loss: 0.8523, Validation Accuracy: 57.81%

Per-Class Validation Accuracy:
  No Thrust: 61.88% (99/160)
  Chemical: 98.75% (158/160)
  Electric: 34.38% (55/160)
  Impulsive: 36.25% (58/160)
Epoch [15/100], Training Loss: 0.8542
Validation Loss: 0.8140, Validation Accuracy: 60.62%

Per-Class Validation Accuracy:
  No Thrust: 77.50% (124/160)
  Chemical: 100.00% (160/160)
  Electric: 47.50% (76/160)
  Impulsive: 17.50% (28/160)
Epoch [16/100], Training Loss: 0.8163
Validation Loss: 0.7798, Validation Accuracy: 63.12%

Per-Class Validation Accuracy:
  No Thrust: 74.38% (119/160)
  Chemical: 100.00% (160/160)
  Electric: 49.38% (79/160)
  Impulsive: 28.75% (46/160)
Epoch [17/100], Training Loss: 0.7809
Validation Loss: 0.7559, Validation Accuracy: 64.53%

Per-Class Validation Accuracy:
  No Thrust: 76.88% (123/160)
  Chemical: 99.38% (159/160)
  Electric: 48.12% (77/160)
  Impulsive: 33.75% (54/160)
Epoch [18/100], Training Loss: 0.7496
Validation Loss: 0.7525, Validation Accuracy: 63.28%

Per-Class Validation Accuracy:
  No Thrust: 84.38% (135/160)
  Chemical: 100.00% (160/160)
  Electric: 41.25% (66/160)
  Impulsive: 27.50% (44/160)
Epoch [19/100], Training Loss: 0.7369
Validation Loss: 0.7327, Validation Accuracy: 63.91%

Per-Class Validation Accuracy:
  No Thrust: 85.62% (137/160)
  Chemical: 100.00% (160/160)
  Electric: 51.88% (83/160)
  Impulsive: 18.12% (29/160)
Epoch [20/100], Training Loss: 0.7356
Validation Loss: 0.7265, Validation Accuracy: 63.91%

Per-Class Validation Accuracy:
  No Thrust: 70.62% (113/160)
  Chemical: 100.00% (160/160)
  Electric: 48.75% (78/160)
  Impulsive: 36.25% (58/160)
Epoch [21/100], Training Loss: 0.7286
Validation Loss: 0.7149, Validation Accuracy: 65.16%

Per-Class Validation Accuracy:
  No Thrust: 76.88% (123/160)
  Chemical: 100.00% (160/160)
  Electric: 55.00% (88/160)
  Impulsive: 28.75% (46/160)
Epoch [22/100], Training Loss: 0.7087
Validation Loss: 0.7060, Validation Accuracy: 64.53%

Per-Class Validation Accuracy:
  No Thrust: 81.88% (131/160)
  Chemical: 100.00% (160/160)
  Electric: 53.12% (85/160)
  Impulsive: 23.12% (37/160)
Epoch [23/100], Training Loss: 0.7035
Validation Loss: 0.7038, Validation Accuracy: 64.69%

Per-Class Validation Accuracy:
  No Thrust: 85.00% (136/160)
  Chemical: 100.00% (160/160)
  Electric: 42.50% (68/160)
  Impulsive: 31.25% (50/160)
Epoch [24/100], Training Loss: 0.7003
Validation Loss: 0.6935, Validation Accuracy: 65.62%

Per-Class Validation Accuracy:
  No Thrust: 78.12% (125/160)
  Chemical: 100.00% (160/160)
  Electric: 60.62% (97/160)
  Impulsive: 23.75% (38/160)
Epoch [25/100], Training Loss: 0.6887
Validation Loss: 0.6896, Validation Accuracy: 65.16%

Per-Class Validation Accuracy:
  No Thrust: 73.75% (118/160)
  Chemical: 100.00% (160/160)
  Electric: 47.50% (76/160)
  Impulsive: 39.38% (63/160)
Epoch [26/100], Training Loss: 0.6921
Validation Loss: 0.6855, Validation Accuracy: 67.50%

Per-Class Validation Accuracy:
  No Thrust: 73.12% (117/160)
  Chemical: 100.00% (160/160)
  Electric: 60.00% (96/160)
  Impulsive: 36.88% (59/160)
Epoch [27/100], Training Loss: 0.6909
Validation Loss: 0.6816, Validation Accuracy: 67.81%

Per-Class Validation Accuracy:
  No Thrust: 75.62% (121/160)
  Chemical: 100.00% (160/160)
  Electric: 60.00% (96/160)
  Impulsive: 35.62% (57/160)
Epoch [28/100], Training Loss: 0.6676
Validation Loss: 0.6801, Validation Accuracy: 66.72%

Per-Class Validation Accuracy:
  No Thrust: 73.75% (118/160)
  Chemical: 100.00% (160/160)
  Electric: 49.38% (79/160)
  Impulsive: 43.75% (70/160)
Epoch [29/100], Training Loss: 0.6633
Validation Loss: 0.6794, Validation Accuracy: 67.50%

Per-Class Validation Accuracy:
  No Thrust: 73.12% (117/160)
  Chemical: 100.00% (160/160)
  Electric: 61.25% (98/160)
  Impulsive: 35.62% (57/160)
Epoch [30/100], Training Loss: 0.6717
Validation Loss: 0.6780, Validation Accuracy: 67.81%

Per-Class Validation Accuracy:
  No Thrust: 81.88% (131/160)
  Chemical: 100.00% (160/160)
  Electric: 56.88% (91/160)
  Impulsive: 32.50% (52/160)
Epoch [31/100], Training Loss: 0.6605
Validation Loss: 0.6771, Validation Accuracy: 67.81%

Per-Class Validation Accuracy:
  No Thrust: 72.50% (116/160)
  Chemical: 100.00% (160/160)
  Electric: 55.00% (88/160)
  Impulsive: 43.75% (70/160)
Epoch [32/100], Training Loss: 0.6514
Validation Loss: 0.6757, Validation Accuracy: 67.81%

Per-Class Validation Accuracy:
  No Thrust: 80.62% (129/160)
  Chemical: 100.00% (160/160)
  Electric: 65.00% (104/160)
  Impulsive: 25.62% (41/160)
Epoch [33/100], Training Loss: 0.6639
Validation Loss: 0.6659, Validation Accuracy: 69.06%

Per-Class Validation Accuracy:
  No Thrust: 78.12% (125/160)
  Chemical: 100.00% (160/160)
  Electric: 58.75% (94/160)
  Impulsive: 39.38% (63/160)
Epoch [34/100], Training Loss: 0.6584
Validation Loss: 0.6666, Validation Accuracy: 69.06%

Per-Class Validation Accuracy:
  No Thrust: 80.00% (128/160)
  Chemical: 100.00% (160/160)
  Electric: 50.62% (81/160)
  Impulsive: 45.62% (73/160)
Epoch [35/100], Training Loss: 0.6418
Validation Loss: 0.6642, Validation Accuracy: 70.16%

Per-Class Validation Accuracy:
  No Thrust: 81.25% (130/160)
  Chemical: 100.00% (160/160)
  Electric: 58.12% (93/160)
  Impulsive: 41.25% (66/160)
Epoch [36/100], Training Loss: 0.6305
Validation Loss: 0.6623, Validation Accuracy: 69.84%

Per-Class Validation Accuracy:
  No Thrust: 83.75% (134/160)
  Chemical: 100.00% (160/160)
  Electric: 55.62% (89/160)
  Impulsive: 40.00% (64/160)
Epoch [37/100], Training Loss: 0.6199
Validation Loss: 0.6529, Validation Accuracy: 71.41%

Per-Class Validation Accuracy:
  No Thrust: 81.25% (130/160)
  Chemical: 100.00% (160/160)
  Electric: 58.75% (94/160)
  Impulsive: 45.62% (73/160)
Epoch [38/100], Training Loss: 0.6171
Validation Loss: 0.6499, Validation Accuracy: 72.81%

Per-Class Validation Accuracy:
  No Thrust: 85.62% (137/160)
  Chemical: 100.00% (160/160)
  Electric: 58.75% (94/160)
  Impulsive: 46.88% (75/160)
Epoch [39/100], Training Loss: 0.6101
Validation Loss: 0.6715, Validation Accuracy: 72.03%

Per-Class Validation Accuracy:
  No Thrust: 85.62% (137/160)
  Chemical: 100.00% (160/160)
  Electric: 65.00% (104/160)
  Impulsive: 37.50% (60/160)
Epoch [40/100], Training Loss: 0.6012
Validation Loss: 0.6694, Validation Accuracy: 72.97%

Per-Class Validation Accuracy:
  No Thrust: 81.88% (131/160)
  Chemical: 100.00% (160/160)
  Electric: 61.88% (99/160)
  Impulsive: 48.12% (77/160)
Epoch [41/100], Training Loss: 0.5792
Validation Loss: 0.6605, Validation Accuracy: 72.81%

Per-Class Validation Accuracy:
  No Thrust: 86.88% (139/160)
  Chemical: 100.00% (160/160)
  Electric: 66.25% (106/160)
  Impulsive: 38.12% (61/160)
Epoch [42/100], Training Loss: 0.5761
Validation Loss: 0.6632, Validation Accuracy: 71.41%

Per-Class Validation Accuracy:
  No Thrust: 78.75% (126/160)
  Chemical: 100.00% (160/160)
  Electric: 45.62% (73/160)
  Impulsive: 61.25% (98/160)
Epoch [43/100], Training Loss: 0.5784
Validation Loss: 0.6211, Validation Accuracy: 74.53%

Per-Class Validation Accuracy:
  No Thrust: 84.38% (135/160)
  Chemical: 100.00% (160/160)
  Electric: 51.88% (83/160)
  Impulsive: 61.88% (99/160)
Epoch [44/100], Training Loss: 0.5523
Validation Loss: 0.6351, Validation Accuracy: 75.62%

Per-Class Validation Accuracy:
  No Thrust: 85.00% (136/160)
  Chemical: 100.00% (160/160)
  Electric: 61.25% (98/160)
  Impulsive: 56.25% (90/160)
Epoch [45/100], Training Loss: 0.5452
Validation Loss: 0.6212, Validation Accuracy: 77.19%

Per-Class Validation Accuracy:
  No Thrust: 86.25% (138/160)
  Chemical: 100.00% (160/160)
  Electric: 65.00% (104/160)
  Impulsive: 57.50% (92/160)
Epoch [46/100], Training Loss: 0.5460
Validation Loss: 0.6281, Validation Accuracy: 76.72%

Per-Class Validation Accuracy:
  No Thrust: 88.12% (141/160)
  Chemical: 100.00% (160/160)
  Electric: 71.88% (115/160)
  Impulsive: 46.88% (75/160)
Epoch [47/100], Training Loss: 0.5350
Validation Loss: 0.6300, Validation Accuracy: 76.41%

Per-Class Validation Accuracy:
  No Thrust: 83.12% (133/160)
  Chemical: 100.00% (160/160)
  Electric: 61.25% (98/160)
  Impulsive: 61.25% (98/160)
Epoch [48/100], Training Loss: 0.5390
Validation Loss: 0.6142, Validation Accuracy: 75.47%

Per-Class Validation Accuracy:
  No Thrust: 87.50% (140/160)
  Chemical: 100.00% (160/160)
  Electric: 53.75% (86/160)
  Impulsive: 60.62% (97/160)
Epoch [49/100], Training Loss: 0.5129
Validation Loss: 0.6255, Validation Accuracy: 75.00%

Per-Class Validation Accuracy:
  No Thrust: 83.12% (133/160)
  Chemical: 100.00% (160/160)
  Electric: 50.00% (80/160)
  Impulsive: 66.88% (107/160)
Epoch [50/100], Training Loss: 0.5150
Validation Loss: 0.6076, Validation Accuracy: 77.81%

Per-Class Validation Accuracy:
  No Thrust: 85.62% (137/160)
  Chemical: 100.00% (160/160)
  Electric: 70.62% (113/160)
  Impulsive: 55.00% (88/160)
Epoch [51/100], Training Loss: 0.5006
Validation Loss: 0.6242, Validation Accuracy: 77.34%

Per-Class Validation Accuracy:
  No Thrust: 85.00% (136/160)
  Chemical: 100.00% (160/160)
  Electric: 62.50% (100/160)
  Impulsive: 61.88% (99/160)
Epoch [52/100], Training Loss: 0.5171
Validation Loss: 0.6127, Validation Accuracy: 77.66%

Per-Class Validation Accuracy:
  No Thrust: 85.62% (137/160)
  Chemical: 100.00% (160/160)
  Electric: 66.88% (107/160)
  Impulsive: 58.12% (93/160)
Epoch [53/100], Training Loss: 0.5136
Validation Loss: 0.5911, Validation Accuracy: 77.34%

Per-Class Validation Accuracy:
  No Thrust: 87.50% (140/160)
  Chemical: 100.00% (160/160)
  Electric: 63.75% (102/160)
  Impulsive: 58.12% (93/160)
Epoch [54/100], Training Loss: 0.5078
Validation Loss: 0.6063, Validation Accuracy: 75.47%

Per-Class Validation Accuracy:
  No Thrust: 86.88% (139/160)
  Chemical: 100.00% (160/160)
  Electric: 46.88% (75/160)
  Impulsive: 68.12% (109/160)
Epoch [55/100], Training Loss: 0.4888
Validation Loss: 0.5985, Validation Accuracy: 78.59%

Per-Class Validation Accuracy:
  No Thrust: 80.00% (128/160)
  Chemical: 100.00% (160/160)
  Electric: 65.62% (105/160)
  Impulsive: 68.75% (110/160)
Epoch [56/100], Training Loss: 0.4828
Validation Loss: 0.5962, Validation Accuracy: 78.59%

Per-Class Validation Accuracy:
  No Thrust: 86.88% (139/160)
  Chemical: 100.00% (160/160)
  Electric: 58.75% (94/160)
  Impulsive: 68.75% (110/160)
Epoch [57/100], Training Loss: 0.4780
Validation Loss: 0.5990, Validation Accuracy: 79.38%

Per-Class Validation Accuracy:
  No Thrust: 85.62% (137/160)
  Chemical: 100.00% (160/160)
  Electric: 76.25% (122/160)
  Impulsive: 55.62% (89/160)
Epoch [58/100], Training Loss: 0.4782
Validation Loss: 0.6394, Validation Accuracy: 77.19%

Per-Class Validation Accuracy:
  No Thrust: 86.25% (138/160)
  Chemical: 100.00% (160/160)
  Electric: 56.25% (90/160)
  Impulsive: 66.25% (106/160)
Epoch [59/100], Training Loss: 0.4717
Validation Loss: 0.6064, Validation Accuracy: 79.06%

Per-Class Validation Accuracy:
  No Thrust: 88.75% (142/160)
  Chemical: 100.00% (160/160)
  Electric: 61.25% (98/160)
  Impulsive: 66.25% (106/160)
Epoch [60/100], Training Loss: 0.4667
Validation Loss: 0.6111, Validation Accuracy: 78.28%

Per-Class Validation Accuracy:
  No Thrust: 88.12% (141/160)
  Chemical: 100.00% (160/160)
  Electric: 60.62% (97/160)
  Impulsive: 64.38% (103/160)
Epoch [61/100], Training Loss: 0.4523
Validation Loss: 0.6101, Validation Accuracy: 78.28%

Per-Class Validation Accuracy:
  No Thrust: 88.75% (142/160)
  Chemical: 100.00% (160/160)
  Electric: 60.62% (97/160)
  Impulsive: 63.75% (102/160)
Epoch [62/100], Training Loss: 0.4296
Validation Loss: 0.6213, Validation Accuracy: 78.28%

Per-Class Validation Accuracy:
  No Thrust: 88.75% (142/160)
  Chemical: 100.00% (160/160)
  Electric: 62.50% (100/160)
  Impulsive: 61.88% (99/160)
Epoch [63/100], Training Loss: 0.4649
Validation Loss: 0.6291, Validation Accuracy: 78.12%

Per-Class Validation Accuracy:
  No Thrust: 89.38% (143/160)
  Chemical: 100.00% (160/160)
  Electric: 59.38% (95/160)
  Impulsive: 63.75% (102/160)
Early stopping triggered.

	Elapsed time is 31.2565 seconds.

==========================================================================================
Total parameters: 6106
Total memory (bytes): 48848
Total memory (MB): 0.0465850830078125
==========================================================================================

Mamba Validation
Validation Loss: 0.6291, Validation Accuracy: 78.12%

Per-Class Validation Accuracy:
  No Thrust: 89.38% (143/160)
  Chemical: 100.00% (160/160)
  Electric: 59.38% (95/160)
  Impulsive: 63.75% (102/160)

Classification Report:
              precision    recall  f1-score   support

   No Thrust     0.7772    0.8938    0.8314       160
    Chemical     1.0000    1.0000    1.0000       160
    Electric     0.7143    0.5938    0.6485       160
   Impulsive     0.6258    0.6375    0.6316       160

    accuracy                         0.7812       640
   macro avg     0.7793    0.7812    0.7779       640
weighted avg     0.7793    0.7812    0.7779       640


Confusion Matrix (rows = true, cols = predicted):
             P_No Thrust  P_Chemical  P_Electric  P_Impulsive
T_No Thrust          143           0          10            7
T_Chemical             0         160           0            0
T_Electric            11           0          95           54
T_Impulsive           30           0          28          102

Mamba Inference Time	Elapsed time is 0.3409 seconds.
