Processing datasets for vleo with 3 minutes and 800 random systems.
GPU is available
Training data location: C:/Users/hu650776/GMAT-Thrust-Data/data/classification/vleo/3min-800
Test data location: C:/Users/hu650776/GMAT-Thrust-Data/data/classification/vleo/3min-800

Entering Decision Trees Training Loop

	Elapsed time is 0.2146 seconds.

==========================================================================================
Total parameters: NaN
Total memory (bytes): 348190
Total memory (MB): 0.3320598602294922
==========================================================================================

Decision Trees Validation
Validation Loss: 1.3617, Validation Accuracy: 29.84%

Per-Class Validation Accuracy:
  No Thrust: 40.62% (65/160)
  Chemical: 54.38% (87/160)
  Electric: 15.62% (25/160)
  Impulsive: 8.75% (14/160)

Classification Report:
              precision    recall  f1-score   support

   No Thrust     0.2928    0.4062    0.3403       160
    Chemical     0.3385    0.5437    0.4173       160
    Electric     0.2381    0.1562    0.1887       160
   Impulsive     0.2500    0.0875    0.1296       160

    accuracy                         0.2984       640
   macro avg     0.2799    0.2984    0.2690       640
weighted avg     0.2799    0.2984    0.2690       640


Confusion Matrix (rows = true, cols = predicted):
             P_No Thrust  P_Chemical  P_Electric  P_Impulsive
T_No Thrust           65          55          25           15
T_Chemical            30          87          30           13
T_Electric            64          57          25           14
T_Impulsive           63          58          25           14

Decision Trees Inference Time	Elapsed time is 0.0272 seconds.

Entering LSTM Training Loop
Epoch [1/100], Training Loss: 1.3893
Validation Loss: 1.3868, Validation Accuracy: 25.00%

Per-Class Validation Accuracy:
  No Thrust: 0.00% (0/160)
  Chemical: 0.00% (0/160)
  Electric: 100.00% (160/160)
  Impulsive: 0.00% (0/160)
Epoch [2/100], Training Loss: 1.3877
Validation Loss: 1.3864, Validation Accuracy: 25.00%

Per-Class Validation Accuracy:
  No Thrust: 20.00% (32/160)
  Chemical: 0.00% (0/160)
  Electric: 0.00% (0/160)
  Impulsive: 80.00% (128/160)
Epoch [3/100], Training Loss: 1.3890
Validation Loss: 1.3864, Validation Accuracy: 25.00%

Per-Class Validation Accuracy:
  No Thrust: 10.00% (16/160)
  Chemical: 0.00% (0/160)
  Electric: 0.00% (0/160)
  Impulsive: 90.00% (144/160)
Epoch [4/100], Training Loss: 1.3882
Validation Loss: 1.3864, Validation Accuracy: 25.00%

Per-Class Validation Accuracy:
  No Thrust: 0.00% (0/160)
  Chemical: 80.00% (128/160)
  Electric: 20.00% (32/160)
  Impulsive: 0.00% (0/160)
Epoch [5/100], Training Loss: 1.3890
Validation Loss: 1.3864, Validation Accuracy: 25.00%

Per-Class Validation Accuracy:
  No Thrust: 50.00% (80/160)
  Chemical: 0.00% (0/160)
  Electric: 40.00% (64/160)
  Impulsive: 10.00% (16/160)
Epoch [6/100], Training Loss: 1.3868
Validation Loss: 1.3864, Validation Accuracy: 25.00%

Per-Class Validation Accuracy:
  No Thrust: 0.00% (0/160)
  Chemical: 40.00% (64/160)
  Electric: 50.00% (80/160)
  Impulsive: 10.00% (16/160)
Epoch [7/100], Training Loss: 1.3883
Validation Loss: 1.3865, Validation Accuracy: 25.00%

Per-Class Validation Accuracy:
  No Thrust: 0.00% (0/160)
  Chemical: 100.00% (160/160)
  Electric: 0.00% (0/160)
  Impulsive: 0.00% (0/160)
Epoch [8/100], Training Loss: 1.3885
Validation Loss: 1.3863, Validation Accuracy: 25.00%

Per-Class Validation Accuracy:
  No Thrust: 40.00% (64/160)
  Chemical: 40.00% (64/160)
  Electric: 20.00% (32/160)
  Impulsive: 0.00% (0/160)
Epoch [9/100], Training Loss: 1.3869
Validation Loss: 1.3863, Validation Accuracy: 25.00%

Per-Class Validation Accuracy:
  No Thrust: 0.00% (0/160)
  Chemical: 0.00% (0/160)
  Electric: 70.00% (112/160)
  Impulsive: 30.00% (48/160)
Epoch [10/100], Training Loss: 1.3865
Validation Loss: 1.3864, Validation Accuracy: 25.00%

Per-Class Validation Accuracy:
  No Thrust: 40.00% (64/160)
  Chemical: 0.00% (0/160)
  Electric: 0.00% (0/160)
  Impulsive: 60.00% (96/160)
Epoch [11/100], Training Loss: 1.3867
Validation Loss: 1.3863, Validation Accuracy: 25.00%

Per-Class Validation Accuracy:
  No Thrust: 50.00% (80/160)
  Chemical: 10.00% (16/160)
  Electric: 20.00% (32/160)
  Impulsive: 20.00% (32/160)
Epoch [12/100], Training Loss: 1.3868
Validation Loss: 1.3863, Validation Accuracy: 22.50%

Per-Class Validation Accuracy:
  No Thrust: 40.00% (64/160)
  Chemical: 0.00% (0/160)
  Electric: 50.00% (80/160)
  Impulsive: 0.00% (0/160)
Epoch [13/100], Training Loss: 1.3878
Validation Loss: 1.3863, Validation Accuracy: 25.00%

Per-Class Validation Accuracy:
  No Thrust: 50.00% (80/160)
  Chemical: 20.00% (32/160)
  Electric: 30.00% (48/160)
  Impulsive: 0.00% (0/160)
Epoch [14/100], Training Loss: 1.3861
Validation Loss: 1.3863, Validation Accuracy: 25.00%

Per-Class Validation Accuracy:
  No Thrust: 20.00% (32/160)
  Chemical: 0.00% (0/160)
  Electric: 30.00% (48/160)
  Impulsive: 50.00% (80/160)
Epoch [15/100], Training Loss: 1.3866
Validation Loss: 1.3863, Validation Accuracy: 25.00%

Per-Class Validation Accuracy:
  No Thrust: 0.00% (0/160)
  Chemical: 0.00% (0/160)
  Electric: 80.00% (128/160)
  Impulsive: 20.00% (32/160)
Epoch [16/100], Training Loss: 1.3873
Validation Loss: 1.3863, Validation Accuracy: 25.00%

Per-Class Validation Accuracy:
  No Thrust: 30.00% (48/160)
  Chemical: 10.00% (16/160)
  Electric: 60.00% (96/160)
  Impulsive: 0.00% (0/160)
Epoch [17/100], Training Loss: 1.3865
Validation Loss: 1.3863, Validation Accuracy: 25.00%

Per-Class Validation Accuracy:
  No Thrust: 50.00% (80/160)
  Chemical: 20.00% (32/160)
  Electric: 30.00% (48/160)
  Impulsive: 0.00% (0/160)
Epoch [18/100], Training Loss: 1.3864
Validation Loss: 1.3863, Validation Accuracy: 25.00%

Per-Class Validation Accuracy:
  No Thrust: 20.00% (32/160)
  Chemical: 0.00% (0/160)
  Electric: 40.00% (64/160)
  Impulsive: 40.00% (64/160)
Epoch [19/100], Training Loss: 1.3870
Validation Loss: 1.3863, Validation Accuracy: 25.00%

Per-Class Validation Accuracy:
  No Thrust: 70.00% (112/160)
  Chemical: 0.00% (0/160)
  Electric: 30.00% (48/160)
  Impulsive: 0.00% (0/160)
Epoch [20/100], Training Loss: 1.3864
Validation Loss: 1.3863, Validation Accuracy: 25.00%

Per-Class Validation Accuracy:
  No Thrust: 40.00% (64/160)
  Chemical: 30.00% (48/160)
  Electric: 30.00% (48/160)
  Impulsive: 0.00% (0/160)
Epoch [21/100], Training Loss: 1.3867
Validation Loss: 1.3863, Validation Accuracy: 25.00%

Per-Class Validation Accuracy:
  No Thrust: 50.00% (80/160)
  Chemical: 10.00% (16/160)
  Electric: 30.00% (48/160)
  Impulsive: 10.00% (16/160)
Epoch [22/100], Training Loss: 1.3858
Validation Loss: 1.3863, Validation Accuracy: 25.00%

Per-Class Validation Accuracy:
  No Thrust: 50.00% (80/160)
  Chemical: 10.00% (16/160)
  Electric: 30.00% (48/160)
  Impulsive: 10.00% (16/160)
Epoch [23/100], Training Loss: 1.3859
Validation Loss: 1.3863, Validation Accuracy: 25.00%

Per-Class Validation Accuracy:
  No Thrust: 50.00% (80/160)
  Chemical: 20.00% (32/160)
  Electric: 30.00% (48/160)
  Impulsive: 0.00% (0/160)
Epoch [24/100], Training Loss: 1.3866
Validation Loss: 1.3863, Validation Accuracy: 25.00%

Per-Class Validation Accuracy:
  No Thrust: 10.00% (16/160)
  Chemical: 20.00% (32/160)
  Electric: 50.00% (80/160)
  Impulsive: 20.00% (32/160)
Epoch [25/100], Training Loss: 1.3868
Validation Loss: 1.3863, Validation Accuracy: 25.00%

Per-Class Validation Accuracy:
  No Thrust: 50.00% (80/160)
  Chemical: 10.00% (16/160)
  Electric: 30.00% (48/160)
  Impulsive: 10.00% (16/160)
Epoch [26/100], Training Loss: 1.3866
Validation Loss: 1.3863, Validation Accuracy: 25.00%

Per-Class Validation Accuracy:
  No Thrust: 30.00% (48/160)
  Chemical: 10.00% (16/160)
  Electric: 50.00% (80/160)
  Impulsive: 10.00% (16/160)
Epoch [27/100], Training Loss: 1.3863
Validation Loss: 1.3863, Validation Accuracy: 25.00%

Per-Class Validation Accuracy:
  No Thrust: 30.00% (48/160)
  Chemical: 10.00% (16/160)
  Electric: 50.00% (80/160)
  Impulsive: 10.00% (16/160)
Epoch [28/100], Training Loss: 1.3867
Validation Loss: 1.3863, Validation Accuracy: 25.00%

Per-Class Validation Accuracy:
  No Thrust: 50.00% (80/160)
  Chemical: 10.00% (16/160)
  Electric: 30.00% (48/160)
  Impulsive: 10.00% (16/160)
Epoch [29/100], Training Loss: 1.3870
Validation Loss: 1.3863, Validation Accuracy: 25.00%

Per-Class Validation Accuracy:
  No Thrust: 40.00% (64/160)
  Chemical: 10.00% (16/160)
  Electric: 40.00% (64/160)
  Impulsive: 10.00% (16/160)
Epoch [30/100], Training Loss: 1.3860
Validation Loss: 1.3863, Validation Accuracy: 25.00%

Per-Class Validation Accuracy:
  No Thrust: 50.00% (80/160)
  Chemical: 10.00% (16/160)
  Electric: 30.00% (48/160)
  Impulsive: 10.00% (16/160)
Epoch [31/100], Training Loss: 1.3859
Validation Loss: 1.3863, Validation Accuracy: 25.00%

Per-Class Validation Accuracy:
  No Thrust: 50.00% (80/160)
  Chemical: 10.00% (16/160)
  Electric: 30.00% (48/160)
  Impulsive: 10.00% (16/160)
Epoch [32/100], Training Loss: 1.3866
Validation Loss: 1.3863, Validation Accuracy: 25.00%

Per-Class Validation Accuracy:
  No Thrust: 50.00% (80/160)
  Chemical: 10.00% (16/160)
  Electric: 30.00% (48/160)
  Impulsive: 10.00% (16/160)
Early stopping triggered.

	Elapsed time is 13.4984 seconds.

==========================================================================================
Total parameters: 18004
Total memory (bytes): 144032
Total memory (MB): 0.137359619140625
==========================================================================================

LSTM Validation
Validation Loss: 1.3863, Validation Accuracy: 25.00%

Per-Class Validation Accuracy:
  No Thrust: 50.00% (80/160)
  Chemical: 10.00% (16/160)
  Electric: 30.00% (48/160)
  Impulsive: 10.00% (16/160)

Classification Report:
              precision    recall  f1-score   support

   No Thrust     0.2500    0.5000    0.3333       160
    Chemical     0.2500    0.1000    0.1429       160
    Electric     0.2500    0.3000    0.2727       160
   Impulsive     0.2500    0.1000    0.1429       160

    accuracy                         0.2500       640
   macro avg     0.2500    0.2500    0.2229       640
weighted avg     0.2500    0.2500    0.2229       640


Confusion Matrix (rows = true, cols = predicted):
             P_No Thrust  P_Chemical  P_Electric  P_Impulsive
T_No Thrust           80          16          48           16
T_Chemical            80          16          48           16
T_Electric            80          16          48           16
T_Impulsive           80          16          48           16

LSTM Inference Time	Elapsed time is 0.2963 seconds.

Entering Mamba Training Loop
Epoch [1/100], Training Loss: 1.3891
Validation Loss: 1.3877, Validation Accuracy: 25.16%

Per-Class Validation Accuracy:
  No Thrust: 0.00% (0/160)
  Chemical: 8.12% (13/160)
  Electric: 87.50% (140/160)
  Impulsive: 5.00% (8/160)
Epoch [2/100], Training Loss: 1.3881
Validation Loss: 1.3873, Validation Accuracy: 25.00%

Per-Class Validation Accuracy:
  No Thrust: 0.00% (0/160)
  Chemical: 11.25% (18/160)
  Electric: 80.00% (128/160)
  Impulsive: 8.75% (14/160)
Epoch [3/100], Training Loss: 1.3887
Validation Loss: 1.3871, Validation Accuracy: 25.00%

Per-Class Validation Accuracy:
  No Thrust: 0.00% (0/160)
  Chemical: 12.50% (20/160)
  Electric: 70.62% (113/160)
  Impulsive: 16.88% (27/160)
Epoch [4/100], Training Loss: 1.3885
Validation Loss: 1.3869, Validation Accuracy: 24.84%

Per-Class Validation Accuracy:
  No Thrust: 1.25% (2/160)
  Chemical: 13.12% (21/160)
  Electric: 67.50% (108/160)
  Impulsive: 17.50% (28/160)
Epoch [5/100], Training Loss: 1.3879
Validation Loss: 1.3868, Validation Accuracy: 25.00%

Per-Class Validation Accuracy:
  No Thrust: 1.25% (2/160)
  Chemical: 15.00% (24/160)
  Electric: 70.62% (113/160)
  Impulsive: 13.12% (21/160)
Epoch [6/100], Training Loss: 1.3878
Validation Loss: 1.3867, Validation Accuracy: 25.62%

Per-Class Validation Accuracy:
  No Thrust: 0.00% (0/160)
  Chemical: 20.62% (33/160)
  Electric: 56.88% (91/160)
  Impulsive: 25.00% (40/160)
Epoch [7/100], Training Loss: 1.3878
Validation Loss: 1.3866, Validation Accuracy: 25.00%

Per-Class Validation Accuracy:
  No Thrust: 1.25% (2/160)
  Chemical: 21.25% (34/160)
  Electric: 58.12% (93/160)
  Impulsive: 19.38% (31/160)
Epoch [8/100], Training Loss: 1.3880
Validation Loss: 1.3865, Validation Accuracy: 24.84%

Per-Class Validation Accuracy:
  No Thrust: 1.25% (2/160)
  Chemical: 20.62% (33/160)
  Electric: 60.62% (97/160)
  Impulsive: 16.88% (27/160)
Epoch [9/100], Training Loss: 1.3877
Validation Loss: 1.3865, Validation Accuracy: 25.00%

Per-Class Validation Accuracy:
  No Thrust: 1.88% (3/160)
  Chemical: 22.50% (36/160)
  Electric: 48.75% (78/160)
  Impulsive: 26.88% (43/160)
Epoch [10/100], Training Loss: 1.3872
Validation Loss: 1.3864, Validation Accuracy: 25.16%

Per-Class Validation Accuracy:
  No Thrust: 3.12% (5/160)
  Chemical: 18.12% (29/160)
  Electric: 64.38% (103/160)
  Impulsive: 15.00% (24/160)
Epoch [11/100], Training Loss: 1.3870
Validation Loss: 1.3864, Validation Accuracy: 25.00%

Per-Class Validation Accuracy:
  No Thrust: 1.88% (3/160)
  Chemical: 21.25% (34/160)
  Electric: 53.12% (85/160)
  Impulsive: 23.75% (38/160)
Epoch [12/100], Training Loss: 1.3870
Validation Loss: 1.3864, Validation Accuracy: 25.16%

Per-Class Validation Accuracy:
  No Thrust: 6.88% (11/160)
  Chemical: 13.12% (21/160)
  Electric: 58.75% (94/160)
  Impulsive: 21.88% (35/160)
Epoch [13/100], Training Loss: 1.3871
Validation Loss: 1.3863, Validation Accuracy: 25.31%

Per-Class Validation Accuracy:
  No Thrust: 8.12% (13/160)
  Chemical: 12.50% (20/160)
  Electric: 56.88% (91/160)
  Impulsive: 23.75% (38/160)
Epoch [14/100], Training Loss: 1.3873
Validation Loss: 1.3863, Validation Accuracy: 25.16%

Per-Class Validation Accuracy:
  No Thrust: 5.00% (8/160)
  Chemical: 19.38% (31/160)
  Electric: 53.12% (85/160)
  Impulsive: 23.12% (37/160)
Epoch [15/100], Training Loss: 1.3868
Validation Loss: 1.3863, Validation Accuracy: 25.16%

Per-Class Validation Accuracy:
  No Thrust: 3.12% (5/160)
  Chemical: 17.50% (28/160)
  Electric: 57.50% (92/160)
  Impulsive: 22.50% (36/160)
Epoch [16/100], Training Loss: 1.3866
Validation Loss: 1.3863, Validation Accuracy: 25.62%

Per-Class Validation Accuracy:
  No Thrust: 4.38% (7/160)
  Chemical: 32.50% (52/160)
  Electric: 41.25% (66/160)
  Impulsive: 24.38% (39/160)
Epoch [17/100], Training Loss: 1.3866
Validation Loss: 1.3862, Validation Accuracy: 25.94%

Per-Class Validation Accuracy:
  No Thrust: 8.75% (14/160)
  Chemical: 31.88% (51/160)
  Electric: 39.38% (63/160)
  Impulsive: 23.75% (38/160)
Epoch [18/100], Training Loss: 1.3870
Validation Loss: 1.3862, Validation Accuracy: 25.62%

Per-Class Validation Accuracy:
  No Thrust: 6.25% (10/160)
  Chemical: 19.38% (31/160)
  Electric: 61.25% (98/160)
  Impulsive: 15.62% (25/160)
Epoch [19/100], Training Loss: 1.3866
Validation Loss: 1.3862, Validation Accuracy: 25.47%

Per-Class Validation Accuracy:
  No Thrust: 8.12% (13/160)
  Chemical: 19.38% (31/160)
  Electric: 58.12% (93/160)
  Impulsive: 16.25% (26/160)
Epoch [20/100], Training Loss: 1.3868
Validation Loss: 1.3862, Validation Accuracy: 25.16%

Per-Class Validation Accuracy:
  No Thrust: 7.50% (12/160)
  Chemical: 22.50% (36/160)
  Electric: 50.62% (81/160)
  Impulsive: 20.00% (32/160)
Epoch [21/100], Training Loss: 1.3864
Validation Loss: 1.3862, Validation Accuracy: 25.62%

Per-Class Validation Accuracy:
  No Thrust: 7.50% (12/160)
  Chemical: 21.25% (34/160)
  Electric: 56.88% (91/160)
  Impulsive: 16.88% (27/160)
Epoch [22/100], Training Loss: 1.3865
Validation Loss: 1.3862, Validation Accuracy: 25.62%

Per-Class Validation Accuracy:
  No Thrust: 6.88% (11/160)
  Chemical: 25.62% (41/160)
  Electric: 48.75% (78/160)
  Impulsive: 21.25% (34/160)
Epoch [23/100], Training Loss: 1.3861
Validation Loss: 1.3862, Validation Accuracy: 25.62%

Per-Class Validation Accuracy:
  No Thrust: 8.12% (13/160)
  Chemical: 23.75% (38/160)
  Electric: 53.12% (85/160)
  Impulsive: 17.50% (28/160)
Epoch [24/100], Training Loss: 1.3869
Validation Loss: 1.3862, Validation Accuracy: 26.09%

Per-Class Validation Accuracy:
  No Thrust: 8.12% (13/160)
  Chemical: 26.88% (43/160)
  Electric: 48.75% (78/160)
  Impulsive: 20.62% (33/160)
Epoch [25/100], Training Loss: 1.3868
Validation Loss: 1.3862, Validation Accuracy: 25.94%

Per-Class Validation Accuracy:
  No Thrust: 5.62% (9/160)
  Chemical: 30.62% (49/160)
  Electric: 47.50% (76/160)
  Impulsive: 20.00% (32/160)
Epoch [26/100], Training Loss: 1.3867
Validation Loss: 1.3862, Validation Accuracy: 25.78%

Per-Class Validation Accuracy:
  No Thrust: 8.75% (14/160)
  Chemical: 32.50% (52/160)
  Electric: 39.38% (63/160)
  Impulsive: 22.50% (36/160)
Epoch [27/100], Training Loss: 1.3868
Validation Loss: 1.3862, Validation Accuracy: 26.09%

Per-Class Validation Accuracy:
  No Thrust: 6.25% (10/160)
  Chemical: 31.88% (51/160)
  Electric: 43.12% (69/160)
  Impulsive: 23.12% (37/160)
Epoch [28/100], Training Loss: 1.3864
Validation Loss: 1.3862, Validation Accuracy: 25.62%

Per-Class Validation Accuracy:
  No Thrust: 11.25% (18/160)
  Chemical: 29.38% (47/160)
  Electric: 39.38% (63/160)
  Impulsive: 22.50% (36/160)
Epoch [29/100], Training Loss: 1.3862
Validation Loss: 1.3862, Validation Accuracy: 26.09%

Per-Class Validation Accuracy:
  No Thrust: 9.38% (15/160)
  Chemical: 33.12% (53/160)
  Electric: 39.38% (63/160)
  Impulsive: 22.50% (36/160)
Epoch [30/100], Training Loss: 1.3860
Validation Loss: 1.3862, Validation Accuracy: 25.78%

Per-Class Validation Accuracy:
  No Thrust: 11.88% (19/160)
  Chemical: 32.50% (52/160)
  Electric: 36.88% (59/160)
  Impulsive: 21.88% (35/160)
Epoch [31/100], Training Loss: 1.3866
Validation Loss: 1.3862, Validation Accuracy: 25.94%

Per-Class Validation Accuracy:
  No Thrust: 11.88% (19/160)
  Chemical: 32.50% (52/160)
  Electric: 38.75% (62/160)
  Impulsive: 20.62% (33/160)
Epoch [32/100], Training Loss: 1.3861
Validation Loss: 1.3862, Validation Accuracy: 26.25%

Per-Class Validation Accuracy:
  No Thrust: 10.62% (17/160)
  Chemical: 34.38% (55/160)
  Electric: 41.25% (66/160)
  Impulsive: 18.75% (30/160)
Epoch [33/100], Training Loss: 1.3863
Validation Loss: 1.3862, Validation Accuracy: 25.78%

Per-Class Validation Accuracy:
  No Thrust: 11.88% (19/160)
  Chemical: 33.12% (53/160)
  Electric: 38.12% (61/160)
  Impulsive: 20.00% (32/160)
Epoch [34/100], Training Loss: 1.3860
Validation Loss: 1.3862, Validation Accuracy: 25.78%

Per-Class Validation Accuracy:
  No Thrust: 10.62% (17/160)
  Chemical: 32.50% (52/160)
  Electric: 36.88% (59/160)
  Impulsive: 23.12% (37/160)
Epoch [35/100], Training Loss: 1.3864
Validation Loss: 1.3862, Validation Accuracy: 25.94%

Per-Class Validation Accuracy:
  No Thrust: 12.50% (20/160)
  Chemical: 34.38% (55/160)
  Electric: 36.88% (59/160)
  Impulsive: 20.00% (32/160)
Epoch [36/100], Training Loss: 1.3855
Validation Loss: 1.3862, Validation Accuracy: 25.94%

Per-Class Validation Accuracy:
  No Thrust: 11.88% (19/160)
  Chemical: 35.00% (56/160)
  Electric: 35.62% (57/160)
  Impulsive: 21.25% (34/160)
Epoch [37/100], Training Loss: 1.3864
Validation Loss: 1.3861, Validation Accuracy: 26.09%

Per-Class Validation Accuracy:
  No Thrust: 12.50% (20/160)
  Chemical: 35.00% (56/160)
  Electric: 35.62% (57/160)
  Impulsive: 21.25% (34/160)
Epoch [38/100], Training Loss: 1.3867
Validation Loss: 1.3861, Validation Accuracy: 25.62%

Per-Class Validation Accuracy:
  No Thrust: 12.50% (20/160)
  Chemical: 36.25% (58/160)
  Electric: 35.00% (56/160)
  Impulsive: 18.75% (30/160)
Epoch [39/100], Training Loss: 1.3861
Validation Loss: 1.3861, Validation Accuracy: 25.78%

Per-Class Validation Accuracy:
  No Thrust: 11.88% (19/160)
  Chemical: 33.75% (54/160)
  Electric: 35.62% (57/160)
  Impulsive: 21.88% (35/160)
Epoch [40/100], Training Loss: 1.3857
Validation Loss: 1.3861, Validation Accuracy: 26.09%

Per-Class Validation Accuracy:
  No Thrust: 12.50% (20/160)
  Chemical: 35.62% (57/160)
  Electric: 35.62% (57/160)
  Impulsive: 20.62% (33/160)
Epoch [41/100], Training Loss: 1.3863
Validation Loss: 1.3861, Validation Accuracy: 26.25%

Per-Class Validation Accuracy:
  No Thrust: 12.50% (20/160)
  Chemical: 35.62% (57/160)
  Electric: 35.62% (57/160)
  Impulsive: 21.25% (34/160)
Epoch [42/100], Training Loss: 1.3862
Validation Loss: 1.3861, Validation Accuracy: 25.94%

Per-Class Validation Accuracy:
  No Thrust: 13.12% (21/160)
  Chemical: 35.62% (57/160)
  Electric: 35.62% (57/160)
  Impulsive: 19.38% (31/160)
Epoch [43/100], Training Loss: 1.3862
Validation Loss: 1.3861, Validation Accuracy: 26.25%

Per-Class Validation Accuracy:
  No Thrust: 12.50% (20/160)
  Chemical: 35.62% (57/160)
  Electric: 35.62% (57/160)
  Impulsive: 21.25% (34/160)
Epoch [44/100], Training Loss: 1.3859
Validation Loss: 1.3861, Validation Accuracy: 25.94%

Per-Class Validation Accuracy:
  No Thrust: 13.12% (21/160)
  Chemical: 36.25% (58/160)
  Electric: 35.00% (56/160)
  Impulsive: 19.38% (31/160)
Epoch [45/100], Training Loss: 1.3862
Validation Loss: 1.3861, Validation Accuracy: 25.94%

Per-Class Validation Accuracy:
  No Thrust: 12.50% (20/160)
  Chemical: 35.00% (56/160)
  Electric: 35.62% (57/160)
  Impulsive: 20.62% (33/160)
Epoch [46/100], Training Loss: 1.3865
Validation Loss: 1.3861, Validation Accuracy: 25.94%

Per-Class Validation Accuracy:
  No Thrust: 12.50% (20/160)
  Chemical: 35.62% (57/160)
  Electric: 35.00% (56/160)
  Impulsive: 20.62% (33/160)
Epoch [47/100], Training Loss: 1.3858
Validation Loss: 1.3861, Validation Accuracy: 25.78%

Per-Class Validation Accuracy:
  No Thrust: 11.88% (19/160)
  Chemical: 35.62% (57/160)
  Electric: 35.62% (57/160)
  Impulsive: 20.00% (32/160)
Epoch [48/100], Training Loss: 1.3858
Validation Loss: 1.3861, Validation Accuracy: 26.09%

Per-Class Validation Accuracy:
  No Thrust: 13.75% (22/160)
  Chemical: 35.62% (57/160)
  Electric: 35.00% (56/160)
  Impulsive: 20.00% (32/160)
Epoch [49/100], Training Loss: 1.3859
Validation Loss: 1.3861, Validation Accuracy: 26.09%

Per-Class Validation Accuracy:
  No Thrust: 13.12% (21/160)
  Chemical: 36.25% (58/160)
  Electric: 35.00% (56/160)
  Impulsive: 20.00% (32/160)
Epoch [50/100], Training Loss: 1.3861
Validation Loss: 1.3861, Validation Accuracy: 26.09%

Per-Class Validation Accuracy:
  No Thrust: 13.75% (22/160)
  Chemical: 36.25% (58/160)
  Electric: 35.00% (56/160)
  Impulsive: 19.38% (31/160)
Epoch [51/100], Training Loss: 1.3864
Validation Loss: 1.3861, Validation Accuracy: 25.78%

Per-Class Validation Accuracy:
  No Thrust: 13.12% (21/160)
  Chemical: 35.62% (57/160)
  Electric: 35.00% (56/160)
  Impulsive: 19.38% (31/160)
Epoch [52/100], Training Loss: 1.3863
Validation Loss: 1.3861, Validation Accuracy: 25.94%

Per-Class Validation Accuracy:
  No Thrust: 13.75% (22/160)
  Chemical: 35.62% (57/160)
  Electric: 35.00% (56/160)
  Impulsive: 19.38% (31/160)
Epoch [53/100], Training Loss: 1.3862
Validation Loss: 1.3861, Validation Accuracy: 25.94%

Per-Class Validation Accuracy:
  No Thrust: 13.75% (22/160)
  Chemical: 35.62% (57/160)
  Electric: 35.00% (56/160)
  Impulsive: 19.38% (31/160)
Epoch [54/100], Training Loss: 1.3861
Validation Loss: 1.3861, Validation Accuracy: 25.94%

Per-Class Validation Accuracy:
  No Thrust: 14.38% (23/160)
  Chemical: 35.62% (57/160)
  Electric: 35.00% (56/160)
  Impulsive: 18.75% (30/160)
Epoch [55/100], Training Loss: 1.3864
Validation Loss: 1.3861, Validation Accuracy: 26.09%

Per-Class Validation Accuracy:
  No Thrust: 13.75% (22/160)
  Chemical: 36.25% (58/160)
  Electric: 35.00% (56/160)
  Impulsive: 19.38% (31/160)
Epoch [56/100], Training Loss: 1.3862
Validation Loss: 1.3861, Validation Accuracy: 25.94%

Per-Class Validation Accuracy:
  No Thrust: 13.75% (22/160)
  Chemical: 35.62% (57/160)
  Electric: 35.00% (56/160)
  Impulsive: 19.38% (31/160)
Epoch [57/100], Training Loss: 1.3857
Validation Loss: 1.3861, Validation Accuracy: 25.94%

Per-Class Validation Accuracy:
  No Thrust: 14.38% (23/160)
  Chemical: 35.62% (57/160)
  Electric: 35.00% (56/160)
  Impulsive: 18.75% (30/160)
Epoch [58/100], Training Loss: 1.3857
Validation Loss: 1.3861, Validation Accuracy: 25.94%

Per-Class Validation Accuracy:
  No Thrust: 13.75% (22/160)
  Chemical: 35.62% (57/160)
  Electric: 35.00% (56/160)
  Impulsive: 19.38% (31/160)
Epoch [59/100], Training Loss: 1.3854
Validation Loss: 1.3861, Validation Accuracy: 26.09%

Per-Class Validation Accuracy:
  No Thrust: 13.75% (22/160)
  Chemical: 36.25% (58/160)
  Electric: 35.00% (56/160)
  Impulsive: 19.38% (31/160)
Epoch [60/100], Training Loss: 1.3862
Validation Loss: 1.3861, Validation Accuracy: 25.94%

Per-Class Validation Accuracy:
  No Thrust: 13.75% (22/160)
  Chemical: 35.62% (57/160)
  Electric: 35.00% (56/160)
  Impulsive: 19.38% (31/160)
Epoch [61/100], Training Loss: 1.3857
Validation Loss: 1.3861, Validation Accuracy: 26.09%

Per-Class Validation Accuracy:
  No Thrust: 13.75% (22/160)
  Chemical: 36.25% (58/160)
  Electric: 35.00% (56/160)
  Impulsive: 19.38% (31/160)
Epoch [62/100], Training Loss: 1.3862
Validation Loss: 1.3861, Validation Accuracy: 26.09%

Per-Class Validation Accuracy:
  No Thrust: 13.75% (22/160)
  Chemical: 36.25% (58/160)
  Electric: 35.00% (56/160)
  Impulsive: 19.38% (31/160)
Epoch [63/100], Training Loss: 1.3862
Validation Loss: 1.3861, Validation Accuracy: 25.94%

Per-Class Validation Accuracy:
  No Thrust: 13.75% (22/160)
  Chemical: 35.62% (57/160)
  Electric: 35.00% (56/160)
  Impulsive: 19.38% (31/160)
Epoch [64/100], Training Loss: 1.3858
Validation Loss: 1.3861, Validation Accuracy: 26.09%

Per-Class Validation Accuracy:
  No Thrust: 13.75% (22/160)
  Chemical: 36.25% (58/160)
  Electric: 35.00% (56/160)
  Impulsive: 19.38% (31/160)
Epoch [65/100], Training Loss: 1.3862
Validation Loss: 1.3861, Validation Accuracy: 26.09%

Per-Class Validation Accuracy:
  No Thrust: 13.75% (22/160)
  Chemical: 36.25% (58/160)
  Electric: 35.00% (56/160)
  Impulsive: 19.38% (31/160)
Epoch [66/100], Training Loss: 1.3863
Validation Loss: 1.3861, Validation Accuracy: 26.09%

Per-Class Validation Accuracy:
  No Thrust: 13.75% (22/160)
  Chemical: 36.25% (58/160)
  Electric: 35.00% (56/160)
  Impulsive: 19.38% (31/160)
Epoch [67/100], Training Loss: 1.3862
Validation Loss: 1.3861, Validation Accuracy: 26.09%

Per-Class Validation Accuracy:
  No Thrust: 13.75% (22/160)
  Chemical: 36.25% (58/160)
  Electric: 35.00% (56/160)
  Impulsive: 19.38% (31/160)
Epoch [68/100], Training Loss: 1.3859
Validation Loss: 1.3861, Validation Accuracy: 26.09%

Per-Class Validation Accuracy:
  No Thrust: 13.75% (22/160)
  Chemical: 36.25% (58/160)
  Electric: 35.00% (56/160)
  Impulsive: 19.38% (31/160)
Epoch [69/100], Training Loss: 1.3859
Validation Loss: 1.3861, Validation Accuracy: 26.09%

Per-Class Validation Accuracy:
  No Thrust: 13.75% (22/160)
  Chemical: 36.25% (58/160)
  Electric: 35.00% (56/160)
  Impulsive: 19.38% (31/160)
Epoch [70/100], Training Loss: 1.3864
Validation Loss: 1.3861, Validation Accuracy: 26.09%

Per-Class Validation Accuracy:
  No Thrust: 13.75% (22/160)
  Chemical: 36.25% (58/160)
  Electric: 35.00% (56/160)
  Impulsive: 19.38% (31/160)
Epoch [71/100], Training Loss: 1.3861
Validation Loss: 1.3861, Validation Accuracy: 26.09%

Per-Class Validation Accuracy:
  No Thrust: 13.75% (22/160)
  Chemical: 36.25% (58/160)
  Electric: 35.00% (56/160)
  Impulsive: 19.38% (31/160)
Epoch [72/100], Training Loss: 1.3862
Validation Loss: 1.3861, Validation Accuracy: 26.09%

Per-Class Validation Accuracy:
  No Thrust: 13.75% (22/160)
  Chemical: 36.25% (58/160)
  Electric: 35.00% (56/160)
  Impulsive: 19.38% (31/160)
Epoch [73/100], Training Loss: 1.3858
Validation Loss: 1.3861, Validation Accuracy: 26.09%

Per-Class Validation Accuracy:
  No Thrust: 13.75% (22/160)
  Chemical: 36.25% (58/160)
  Electric: 35.00% (56/160)
  Impulsive: 19.38% (31/160)
Epoch [74/100], Training Loss: 1.3863
Validation Loss: 1.3861, Validation Accuracy: 26.09%

Per-Class Validation Accuracy:
  No Thrust: 13.75% (22/160)
  Chemical: 36.25% (58/160)
  Electric: 35.00% (56/160)
  Impulsive: 19.38% (31/160)
Epoch [75/100], Training Loss: 1.3863
Validation Loss: 1.3861, Validation Accuracy: 26.09%

Per-Class Validation Accuracy:
  No Thrust: 13.75% (22/160)
  Chemical: 36.25% (58/160)
  Electric: 35.00% (56/160)
  Impulsive: 19.38% (31/160)
Epoch [76/100], Training Loss: 1.3865
Validation Loss: 1.3861, Validation Accuracy: 26.09%

Per-Class Validation Accuracy:
  No Thrust: 13.75% (22/160)
  Chemical: 36.25% (58/160)
  Electric: 35.00% (56/160)
  Impulsive: 19.38% (31/160)
Epoch [77/100], Training Loss: 1.3858
Validation Loss: 1.3861, Validation Accuracy: 26.09%

Per-Class Validation Accuracy:
  No Thrust: 13.75% (22/160)
  Chemical: 36.25% (58/160)
  Electric: 35.00% (56/160)
  Impulsive: 19.38% (31/160)
Epoch [78/100], Training Loss: 1.3860
Validation Loss: 1.3861, Validation Accuracy: 26.09%

Per-Class Validation Accuracy:
  No Thrust: 13.75% (22/160)
  Chemical: 36.25% (58/160)
  Electric: 35.00% (56/160)
  Impulsive: 19.38% (31/160)
Epoch [79/100], Training Loss: 1.3858
Validation Loss: 1.3861, Validation Accuracy: 26.09%

Per-Class Validation Accuracy:
  No Thrust: 13.75% (22/160)
  Chemical: 36.25% (58/160)
  Electric: 35.00% (56/160)
  Impulsive: 19.38% (31/160)
Epoch [80/100], Training Loss: 1.3864
Validation Loss: 1.3861, Validation Accuracy: 26.09%

Per-Class Validation Accuracy:
  No Thrust: 13.75% (22/160)
  Chemical: 36.25% (58/160)
  Electric: 35.00% (56/160)
  Impulsive: 19.38% (31/160)
Epoch [81/100], Training Loss: 1.3863
Validation Loss: 1.3861, Validation Accuracy: 26.09%

Per-Class Validation Accuracy:
  No Thrust: 13.75% (22/160)
  Chemical: 36.25% (58/160)
  Electric: 35.00% (56/160)
  Impulsive: 19.38% (31/160)
Epoch [82/100], Training Loss: 1.3858
Validation Loss: 1.3861, Validation Accuracy: 26.09%

Per-Class Validation Accuracy:
  No Thrust: 13.75% (22/160)
  Chemical: 36.25% (58/160)
  Electric: 35.00% (56/160)
  Impulsive: 19.38% (31/160)
Epoch [83/100], Training Loss: 1.3861
Validation Loss: 1.3861, Validation Accuracy: 26.09%

Per-Class Validation Accuracy:
  No Thrust: 13.75% (22/160)
  Chemical: 36.25% (58/160)
  Electric: 35.00% (56/160)
  Impulsive: 19.38% (31/160)
Epoch [84/100], Training Loss: 1.3862
Validation Loss: 1.3861, Validation Accuracy: 26.09%

Per-Class Validation Accuracy:
  No Thrust: 13.75% (22/160)
  Chemical: 36.25% (58/160)
  Electric: 35.00% (56/160)
  Impulsive: 19.38% (31/160)
Epoch [85/100], Training Loss: 1.3863
Validation Loss: 1.3861, Validation Accuracy: 26.09%

Per-Class Validation Accuracy:
  No Thrust: 13.75% (22/160)
  Chemical: 36.25% (58/160)
  Electric: 35.00% (56/160)
  Impulsive: 19.38% (31/160)
Epoch [86/100], Training Loss: 1.3863
Validation Loss: 1.3861, Validation Accuracy: 26.09%

Per-Class Validation Accuracy:
  No Thrust: 13.75% (22/160)
  Chemical: 36.25% (58/160)
  Electric: 35.00% (56/160)
  Impulsive: 19.38% (31/160)
Epoch [87/100], Training Loss: 1.3864
Validation Loss: 1.3861, Validation Accuracy: 26.09%

Per-Class Validation Accuracy:
  No Thrust: 13.75% (22/160)
  Chemical: 36.25% (58/160)
  Electric: 35.00% (56/160)
  Impulsive: 19.38% (31/160)
Epoch [88/100], Training Loss: 1.3864
Validation Loss: 1.3861, Validation Accuracy: 26.09%

Per-Class Validation Accuracy:
  No Thrust: 13.75% (22/160)
  Chemical: 36.25% (58/160)
  Electric: 35.00% (56/160)
  Impulsive: 19.38% (31/160)
Epoch [89/100], Training Loss: 1.3864
Validation Loss: 1.3861, Validation Accuracy: 26.09%

Per-Class Validation Accuracy:
  No Thrust: 13.75% (22/160)
  Chemical: 36.25% (58/160)
  Electric: 35.00% (56/160)
  Impulsive: 19.38% (31/160)
Epoch [90/100], Training Loss: 1.3863
Validation Loss: 1.3861, Validation Accuracy: 26.09%

Per-Class Validation Accuracy:
  No Thrust: 13.75% (22/160)
  Chemical: 36.25% (58/160)
  Electric: 35.00% (56/160)
  Impulsive: 19.38% (31/160)
Epoch [91/100], Training Loss: 1.3863
Validation Loss: 1.3861, Validation Accuracy: 26.09%

Per-Class Validation Accuracy:
  No Thrust: 13.75% (22/160)
  Chemical: 36.25% (58/160)
  Electric: 35.00% (56/160)
  Impulsive: 19.38% (31/160)
Epoch [92/100], Training Loss: 1.3863
Validation Loss: 1.3861, Validation Accuracy: 26.09%

Per-Class Validation Accuracy:
  No Thrust: 13.75% (22/160)
  Chemical: 36.25% (58/160)
  Electric: 35.00% (56/160)
  Impulsive: 19.38% (31/160)
Epoch [93/100], Training Loss: 1.3866
Validation Loss: 1.3861, Validation Accuracy: 26.09%

Per-Class Validation Accuracy:
  No Thrust: 13.75% (22/160)
  Chemical: 36.25% (58/160)
  Electric: 35.00% (56/160)
  Impulsive: 19.38% (31/160)
Epoch [94/100], Training Loss: 1.3864
Validation Loss: 1.3861, Validation Accuracy: 26.09%

Per-Class Validation Accuracy:
  No Thrust: 13.75% (22/160)
  Chemical: 36.25% (58/160)
  Electric: 35.00% (56/160)
  Impulsive: 19.38% (31/160)
Epoch [95/100], Training Loss: 1.3864
Validation Loss: 1.3861, Validation Accuracy: 26.09%

Per-Class Validation Accuracy:
  No Thrust: 13.75% (22/160)
  Chemical: 36.25% (58/160)
  Electric: 35.00% (56/160)
  Impulsive: 19.38% (31/160)
Epoch [96/100], Training Loss: 1.3861
Validation Loss: 1.3861, Validation Accuracy: 26.09%

Per-Class Validation Accuracy:
  No Thrust: 13.75% (22/160)
  Chemical: 36.25% (58/160)
  Electric: 35.00% (56/160)
  Impulsive: 19.38% (31/160)
Epoch [97/100], Training Loss: 1.3865
Validation Loss: 1.3861, Validation Accuracy: 26.09%

Per-Class Validation Accuracy:
  No Thrust: 13.75% (22/160)
  Chemical: 36.25% (58/160)
  Electric: 35.00% (56/160)
  Impulsive: 19.38% (31/160)
Epoch [98/100], Training Loss: 1.3862
Validation Loss: 1.3861, Validation Accuracy: 26.09%

Per-Class Validation Accuracy:
  No Thrust: 13.75% (22/160)
  Chemical: 36.25% (58/160)
  Electric: 35.00% (56/160)
  Impulsive: 19.38% (31/160)
Epoch [99/100], Training Loss: 1.3863
Validation Loss: 1.3861, Validation Accuracy: 26.09%

Per-Class Validation Accuracy:
  No Thrust: 13.75% (22/160)
  Chemical: 36.25% (58/160)
  Electric: 35.00% (56/160)
  Impulsive: 19.38% (31/160)
Epoch [100/100], Training Loss: 1.3868
Validation Loss: 1.3861, Validation Accuracy: 26.09%

Per-Class Validation Accuracy:
  No Thrust: 13.75% (22/160)
  Chemical: 36.25% (58/160)
  Electric: 35.00% (56/160)
  Impulsive: 19.38% (31/160)

	Elapsed time is 49.7401 seconds.

==========================================================================================
Total parameters: 6106
Total memory (bytes): 48848
Total memory (MB): 0.0465850830078125
==========================================================================================

Mamba Validation
Validation Loss: 1.3861, Validation Accuracy: 26.09%

Per-Class Validation Accuracy:
  No Thrust: 13.75% (22/160)
  Chemical: 36.25% (58/160)
  Electric: 35.00% (56/160)
  Impulsive: 19.38% (31/160)

Classification Report:
              precision    recall  f1-score   support

   No Thrust     0.2500    0.1375    0.1774       160
    Chemical     0.2749    0.3625    0.3127       160
    Electric     0.2581    0.3500    0.2971       160
   Impulsive     0.2500    0.1938    0.2183       160

    accuracy                         0.2609       640
   macro avg     0.2582    0.2609    0.2514       640
weighted avg     0.2582    0.2609    0.2514       640


Confusion Matrix (rows = true, cols = predicted):
             P_No Thrust  P_Chemical  P_Electric  P_Impulsive
T_No Thrust           22          51          56           31
T_Chemical            22          58          49           31
T_Electric            22          51          56           31
T_Impulsive           22          51          56           31

Mamba Inference Time	Elapsed time is 0.3032 seconds.
