GPU is available

Entering LSTM Training Loop
Epoch [1/100], Training Loss: 0.8872
Validation Loss: 0.8071, Validation Accuracy: 53.07%

Per-Class Validation Accuracy:
  Class 0: 11.47% (172/1499)
  Class 1: 65.18% (994/1525)
  Class 2: 35.27% (522/1480)
  Class 3: 100.00% (1496/1496)
Epoch [2/100], Training Loss: 0.7961
Validation Loss: 0.7715, Validation Accuracy: 59.55%

Per-Class Validation Accuracy:
  Class 0: 0.00% (0/1499)
  Class 1: 59.21% (903/1525)
  Class 2: 79.32% (1174/1480)
  Class 3: 100.00% (1496/1496)
Epoch [3/100], Training Loss: 0.7488
Validation Loss: 0.6865, Validation Accuracy: 64.92%

Per-Class Validation Accuracy:
  Class 0: 7.00% (105/1499)
  Class 1: 100.00% (1525/1525)
  Class 2: 51.96% (769/1480)
  Class 3: 100.00% (1496/1496)
Epoch [4/100], Training Loss: 0.5852
Validation Loss: 0.4430, Validation Accuracy: 74.83%

Per-Class Validation Accuracy:
  Class 0: 94.13% (1411/1499)
  Class 1: 100.00% (1525/1525)
  Class 2: 3.92% (58/1480)
  Class 3: 100.00% (1496/1496)
Epoch [5/100], Training Loss: 0.4577
Validation Loss: 0.4226, Validation Accuracy: 73.42%

Per-Class Validation Accuracy:
  Class 0: 85.92% (1288/1499)
  Class 1: 92.39% (1409/1525)
  Class 2: 14.32% (212/1480)
  Class 3: 100.00% (1496/1496)
Epoch [6/100], Training Loss: 0.4069
Validation Loss: 0.3673, Validation Accuracy: 74.72%

Per-Class Validation Accuracy:
  Class 0: 5.07% (76/1499)
  Class 1: 100.00% (1525/1525)
  Class 2: 93.65% (1386/1480)
  Class 3: 100.00% (1496/1496)
Epoch [7/100], Training Loss: 0.4248
Validation Loss: 0.4611, Validation Accuracy: 71.33%

Per-Class Validation Accuracy:
  Class 0: 22.88% (343/1499)
  Class 1: 85.38% (1302/1525)
  Class 2: 76.96% (1139/1480)
  Class 3: 100.00% (1496/1496)
Epoch [8/100], Training Loss: 0.3980
Validation Loss: 0.3573, Validation Accuracy: 75.38%

Per-Class Validation Accuracy:
  Class 0: 25.82% (387/1499)
  Class 1: 100.00% (1525/1525)
  Class 2: 75.34% (1115/1480)
  Class 3: 100.00% (1496/1496)
Epoch [9/100], Training Loss: 0.3873
Validation Loss: 0.3967, Validation Accuracy: 74.62%

Per-Class Validation Accuracy:
  Class 0: 44.83% (672/1499)
  Class 1: 94.69% (1444/1525)
  Class 2: 58.45% (865/1480)
  Class 3: 100.00% (1496/1496)
Epoch [10/100], Training Loss: 0.3868
Validation Loss: 0.3584, Validation Accuracy: 75.13%

Per-Class Validation Accuracy:
  Class 0: 46.83% (702/1499)
  Class 1: 100.00% (1525/1525)
  Class 2: 53.04% (785/1480)
  Class 3: 100.00% (1496/1496)
Epoch [11/100], Training Loss: 0.3827
Validation Loss: 0.3533, Validation Accuracy: 76.35%

Per-Class Validation Accuracy:
  Class 0: 79.05% (1185/1499)
  Class 1: 100.00% (1525/1525)
  Class 2: 25.34% (375/1480)
  Class 3: 100.00% (1496/1496)
Epoch [12/100], Training Loss: 0.3959
Validation Loss: 0.4203, Validation Accuracy: 76.50%

Per-Class Validation Accuracy:
  Class 0: 59.04% (885/1499)
  Class 1: 100.00% (1525/1525)
  Class 2: 46.22% (684/1480)
  Class 3: 100.00% (1496/1496)
Epoch [13/100], Training Loss: 0.3735
Validation Loss: 0.3505, Validation Accuracy: 75.23%

Per-Class Validation Accuracy:
  Class 0: 2.94% (44/1499)
  Class 1: 100.00% (1525/1525)
  Class 2: 97.91% (1449/1480)
  Class 3: 100.00% (1496/1496)
Epoch [14/100], Training Loss: 0.3686
Validation Loss: 0.3649, Validation Accuracy: 75.50%

Per-Class Validation Accuracy:
  Class 0: 30.69% (460/1499)
  Class 1: 100.00% (1525/1525)
  Class 2: 70.88% (1049/1480)
  Class 3: 100.00% (1496/1496)
Epoch [15/100], Training Loss: 0.3642
Validation Loss: 0.3736, Validation Accuracy: 76.20%

Per-Class Validation Accuracy:
  Class 0: 60.44% (906/1499)
  Class 1: 99.28% (1514/1525)
  Class 2: 44.32% (656/1480)
  Class 3: 100.00% (1496/1496)
Epoch [16/100], Training Loss: 0.3727
Validation Loss: 0.4334, Validation Accuracy: 75.03%

Per-Class Validation Accuracy:
  Class 0: 21.68% (325/1499)
  Class 1: 100.00% (1525/1525)
  Class 2: 78.11% (1156/1480)
  Class 3: 100.00% (1496/1496)
Epoch [17/100], Training Loss: 0.3631
Validation Loss: 0.4702, Validation Accuracy: 71.02%

Per-Class Validation Accuracy:
  Class 0: 12.68% (190/1499)
  Class 1: 100.00% (1525/1525)
  Class 2: 70.95% (1050/1480)
  Class 3: 100.00% (1496/1496)
Epoch [18/100], Training Loss: 0.3663
Validation Loss: 0.3470, Validation Accuracy: 75.25%

Per-Class Validation Accuracy:
  Class 0: 25.55% (383/1499)
  Class 1: 100.00% (1525/1525)
  Class 2: 75.07% (1111/1480)
  Class 3: 100.00% (1496/1496)
Epoch [19/100], Training Loss: 0.3610
Validation Loss: 0.3493, Validation Accuracy: 75.35%

Per-Class Validation Accuracy:
  Class 0: 82.59% (1238/1499)
  Class 1: 100.00% (1525/1525)
  Class 2: 17.70% (262/1480)
  Class 3: 100.00% (1496/1496)
Epoch [20/100], Training Loss: 0.3567
Validation Loss: 0.3475, Validation Accuracy: 74.93%

Per-Class Validation Accuracy:
  Class 0: 26.82% (402/1499)
  Class 1: 100.00% (1525/1525)
  Class 2: 72.50% (1073/1480)
  Class 3: 100.00% (1496/1496)
Epoch [21/100], Training Loss: 0.3600
Validation Loss: 0.3495, Validation Accuracy: 75.43%

Per-Class Validation Accuracy:
  Class 0: 67.38% (1010/1499)
  Class 1: 100.00% (1525/1525)
  Class 2: 33.45% (495/1480)
  Class 3: 100.00% (1496/1496)
Epoch [22/100], Training Loss: 0.3600
Validation Loss: 0.3470, Validation Accuracy: 77.13%

Per-Class Validation Accuracy:
  Class 0: 49.10% (736/1499)
  Class 1: 100.00% (1525/1525)
  Class 2: 58.85% (871/1480)
  Class 3: 100.00% (1496/1496)
Epoch [23/100], Training Loss: 0.3545
Validation Loss: 0.3440, Validation Accuracy: 76.92%

Per-Class Validation Accuracy:
  Class 0: 51.63% (774/1499)
  Class 1: 100.00% (1525/1525)
  Class 2: 55.41% (820/1480)
  Class 3: 100.00% (1496/1496)
Epoch [24/100], Training Loss: 0.3560
Validation Loss: 0.3437, Validation Accuracy: 76.42%

Per-Class Validation Accuracy:
  Class 0: 76.05% (1140/1499)
  Class 1: 100.00% (1525/1525)
  Class 2: 28.65% (424/1480)
  Class 3: 100.00% (1496/1496)
Epoch [25/100], Training Loss: 0.3555
Validation Loss: 0.3437, Validation Accuracy: 76.80%

Per-Class Validation Accuracy:
  Class 0: 74.38% (1115/1499)
  Class 1: 100.00% (1525/1525)
  Class 2: 31.89% (472/1480)
  Class 3: 100.00% (1496/1496)
Epoch [26/100], Training Loss: 0.3521
Validation Loss: 0.3438, Validation Accuracy: 76.45%

Per-Class Validation Accuracy:
  Class 0: 35.29% (529/1499)
  Class 1: 100.00% (1525/1525)
  Class 2: 70.07% (1037/1480)
  Class 3: 100.00% (1496/1496)
Epoch [27/100], Training Loss: 0.3537
Validation Loss: 0.3447, Validation Accuracy: 76.30%

Per-Class Validation Accuracy:
  Class 0: 41.03% (615/1499)
  Class 1: 100.00% (1525/1525)
  Class 2: 63.65% (942/1480)
  Class 3: 100.00% (1496/1496)
Epoch [28/100], Training Loss: 0.3573
Validation Loss: 0.3602, Validation Accuracy: 77.13%

Per-Class Validation Accuracy:
  Class 0: 38.09% (571/1499)
  Class 1: 100.00% (1525/1525)
  Class 2: 70.00% (1036/1480)
  Class 3: 100.00% (1496/1496)
Epoch [29/100], Training Loss: 0.3496
Validation Loss: 0.3450, Validation Accuracy: 76.78%

Per-Class Validation Accuracy:
  Class 0: 84.92% (1273/1499)
  Class 1: 100.00% (1525/1525)
  Class 2: 21.15% (313/1480)
  Class 3: 100.00% (1496/1496)
Epoch [30/100], Training Loss: 0.3500
Validation Loss: 0.3441, Validation Accuracy: 76.08%

Per-Class Validation Accuracy:
  Class 0: 70.11% (1051/1499)
  Class 1: 100.00% (1525/1525)
  Class 2: 33.31% (493/1480)
  Class 3: 100.00% (1496/1496)
Epoch [31/100], Training Loss: 0.3475
Validation Loss: 0.3447, Validation Accuracy: 75.48%

Per-Class Validation Accuracy:
  Class 0: 81.19% (1217/1499)
  Class 1: 100.00% (1525/1525)
  Class 2: 19.66% (291/1480)
  Class 3: 100.00% (1496/1496)
Epoch [32/100], Training Loss: 0.3515
Validation Loss: 0.3433, Validation Accuracy: 77.65%

Per-Class Validation Accuracy:
  Class 0: 64.91% (973/1499)
  Class 1: 100.00% (1525/1525)
  Class 2: 44.93% (665/1480)
  Class 3: 100.00% (1496/1496)
Epoch [33/100], Training Loss: 0.3475
Validation Loss: 0.3441, Validation Accuracy: 75.78%

Per-Class Validation Accuracy:
  Class 0: 86.86% (1302/1499)
  Class 1: 100.00% (1525/1525)
  Class 2: 15.14% (224/1480)
  Class 3: 100.00% (1496/1496)
Epoch [34/100], Training Loss: 0.3483
Validation Loss: 0.3440, Validation Accuracy: 75.37%

Per-Class Validation Accuracy:
  Class 0: 78.79% (1181/1499)
  Class 1: 100.00% (1525/1525)
  Class 2: 21.62% (320/1480)
  Class 3: 100.00% (1496/1496)
Epoch [35/100], Training Loss: 0.3478
Validation Loss: 0.3436, Validation Accuracy: 76.62%

Per-Class Validation Accuracy:
  Class 0: 47.63% (714/1499)
  Class 1: 100.00% (1525/1525)
  Class 2: 58.24% (862/1480)
  Class 3: 100.00% (1496/1496)
Epoch [36/100], Training Loss: 0.3482
Validation Loss: 0.3435, Validation Accuracy: 75.87%

Per-Class Validation Accuracy:
  Class 0: 5.87% (88/1499)
  Class 1: 100.00% (1525/1525)
  Class 2: 97.50% (1443/1480)
  Class 3: 100.00% (1496/1496)
Epoch [37/100], Training Loss: 0.3483
Validation Loss: 0.3437, Validation Accuracy: 75.67%

Per-Class Validation Accuracy:
  Class 0: 69.78% (1046/1499)
  Class 1: 100.00% (1525/1525)
  Class 2: 31.96% (473/1480)
  Class 3: 100.00% (1496/1496)
Epoch [38/100], Training Loss: 0.3481
Validation Loss: 0.3434, Validation Accuracy: 76.68%

Per-Class Validation Accuracy:
  Class 0: 78.39% (1175/1499)
  Class 1: 100.00% (1525/1525)
  Class 2: 27.36% (405/1480)
  Class 3: 100.00% (1496/1496)
Epoch [39/100], Training Loss: 0.3468
Validation Loss: 0.3436, Validation Accuracy: 78.25%

Per-Class Validation Accuracy:
  Class 0: 64.44% (966/1499)
  Class 1: 100.00% (1525/1525)
  Class 2: 47.84% (708/1480)
  Class 3: 100.00% (1496/1496)
Epoch [40/100], Training Loss: 0.3471
Validation Loss: 0.3446, Validation Accuracy: 76.20%

Per-Class Validation Accuracy:
  Class 0: 61.17% (917/1499)
  Class 1: 100.00% (1525/1525)
  Class 2: 42.84% (634/1480)
  Class 3: 100.00% (1496/1496)
Epoch [41/100], Training Loss: 0.3471
Validation Loss: 0.3429, Validation Accuracy: 76.75%

Per-Class Validation Accuracy:
  Class 0: 82.66% (1239/1499)
  Class 1: 100.00% (1525/1525)
  Class 2: 23.31% (345/1480)
  Class 3: 100.00% (1496/1496)
Epoch [42/100], Training Loss: 0.3469
Validation Loss: 0.3430, Validation Accuracy: 76.12%

Per-Class Validation Accuracy:
  Class 0: 7.20% (108/1499)
  Class 1: 100.00% (1525/1525)
  Class 2: 97.16% (1438/1480)
  Class 3: 100.00% (1496/1496)
Epoch [43/100], Training Loss: 0.3469
Validation Loss: 0.3436, Validation Accuracy: 75.53%

Per-Class Validation Accuracy:
  Class 0: 24.75% (371/1499)
  Class 1: 100.00% (1525/1525)
  Class 2: 77.03% (1140/1480)
  Class 3: 100.00% (1496/1496)
Epoch [44/100], Training Loss: 0.3471
Validation Loss: 0.3428, Validation Accuracy: 75.58%

Per-Class Validation Accuracy:
  Class 0: 99.40% (1490/1499)
  Class 1: 100.00% (1525/1525)
  Class 2: 1.62% (24/1480)
  Class 3: 100.00% (1496/1496)
Epoch [45/100], Training Loss: 0.3468
Validation Loss: 0.3444, Validation Accuracy: 75.52%

Per-Class Validation Accuracy:
  Class 0: 67.78% (1016/1499)
  Class 1: 100.00% (1525/1525)
  Class 2: 33.38% (494/1480)
  Class 3: 100.00% (1496/1496)
Epoch [46/100], Training Loss: 0.3467
Validation Loss: 0.3429, Validation Accuracy: 76.22%

Per-Class Validation Accuracy:
  Class 0: 34.36% (515/1499)
  Class 1: 100.00% (1525/1525)
  Class 2: 70.07% (1037/1480)
  Class 3: 100.00% (1496/1496)
Epoch [47/100], Training Loss: 0.3469
Validation Loss: 0.3424, Validation Accuracy: 77.77%

Per-Class Validation Accuracy:
  Class 0: 46.76% (701/1499)
  Class 1: 100.00% (1525/1525)
  Class 2: 63.78% (944/1480)
  Class 3: 100.00% (1496/1496)
Epoch [48/100], Training Loss: 0.3466
Validation Loss: 0.3427, Validation Accuracy: 76.30%

Per-Class Validation Accuracy:
  Class 0: 62.04% (930/1499)
  Class 1: 100.00% (1525/1525)
  Class 2: 42.36% (627/1480)
  Class 3: 100.00% (1496/1496)
Epoch [49/100], Training Loss: 0.3471
Validation Loss: 0.3424, Validation Accuracy: 78.13%

Per-Class Validation Accuracy:
  Class 0: 71.51% (1072/1499)
  Class 1: 100.00% (1525/1525)
  Class 2: 40.20% (595/1480)
  Class 3: 100.00% (1496/1496)
Epoch [50/100], Training Loss: 0.3469
Validation Loss: 0.3438, Validation Accuracy: 75.38%

Per-Class Validation Accuracy:
  Class 0: 99.93% (1498/1499)
  Class 1: 100.00% (1525/1525)
  Class 2: 0.27% (4/1480)
  Class 3: 100.00% (1496/1496)
Epoch [51/100], Training Loss: 0.3482
Validation Loss: 0.3427, Validation Accuracy: 76.48%

Per-Class Validation Accuracy:
  Class 0: 76.98% (1154/1499)
  Class 1: 100.00% (1525/1525)
  Class 2: 27.97% (414/1480)
  Class 3: 100.00% (1496/1496)
Epoch [52/100], Training Loss: 0.3465
Validation Loss: 0.3439, Validation Accuracy: 75.37%

Per-Class Validation Accuracy:
  Class 0: 98.33% (1474/1499)
  Class 1: 100.00% (1525/1525)
  Class 2: 1.82% (27/1480)
  Class 3: 100.00% (1496/1496)
Epoch [53/100], Training Loss: 0.3463
Validation Loss: 0.3425, Validation Accuracy: 76.20%

Per-Class Validation Accuracy:
  Class 0: 90.46% (1356/1499)
  Class 1: 100.00% (1525/1525)
  Class 2: 13.18% (195/1480)
  Class 3: 100.00% (1496/1496)
Epoch [54/100], Training Loss: 0.3461
Validation Loss: 0.3424, Validation Accuracy: 76.52%

Per-Class Validation Accuracy:
  Class 0: 79.05% (1185/1499)
  Class 1: 100.00% (1525/1525)
  Class 2: 26.01% (385/1480)
  Class 3: 100.00% (1496/1496)
Epoch [55/100], Training Loss: 0.3461
Validation Loss: 0.3422, Validation Accuracy: 77.10%

Per-Class Validation Accuracy:
  Class 0: 83.59% (1253/1499)
  Class 1: 100.00% (1525/1525)
  Class 2: 23.78% (352/1480)
  Class 3: 100.00% (1496/1496)
Epoch [56/100], Training Loss: 0.3459
Validation Loss: 0.3426, Validation Accuracy: 75.70%

Per-Class Validation Accuracy:
  Class 0: 84.99% (1274/1499)
  Class 1: 100.00% (1525/1525)
  Class 2: 16.69% (247/1480)
  Class 3: 100.00% (1496/1496)
Epoch [57/100], Training Loss: 0.3461
Validation Loss: 0.3418, Validation Accuracy: 77.65%

Per-Class Validation Accuracy:
  Class 0: 44.43% (666/1499)
  Class 1: 100.00% (1525/1525)
  Class 2: 65.68% (972/1480)
  Class 3: 100.00% (1496/1496)
Epoch [58/100], Training Loss: 0.3458
Validation Loss: 0.3420, Validation Accuracy: 77.10%

Per-Class Validation Accuracy:
  Class 0: 39.03% (585/1499)
  Class 1: 100.00% (1525/1525)
  Class 2: 68.92% (1020/1480)
  Class 3: 100.00% (1496/1496)
Epoch [59/100], Training Loss: 0.3462
Validation Loss: 0.3416, Validation Accuracy: 77.85%

Per-Class Validation Accuracy:
  Class 0: 42.43% (636/1499)
  Class 1: 100.00% (1525/1525)
  Class 2: 68.51% (1014/1480)
  Class 3: 100.00% (1496/1496)
Epoch [60/100], Training Loss: 0.3460
Validation Loss: 0.3416, Validation Accuracy: 77.18%

Per-Class Validation Accuracy:
  Class 0: 40.89% (613/1499)
  Class 1: 100.00% (1525/1525)
  Class 2: 67.36% (997/1480)
  Class 3: 100.00% (1496/1496)
Epoch [61/100], Training Loss: 0.3459
Validation Loss: 0.3422, Validation Accuracy: 76.65%

Per-Class Validation Accuracy:
  Class 0: 33.09% (496/1499)
  Class 1: 100.00% (1525/1525)
  Class 2: 73.11% (1082/1480)
  Class 3: 100.00% (1496/1496)
Epoch [62/100], Training Loss: 0.3458
Validation Loss: 0.3423, Validation Accuracy: 76.18%

Per-Class Validation Accuracy:
  Class 0: 28.75% (431/1499)
  Class 1: 100.00% (1525/1525)
  Class 2: 75.61% (1119/1480)
  Class 3: 100.00% (1496/1496)
Epoch [63/100], Training Loss: 0.3457
Validation Loss: 0.3421, Validation Accuracy: 76.43%

Per-Class Validation Accuracy:
  Class 0: 92.26% (1383/1499)
  Class 1: 100.00% (1525/1525)
  Class 2: 12.30% (182/1480)
  Class 3: 100.00% (1496/1496)
Epoch [64/100], Training Loss: 0.3456
Validation Loss: 0.3423, Validation Accuracy: 75.73%

Per-Class Validation Accuracy:
  Class 0: 54.30% (814/1499)
  Class 1: 100.00% (1525/1525)
  Class 2: 47.91% (709/1480)
  Class 3: 100.00% (1496/1496)
Epoch [65/100], Training Loss: 0.3459
Validation Loss: 0.3425, Validation Accuracy: 76.93%

Per-Class Validation Accuracy:
  Class 0: 10.87% (163/1499)
  Class 1: 100.00% (1525/1525)
  Class 2: 96.76% (1432/1480)
