Maximum mass for classification : 10 kg
Number of equispaced classes    : 5
Number of random systems        : 10000
Use LSTM comparison             : True
Use Transformer comparison      : False
Number of Layers                : 1
Damping of System               : 0.3
GPU is available
Time to generate data: 139.89 seconds

Entering LSTM Training Loop
Epoch [1/100], Training Loss: 1.5801
Validation Loss: 1.5108, Validation Accuracy: 30.20%
Epoch [2/100], Training Loss: 1.5243
Validation Loss: 1.5359, Validation Accuracy: 28.17%
Epoch [3/100], Training Loss: 1.4815
Validation Loss: 1.4376, Validation Accuracy: 35.13%
Epoch [4/100], Training Loss: 1.5302
Validation Loss: 1.5197, Validation Accuracy: 29.00%
Epoch [5/100], Training Loss: 1.5207
Validation Loss: 1.5145, Validation Accuracy: 27.63%
Epoch [6/100], Training Loss: 1.5051
Validation Loss: 1.4810, Validation Accuracy: 31.17%
Epoch [7/100], Training Loss: 1.5148
Validation Loss: 1.4832, Validation Accuracy: 31.13%
Epoch [8/100], Training Loss: 1.4840
Validation Loss: 1.4412, Validation Accuracy: 33.47%
Epoch [9/100], Training Loss: 1.4511
Validation Loss: 1.3859, Validation Accuracy: 36.40%
Epoch [10/100], Training Loss: 1.4080
Validation Loss: 1.4083, Validation Accuracy: 36.53%
Epoch [11/100], Training Loss: 1.2674
Validation Loss: 1.2242, Validation Accuracy: 43.30%
Epoch [12/100], Training Loss: 1.2068
Validation Loss: 1.1940, Validation Accuracy: 44.50%
Epoch [13/100], Training Loss: 1.2033
Validation Loss: 1.1773, Validation Accuracy: 45.53%
Epoch [14/100], Training Loss: 1.1845
Validation Loss: 1.1625, Validation Accuracy: 47.40%
Epoch [15/100], Training Loss: 1.1810
Validation Loss: 1.1615, Validation Accuracy: 47.03%
Epoch [16/100], Training Loss: 1.1769
Validation Loss: 1.1622, Validation Accuracy: 46.43%
Epoch [17/100], Training Loss: 1.1744
Validation Loss: 1.1611, Validation Accuracy: 46.67%
Epoch [18/100], Training Loss: 1.1736
Validation Loss: 1.1677, Validation Accuracy: 47.27%
Epoch [19/100], Training Loss: 1.1740
Validation Loss: 1.1615, Validation Accuracy: 47.00%
Epoch [20/100], Training Loss: 1.1751
Validation Loss: 1.1827, Validation Accuracy: 46.60%
Epoch [21/100], Training Loss: 1.1725
Validation Loss: 1.1745, Validation Accuracy: 46.00%
Epoch [22/100], Training Loss: 1.1613
Validation Loss: 1.1476, Validation Accuracy: 47.63%
Epoch [23/100], Training Loss: 1.1598
Validation Loss: 1.1564, Validation Accuracy: 47.67%
Epoch [24/100], Training Loss: 1.1600
Validation Loss: 1.1659, Validation Accuracy: 46.43%
Epoch [25/100], Training Loss: 1.1600
Validation Loss: 1.1537, Validation Accuracy: 47.17%
Epoch [26/100], Training Loss: 1.1570
Validation Loss: 1.1476, Validation Accuracy: 47.60%
Epoch [27/100], Training Loss: 1.1535
Validation Loss: 1.1455, Validation Accuracy: 47.77%
Epoch [28/100], Training Loss: 1.1501
Validation Loss: 1.1506, Validation Accuracy: 47.67%
Epoch [29/100], Training Loss: 1.1512
Validation Loss: 1.1450, Validation Accuracy: 48.07%
Epoch [30/100], Training Loss: 1.1510
Validation Loss: 1.1450, Validation Accuracy: 48.00%
Epoch [31/100], Training Loss: 1.1500
Validation Loss: 1.1465, Validation Accuracy: 47.90%
Epoch [32/100], Training Loss: 1.1485
Validation Loss: 1.1802, Validation Accuracy: 47.23%
Epoch [33/100], Training Loss: 1.1494
Validation Loss: 1.1477, Validation Accuracy: 47.93%
Epoch [34/100], Training Loss: 1.1456
Validation Loss: 1.1436, Validation Accuracy: 48.23%
Epoch [35/100], Training Loss: 1.1444
Validation Loss: 1.1483, Validation Accuracy: 48.23%
Epoch [36/100], Training Loss: 1.1447
Validation Loss: 1.1430, Validation Accuracy: 47.87%
Epoch [37/100], Training Loss: 1.1453
Validation Loss: 1.1459, Validation Accuracy: 48.20%
Epoch [38/100], Training Loss: 1.1448
Validation Loss: 1.1459, Validation Accuracy: 48.10%
Epoch [39/100], Training Loss: 1.1440
Validation Loss: 1.1446, Validation Accuracy: 48.07%
Epoch [40/100], Training Loss: 1.1439
Validation Loss: 1.1467, Validation Accuracy: 47.83%
Epoch [41/100], Training Loss: 1.1417
Validation Loss: 1.1459, Validation Accuracy: 48.37%
Epoch [42/100], Training Loss: 1.1414
Validation Loss: 1.1533, Validation Accuracy: 48.00%
Early stopping triggered.

	Elapsed time is 1468.6004 seconds.

==========================================================================================
Total parameters: 17733
Total memory (bytes): 141864
Total memory (MB): 0.13529205322265625
==========================================================================================

Entering Mamba Training Loop
Epoch [1/100], Training Loss: 1.3696
Validation Loss: 1.2377, Validation Accuracy: 44.80%
Epoch [2/100], Training Loss: 1.2351
Validation Loss: 1.2583, Validation Accuracy: 42.20%
Epoch [3/100], Training Loss: 1.2224
Validation Loss: 1.1920, Validation Accuracy: 43.83%
Epoch [4/100], Training Loss: 1.2146
Validation Loss: 1.2011, Validation Accuracy: 43.87%
Epoch [5/100], Training Loss: 1.2065
Validation Loss: 1.2144, Validation Accuracy: 45.00%
Epoch [6/100], Training Loss: 1.1986
Validation Loss: 1.1820, Validation Accuracy: 46.33%
Epoch [7/100], Training Loss: 1.1999
Validation Loss: 1.2122, Validation Accuracy: 46.80%
Epoch [8/100], Training Loss: 1.2034
Validation Loss: 1.1737, Validation Accuracy: 46.30%
Epoch [9/100], Training Loss: 1.1905
Validation Loss: 1.1765, Validation Accuracy: 45.63%
Epoch [10/100], Training Loss: 1.2087
Validation Loss: 1.1889, Validation Accuracy: 45.00%
Epoch [11/100], Training Loss: 1.1958
Validation Loss: 1.1787, Validation Accuracy: 47.10%
Epoch [12/100], Training Loss: 1.1937
Validation Loss: 1.1975, Validation Accuracy: 46.77%
Epoch [13/100], Training Loss: 1.1789
Validation Loss: 1.1653, Validation Accuracy: 47.47%
Epoch [14/100], Training Loss: 1.1768
Validation Loss: 1.1722, Validation Accuracy: 46.30%
Epoch [15/100], Training Loss: 1.1973
Validation Loss: 1.1720, Validation Accuracy: 47.37%
Epoch [16/100], Training Loss: 1.1788
Validation Loss: 1.1743, Validation Accuracy: 45.63%
Epoch [17/100], Training Loss: 1.1771
Validation Loss: 1.1706, Validation Accuracy: 45.80%
Epoch [18/100], Training Loss: 1.1691
Validation Loss: 1.1601, Validation Accuracy: 47.87%
Epoch [19/100], Training Loss: 1.1674
Validation Loss: 1.1632, Validation Accuracy: 47.57%
Epoch [20/100], Training Loss: 1.1674
Validation Loss: 1.1613, Validation Accuracy: 47.70%
Epoch [21/100], Training Loss: 1.1684
Validation Loss: 1.1630, Validation Accuracy: 47.20%
Epoch [22/100], Training Loss: 1.1669
Validation Loss: 1.1635, Validation Accuracy: 48.40%
Epoch [23/100], Training Loss: 1.1624
Validation Loss: 1.1551, Validation Accuracy: 47.87%
Epoch [24/100], Training Loss: 1.1619
Validation Loss: 1.1571, Validation Accuracy: 48.07%
Epoch [25/100], Training Loss: 1.1611
Validation Loss: 1.1555, Validation Accuracy: 48.33%
Epoch [26/100], Training Loss: 1.1624
Validation Loss: 1.1562, Validation Accuracy: 48.43%
Epoch [27/100], Training Loss: 1.1609
Validation Loss: 1.1545, Validation Accuracy: 48.40%
Epoch [28/100], Training Loss: 1.1614
Validation Loss: 1.1574, Validation Accuracy: 47.87%
Epoch [29/100], Training Loss: 1.1608
Validation Loss: 1.1539, Validation Accuracy: 48.13%
Epoch [30/100], Training Loss: 1.1617
Validation Loss: 1.1572, Validation Accuracy: 48.20%
Epoch [31/100], Training Loss: 1.1605
Validation Loss: 1.1588, Validation Accuracy: 47.17%
Epoch [32/100], Training Loss: 1.1612
Validation Loss: 1.1548, Validation Accuracy: 48.17%
Epoch [33/100], Training Loss: 1.1601
Validation Loss: 1.1559, Validation Accuracy: 48.00%
Epoch [34/100], Training Loss: 1.1581
Validation Loss: 1.1531, Validation Accuracy: 48.17%
Epoch [35/100], Training Loss: 1.1580
Validation Loss: 1.1549, Validation Accuracy: 48.30%
Epoch [36/100], Training Loss: 1.1577
Validation Loss: 1.1535, Validation Accuracy: 47.90%
Epoch [37/100], Training Loss: 1.1577
Validation Loss: 1.1527, Validation Accuracy: 48.13%
Epoch [38/100], Training Loss: 1.1575
Validation Loss: 1.1533, Validation Accuracy: 48.30%
Epoch [39/100], Training Loss: 1.1575
Validation Loss: 1.1545, Validation Accuracy: 47.90%
Epoch [40/100], Training Loss: 1.1572
Validation Loss: 1.1537, Validation Accuracy: 48.17%
Epoch [41/100], Training Loss: 1.1572
Validation Loss: 1.1538, Validation Accuracy: 48.13%
Epoch [42/100], Training Loss: 1.1563
Validation Loss: 1.1525, Validation Accuracy: 48.10%
Epoch [43/100], Training Loss: 1.1555
Validation Loss: 1.1547, Validation Accuracy: 47.93%
Epoch [44/100], Training Loss: 1.1556
Validation Loss: 1.1534, Validation Accuracy: 48.07%
Epoch [45/100], Training Loss: 1.1554
Validation Loss: 1.1542, Validation Accuracy: 47.53%
Epoch [46/100], Training Loss: 1.1554
Validation Loss: 1.1530, Validation Accuracy: 48.07%
Epoch [47/100], Training Loss: 1.1546
Validation Loss: 1.1528, Validation Accuracy: 48.27%
Epoch [48/100], Training Loss: 1.1546
Validation Loss: 1.1525, Validation Accuracy: 48.33%
Epoch [49/100], Training Loss: 1.1544
Validation Loss: 1.1531, Validation Accuracy: 47.97%
Epoch [50/100], Training Loss: 1.1546
Validation Loss: 1.1533, Validation Accuracy: 48.13%
Epoch [51/100], Training Loss: 1.1544
Validation Loss: 1.1530, Validation Accuracy: 47.93%
Epoch [52/100], Training Loss: 1.1536
Validation Loss: 1.1529, Validation Accuracy: 47.83%
Epoch [53/100], Training Loss: 1.1539
Validation Loss: 1.1530, Validation Accuracy: 48.13%
Epoch [54/100], Training Loss: 1.1543
Validation Loss: 1.1527, Validation Accuracy: 48.10%
Early stopping triggered.

	Elapsed time is 1478.5434 seconds.

==========================================================================================
Total parameters: 8199
Total memory (bytes): 65592
Total memory (MB): 0.06255340576171875
==========================================================================================
