GPU is available

Entering Decision Trees Training Loop

	Elapsed time is 0.0663 seconds.

==========================================================================================
Total parameters: NaN
Total memory (bytes): 583997
Total memory (MB): 0.5569429397583008
==========================================================================================
Validation Loss: 0.8166, Validation Accuracy: 56.67%

Per-Class Validation Accuracy:
  No Thrust: 9.09% (1/11)
  Chemical: 100.00% (14/14)
  Electric: 5.88% (1/17)
  Impulsive: 100.00% (18/18)

Classification Report:
              precision    recall  f1-score   support

   No Thrust     0.0588    0.0909    0.0714        11
    Chemical     1.0000    1.0000    1.0000        14
    Electric     0.0909    0.0588    0.0714        17
   Impulsive     1.0000    1.0000    1.0000        18

    accuracy                         0.5667        60
   macro avg     0.5374    0.5374    0.5357        60
weighted avg     0.5699    0.5667    0.5667        60


Confusion Matrix (rows = true, cols = predicted):
             P_No Thrust  P_Chemical  P_Electric  P_Impulsive
T_No Thrust            1           0          10            0
T_Chemical             0          14           0            0
T_Electric            16           0           1            0
T_Impulsive            0           0           0           18

Entering Nearest Neighbor Training Loop

	Elapsed time is 0.1091 seconds.

==========================================================================================
Total parameters: NaN (non-parametric model)
Total memory (bytes): 678521
Total memory (MB): 0.6471
==========================================================================================
Validation Loss: NaN, Validation Accuracy: 40.00%

Per-Class Validation Accuracy:
  No Thrust: 9.09% (1/11)
  Chemical: 35.71% (5/14)
  Electric: 0.00% (0/17)
  Impulsive: 100.00% (18/18)

Classification Report:
              precision    recall  f1-score   support

   No Thrust     0.0625    0.0909    0.0741        11
    Chemical     0.5556    0.3571    0.4348        14
    Electric     0.0000    0.0000    0.0000        17
   Impulsive     1.0000    1.0000    1.0000        18

    accuracy                         0.4000        60
   macro avg     0.4045    0.3620    0.3772        60
weighted avg     0.4411    0.4000    0.4150        60


Confusion Matrix (rows = true, cols = predicted):
             P_No Thrust  P_Chemical  P_Electric  P_Impulsive
T_No Thrust            1           0          10            0
T_Chemical             2           5           7            0
T_Electric            13           4           0            0
T_Impulsive            0           0           0           18

Entering LSTM Training Loop
Epoch [1/100], Training Loss: 1.3878
Validation Loss: 1.3774, Validation Accuracy: 31.67%

Per-Class Validation Accuracy:
  Class 0: 9.09% (1/11)
  Class 1: 0.00% (0/14)
  Class 2: 0.00% (0/17)
  Class 3: 100.00% (18/18)
Epoch [2/100], Training Loss: 1.3768
Validation Loss: 1.3700, Validation Accuracy: 48.33%

Per-Class Validation Accuracy:
  Class 0: 100.00% (11/11)
  Class 1: 0.00% (0/14)
  Class 2: 0.00% (0/17)
  Class 3: 100.00% (18/18)
Epoch [3/100], Training Loss: 1.3647
Validation Loss: 1.3599, Validation Accuracy: 48.33%

Per-Class Validation Accuracy:
  Class 0: 100.00% (11/11)
  Class 1: 0.00% (0/14)
  Class 2: 0.00% (0/17)
  Class 3: 100.00% (18/18)
Epoch [4/100], Training Loss: 1.3496
Validation Loss: 1.3370, Validation Accuracy: 48.33%

Per-Class Validation Accuracy:
  Class 0: 100.00% (11/11)
  Class 1: 0.00% (0/14)
  Class 2: 0.00% (0/17)
  Class 3: 100.00% (18/18)
Epoch [5/100], Training Loss: 1.3188
Validation Loss: 1.2899, Validation Accuracy: 48.33%

Per-Class Validation Accuracy:
  Class 0: 100.00% (11/11)
  Class 1: 0.00% (0/14)
  Class 2: 0.00% (0/17)
  Class 3: 100.00% (18/18)
Epoch [6/100], Training Loss: 1.2669
Validation Loss: 1.2125, Validation Accuracy: 48.33%

Per-Class Validation Accuracy:
  Class 0: 100.00% (11/11)
  Class 1: 0.00% (0/14)
  Class 2: 0.00% (0/17)
  Class 3: 100.00% (18/18)
Epoch [7/100], Training Loss: 1.1876
Validation Loss: 1.1039, Validation Accuracy: 48.33%

Per-Class Validation Accuracy:
  Class 0: 100.00% (11/11)
  Class 1: 0.00% (0/14)
  Class 2: 0.00% (0/17)
  Class 3: 100.00% (18/18)
Epoch [8/100], Training Loss: 1.0672
Validation Loss: 0.9619, Validation Accuracy: 48.33%

Per-Class Validation Accuracy:
  Class 0: 100.00% (11/11)
  Class 1: 0.00% (0/14)
  Class 2: 0.00% (0/17)
  Class 3: 100.00% (18/18)
Epoch [9/100], Training Loss: 0.9497
Validation Loss: 0.8588, Validation Accuracy: 56.67%

Per-Class Validation Accuracy:
  Class 0: 9.09% (1/11)
  Class 1: 0.00% (0/14)
  Class 2: 88.24% (15/17)
  Class 3: 100.00% (18/18)
Epoch [10/100], Training Loss: 0.8858
Validation Loss: 0.8265, Validation Accuracy: 48.33%

Per-Class Validation Accuracy:
  Class 0: 100.00% (11/11)
  Class 1: 0.00% (0/14)
  Class 2: 0.00% (0/17)
  Class 3: 100.00% (18/18)
Epoch [11/100], Training Loss: 0.8602
Validation Loss: 0.8043, Validation Accuracy: 50.00%

Per-Class Validation Accuracy:
  Class 0: 18.18% (2/11)
  Class 1: 71.43% (10/14)
  Class 2: 0.00% (0/17)
  Class 3: 100.00% (18/18)
Epoch [12/100], Training Loss: 0.8483
Validation Loss: 0.8003, Validation Accuracy: 48.33%

Per-Class Validation Accuracy:
  Class 0: 100.00% (11/11)
  Class 1: 0.00% (0/14)
  Class 2: 0.00% (0/17)
  Class 3: 100.00% (18/18)
Epoch [13/100], Training Loss: 0.8488
Validation Loss: 0.7864, Validation Accuracy: 53.33%

Per-Class Validation Accuracy:
  Class 0: 9.09% (1/11)
  Class 1: 71.43% (10/14)
  Class 2: 17.65% (3/17)
  Class 3: 100.00% (18/18)
Epoch [14/100], Training Loss: 0.8279
Validation Loss: 0.7954, Validation Accuracy: 48.33%

Per-Class Validation Accuracy:
  Class 0: 100.00% (11/11)
  Class 1: 0.00% (0/14)
  Class 2: 0.00% (0/17)
  Class 3: 100.00% (18/18)
Epoch [15/100], Training Loss: 0.8461
Validation Loss: 0.7879, Validation Accuracy: 60.00%

Per-Class Validation Accuracy:
  Class 0: 9.09% (1/11)
  Class 1: 0.00% (0/14)
  Class 2: 100.00% (17/17)
  Class 3: 100.00% (18/18)
Epoch [16/100], Training Loss: 0.8336
Validation Loss: 0.7896, Validation Accuracy: 50.00%

Per-Class Validation Accuracy:
  Class 0: 45.45% (5/11)
  Class 1: 50.00% (7/14)
  Class 2: 0.00% (0/17)
  Class 3: 100.00% (18/18)
Epoch [17/100], Training Loss: 0.8280
Validation Loss: 0.7880, Validation Accuracy: 48.33%

Per-Class Validation Accuracy:
  Class 0: 100.00% (11/11)
  Class 1: 0.00% (0/14)
  Class 2: 0.00% (0/17)
  Class 3: 100.00% (18/18)
Epoch [18/100], Training Loss: 0.8349
Validation Loss: 0.7875, Validation Accuracy: 45.00%

Per-Class Validation Accuracy:
  Class 0: 72.73% (8/11)
  Class 1: 7.14% (1/14)
  Class 2: 0.00% (0/17)
  Class 3: 100.00% (18/18)
Epoch [19/100], Training Loss: 0.8326
Validation Loss: 0.7913, Validation Accuracy: 50.00%

Per-Class Validation Accuracy:
  Class 0: 54.55% (6/11)
  Class 1: 42.86% (6/14)
  Class 2: 0.00% (0/17)
  Class 3: 100.00% (18/18)
Epoch [20/100], Training Loss: 0.8230
Validation Loss: 0.7826, Validation Accuracy: 48.33%

Per-Class Validation Accuracy:
  Class 0: 9.09% (1/11)
  Class 1: 50.00% (7/14)
  Class 2: 17.65% (3/17)
  Class 3: 100.00% (18/18)
Epoch [21/100], Training Loss: 0.8240
Validation Loss: 0.7812, Validation Accuracy: 53.33%

Per-Class Validation Accuracy:
  Class 0: 9.09% (1/11)
  Class 1: 28.57% (4/14)
  Class 2: 52.94% (9/17)
  Class 3: 100.00% (18/18)
Epoch [22/100], Training Loss: 0.8240
Validation Loss: 0.7883, Validation Accuracy: 50.00%

Per-Class Validation Accuracy:
  Class 0: 54.55% (6/11)
  Class 1: 42.86% (6/14)
  Class 2: 0.00% (0/17)
  Class 3: 100.00% (18/18)
Epoch [23/100], Training Loss: 0.8317
Validation Loss: 0.7839, Validation Accuracy: 48.33%

Per-Class Validation Accuracy:
  Class 0: 36.36% (4/11)
  Class 1: 50.00% (7/14)
  Class 2: 0.00% (0/17)
  Class 3: 100.00% (18/18)
Epoch [24/100], Training Loss: 0.8280
Validation Loss: 0.7833, Validation Accuracy: 48.33%

Per-Class Validation Accuracy:
  Class 0: 36.36% (4/11)
  Class 1: 50.00% (7/14)
  Class 2: 0.00% (0/17)
  Class 3: 100.00% (18/18)
Epoch [25/100], Training Loss: 0.8197
Validation Loss: 0.7811, Validation Accuracy: 55.00%

Per-Class Validation Accuracy:
  Class 0: 9.09% (1/11)
  Class 1: 35.71% (5/14)
  Class 2: 52.94% (9/17)
  Class 3: 100.00% (18/18)
Epoch [26/100], Training Loss: 0.8241
Validation Loss: 0.7884, Validation Accuracy: 48.33%

Per-Class Validation Accuracy:
  Class 0: 72.73% (8/11)
  Class 1: 21.43% (3/14)
  Class 2: 0.00% (0/17)
  Class 3: 100.00% (18/18)
Epoch [27/100], Training Loss: 0.8257
Validation Loss: 0.7845, Validation Accuracy: 53.33%

Per-Class Validation Accuracy:
  Class 0: 36.36% (4/11)
  Class 1: 71.43% (10/14)
  Class 2: 0.00% (0/17)
  Class 3: 100.00% (18/18)
Epoch [28/100], Training Loss: 0.8243
Validation Loss: 0.7848, Validation Accuracy: 50.00%

Per-Class Validation Accuracy:
  Class 0: 18.18% (2/11)
  Class 1: 71.43% (10/14)
  Class 2: 0.00% (0/17)
  Class 3: 100.00% (18/18)
Epoch [29/100], Training Loss: 0.8272
Validation Loss: 0.7830, Validation Accuracy: 50.00%

Per-Class Validation Accuracy:
  Class 0: 18.18% (2/11)
  Class 1: 71.43% (10/14)
  Class 2: 0.00% (0/17)
  Class 3: 100.00% (18/18)
Epoch [30/100], Training Loss: 0.8175
Validation Loss: 0.7844, Validation Accuracy: 48.33%

Per-Class Validation Accuracy:
  Class 0: 36.36% (4/11)
  Class 1: 50.00% (7/14)
  Class 2: 0.00% (0/17)
  Class 3: 100.00% (18/18)
Epoch [31/100], Training Loss: 0.8151
Validation Loss: 0.7840, Validation Accuracy: 51.67%

Per-Class Validation Accuracy:
  Class 0: 27.27% (3/11)
  Class 1: 71.43% (10/14)
  Class 2: 0.00% (0/17)
  Class 3: 100.00% (18/18)
Epoch [32/100], Training Loss: 0.8221
Validation Loss: 0.7825, Validation Accuracy: 50.00%

Per-Class Validation Accuracy:
  Class 0: 18.18% (2/11)
  Class 1: 71.43% (10/14)
  Class 2: 0.00% (0/17)
  Class 3: 100.00% (18/18)
Epoch [33/100], Training Loss: 0.8207
Validation Loss: 0.7829, Validation Accuracy: 48.33%

Per-Class Validation Accuracy:
  Class 0: 36.36% (4/11)
  Class 1: 50.00% (7/14)
  Class 2: 0.00% (0/17)
  Class 3: 100.00% (18/18)
Epoch [34/100], Training Loss: 0.8302
Validation Loss: 0.7845, Validation Accuracy: 50.00%

Per-Class Validation Accuracy:
  Class 0: 54.55% (6/11)
  Class 1: 42.86% (6/14)
  Class 2: 0.00% (0/17)
  Class 3: 100.00% (18/18)
Epoch [35/100], Training Loss: 0.8259
Validation Loss: 0.7826, Validation Accuracy: 51.67%

Per-Class Validation Accuracy:
  Class 0: 27.27% (3/11)
  Class 1: 71.43% (10/14)
  Class 2: 0.00% (0/17)
  Class 3: 100.00% (18/18)
Early stopping triggered.

	Elapsed time is 1.3780 seconds.

==========================================================================================
Total parameters: 14788
Total memory (bytes): 118304
Total memory (MB): 0.112823486328125
==========================================================================================
Validation Loss: 0.7826, Validation Accuracy: 51.67%

Per-Class Validation Accuracy:
  No Thrust: 27.27% (3/11)
  Chemical: 71.43% (10/14)
  Electric: 0.00% (0/17)
  Impulsive: 100.00% (18/18)

Classification Report:
              precision    recall  f1-score   support

   No Thrust     0.3000    0.2727    0.2857        11
    Chemical     0.3125    0.7143    0.4348        14
    Electric     0.0000    0.0000    0.0000        17
   Impulsive     1.0000    1.0000    1.0000        18

    accuracy                         0.5167        60
   macro avg     0.4031    0.4968    0.4301        60
weighted avg     0.4279    0.5167    0.4538        60


Confusion Matrix (rows = true, cols = predicted):
             P_No Thrust  P_Chemical  P_Electric  P_Impulsive
T_No Thrust            3           8           0            0
T_Chemical             4          10           0            0
T_Electric             3          14           0            0
T_Impulsive            0           0           0           18

Entering Mamba Training Loop
Epoch [1/100], Training Loss: 1.3857
Validation Loss: 1.3951, Validation Accuracy: 18.33%

Per-Class Validation Accuracy:
  Class 0: 100.00% (11/11)
  Class 1: 0.00% (0/14)
  Class 2: 0.00% (0/17)
  Class 3: 0.00% (0/18)
Epoch [2/100], Training Loss: 1.3810
Validation Loss: 1.3868, Validation Accuracy: 20.00%

Per-Class Validation Accuracy:
  Class 0: 100.00% (11/11)
  Class 1: 7.14% (1/14)
  Class 2: 0.00% (0/17)
  Class 3: 0.00% (0/18)
Epoch [3/100], Training Loss: 1.3710
Validation Loss: 1.3713, Validation Accuracy: 18.33%

Per-Class Validation Accuracy:
  Class 0: 100.00% (11/11)
  Class 1: 0.00% (0/14)
  Class 2: 0.00% (0/17)
  Class 3: 0.00% (0/18)
Epoch [4/100], Training Loss: 1.3511
Validation Loss: 1.3346, Validation Accuracy: 48.33%

Per-Class Validation Accuracy:
  Class 0: 100.00% (11/11)
  Class 1: 0.00% (0/14)
  Class 2: 0.00% (0/17)
  Class 3: 100.00% (18/18)
Epoch [5/100], Training Loss: 1.2892
Validation Loss: 1.1962, Validation Accuracy: 50.00%

Per-Class Validation Accuracy:
  Class 0: 81.82% (9/11)
  Class 1: 0.00% (0/14)
  Class 2: 17.65% (3/17)
  Class 3: 100.00% (18/18)
Epoch [6/100], Training Loss: 1.0846
Validation Loss: 0.8777, Validation Accuracy: 58.33%

Per-Class Validation Accuracy:
  Class 0: 0.00% (0/11)
  Class 1: 0.00% (0/14)
  Class 2: 100.00% (17/17)
  Class 3: 100.00% (18/18)
Epoch [7/100], Training Loss: 0.8771
Validation Loss: 0.8303, Validation Accuracy: 46.67%

Per-Class Validation Accuracy:
  Class 0: 90.91% (10/11)
  Class 1: 0.00% (0/14)
  Class 2: 0.00% (0/17)
  Class 3: 100.00% (18/18)
Epoch [8/100], Training Loss: 0.8408
Validation Loss: 0.7871, Validation Accuracy: 56.67%

Per-Class Validation Accuracy:
  Class 0: 27.27% (3/11)
  Class 1: 71.43% (10/14)
  Class 2: 17.65% (3/17)
  Class 3: 100.00% (18/18)
Epoch [9/100], Training Loss: 0.8287
Validation Loss: 0.7784, Validation Accuracy: 55.00%

Per-Class Validation Accuracy:
  Class 0: 9.09% (1/11)
  Class 1: 71.43% (10/14)
  Class 2: 23.53% (4/17)
  Class 3: 100.00% (18/18)
Epoch [10/100], Training Loss: 0.8280
Validation Loss: 0.7902, Validation Accuracy: 48.33%

Per-Class Validation Accuracy:
  Class 0: 100.00% (11/11)
  Class 1: 0.00% (0/14)
  Class 2: 0.00% (0/17)
  Class 3: 100.00% (18/18)
Epoch [11/100], Training Loss: 0.8307
Validation Loss: 0.7846, Validation Accuracy: 50.00%

Per-Class Validation Accuracy:
  Class 0: 9.09% (1/11)
  Class 1: 71.43% (10/14)
  Class 2: 5.88% (1/17)
  Class 3: 100.00% (18/18)
Epoch [12/100], Training Loss: 0.8297
Validation Loss: 0.7797, Validation Accuracy: 51.67%

Per-Class Validation Accuracy:
  Class 0: 9.09% (1/11)
  Class 1: 50.00% (7/14)
  Class 2: 29.41% (5/17)
  Class 3: 100.00% (18/18)
Epoch [13/100], Training Loss: 0.8186
Validation Loss: 0.7842, Validation Accuracy: 48.33%

Per-Class Validation Accuracy:
  Class 0: 9.09% (1/11)
  Class 1: 71.43% (10/14)
  Class 2: 0.00% (0/17)
  Class 3: 100.00% (18/18)
Epoch [14/100], Training Loss: 0.8313
Validation Loss: 0.7808, Validation Accuracy: 51.67%

Per-Class Validation Accuracy:
  Class 0: 9.09% (1/11)
  Class 1: 50.00% (7/14)
  Class 2: 29.41% (5/17)
  Class 3: 100.00% (18/18)
Epoch [15/100], Training Loss: 0.8204
Validation Loss: 0.7821, Validation Accuracy: 51.67%

Per-Class Validation Accuracy:
  Class 0: 9.09% (1/11)
  Class 1: 71.43% (10/14)
  Class 2: 11.76% (2/17)
  Class 3: 100.00% (18/18)
Epoch [16/100], Training Loss: 0.8228
Validation Loss: 0.7816, Validation Accuracy: 51.67%

Per-Class Validation Accuracy:
  Class 0: 18.18% (2/11)
  Class 1: 42.86% (6/14)
  Class 2: 29.41% (5/17)
  Class 3: 100.00% (18/18)
Epoch [17/100], Training Loss: 0.8113
Validation Loss: 0.7851, Validation Accuracy: 51.67%

Per-Class Validation Accuracy:
  Class 0: 27.27% (3/11)
  Class 1: 71.43% (10/14)
  Class 2: 0.00% (0/17)
  Class 3: 100.00% (18/18)
Epoch [18/100], Training Loss: 0.8163
Validation Loss: 0.7851, Validation Accuracy: 53.33%

Per-Class Validation Accuracy:
  Class 0: 36.36% (4/11)
  Class 1: 71.43% (10/14)
  Class 2: 0.00% (0/17)
  Class 3: 100.00% (18/18)
Epoch [19/100], Training Loss: 0.8218
Validation Loss: 0.7785, Validation Accuracy: 53.33%

Per-Class Validation Accuracy:
  Class 0: 9.09% (1/11)
  Class 1: 71.43% (10/14)
  Class 2: 17.65% (3/17)
  Class 3: 100.00% (18/18)
Early stopping triggered.

	Elapsed time is 1.4165 seconds.

==========================================================================================
Total parameters: 7963
Total memory (bytes): 63704
Total memory (MB): 0.06075286865234375
==========================================================================================
Validation Loss: 0.7785, Validation Accuracy: 53.33%

Per-Class Validation Accuracy:
  No Thrust: 9.09% (1/11)
  Chemical: 71.43% (10/14)
  Electric: 17.65% (3/17)
  Impulsive: 100.00% (18/18)

Classification Report:
              precision    recall  f1-score   support

   No Thrust     0.3333    0.0909    0.1429        11
    Chemical     0.3125    0.7143    0.4348        14
    Electric     0.4286    0.1765    0.2500        17
   Impulsive     1.0000    1.0000    1.0000        18

    accuracy                         0.5333        60
   macro avg     0.5186    0.4954    0.4569        60
weighted avg     0.5555    0.5333    0.4985        60


Confusion Matrix (rows = true, cols = predicted):
             P_No Thrust  P_Chemical  P_Electric  P_Impulsive
T_No Thrust            1           9           1            0
T_Chemical             1          10           3            0
T_Electric             1          13           3            0
T_Impulsive            0           0           0           18
