GPU is available

Entering LSTM Training Loop
Epoch [1/100], Training Loss: 0.8028
Validation Loss: 0.5475, Validation Accuracy: 70.92%

Per-Class Validation Accuracy:
  Class 0: 82.42% (1233/1496)
  Class 1: 100.00% (1522/1522)
  Class 2: 1.07% (16/1498)
  Class 3: 100.00% (1484/1484)
Epoch [2/100], Training Loss: 0.4924
Validation Loss: 0.4054, Validation Accuracy: 72.68%

Per-Class Validation Accuracy:
  Class 0: 0.00% (0/1496)
  Class 1: 100.00% (1522/1522)
  Class 2: 90.45% (1355/1498)
  Class 3: 100.00% (1484/1484)
Epoch [3/100], Training Loss: 0.4082
Validation Loss: 0.3504, Validation Accuracy: 75.27%

Per-Class Validation Accuracy:
  Class 0: 8.82% (132/1496)
  Class 1: 100.00% (1522/1522)
  Class 2: 91.99% (1378/1498)
  Class 3: 100.00% (1484/1484)
Epoch [4/100], Training Loss: 0.3758
Validation Loss: 0.3493, Validation Accuracy: 74.82%

Per-Class Validation Accuracy:
  Class 0: 9.22% (138/1496)
  Class 1: 100.00% (1522/1522)
  Class 2: 89.79% (1345/1498)
  Class 3: 100.00% (1484/1484)
Epoch [5/100], Training Loss: 0.3988
Validation Loss: 0.3502, Validation Accuracy: 75.20%

Per-Class Validation Accuracy:
  Class 0: 91.98% (1376/1496)
  Class 1: 100.00% (1522/1522)
  Class 2: 8.68% (130/1498)
  Class 3: 100.00% (1484/1484)
Epoch [6/100], Training Loss: 0.3910
Validation Loss: 0.5896, Validation Accuracy: 69.15%

Per-Class Validation Accuracy:
  Class 0: 58.49% (875/1496)
  Class 1: 100.00% (1522/1522)
  Class 2: 17.89% (268/1498)
  Class 3: 100.00% (1484/1484)
Epoch [7/100], Training Loss: 0.3799
Validation Loss: 0.3470, Validation Accuracy: 74.78%

Per-Class Validation Accuracy:
  Class 0: 25.94% (388/1496)
  Class 1: 100.00% (1522/1522)
  Class 2: 72.96% (1093/1498)
  Class 3: 100.00% (1484/1484)
Epoch [8/100], Training Loss: 0.3559
Validation Loss: 0.3455, Validation Accuracy: 77.35%

Per-Class Validation Accuracy:
  Class 0: 51.74% (774/1496)
  Class 1: 100.00% (1522/1522)
  Class 2: 57.48% (861/1498)
  Class 3: 100.00% (1484/1484)
Epoch [9/100], Training Loss: 0.3693
Validation Loss: 0.3476, Validation Accuracy: 75.30%

Per-Class Validation Accuracy:
  Class 0: 72.06% (1078/1496)
  Class 1: 100.00% (1522/1522)
  Class 2: 28.97% (434/1498)
  Class 3: 100.00% (1484/1484)
Epoch [10/100], Training Loss: 0.3536
Validation Loss: 0.3551, Validation Accuracy: 76.52%

Per-Class Validation Accuracy:
  Class 0: 46.32% (693/1496)
  Class 1: 100.00% (1522/1522)
  Class 2: 59.55% (892/1498)
  Class 3: 100.00% (1484/1484)
Epoch [11/100], Training Loss: 0.3553
Validation Loss: 0.3540, Validation Accuracy: 75.77%

Per-Class Validation Accuracy:
  Class 0: 53.48% (800/1496)
  Class 1: 100.00% (1522/1522)
  Class 2: 49.40% (740/1498)
  Class 3: 100.00% (1484/1484)
Epoch [12/100], Training Loss: 0.3485
Validation Loss: 0.3475, Validation Accuracy: 75.33%

Per-Class Validation Accuracy:
  Class 0: 71.99% (1077/1496)
  Class 1: 100.00% (1522/1522)
  Class 2: 29.17% (437/1498)
  Class 3: 100.00% (1484/1484)
Epoch [13/100], Training Loss: 0.3487
Validation Loss: 0.3470, Validation Accuracy: 76.43%

Per-Class Validation Accuracy:
  Class 0: 58.02% (868/1496)
  Class 1: 100.00% (1522/1522)
  Class 2: 47.53% (712/1498)
  Class 3: 100.00% (1484/1484)
Epoch [14/100], Training Loss: 0.3484
Validation Loss: 0.3453, Validation Accuracy: 74.90%

Per-Class Validation Accuracy:
  Class 0: 14.24% (213/1496)
  Class 1: 100.00% (1522/1522)
  Class 2: 85.11% (1275/1498)
  Class 3: 100.00% (1484/1484)
Epoch [15/100], Training Loss: 0.3469
Validation Loss: 0.3463, Validation Accuracy: 74.72%

Per-Class Validation Accuracy:
  Class 0: 33.89% (507/1496)
  Class 1: 100.00% (1522/1522)
  Class 2: 64.75% (970/1498)
  Class 3: 100.00% (1484/1484)
Epoch [16/100], Training Loss: 0.3562
Validation Loss: 0.4005, Validation Accuracy: 74.67%

Per-Class Validation Accuracy:
  Class 0: 87.23% (1305/1496)
  Class 1: 98.69% (1502/1522)
  Class 2: 12.62% (189/1498)
  Class 3: 100.00% (1484/1484)
Epoch [17/100], Training Loss: 0.3568
Validation Loss: 0.3458, Validation Accuracy: 75.28%

Per-Class Validation Accuracy:
  Class 0: 71.79% (1074/1496)
  Class 1: 100.00% (1522/1522)
  Class 2: 29.17% (437/1498)
  Class 3: 100.00% (1484/1484)
Epoch [18/100], Training Loss: 0.3484
Validation Loss: 0.3464, Validation Accuracy: 75.35%

Per-Class Validation Accuracy:
  Class 0: 79.14% (1184/1496)
  Class 1: 100.00% (1522/1522)
  Class 2: 22.10% (331/1498)
  Class 3: 100.00% (1484/1484)
Epoch [19/100], Training Loss: 0.3473
Validation Loss: 0.3462, Validation Accuracy: 75.30%

Per-Class Validation Accuracy:
  Class 0: 95.05% (1422/1496)
  Class 1: 100.00% (1522/1522)
  Class 2: 6.01% (90/1498)
  Class 3: 100.00% (1484/1484)
Epoch [20/100], Training Loss: 0.3833
Validation Loss: 0.3467, Validation Accuracy: 74.87%

Per-Class Validation Accuracy:
  Class 0: 21.26% (318/1496)
  Class 1: 100.00% (1522/1522)
  Class 2: 77.97% (1168/1498)
  Class 3: 100.00% (1484/1484)
Epoch [21/100], Training Loss: 0.3461
Validation Loss: 0.3453, Validation Accuracy: 76.17%

Per-Class Validation Accuracy:
  Class 0: 29.48% (441/1496)
  Class 1: 100.00% (1522/1522)
  Class 2: 74.97% (1123/1498)
  Class 3: 100.00% (1484/1484)
Epoch [22/100], Training Loss: 0.3468
Validation Loss: 0.3459, Validation Accuracy: 74.93%

Per-Class Validation Accuracy:
  Class 0: 32.82% (491/1496)
  Class 1: 100.00% (1522/1522)
  Class 2: 66.69% (999/1498)
  Class 3: 100.00% (1484/1484)
Epoch [23/100], Training Loss: 0.3458
Validation Loss: 0.3444, Validation Accuracy: 75.63%

Per-Class Validation Accuracy:
  Class 0: 55.21% (826/1496)
  Class 1: 100.00% (1522/1522)
  Class 2: 47.13% (706/1498)
  Class 3: 100.00% (1484/1484)
Epoch [24/100], Training Loss: 0.3471
Validation Loss: 0.3447, Validation Accuracy: 75.87%

Per-Class Validation Accuracy:
  Class 0: 76.80% (1149/1496)
  Class 1: 100.00% (1522/1522)
  Class 2: 26.50% (397/1498)
  Class 3: 100.00% (1484/1484)
Epoch [25/100], Training Loss: 0.3457
Validation Loss: 0.3458, Validation Accuracy: 74.67%

Per-Class Validation Accuracy:
  Class 0: 16.98% (254/1496)
  Class 1: 100.00% (1522/1522)
  Class 2: 81.44% (1220/1498)
  Class 3: 100.00% (1484/1484)
Epoch [26/100], Training Loss: 0.3471
Validation Loss: 0.3457, Validation Accuracy: 75.38%

Per-Class Validation Accuracy:
  Class 0: 79.41% (1188/1496)
  Class 1: 100.00% (1522/1522)
  Class 2: 21.96% (329/1498)
  Class 3: 100.00% (1484/1484)
Epoch [27/100], Training Loss: 0.3458
Validation Loss: 0.3462, Validation Accuracy: 75.05%

Per-Class Validation Accuracy:
  Class 0: 88.37% (1322/1496)
  Class 1: 100.00% (1522/1522)
  Class 2: 11.68% (175/1498)
  Class 3: 100.00% (1484/1484)
Epoch [28/100], Training Loss: 0.3459
Validation Loss: 0.3459, Validation Accuracy: 75.05%

Per-Class Validation Accuracy:
  Class 0: 84.76% (1268/1496)
  Class 1: 100.00% (1522/1522)
  Class 2: 15.29% (229/1498)
  Class 3: 100.00% (1484/1484)
Epoch [29/100], Training Loss: 0.3473
Validation Loss: 0.4359, Validation Accuracy: 72.07%

Per-Class Validation Accuracy:
  Class 0: 53.07% (794/1496)
  Class 1: 100.00% (1522/1522)
  Class 2: 34.98% (524/1498)
  Class 3: 100.00% (1484/1484)
Epoch [30/100], Training Loss: 0.3460
Validation Loss: 0.3452, Validation Accuracy: 75.70%

Per-Class Validation Accuracy:
  Class 0: 20.86% (312/1496)
  Class 1: 100.00% (1522/1522)
  Class 2: 81.71% (1224/1498)
  Class 3: 100.00% (1484/1484)
Epoch [31/100], Training Loss: 0.3445
Validation Loss: 0.3432, Validation Accuracy: 77.02%

Per-Class Validation Accuracy:
  Class 0: 27.81% (416/1496)
  Class 1: 100.00% (1522/1522)
  Class 2: 80.04% (1199/1498)
  Class 3: 100.00% (1484/1484)
Epoch [32/100], Training Loss: 0.3447
Validation Loss: 0.3424, Validation Accuracy: 78.03%

Per-Class Validation Accuracy:
  Class 0: 82.75% (1238/1496)
  Class 1: 100.00% (1522/1522)
  Class 2: 29.24% (438/1498)
  Class 3: 100.00% (1484/1484)
Epoch [33/100], Training Loss: 0.3442
Validation Loss: 0.3425, Validation Accuracy: 78.52%

Per-Class Validation Accuracy:
  Class 0: 48.33% (723/1496)
  Class 1: 100.00% (1522/1522)
  Class 2: 65.55% (982/1498)
  Class 3: 100.00% (1484/1484)
Epoch [34/100], Training Loss: 0.3444
Validation Loss: 0.3436, Validation Accuracy: 74.93%

Per-Class Validation Accuracy:
  Class 0: 79.08% (1183/1496)
  Class 1: 100.00% (1522/1522)
  Class 2: 20.49% (307/1498)
  Class 3: 100.00% (1484/1484)
Epoch [35/100], Training Loss: 0.3444
Validation Loss: 0.3427, Validation Accuracy: 77.90%

Per-Class Validation Accuracy:
  Class 0: 57.49% (860/1496)
  Class 1: 100.00% (1522/1522)
  Class 2: 53.94% (808/1498)
  Class 3: 100.00% (1484/1484)
Epoch [36/100], Training Loss: 0.3443
Validation Loss: 0.3435, Validation Accuracy: 75.05%

Per-Class Validation Accuracy:
  Class 0: 100.00% (1496/1496)
  Class 1: 100.00% (1522/1522)
  Class 2: 0.07% (1/1498)
  Class 3: 100.00% (1484/1484)
Epoch [37/100], Training Loss: 0.3443
Validation Loss: 0.3456, Validation Accuracy: 74.93%

Per-Class Validation Accuracy:
  Class 0: 78.81% (1179/1496)
  Class 1: 100.00% (1522/1522)
  Class 2: 20.76% (311/1498)
  Class 3: 100.00% (1484/1484)
Epoch [38/100], Training Loss: 0.3438
Validation Loss: 0.3432, Validation Accuracy: 76.77%

Per-Class Validation Accuracy:
  Class 0: 26.34% (394/1496)
  Class 1: 100.00% (1522/1522)
  Class 2: 80.51% (1206/1498)
  Class 3: 100.00% (1484/1484)
Epoch [39/100], Training Loss: 0.3421
Validation Loss: 0.3407, Validation Accuracy: 77.07%

Per-Class Validation Accuracy:
  Class 0: 29.95% (448/1496)
  Class 1: 100.00% (1522/1522)
  Class 2: 78.10% (1170/1498)
  Class 3: 100.00% (1484/1484)
Epoch [40/100], Training Loss: 0.3407
Validation Loss: 0.3375, Validation Accuracy: 78.90%

Per-Class Validation Accuracy:
  Class 0: 63.17% (945/1496)
  Class 1: 100.00% (1522/1522)
  Class 2: 52.27% (783/1498)
  Class 3: 100.00% (1484/1484)
Epoch [41/100], Training Loss: 0.3397
Validation Loss: 0.3448, Validation Accuracy: 75.12%

Per-Class Validation Accuracy:
  Class 0: 87.70% (1312/1496)
  Class 1: 100.00% (1522/1522)
  Class 2: 12.62% (189/1498)
  Class 3: 100.00% (1484/1484)
Epoch [42/100], Training Loss: 0.3384
Validation Loss: 0.3378, Validation Accuracy: 77.77%

Per-Class Validation Accuracy:
  Class 0: 41.64% (623/1496)
  Class 1: 100.00% (1522/1522)
  Class 2: 69.23% (1037/1498)
  Class 3: 100.00% (1484/1484)
Epoch [43/100], Training Loss: 0.3380
Validation Loss: 0.3366, Validation Accuracy: 76.67%

Per-Class Validation Accuracy:
  Class 0: 82.29% (1231/1496)
  Class 1: 100.00% (1522/1522)
  Class 2: 24.23% (363/1498)
  Class 3: 100.00% (1484/1484)
Epoch [44/100], Training Loss: 0.3373
Validation Loss: 0.3450, Validation Accuracy: 75.13%

Per-Class Validation Accuracy:
  Class 0: 96.19% (1439/1496)
  Class 1: 100.00% (1522/1522)
  Class 2: 4.21% (63/1498)
  Class 3: 100.00% (1484/1484)
Epoch [45/100], Training Loss: 0.3362
Validation Loss: 0.3414, Validation Accuracy: 75.65%

Per-Class Validation Accuracy:
  Class 0: 93.92% (1405/1496)
  Class 1: 100.00% (1522/1522)
  Class 2: 8.54% (128/1498)
  Class 3: 100.00% (1484/1484)
Epoch [46/100], Training Loss: 0.3358
Validation Loss: 0.3323, Validation Accuracy: 78.30%

Per-Class Validation Accuracy:
  Class 0: 43.65% (653/1496)
  Class 1: 100.00% (1522/1522)
  Class 2: 69.36% (1039/1498)
  Class 3: 100.00% (1484/1484)
Epoch [47/100], Training Loss: 0.3357
Validation Loss: 0.3349, Validation Accuracy: 77.78%

Per-Class Validation Accuracy:
  Class 0: 27.74% (415/1496)
  Class 1: 100.00% (1522/1522)
  Class 2: 83.18% (1246/1498)
  Class 3: 100.00% (1484/1484)
Epoch [48/100], Training Loss: 0.3341
Validation Loss: 0.3379, Validation Accuracy: 76.35%

Per-Class Validation Accuracy:
  Class 0: 90.11% (1348/1496)
  Class 1: 100.00% (1522/1522)
  Class 2: 15.15% (227/1498)
  Class 3: 100.00% (1484/1484)
Epoch [49/100], Training Loss: 0.3341
Validation Loss: 0.3319, Validation Accuracy: 78.77%

Per-Class Validation Accuracy:
  Class 0: 37.97% (568/1496)
  Class 1: 100.00% (1522/1522)
  Class 2: 76.90% (1152/1498)
  Class 3: 100.00% (1484/1484)
Epoch [50/100], Training Loss: 0.3336
Validation Loss: 0.3321, Validation Accuracy: 77.57%

Per-Class Validation Accuracy:
  Class 0: 73.73% (1103/1496)
  Class 1: 100.00% (1522/1522)
  Class 2: 36.38% (545/1498)
  Class 3: 100.00% (1484/1484)
Epoch [51/100], Training Loss: 0.3329
Validation Loss: 0.3290, Validation Accuracy: 79.90%

Per-Class Validation Accuracy:
  Class 0: 64.71% (968/1496)
  Class 1: 100.00% (1522/1522)
  Class 2: 54.74% (820/1498)
  Class 3: 100.00% (1484/1484)
Epoch [52/100], Training Loss: 0.3330
Validation Loss: 0.3298, Validation Accuracy: 79.50%

Per-Class Validation Accuracy:
  Class 0: 65.71% (983/1496)
  Class 1: 100.00% (1522/1522)
  Class 2: 52.14% (781/1498)
  Class 3: 100.00% (1484/1484)
Epoch [53/100], Training Loss: 0.3322
Validation Loss: 0.3327, Validation Accuracy: 78.45%

Per-Class Validation Accuracy:
  Class 0: 30.08% (450/1496)
  Class 1: 100.00% (1522/1522)
  Class 2: 83.51% (1251/1498)
  Class 3: 100.00% (1484/1484)
Epoch [54/100], Training Loss: 0.3318
Validation Loss: 0.3369, Validation Accuracy: 77.75%

Per-Class Validation Accuracy:
  Class 0: 31.48% (471/1496)
  Class 1: 100.00% (1522/1522)
  Class 2: 79.31% (1188/1498)
  Class 3: 100.00% (1484/1484)
Epoch [55/100], Training Loss: 0.3314
Validation Loss: 0.3266, Validation Accuracy: 80.30%

Per-Class Validation Accuracy:
  Class 0: 54.48% (815/1496)
  Class 1: 100.00% (1522/1522)
  Class 2: 66.56% (997/1498)
  Class 3: 100.00% (1484/1484)
Epoch [56/100], Training Loss: 0.3312
Validation Loss: 0.3297, Validation Accuracy: 78.90%

Per-Class Validation Accuracy:
  Class 0: 66.38% (993/1496)
  Class 1: 100.00% (1522/1522)
  Class 2: 49.07% (735/1498)
  Class 3: 100.00% (1484/1484)
Epoch [57/100], Training Loss: 0.3327
Validation Loss: 0.3263, Validation Accuracy: 80.27%

Per-Class Validation Accuracy:
  Class 0: 49.73% (744/1496)
  Class 1: 100.00% (1522/1522)
  Class 2: 71.16% (1066/1498)
  Class 3: 100.00% (1484/1484)
Epoch [58/100], Training Loss: 0.3313
Validation Loss: 0.3275, Validation Accuracy: 79.23%

Per-Class Validation Accuracy:
  Class 0: 62.57% (936/1496)
  Class 1: 100.00% (1522/1522)
  Class 2: 54.21% (812/1498)
  Class 3: 100.00% (1484/1484)
Epoch [59/100], Training Loss: 0.3309
Validation Loss: 0.3327, Validation Accuracy: 77.83%

Per-Class Validation Accuracy:
  Class 0: 30.61% (458/1496)
  Class 1: 100.00% (1522/1522)
  Class 2: 80.51% (1206/1498)
  Class 3: 100.00% (1484/1484)
Epoch [60/100], Training Loss: 0.3298
Validation Loss: 0.3247, Validation Accuracy: 80.02%

Per-Class Validation Accuracy:
  Class 0: 50.33% (753/1496)
  Class 1: 100.00% (1522/1522)
  Class 2: 69.56% (1042/1498)
  Class 3: 100.00% (1484/1484)
Epoch [61/100], Training Loss: 0.3299
Validation Loss: 0.3272, Validation Accuracy: 78.85%

Per-Class Validation Accuracy:
  Class 0: 41.64% (623/1496)
  Class 1: 100.00% (1522/1522)
  Class 2: 73.56% (1102/1498)
  Class 3: 100.00% (1484/1484)
Epoch [62/100], Training Loss: 0.3306
Validation Loss: 0.3263, Validation Accuracy: 80.00%

Per-Class Validation Accuracy:
  Class 0: 67.11% (1004/1496)
  Class 1: 100.00% (1522/1522)
  Class 2: 52.74% (790/1498)
  Class 3: 100.00% (1484/1484)
Epoch [63/100], Training Loss: 0.3284
Validation Loss: 0.3343, Validation Accuracy: 78.57%

Per-Class Validation Accuracy:
  Class 0: 17.38% (260/1496)
  Class 1: 100.00% (1522/1522)
  Class 2: 96.66% (1448/1498)
  Class 3: 100.00% (1484/1484)
Epoch [64/100], Training Loss: 0.3287
Validation Loss: 0.3260, Validation Accuracy: 79.27%

Per-Class Validation Accuracy:
  Class 0: 39.77% (595/1496)
  Class 1: 100.00% (1522/1522)
  Class 2: 77.10% (1155/1498)
  Class 3: 100.00% (1484/1484)
Epoch [65/100], Training Loss: 0.3286
Validation Loss: 0.3242, Validation Accuracy: 79.77%

Per-Class Validation Accuracy:
  Class 0: 61.16% (915/1496)
  Class 1: 100.00% (1522/1522)
  Class 2: 57.74% (865/1498)
  Class 3: 100.00% (1484/1484)
Epoch [66/100], Training Loss: 0.3297
Validation Loss: 0.3286, Validation Accuracy: 78.13%

Per-Class Validation Accuracy:
  Class 0: 80.35% (1202/1496)
  Class 1: 100.00% (1522/1522)
  Class 2: 32.04% (480/1498)
  Class 3: 100.00% (1484/1484)
Epoch [67/100], Training Loss: 0.3272
Validation Loss: 0.3268, Validation Accuracy: 79.03%

Per-Class Validation Accuracy:
  Class 0: 69.79% (1044/1496)
  Class 1: 100.00% (1522/1522)
  Class 2: 46.19% (692/1498)
  Class 3: 100.00% (1484/1484)
Epoch [68/100], Training Loss: 0.3283
Validation Loss: 0.3274, Validation Accuracy: 79.02%

Per-Class Validation Accuracy:
  Class 0: 27.61% (413/1496)
  Class 1: 100.00% (1522/1522)
  Class 2: 88.25% (1322/1498)
  Class 3: 100.00% (1484/1484)
Epoch [69/100], Training Loss: 0.3298
Validation Loss: 0.3415, Validation Accuracy: 78.58%

Per-Class Validation Accuracy:
  Class 0: 40.17% (601/1496)
  Class 1: 100.00% (1522/1522)
  Class 2: 73.97% (1108/1498)
  Class 3: 100.00% (1484/1484)
Epoch [70/100], Training Loss: 0.3289
Validation Loss: 0.3284, Validation Accuracy: 78.27%

Per-Class Validation Accuracy:
  Class 0: 29.61% (443/1496)
  Class 1: 100.00% (1522/1522)
  Class 2: 83.24% (1247/1498)
  Class 3: 100.00% (1484/1484)
Epoch [71/100], Training Loss: 0.3293
Validation Loss: 0.3254, Validation Accuracy: 80.05%

Per-Class Validation Accuracy:
  Class 0: 72.73% (1088/1496)
  Class 1: 100.00% (1522/1522)
  Class 2: 47.33% (709/1498)
  Class 3: 100.00% (1484/1484)
Epoch [72/100], Training Loss: 0.3249
Validation Loss: 0.3213, Validation Accuracy: 80.43%

Per-Class Validation Accuracy:
  Class 0: 55.61% (832/1496)
  Class 1: 100.00% (1522/1522)
  Class 2: 65.95% (988/1498)
  Class 3: 100.00% (1484/1484)
Epoch [73/100], Training Loss: 0.3239
Validation Loss: 0.3244, Validation Accuracy: 79.62%

Per-Class Validation Accuracy:
  Class 0: 37.83% (566/1496)
  Class 1: 100.00% (1522/1522)
  Class 2: 80.44% (1205/1498)
  Class 3: 100.00% (1484/1484)
Epoch [74/100], Training Loss: 0.3229
Validation Loss: 0.3205, Validation Accuracy: 79.80%

Per-Class Validation Accuracy:
  Class 0: 71.26% (1066/1496)
  Class 1: 100.00% (1522/1522)
  Class 2: 47.80% (716/1498)
  Class 3: 100.00% (1484/1484)
Epoch [75/100], Training Loss: 0.3218
Validation Loss: 0.3211, Validation Accuracy: 80.50%

Per-Class Validation Accuracy:
  Class 0: 53.94% (807/1496)
  Class 1: 100.00% (1522/1522)
  Class 2: 67.89% (1017/1498)
  Class 3: 100.00% (1484/1484)
Epoch [76/100], Training Loss: 0.3219
Validation Loss: 0.3187, Validation Accuracy: 80.32%

Per-Class Validation Accuracy:
  Class 0: 64.44% (964/1496)
  Class 1: 100.00% (1522/1522)
  Class 2: 56.68% (849/1498)
  Class 3: 100.00% (1484/1484)
Epoch [77/100], Training Loss: 0.3223
Validation Loss: 0.3189, Validation Accuracy: 80.58%

Per-Class Validation Accuracy:
  Class 0: 57.75% (864/1496)
  Class 1: 100.00% (1522/1522)
  Class 2: 64.42% (965/1498)
  Class 3: 100.00% (1484/1484)
Epoch [78/100], Training Loss: 0.3213
Validation Loss: 0.3210, Validation Accuracy: 80.30%

Per-Class Validation Accuracy:
  Class 0: 54.21% (811/1496)
  Class 1: 100.00% (1522/1522)
  Class 2: 66.82% (1001/1498)
  Class 3: 100.00% (1484/1484)
Epoch [79/100], Training Loss: 0.3214
Validation Loss: 0.3191, Validation Accuracy: 79.95%

Per-Class Validation Accuracy:
  Class 0: 68.85% (1030/1496)
  Class 1: 100.00% (1522/1522)
  Class 2: 50.80% (761/1498)
  Class 3: 100.00% (1484/1484)
Epoch [80/100], Training Loss: 0.3228
Validation Loss: 0.3288, Validation Accuracy: 77.82%

Per-Class Validation Accuracy:
  Class 0: 88.17% (1319/1496)
  Class 1: 100.00% (1522/1522)
  Class 2: 22.96% (344/1498)
  Class 3: 100.00% (1484/1484)
Epoch [81/100], Training Loss: 0.3220
Validation Loss: 0.3563, Validation Accuracy: 76.07%

Per-Class Validation Accuracy:
  Class 0: 94.65% (1416/1496)
  Class 1: 100.00% (1522/1522)
  Class 2: 9.48% (142/1498)
  Class 3: 100.00% (1484/1484)
Epoch [82/100], Training Loss: 0.3213
Validation Loss: 0.3199, Validation Accuracy: 79.27%

Per-Class Validation Accuracy:
  Class 0: 82.09% (1228/1496)
  Class 1: 100.00% (1522/1522)
  Class 2: 34.85% (522/1498)
  Class 3: 100.00% (1484/1484)
Epoch [83/100], Training Loss: 0.3177
Validation Loss: 0.3193, Validation Accuracy: 80.50%

Per-Class Validation Accuracy:
  Class 0: 55.41% (829/1496)
  Class 1: 100.00% (1522/1522)
  Class 2: 66.42% (995/1498)
  Class 3: 100.00% (1484/1484)
Epoch [84/100], Training Loss: 0.3178
Validation Loss: 0.3175, Validation Accuracy: 79.77%

Per-Class Validation Accuracy:
  Class 0: 72.59% (1086/1496)
  Class 1: 100.00% (1522/1522)
  Class 2: 46.33% (694/1498)
  Class 3: 100.00% (1484/1484)
Epoch [85/100], Training Loss: 0.3181
Validation Loss: 0.3166, Validation Accuracy: 80.43%

Per-Class Validation Accuracy:
  Class 0: 58.82% (880/1496)
  Class 1: 100.00% (1522/1522)
  Class 2: 62.75% (940/1498)
  Class 3: 100.00% (1484/1484)
Epoch [86/100], Training Loss: 0.3172
Validation Loss: 0.3200, Validation Accuracy: 80.28%

Per-Class Validation Accuracy:
  Class 0: 50.67% (758/1496)
  Class 1: 100.00% (1522/1522)
  Class 2: 70.29% (1053/1498)
  Class 3: 100.00% (1484/1484)
Epoch [87/100], Training Loss: 0.3174
Validation Loss: 0.3178, Validation Accuracy: 80.48%

Per-Class Validation Accuracy:
  Class 0: 56.28% (842/1496)
  Class 1: 100.00% (1522/1522)
  Class 2: 65.49% (981/1498)
  Class 3: 100.00% (1484/1484)
Epoch [88/100], Training Loss: 0.3174
Validation Loss: 0.3184, Validation Accuracy: 79.72%

Per-Class Validation Accuracy:
  Class 0: 74.40% (1113/1496)
  Class 1: 100.00% (1522/1522)
  Class 2: 44.33% (664/1498)
  Class 3: 100.00% (1484/1484)
Epoch [89/100], Training Loss: 0.3171
Validation Loss: 0.3170, Validation Accuracy: 80.47%

Per-Class Validation Accuracy:
  Class 0: 47.73% (714/1496)
  Class 1: 100.00% (1522/1522)
  Class 2: 73.97% (1108/1498)
  Class 3: 100.00% (1484/1484)
Epoch [90/100], Training Loss: 0.3169
Validation Loss: 0.3164, Validation Accuracy: 80.20%

Per-Class Validation Accuracy:
  Class 0: 67.51% (1010/1496)
  Class 1: 100.00% (1522/1522)
  Class 2: 53.14% (796/1498)
  Class 3: 100.00% (1484/1484)
Epoch [91/100], Training Loss: 0.3167
Validation Loss: 0.3187, Validation Accuracy: 80.13%

Per-Class Validation Accuracy:
  Class 0: 70.52% (1055/1496)
  Class 1: 100.00% (1522/1522)
  Class 2: 49.87% (747/1498)
  Class 3: 100.00% (1484/1484)
Epoch [92/100], Training Loss: 0.3162
Validation Loss: 0.3270, Validation Accuracy: 79.20%

Per-Class Validation Accuracy:
  Class 0: 35.90% (537/1496)
  Class 1: 100.00% (1522/1522)
  Class 2: 80.71% (1209/1498)
  Class 3: 100.00% (1484/1484)
Epoch [93/100], Training Loss: 0.3172
Validation Loss: 0.3199, Validation Accuracy: 79.77%

Per-Class Validation Accuracy:
  Class 0: 41.91% (627/1496)
  Class 1: 100.00% (1522/1522)
  Class 2: 76.97% (1153/1498)
  Class 3: 100.00% (1484/1484)
Epoch [94/100], Training Loss: 0.3169
Validation Loss: 0.3155, Validation Accuracy: 80.77%

Per-Class Validation Accuracy:
  Class 0: 61.16% (915/1496)
  Class 1: 100.00% (1522/1522)
  Class 2: 61.75% (925/1498)
  Class 3: 100.00% (1484/1484)
Epoch [95/100], Training Loss: 0.3162
Validation Loss: 0.3150, Validation Accuracy: 80.70%

Per-Class Validation Accuracy:
  Class 0: 67.11% (1004/1496)
  Class 1: 100.00% (1522/1522)
  Class 2: 55.54% (832/1498)
  Class 3: 100.00% (1484/1484)
Epoch [96/100], Training Loss: 0.3163
Validation Loss: 0.3175, Validation Accuracy: 79.98%

Per-Class Validation Accuracy:
  Class 0: 46.26% (692/1496)
  Class 1: 100.00% (1522/1522)
  Class 2: 73.50% (1101/1498)
  Class 3: 100.00% (1484/1484)
Epoch [97/100], Training Loss: 0.3158
Validation Loss: 0.3172, Validation Accuracy: 79.82%

Per-Class Validation Accuracy:
  Class 0: 79.41% (1188/1496)
  Class 1: 100.00% (1522/1522)
  Class 2: 39.72% (595/1498)
  Class 3: 100.00% (1484/1484)
Epoch [98/100], Training Loss: 0.3155
Validation Loss: 0.3147, Validation Accuracy: 80.80%

Per-Class Validation Accuracy:
  Class 0: 64.10% (959/1496)
  Class 1: 100.00% (1522/1522)
  Class 2: 58.95% (883/1498)
  Class 3: 100.00% (1484/1484)
Epoch [99/100], Training Loss: 0.3162
Validation Loss: 0.3194, Validation Accuracy: 80.43%

Per-Class Validation Accuracy:
  Class 0: 72.33% (1082/1496)
  Class 1: 100.00% (1522/1522)
  Class 2: 49.27% (738/1498)
  Class 3: 100.00% (1484/1484)
Epoch [100/100], Training Loss: 0.3154
Validation Loss: 0.3202, Validation Accuracy: 79.80%

Per-Class Validation Accuracy:
  Class 0: 78.68% (1177/1496)
  Class 1: 100.00% (1522/1522)
  Class 2: 40.39% (605/1498)
  Class 3: 100.00% (1484/1484)

        Elapsed time is 621.6738 seconds.

        Elapsed time is 621.6739 seconds.

==========================================================================================
Total parameters: 10948
Total memory (bytes): 87584
Total memory (MB): 0.083526611328125
==========================================================================================
Validation Loss: 0.3202, Validation Accuracy: 79.80%

Per-Class Validation Accuracy:
  No Thrust: 78.68% (1177/1496)
  Chemical: 100.00% (1522/1522)
  Electric: 40.39% (605/1498)
  Impulsive: 100.00% (1484/1484)

Entering Mamba Training Loop
Epoch [1/100], Training Loss: 0.6001
Validation Loss: 0.3731, Validation Accuracy: 75.42%

Per-Class Validation Accuracy:
  Class 0: 88.30% (1321/1496)
  Class 1: 100.00% (1522/1522)
  Class 2: 13.28% (199/1498)
  Class 3: 99.93% (1483/1484)
Epoch [2/100], Training Loss: 0.3577
Validation Loss: 0.3514, Validation Accuracy: 75.02%

Per-Class Validation Accuracy:
  Class 0: 100.00% (1496/1496)
  Class 1: 100.00% (1522/1522)
  Class 2: 0.00% (0/1498)
  Class 3: 99.93% (1483/1484)
Epoch [3/100], Training Loss: 0.3519
Validation Loss: 0.3467, Validation Accuracy: 75.73%

Per-Class Validation Accuracy:
  Class 0: 58.22% (871/1496)
  Class 1: 100.00% (1522/1522)
  Class 2: 44.59% (668/1498)
  Class 3: 99.93% (1483/1484)
Epoch [4/100], Training Loss: 0.3492
Validation Loss: 0.3465, Validation Accuracy: 75.97%

Per-Class Validation Accuracy:
  Class 0: 51.47% (770/1496)
  Class 1: 100.00% (1522/1522)
  Class 2: 52.27% (783/1498)
  Class 3: 99.93% (1483/1484)
Epoch [5/100], Training Loss: 0.3485
Validation Loss: 0.3462, Validation Accuracy: 76.43%

Per-Class Validation Accuracy:
  Class 0: 78.61% (1176/1496)
  Class 1: 100.00% (1522/1522)
  Class 2: 27.04% (405/1498)
  Class 3: 99.93% (1483/1484)
Epoch [6/100], Training Loss: 0.3475
Validation Loss: 0.3466, Validation Accuracy: 75.07%

Per-Class Validation Accuracy:
  Class 0: 95.32% (1426/1496)
  Class 1: 100.00% (1522/1522)
  Class 2: 4.87% (73/1498)
  Class 3: 99.93% (1483/1484)
Epoch [7/100], Training Loss: 0.3469
Validation Loss: 0.3455, Validation Accuracy: 76.80%

Per-Class Validation Accuracy:
  Class 0: 67.91% (1016/1496)
  Class 1: 100.00% (1522/1522)
  Class 2: 39.19% (587/1498)
  Class 3: 99.93% (1483/1484)
Epoch [8/100], Training Loss: 0.3470
Validation Loss: 0.3519, Validation Accuracy: 75.20%

Per-Class Validation Accuracy:
  Class 0: 2.61% (39/1496)
  Class 1: 100.00% (1522/1522)
  Class 2: 98.00% (1468/1498)
  Class 3: 99.93% (1483/1484)
Epoch [9/100], Training Loss: 0.3462
Validation Loss: 0.3477, Validation Accuracy: 76.92%

Per-Class Validation Accuracy:
  Class 0: 46.12% (690/1496)
  Class 1: 100.00% (1522/1522)
  Class 2: 61.42% (920/1498)
  Class 3: 99.93% (1483/1484)
Epoch [10/100], Training Loss: 0.3465
Validation Loss: 0.3461, Validation Accuracy: 75.95%

Per-Class Validation Accuracy:
  Class 0: 72.79% (1089/1496)
  Class 1: 100.00% (1522/1522)
  Class 2: 30.91% (463/1498)
  Class 3: 99.93% (1483/1484)
Epoch [11/100], Training Loss: 0.3459
Validation Loss: 0.3446, Validation Accuracy: 76.83%

Per-Class Validation Accuracy:
  Class 0: 72.86% (1090/1496)
  Class 1: 100.00% (1522/1522)
  Class 2: 34.38% (515/1498)
  Class 3: 99.93% (1483/1484)
Epoch [12/100], Training Loss: 0.3457
Validation Loss: 0.3449, Validation Accuracy: 76.10%

Per-Class Validation Accuracy:
  Class 0: 37.57% (562/1496)
  Class 1: 100.00% (1522/1522)
  Class 2: 66.69% (999/1498)
  Class 3: 99.93% (1483/1484)
Epoch [13/100], Training Loss: 0.3457
Validation Loss: 0.3448, Validation Accuracy: 76.25%

Per-Class Validation Accuracy:
  Class 0: 31.15% (466/1496)
  Class 1: 100.00% (1522/1522)
  Class 2: 73.70% (1104/1498)
  Class 3: 99.93% (1483/1484)
Epoch [14/100], Training Loss: 0.3452
Validation Loss: 0.3554, Validation Accuracy: 75.08%

Per-Class Validation Accuracy:
  Class 0: 99.73% (1492/1496)
  Class 1: 100.00% (1522/1522)
  Class 2: 0.53% (8/1498)
  Class 3: 99.93% (1483/1484)
Epoch [15/100], Training Loss: 0.3447
Validation Loss: 0.3454, Validation Accuracy: 75.68%

Per-Class Validation Accuracy:
  Class 0: 13.10% (196/1496)
  Class 1: 100.00% (1522/1522)
  Class 2: 89.45% (1340/1498)
  Class 3: 99.93% (1483/1484)
Epoch [16/100], Training Loss: 0.3438
Validation Loss: 0.3439, Validation Accuracy: 76.07%

Per-Class Validation Accuracy:
  Class 0: 96.19% (1439/1496)
  Class 1: 100.00% (1522/1522)
  Class 2: 8.01% (120/1498)
  Class 3: 99.93% (1483/1484)
Epoch [17/100], Training Loss: 0.3429
Validation Loss: 0.3398, Validation Accuracy: 78.03%

Per-Class Validation Accuracy:
  Class 0: 82.42% (1233/1496)
  Class 1: 100.00% (1522/1522)
  Class 2: 29.64% (444/1498)
  Class 3: 99.93% (1483/1484)
Epoch [18/100], Training Loss: 0.3417
Validation Loss: 0.3406, Validation Accuracy: 77.75%

Per-Class Validation Accuracy:
  Class 0: 56.28% (842/1496)
  Class 1: 100.00% (1522/1522)
  Class 2: 54.61% (818/1498)
  Class 3: 99.93% (1483/1484)
Epoch [19/100], Training Loss: 0.3362
Validation Loss: 0.3365, Validation Accuracy: 75.83%

Per-Class Validation Accuracy:
  Class 0: 90.31% (1351/1496)
  Class 1: 100.00% (1522/1522)
  Class 2: 12.95% (194/1498)
  Class 3: 99.93% (1483/1484)
Epoch [20/100], Training Loss: 0.3295
Validation Loss: 0.3314, Validation Accuracy: 81.82%

Per-Class Validation Accuracy:
  Class 0: 88.84% (1329/1496)
  Class 1: 100.00% (1522/1522)
  Class 2: 38.38% (575/1498)
  Class 3: 99.93% (1483/1484)
Epoch [21/100], Training Loss: 0.3239
Validation Loss: 0.3141, Validation Accuracy: 80.48%

Per-Class Validation Accuracy:
  Class 0: 46.93% (702/1496)
  Class 1: 100.00% (1522/1522)
  Class 2: 74.90% (1122/1498)
  Class 3: 99.93% (1483/1484)
Epoch [22/100], Training Loss: 0.3225
Validation Loss: 0.3500, Validation Accuracy: 76.60%

Per-Class Validation Accuracy:
  Class 0: 25.80% (386/1496)
  Class 1: 100.00% (1522/1522)
  Class 2: 80.44% (1205/1498)
  Class 3: 99.93% (1483/1484)
Epoch [23/100], Training Loss: 0.4128
Validation Loss: 0.3333, Validation Accuracy: 76.98%

Per-Class Validation Accuracy:
  Class 0: 95.19% (1424/1496)
  Class 1: 100.00% (1522/1522)
  Class 2: 12.68% (190/1498)
  Class 3: 99.93% (1483/1484)
Epoch [24/100], Training Loss: 0.3177
Validation Loss: 0.3166, Validation Accuracy: 78.72%

Per-Class Validation Accuracy:
  Class 0: 52.41% (784/1496)
  Class 1: 100.00% (1522/1522)
  Class 2: 62.35% (934/1498)
  Class 3: 99.93% (1483/1484)
Epoch [25/100], Training Loss: 0.3146
Validation Loss: 0.3147, Validation Accuracy: 79.08%

Per-Class Validation Accuracy:
  Class 0: 95.32% (1426/1496)
  Class 1: 100.00% (1522/1522)
  Class 2: 20.96% (314/1498)
  Class 3: 99.93% (1483/1484)
Epoch [26/100], Training Loss: 0.3155
Validation Loss: 0.3093, Validation Accuracy: 81.17%

Per-Class Validation Accuracy:
  Class 0: 51.00% (763/1496)
  Class 1: 100.00% (1522/1522)
  Class 2: 73.50% (1101/1498)
  Class 3: 100.00% (1484/1484)
Epoch [27/100], Training Loss: 0.3129
Validation Loss: 0.3078, Validation Accuracy: 82.25%

Per-Class Validation Accuracy:
  Class 0: 72.19% (1080/1496)
  Class 1: 100.00% (1522/1522)
  Class 2: 56.74% (850/1498)
  Class 3: 99.93% (1483/1484)
Epoch [28/100], Training Loss: 0.3133
Validation Loss: 0.3022, Validation Accuracy: 81.72%

Per-Class Validation Accuracy:
  Class 0: 55.15% (825/1496)
  Class 1: 100.00% (1522/1522)
  Class 2: 71.63% (1073/1498)
  Class 3: 99.93% (1483/1484)
Epoch [29/100], Training Loss: 0.3180
Validation Loss: 0.3303, Validation Accuracy: 78.18%

Per-Class Validation Accuracy:
  Class 0: 47.33% (708/1496)
  Class 1: 100.00% (1522/1522)
  Class 2: 65.29% (978/1498)
  Class 3: 99.93% (1483/1484)
Epoch [30/100], Training Loss: 0.3114
Validation Loss: 0.3164, Validation Accuracy: 81.25%

Per-Class Validation Accuracy:
  Class 0: 67.11% (1004/1496)
  Class 1: 100.00% (1522/1522)
  Class 2: 57.81% (866/1498)
  Class 3: 99.93% (1483/1484)
Epoch [31/100], Training Loss: 0.3137
Validation Loss: 0.3037, Validation Accuracy: 83.68%

Per-Class Validation Accuracy:
  Class 0: 83.22% (1245/1496)
  Class 1: 100.00% (1522/1522)
  Class 2: 51.47% (771/1498)
  Class 3: 99.93% (1483/1484)
Epoch [32/100], Training Loss: 0.3134
Validation Loss: 0.3076, Validation Accuracy: 80.95%

Per-Class Validation Accuracy:
  Class 0: 91.11% (1363/1496)
  Class 1: 100.00% (1522/1522)
  Class 2: 32.64% (489/1498)
  Class 3: 99.93% (1483/1484)
Epoch [33/100], Training Loss: 0.3136
Validation Loss: 0.3060, Validation Accuracy: 83.63%

Per-Class Validation Accuracy:
  Class 0: 67.05% (1003/1496)
  Class 1: 100.00% (1522/1522)
  Class 2: 67.42% (1010/1498)
  Class 3: 99.93% (1483/1484)
Epoch [34/100], Training Loss: 0.3134
Validation Loss: 0.2990, Validation Accuracy: 83.28%

Per-Class Validation Accuracy:
  Class 0: 81.75% (1223/1496)
  Class 1: 100.00% (1522/1522)
  Class 2: 51.34% (769/1498)
  Class 3: 99.93% (1483/1484)
Epoch [35/100], Training Loss: 0.3129
Validation Loss: 0.3108, Validation Accuracy: 83.52%

Per-Class Validation Accuracy:
  Class 0: 61.70% (923/1496)
  Class 1: 100.00% (1522/1522)
  Class 2: 72.30% (1083/1498)
  Class 3: 99.93% (1483/1484)
Epoch [36/100], Training Loss: 0.3137
Validation Loss: 0.3135, Validation Accuracy: 81.08%

Per-Class Validation Accuracy:
  Class 0: 54.88% (821/1496)
  Class 1: 100.00% (1522/1522)
  Class 2: 69.36% (1039/1498)
  Class 3: 99.93% (1483/1484)
Epoch [37/100], Training Loss: 0.3117
Validation Loss: 0.2980, Validation Accuracy: 84.23%

Per-Class Validation Accuracy:
  Class 0: 66.24% (991/1496)
  Class 1: 100.00% (1522/1522)
  Class 2: 70.63% (1058/1498)
  Class 3: 99.93% (1483/1484)
Epoch [38/100], Training Loss: 0.3083
Validation Loss: 0.3161, Validation Accuracy: 78.87%

Per-Class Validation Accuracy:
  Class 0: 29.68% (444/1496)
  Class 1: 100.00% (1522/1522)
  Class 2: 85.65% (1283/1498)
  Class 3: 99.93% (1483/1484)
Epoch [39/100], Training Loss: 0.3093
Validation Loss: 0.3041, Validation Accuracy: 83.03%

Per-Class Validation Accuracy:
  Class 0: 75.27% (1126/1496)
  Class 1: 100.00% (1522/1522)
  Class 2: 56.81% (851/1498)
  Class 3: 99.93% (1483/1484)
Epoch [40/100], Training Loss: 0.3105
Validation Loss: 0.3016, Validation Accuracy: 83.15%

Per-Class Validation Accuracy:
  Class 0: 59.29% (887/1496)
  Class 1: 100.00% (1522/1522)
  Class 2: 73.23% (1097/1498)
  Class 3: 99.93% (1483/1484)
Epoch [41/100], Training Loss: 0.3077
Validation Loss: 0.3199, Validation Accuracy: 78.53%

Per-Class Validation Accuracy:
  Class 0: 34.36% (514/1496)
  Class 1: 100.00% (1522/1522)
  Class 2: 79.64% (1193/1498)
  Class 3: 99.93% (1483/1484)
Epoch [42/100], Training Loss: 0.3103
Validation Loss: 0.3021, Validation Accuracy: 82.63%

Per-Class Validation Accuracy:
  Class 0: 46.32% (693/1496)
  Class 1: 100.00% (1522/1522)
  Class 2: 84.11% (1260/1498)
  Class 3: 99.93% (1483/1484)
Epoch [43/100], Training Loss: 0.3068
Validation Loss: 0.3050, Validation Accuracy: 80.13%

Per-Class Validation Accuracy:
  Class 0: 50.13% (750/1496)
  Class 1: 100.00% (1522/1522)
  Class 2: 70.29% (1053/1498)
  Class 3: 99.93% (1483/1484)
Epoch [44/100], Training Loss: 0.2974
Validation Loss: 0.2900, Validation Accuracy: 83.63%

Per-Class Validation Accuracy:
  Class 0: 74.40% (1113/1496)
  Class 1: 100.00% (1522/1522)
  Class 2: 60.08% (900/1498)
  Class 3: 99.93% (1483/1484)
Epoch [45/100], Training Loss: 0.2947
Validation Loss: 0.2930, Validation Accuracy: 83.42%

Per-Class Validation Accuracy:
  Class 0: 67.78% (1014/1496)
  Class 1: 100.00% (1522/1522)
  Class 2: 65.82% (986/1498)
  Class 3: 99.93% (1483/1484)
Epoch [46/100], Training Loss: 0.2949
Validation Loss: 0.3327, Validation Accuracy: 78.73%

Per-Class Validation Accuracy:
  Class 0: 33.82% (506/1496)
  Class 1: 100.00% (1522/1522)
  Class 2: 80.97% (1213/1498)
  Class 3: 99.93% (1483/1484)
Epoch [47/100], Training Loss: 0.2945
Validation Loss: 0.3037, Validation Accuracy: 79.78%

Per-Class Validation Accuracy:
  Class 0: 43.05% (644/1496)
  Class 1: 100.00% (1522/1522)
  Class 2: 75.97% (1138/1498)
  Class 3: 99.93% (1483/1484)
Epoch [48/100], Training Loss: 0.2942
Validation Loss: 0.2966, Validation Accuracy: 82.32%

Per-Class Validation Accuracy:
  Class 0: 57.82% (865/1496)
  Class 1: 100.00% (1522/1522)
  Class 2: 71.36% (1069/1498)
  Class 3: 99.93% (1483/1484)
Epoch [49/100], Training Loss: 0.2934
Validation Loss: 0.2902, Validation Accuracy: 83.48%

Per-Class Validation Accuracy:
  Class 0: 86.16% (1289/1496)
  Class 1: 100.00% (1522/1522)
  Class 2: 47.73% (715/1498)
  Class 3: 99.93% (1483/1484)
Epoch [50/100], Training Loss: 0.2940
Validation Loss: 0.3297, Validation Accuracy: 78.53%

Per-Class Validation Accuracy:
  Class 0: 32.22% (482/1496)
  Class 1: 100.00% (1522/1522)
  Class 2: 81.78% (1225/1498)
  Class 3: 99.93% (1483/1484)
Epoch [51/100], Training Loss: 0.2876
Validation Loss: 0.2985, Validation Accuracy: 82.78%

Per-Class Validation Accuracy:
  Class 0: 89.04% (1332/1496)
  Class 1: 100.00% (1522/1522)
  Class 2: 42.06% (630/1498)
  Class 3: 99.93% (1483/1484)
Epoch [52/100], Training Loss: 0.2864
Validation Loss: 0.3008, Validation Accuracy: 80.25%

Per-Class Validation Accuracy:
  Class 0: 45.72% (684/1496)
  Class 1: 100.00% (1522/1522)
  Class 2: 75.17% (1126/1498)
  Class 3: 99.93% (1483/1484)
Epoch [53/100], Training Loss: 0.2854
Validation Loss: 0.2851, Validation Accuracy: 83.95%

Per-Class Validation Accuracy:
  Class 0: 81.15% (1214/1496)
  Class 1: 100.00% (1522/1522)
  Class 2: 54.61% (818/1498)
  Class 3: 99.93% (1483/1484)
Epoch [54/100], Training Loss: 0.2861
Validation Loss: 0.2937, Validation Accuracy: 81.38%

Per-Class Validation Accuracy:
  Class 0: 45.79% (685/1496)
  Class 1: 100.00% (1522/1522)
  Class 2: 79.64% (1193/1498)
  Class 3: 99.93% (1483/1484)
Epoch [55/100], Training Loss: 0.2852
Validation Loss: 0.2958, Validation Accuracy: 81.82%

Per-Class Validation Accuracy:
  Class 0: 56.48% (845/1496)
  Class 1: 100.00% (1522/1522)
  Class 2: 70.69% (1059/1498)
  Class 3: 99.93% (1483/1484)
Epoch [56/100], Training Loss: 0.2853
Validation Loss: 0.2844, Validation Accuracy: 84.92%

Per-Class Validation Accuracy:
  Class 0: 79.21% (1185/1496)
  Class 1: 100.00% (1522/1522)
  Class 2: 60.41% (905/1498)
  Class 3: 99.93% (1483/1484)
Epoch [57/100], Training Loss: 0.2856
Validation Loss: 0.2954, Validation Accuracy: 83.13%

Per-Class Validation Accuracy:
  Class 0: 87.30% (1306/1496)
  Class 1: 100.00% (1522/1522)
  Class 2: 45.19% (677/1498)
  Class 3: 99.93% (1483/1484)
Epoch [58/100], Training Loss: 0.2843
Validation Loss: 0.2941, Validation Accuracy: 82.28%

Per-Class Validation Accuracy:
  Class 0: 51.34% (768/1496)
  Class 1: 100.00% (1522/1522)
  Class 2: 77.70% (1164/1498)
  Class 3: 99.93% (1483/1484)
Epoch [59/100], Training Loss: 0.2837
Validation Loss: 0.2857, Validation Accuracy: 83.78%

Per-Class Validation Accuracy:
  Class 0: 66.24% (991/1496)
  Class 1: 100.00% (1522/1522)
  Class 2: 68.83% (1031/1498)
  Class 3: 99.93% (1483/1484)
Epoch [60/100], Training Loss: 0.2839
Validation Loss: 0.2908, Validation Accuracy: 82.87%

Per-Class Validation Accuracy:
  Class 0: 63.50% (950/1496)
  Class 1: 100.00% (1522/1522)
  Class 2: 67.89% (1017/1498)
  Class 3: 99.93% (1483/1484)
Epoch [61/100], Training Loss: 0.2846
Validation Loss: 0.2903, Validation Accuracy: 85.02%

Per-Class Validation Accuracy:
  Class 0: 85.29% (1276/1496)
  Class 1: 100.00% (1522/1522)
  Class 2: 54.74% (820/1498)
  Class 3: 99.93% (1483/1484)
Epoch [62/100], Training Loss: 0.2834
Validation Loss: 0.2853, Validation Accuracy: 85.18%

Per-Class Validation Accuracy:
  Class 0: 76.00% (1137/1496)
  Class 1: 100.00% (1522/1522)
  Class 2: 64.69% (969/1498)
  Class 3: 99.93% (1483/1484)
Epoch [63/100], Training Loss: 0.2805
Validation Loss: 0.2837, Validation Accuracy: 85.00%

Per-Class Validation Accuracy:
  Class 0: 72.99% (1092/1496)
  Class 1: 100.00% (1522/1522)
  Class 2: 66.96% (1003/1498)
  Class 3: 99.93% (1483/1484)
Epoch [64/100], Training Loss: 0.2801
Validation Loss: 0.2880, Validation Accuracy: 84.97%

Per-Class Validation Accuracy:
  Class 0: 85.09% (1273/1496)
  Class 1: 100.00% (1522/1522)
  Class 2: 54.74% (820/1498)
  Class 3: 99.93% (1483/1484)
Epoch [65/100], Training Loss: 0.2795
Validation Loss: 0.2893, Validation Accuracy: 83.02%

Per-Class Validation Accuracy:
  Class 0: 58.89% (881/1496)
  Class 1: 100.00% (1522/1522)
  Class 2: 73.10% (1095/1498)
  Class 3: 99.93% (1483/1484)
Epoch [66/100], Training Loss: 0.2784
Validation Loss: 0.2881, Validation Accuracy: 84.70%

Per-Class Validation Accuracy:
  Class 0: 71.32% (1067/1496)
  Class 1: 100.00% (1522/1522)
  Class 2: 67.42% (1010/1498)
  Class 3: 99.93% (1483/1484)
Epoch [67/100], Training Loss: 0.2789
Validation Loss: 0.2868, Validation Accuracy: 83.95%

Per-Class Validation Accuracy:
  Class 0: 66.51% (995/1496)
  Class 1: 100.00% (1522/1522)
  Class 2: 69.23% (1037/1498)
  Class 3: 99.93% (1483/1484)
Epoch [68/100], Training Loss: 0.2794
Validation Loss: 0.2925, Validation Accuracy: 82.63%

Per-Class Validation Accuracy:
  Class 0: 55.35% (828/1496)
  Class 1: 100.00% (1522/1522)
  Class 2: 75.10% (1125/1498)
  Class 3: 99.93% (1483/1484)
Epoch [69/100], Training Loss: 0.2792
Validation Loss: 0.2849, Validation Accuracy: 83.73%

Per-Class Validation Accuracy:
  Class 0: 58.56% (876/1496)
  Class 1: 100.00% (1522/1522)
  Class 2: 76.30% (1143/1498)
  Class 3: 99.93% (1483/1484)
Epoch [70/100], Training Loss: 0.2768
Validation Loss: 0.2833, Validation Accuracy: 85.68%

Per-Class Validation Accuracy:
  Class 0: 76.47% (1144/1496)
  Class 1: 100.00% (1522/1522)
  Class 2: 66.22% (992/1498)
  Class 3: 99.93% (1483/1484)
Epoch [71/100], Training Loss: 0.2771
Validation Loss: 0.2842, Validation Accuracy: 85.75%

Per-Class Validation Accuracy:
  Class 0: 80.48% (1204/1496)
  Class 1: 100.00% (1522/1522)
  Class 2: 62.48% (936/1498)
  Class 3: 99.93% (1483/1484)
Epoch [72/100], Training Loss: 0.2767
Validation Loss: 0.2839, Validation Accuracy: 85.12%

Per-Class Validation Accuracy:
  Class 0: 70.32% (1052/1496)
  Class 1: 100.00% (1522/1522)
  Class 2: 70.09% (1050/1498)
  Class 3: 99.93% (1483/1484)
Epoch [73/100], Training Loss: 0.2769
Validation Loss: 0.2844, Validation Accuracy: 84.32%

Per-Class Validation Accuracy:
  Class 0: 64.91% (971/1496)
  Class 1: 100.00% (1522/1522)
  Class 2: 72.30% (1083/1498)
  Class 3: 99.93% (1483/1484)
Epoch [74/100], Training Loss: 0.2767
Validation Loss: 0.2834, Validation Accuracy: 85.22%

Per-Class Validation Accuracy:
  Class 0: 71.32% (1067/1496)
  Class 1: 100.00% (1522/1522)
  Class 2: 69.49% (1041/1498)
  Class 3: 99.93% (1483/1484)
Epoch [75/100], Training Loss: 0.2766
Validation Loss: 0.2838, Validation Accuracy: 84.40%

Per-Class Validation Accuracy:
  Class 0: 63.17% (945/1496)
  Class 1: 100.00% (1522/1522)
  Class 2: 74.37% (1114/1498)
  Class 3: 99.93% (1483/1484)
Epoch [76/100], Training Loss: 0.2763
Validation Loss: 0.2836, Validation Accuracy: 85.15%

Per-Class Validation Accuracy:
  Class 0: 70.32% (1052/1496)
  Class 1: 100.00% (1522/1522)
  Class 2: 70.23% (1052/1498)
  Class 3: 99.93% (1483/1484)
Epoch [77/100], Training Loss: 0.2755
Validation Loss: 0.2846, Validation Accuracy: 85.65%

Per-Class Validation Accuracy:
  Class 0: 79.41% (1188/1496)
  Class 1: 100.00% (1522/1522)
  Class 2: 63.15% (946/1498)
  Class 3: 99.93% (1483/1484)
Epoch [78/100], Training Loss: 0.2752
Validation Loss: 0.2880, Validation Accuracy: 83.13%

Per-Class Validation Accuracy:
  Class 0: 56.22% (841/1496)
  Class 1: 100.00% (1522/1522)
  Class 2: 76.23% (1142/1498)
  Class 3: 99.93% (1483/1484)
Epoch [79/100], Training Loss: 0.2752
Validation Loss: 0.2833, Validation Accuracy: 85.48%

Per-Class Validation Accuracy:
  Class 0: 72.59% (1086/1496)
  Class 1: 100.00% (1522/1522)
  Class 2: 69.29% (1038/1498)
  Class 3: 99.93% (1483/1484)
Epoch [80/100], Training Loss: 0.2753
Validation Loss: 0.2839, Validation Accuracy: 85.08%

Per-Class Validation Accuracy:
  Class 0: 71.12% (1064/1496)
  Class 1: 100.00% (1522/1522)
  Class 2: 69.16% (1036/1498)
  Class 3: 99.93% (1483/1484)
Early stopping triggered.

        Elapsed time is 1153.5976 seconds.

        Elapsed time is 1153.5979 seconds.

==========================================================================================
Total parameters: 6682
Total memory (bytes): 53456
Total memory (MB): 0.0509796142578125
==========================================================================================
Validation Loss: 0.2839, Validation Accuracy: 85.08%

Per-Class Validation Accuracy:
  No Thrust: 71.12% (1064/1496)
  Chemical: 100.00% (1522/1522)
  Electric: 69.16% (1036/1498)
  Impulsive: 99.93% (1483/1484)