GPU is available

Entering Decision Trees Training Loop

==========================================================================================
Total parameters: NaN
Total memory (bytes): 1413117
Total memory (MB): 1.3476533889770508
==========================================================================================
Validation Loss: 0.3047, Validation Accuracy: 81.90%

Per-Class Validation Accuracy:
  No Thrust: 73.45% (1101/1499)
  Chemical: 100.00% (1476/1476)
  Electric: 55.73% (866/1554)
  Impulsive: 100.00% (1471/1471)

Classification Report:
              precision    recall  f1-score   support

   No Thrust     0.6154    0.7345    0.6697      1499
    Chemical     1.0000    1.0000    1.0000      1476
    Electric     0.6851    0.5573    0.6146      1554
   Impulsive     1.0000    1.0000    1.0000      1471

    accuracy                         0.8190      6000
   macro avg     0.8251    0.8229    0.8211      6000
weighted avg     0.8224    0.8190    0.8177      6000


Confusion Matrix (rows = true, cols = predicted):
             P_No Thrust  P_Chemical  P_Electric  P_Impulsive
T_No Thrust         1101           0         398            0
T_Chemical             0        1476           0            0
T_Electric           688           0         866            0
T_Impulsive            0           0           0         1471

Entering LSTM Training Loop
Epoch [1/100], Training Loss: 0.7738
Validation Loss: 0.5598, Validation Accuracy: 69.02%

Per-Class Validation Accuracy:
  Class 0: 45.83% (687/1499)
  Class 1: 98.64% (1456/1476)
  Class 2: 33.91% (527/1554)
  Class 3: 100.00% (1471/1471)
Epoch [2/100], Training Loss: 0.4959
Validation Loss: 0.3962, Validation Accuracy: 75.75%

Per-Class Validation Accuracy:
  Class 0: 13.48% (202/1499)
  Class 1: 97.49% (1439/1476)
  Class 2: 92.21% (1433/1554)
  Class 3: 100.00% (1471/1471)
Epoch [3/100], Training Loss: 0.4095
Validation Loss: 0.4173, Validation Accuracy: 73.52%

Per-Class Validation Accuracy:
  Class 0: 71.38% (1070/1499)
  Class 1: 97.70% (1442/1476)
  Class 2: 27.54% (428/1554)
  Class 3: 100.00% (1471/1471)
Epoch [4/100], Training Loss: 0.3685
Validation Loss: 0.4007, Validation Accuracy: 73.87%

Per-Class Validation Accuracy:
  Class 0: 100.00% (1499/1499)
  Class 1: 99.05% (1462/1476)
  Class 2: 0.00% (0/1554)
  Class 3: 100.00% (1471/1471)
Epoch [5/100], Training Loss: 0.3601
Validation Loss: 0.3561, Validation Accuracy: 75.10%

Per-Class Validation Accuracy:
  Class 0: 64.71% (970/1499)
  Class 1: 100.00% (1476/1476)
  Class 2: 37.90% (589/1554)
  Class 3: 100.00% (1471/1471)
Epoch [6/100], Training Loss: 0.3617
Validation Loss: 0.3567, Validation Accuracy: 74.10%

Per-Class Validation Accuracy:
  Class 0: 100.00% (1499/1499)
  Class 1: 100.00% (1476/1476)
  Class 2: 0.00% (0/1554)
  Class 3: 100.00% (1471/1471)
Epoch [7/100], Training Loss: 0.3539
Validation Loss: 0.3527, Validation Accuracy: 74.72%

Per-Class Validation Accuracy:
  Class 0: 26.15% (392/1499)
  Class 1: 100.00% (1476/1476)
  Class 2: 73.62% (1144/1554)
  Class 3: 100.00% (1471/1471)
Epoch [8/100], Training Loss: 0.3752
Validation Loss: 0.3535, Validation Accuracy: 76.38%

Per-Class Validation Accuracy:
  Class 0: 36.76% (551/1499)
  Class 1: 100.00% (1476/1476)
  Class 2: 69.82% (1085/1554)
  Class 3: 100.00% (1471/1471)
Epoch [9/100], Training Loss: 0.3476
Validation Loss: 0.3613, Validation Accuracy: 74.37%

Per-Class Validation Accuracy:
  Class 0: 82.59% (1238/1499)
  Class 1: 100.00% (1476/1476)
  Class 2: 17.82% (277/1554)
  Class 3: 100.00% (1471/1471)
Epoch [10/100], Training Loss: 0.3528
Validation Loss: 0.3541, Validation Accuracy: 74.22%

Per-Class Validation Accuracy:
  Class 0: 83.66% (1254/1499)
  Class 1: 100.00% (1476/1476)
  Class 2: 16.22% (252/1554)
  Class 3: 100.00% (1471/1471)
Epoch [11/100], Training Loss: 0.3471
Validation Loss: 0.3536, Validation Accuracy: 74.40%

Per-Class Validation Accuracy:
  Class 0: 74.18% (1112/1499)
  Class 1: 100.00% (1476/1476)
  Class 2: 26.06% (405/1554)
  Class 3: 100.00% (1471/1471)
Epoch [12/100], Training Loss: 0.3596
Validation Loss: 0.3551, Validation Accuracy: 76.02%

Per-Class Validation Accuracy:
  Class 0: 86.92% (1303/1499)
  Class 1: 100.00% (1476/1476)
  Class 2: 20.01% (311/1554)
  Class 3: 100.00% (1471/1471)
Epoch [13/100], Training Loss: 0.3518
Validation Loss: 0.3520, Validation Accuracy: 75.55%

Per-Class Validation Accuracy:
  Class 0: 17.28% (259/1499)
  Class 1: 100.00% (1476/1476)
  Class 2: 85.39% (1327/1554)
  Class 3: 100.00% (1471/1471)
Epoch [14/100], Training Loss: 0.3456
Validation Loss: 0.3545, Validation Accuracy: 74.18%

Per-Class Validation Accuracy:
  Class 0: 89.79% (1346/1499)
  Class 1: 100.00% (1476/1476)
  Class 2: 10.17% (158/1554)
  Class 3: 100.00% (1471/1471)
Epoch [15/100], Training Loss: 0.3755
Validation Loss: 0.3524, Validation Accuracy: 75.30%

Per-Class Validation Accuracy:
  Class 0: 41.76% (626/1499)
  Class 1: 100.00% (1476/1476)
  Class 2: 60.81% (945/1554)
  Class 3: 100.00% (1471/1471)
Epoch [16/100], Training Loss: 0.3479
Validation Loss: 0.3527, Validation Accuracy: 75.02%

Per-Class Validation Accuracy:
  Class 0: 0.00% (0/1499)
  Class 1: 100.00% (1476/1476)
  Class 2: 100.00% (1554/1554)
  Class 3: 100.00% (1471/1471)
Epoch [17/100], Training Loss: 0.3464
Validation Loss: 0.3532, Validation Accuracy: 74.88%

Per-Class Validation Accuracy:
  Class 0: 33.29% (499/1499)
  Class 1: 100.00% (1476/1476)
  Class 2: 67.37% (1047/1554)
  Class 3: 100.00% (1471/1471)
Epoch [18/100], Training Loss: 0.3493
Validation Loss: 0.3531, Validation Accuracy: 74.72%

Per-Class Validation Accuracy:
  Class 0: 79.25% (1188/1499)
  Class 1: 100.00% (1476/1476)
  Class 2: 22.39% (348/1554)
  Class 3: 100.00% (1471/1471)
Epoch [19/100], Training Loss: 0.3510
Validation Loss: 0.3525, Validation Accuracy: 75.13%

Per-Class Validation Accuracy:
  Class 0: 27.95% (419/1499)
  Class 1: 100.00% (1476/1476)
  Class 2: 73.49% (1142/1554)
  Class 3: 100.00% (1471/1471)
Epoch [20/100], Training Loss: 0.3448
Validation Loss: 0.3528, Validation Accuracy: 74.18%

Per-Class Validation Accuracy:
  Class 0: 98.27% (1473/1499)
  Class 1: 100.00% (1476/1476)
  Class 2: 1.99% (31/1554)
  Class 3: 100.00% (1471/1471)
Epoch [21/100], Training Loss: 0.3449
Validation Loss: 0.3521, Validation Accuracy: 74.40%

Per-Class Validation Accuracy:
  Class 0: 80.19% (1202/1499)
  Class 1: 100.00% (1476/1476)
  Class 2: 20.27% (315/1554)
  Class 3: 100.00% (1471/1471)
Epoch [22/100], Training Loss: 0.3452
Validation Loss: 0.3533, Validation Accuracy: 74.78%

Per-Class Validation Accuracy:
  Class 0: 78.32% (1174/1499)
  Class 1: 100.00% (1476/1476)
  Class 2: 23.55% (366/1554)
  Class 3: 100.00% (1471/1471)
Epoch [23/100], Training Loss: 0.3452
Validation Loss: 0.3518, Validation Accuracy: 77.67%

Per-Class Validation Accuracy:
  Class 0: 66.31% (994/1499)
  Class 1: 100.00% (1476/1476)
  Class 2: 46.27% (719/1554)
  Class 3: 100.00% (1471/1471)
Epoch [24/100], Training Loss: 0.3459
Validation Loss: 0.3516, Validation Accuracy: 75.98%

Per-Class Validation Accuracy:
  Class 0: 3.94% (59/1499)
  Class 1: 100.00% (1476/1476)
  Class 2: 99.94% (1553/1554)
  Class 3: 100.00% (1471/1471)
Epoch [25/100], Training Loss: 0.3450
Validation Loss: 0.3516, Validation Accuracy: 78.00%

Per-Class Validation Accuracy:
  Class 0: 50.83% (762/1499)
  Class 1: 100.00% (1476/1476)
  Class 2: 62.48% (971/1554)
  Class 3: 100.00% (1471/1471)
Epoch [26/100], Training Loss: 0.3461
Validation Loss: 0.3516, Validation Accuracy: 77.03%

Per-Class Validation Accuracy:
  Class 0: 19.41% (291/1499)
  Class 1: 100.00% (1476/1476)
  Class 2: 89.06% (1384/1554)
  Class 3: 100.00% (1471/1471)
Epoch [27/100], Training Loss: 0.3446
Validation Loss: 0.3511, Validation Accuracy: 76.12%

Per-Class Validation Accuracy:
  Class 0: 45.56% (683/1499)
  Class 1: 100.00% (1476/1476)
  Class 2: 60.30% (937/1554)
  Class 3: 100.00% (1471/1471)
Epoch [28/100], Training Loss: 0.3448
Validation Loss: 0.3514, Validation Accuracy: 77.20%

Per-Class Validation Accuracy:
  Class 0: 39.63% (594/1499)
  Class 1: 100.00% (1476/1476)
  Class 2: 70.21% (1091/1554)
  Class 3: 100.00% (1471/1471)
Epoch [29/100], Training Loss: 0.3449
Validation Loss: 0.3514, Validation Accuracy: 77.65%

Per-Class Validation Accuracy:
  Class 0: 81.25% (1218/1499)
  Class 1: 100.00% (1476/1476)
  Class 2: 31.79% (494/1554)
  Class 3: 100.00% (1471/1471)
Epoch [30/100], Training Loss: 0.3450
Validation Loss: 0.3516, Validation Accuracy: 75.63%

Per-Class Validation Accuracy:
  Class 0: 52.90% (793/1499)
  Class 1: 100.00% (1476/1476)
  Class 2: 51.35% (798/1554)
  Class 3: 100.00% (1471/1471)
Epoch [31/100], Training Loss: 0.3446
Validation Loss: 0.3517, Validation Accuracy: 74.28%

Per-Class Validation Accuracy:
  Class 0: 70.11% (1051/1499)
  Class 1: 100.00% (1476/1476)
  Class 2: 29.54% (459/1554)
  Class 3: 100.00% (1471/1471)
Epoch [32/100], Training Loss: 0.3454
Validation Loss: 0.3523, Validation Accuracy: 74.17%

Per-Class Validation Accuracy:
  Class 0: 99.00% (1484/1499)
  Class 1: 100.00% (1476/1476)
  Class 2: 1.22% (19/1554)
  Class 3: 100.00% (1471/1471)
Epoch [33/100], Training Loss: 0.3448
Validation Loss: 0.3542, Validation Accuracy: 74.08%

Per-Class Validation Accuracy:
  Class 0: 99.93% (1498/1499)
  Class 1: 100.00% (1476/1476)
  Class 2: 0.00% (0/1554)
  Class 3: 100.00% (1471/1471)
Epoch [34/100], Training Loss: 0.3439
Validation Loss: 0.3506, Validation Accuracy: 75.33%

Per-Class Validation Accuracy:
  Class 0: 4.47% (67/1499)
  Class 1: 100.00% (1476/1476)
  Class 2: 96.91% (1506/1554)
  Class 3: 100.00% (1471/1471)
Epoch [35/100], Training Loss: 0.3433
Validation Loss: 0.3508, Validation Accuracy: 74.75%

Per-Class Validation Accuracy:
  Class 0: 92.60% (1388/1499)
  Class 1: 100.00% (1476/1476)
  Class 2: 9.65% (150/1554)
  Class 3: 100.00% (1471/1471)
Epoch [36/100], Training Loss: 0.3437
Validation Loss: 0.3500, Validation Accuracy: 76.80%

Per-Class Validation Accuracy:
  Class 0: 86.46% (1296/1499)
  Class 1: 100.00% (1476/1476)
  Class 2: 23.49% (365/1554)
  Class 3: 100.00% (1471/1471)
Epoch [37/100], Training Loss: 0.3432
Validation Loss: 0.3492, Validation Accuracy: 77.07%

Per-Class Validation Accuracy:
  Class 0: 33.29% (499/1499)
  Class 1: 100.00% (1476/1476)
  Class 2: 75.80% (1178/1554)
  Class 3: 100.00% (1471/1471)
Epoch [38/100], Training Loss: 0.3429
Validation Loss: 0.3489, Validation Accuracy: 78.47%

Per-Class Validation Accuracy:
  Class 0: 71.71% (1075/1499)
  Class 1: 100.00% (1476/1476)
  Class 2: 44.14% (686/1554)
  Class 3: 100.00% (1471/1471)
Epoch [39/100], Training Loss: 0.3426
Validation Loss: 0.3547, Validation Accuracy: 74.78%

Per-Class Validation Accuracy:
  Class 0: 84.46% (1266/1499)
  Class 1: 100.00% (1476/1476)
  Class 2: 17.63% (274/1554)
  Class 3: 100.00% (1471/1471)
Epoch [40/100], Training Loss: 0.3423
Validation Loss: 0.3551, Validation Accuracy: 74.08%

Per-Class Validation Accuracy:
  Class 0: 99.93% (1498/1499)
  Class 1: 100.00% (1476/1476)
  Class 2: 0.00% (0/1554)
  Class 3: 100.00% (1471/1471)
Epoch [41/100], Training Loss: 0.3429
Validation Loss: 0.3484, Validation Accuracy: 76.15%

Per-Class Validation Accuracy:
  Class 0: 86.79% (1301/1499)
  Class 1: 100.00% (1476/1476)
  Class 2: 20.66% (321/1554)
  Class 3: 100.00% (1471/1471)
Epoch [42/100], Training Loss: 0.3423
Validation Loss: 0.3485, Validation Accuracy: 76.53%

Per-Class Validation Accuracy:
  Class 0: 8.01% (120/1499)
  Class 1: 100.00% (1476/1476)
  Class 2: 98.13% (1525/1554)
  Class 3: 100.00% (1471/1471)
Epoch [43/100], Training Loss: 0.3424
Validation Loss: 0.3512, Validation Accuracy: 75.77%

Per-Class Validation Accuracy:
  Class 0: 37.56% (563/1499)
  Class 1: 100.00% (1476/1476)
  Class 2: 66.67% (1036/1554)
  Class 3: 100.00% (1471/1471)
Epoch [44/100], Training Loss: 0.3426
Validation Loss: 0.3513, Validation Accuracy: 74.08%

Per-Class Validation Accuracy:
  Class 0: 99.93% (1498/1499)
  Class 1: 100.00% (1476/1476)
  Class 2: 0.00% (0/1554)
  Class 3: 100.00% (1471/1471)
Epoch [45/100], Training Loss: 0.3420
Validation Loss: 0.3477, Validation Accuracy: 76.92%

Per-Class Validation Accuracy:
  Class 0: 43.50% (652/1499)
  Class 1: 100.00% (1476/1476)
  Class 2: 65.38% (1016/1554)
  Class 3: 100.00% (1471/1471)
Epoch [46/100], Training Loss: 0.3417
Validation Loss: 0.3491, Validation Accuracy: 74.80%

Per-Class Validation Accuracy:
  Class 0: 97.06% (1455/1499)
  Class 1: 100.00% (1476/1476)
  Class 2: 5.53% (86/1554)
  Class 3: 100.00% (1471/1471)
Epoch [47/100], Training Loss: 0.3412
Validation Loss: 0.3474, Validation Accuracy: 76.67%

Per-Class Validation Accuracy:
  Class 0: 9.61% (144/1499)
  Class 1: 100.00% (1476/1476)
  Class 2: 97.10% (1509/1554)
  Class 3: 100.00% (1471/1471)
Epoch [48/100], Training Loss: 0.3408
Validation Loss: 0.3456, Validation Accuracy: 78.60%

Per-Class Validation Accuracy:
  Class 0: 57.37% (860/1499)
  Class 1: 100.00% (1476/1476)
  Class 2: 58.49% (909/1554)
  Class 3: 100.00% (1471/1471)
Epoch [49/100], Training Loss: 0.3406
Validation Loss: 0.3450, Validation Accuracy: 77.07%

Per-Class Validation Accuracy:
  Class 0: 85.32% (1279/1499)
  Class 1: 100.00% (1476/1476)
  Class 2: 25.61% (398/1554)
  Class 3: 100.00% (1471/1471)
Epoch [50/100], Training Loss: 0.3396
Validation Loss: 0.3438, Validation Accuracy: 77.22%

Per-Class Validation Accuracy:
  Class 0: 85.79% (1286/1499)
  Class 1: 100.00% (1476/1476)
  Class 2: 25.74% (400/1554)
  Class 3: 100.00% (1471/1471)
Epoch [51/100], Training Loss: 0.3400
Validation Loss: 0.3460, Validation Accuracy: 77.93%

Per-Class Validation Accuracy:
  Class 0: 80.92% (1213/1499)
  Class 1: 100.00% (1476/1476)
  Class 2: 33.20% (516/1554)
  Class 3: 100.00% (1471/1471)
Epoch [52/100], Training Loss: 0.3397
Validation Loss: 0.3437, Validation Accuracy: 77.18%

Per-Class Validation Accuracy:
  Class 0: 82.52% (1237/1499)
  Class 1: 100.00% (1476/1476)
  Class 2: 28.76% (447/1554)
  Class 3: 100.00% (1471/1471)
Epoch [53/100], Training Loss: 0.3398
Validation Loss: 0.3513, Validation Accuracy: 74.53%

Per-Class Validation Accuracy:
  Class 0: 88.99% (1334/1499)
  Class 1: 100.00% (1476/1476)
  Class 2: 12.29% (191/1554)
  Class 3: 100.00% (1471/1471)
Epoch [54/100], Training Loss: 0.3395
Validation Loss: 0.3472, Validation Accuracy: 74.53%

Per-Class Validation Accuracy:
  Class 0: 82.99% (1244/1499)
  Class 1: 100.00% (1476/1476)
  Class 2: 18.08% (281/1554)
  Class 3: 100.00% (1471/1471)
Epoch [55/100], Training Loss: 0.3390
Validation Loss: 0.3452, Validation Accuracy: 77.53%

Per-Class Validation Accuracy:
  Class 0: 30.02% (450/1499)
  Class 1: 100.00% (1476/1476)
  Class 2: 80.76% (1255/1554)
  Class 3: 100.00% (1471/1471)
Epoch [56/100], Training Loss: 0.3373
Validation Loss: 0.3439, Validation Accuracy: 78.18%

Per-Class Validation Accuracy:
  Class 0: 49.30% (739/1499)
  Class 1: 100.00% (1476/1476)
  Class 2: 64.67% (1005/1554)
  Class 3: 100.00% (1471/1471)
Epoch [57/100], Training Loss: 0.3343
Validation Loss: 0.3418, Validation Accuracy: 78.90%

Per-Class Validation Accuracy:
  Class 0: 59.84% (897/1499)
  Class 1: 100.00% (1476/1476)
  Class 2: 57.27% (890/1554)
  Class 3: 100.00% (1471/1471)
Epoch [58/100], Training Loss: 0.3321
Validation Loss: 0.3377, Validation Accuracy: 79.55%

Per-Class Validation Accuracy:
  Class 0: 61.31% (919/1499)
  Class 1: 100.00% (1476/1476)
  Class 2: 58.37% (907/1554)
  Class 3: 100.00% (1471/1471)
Epoch [59/100], Training Loss: 0.3312
Validation Loss: 0.3351, Validation Accuracy: 79.42%

Per-Class Validation Accuracy:
  Class 0: 58.84% (882/1499)
  Class 1: 100.00% (1476/1476)
  Class 2: 60.23% (936/1554)
  Class 3: 100.00% (1471/1471)
Epoch [60/100], Training Loss: 0.3312
Validation Loss: 0.3340, Validation Accuracy: 79.45%

Per-Class Validation Accuracy:
  Class 0: 36.36% (545/1499)
  Class 1: 100.00% (1476/1476)
  Class 2: 82.05% (1275/1554)
  Class 3: 100.00% (1471/1471)
Epoch [61/100], Training Loss: 0.3291
Validation Loss: 0.3459, Validation Accuracy: 77.57%

Per-Class Validation Accuracy:
  Class 0: 15.21% (228/1499)
  Class 1: 100.00% (1476/1476)
  Class 2: 95.17% (1479/1554)
  Class 3: 100.00% (1471/1471)
Epoch [62/100], Training Loss: 0.3299
Validation Loss: 0.3387, Validation Accuracy: 79.13%

Per-Class Validation Accuracy:
  Class 0: 50.50% (757/1499)
  Class 1: 100.00% (1476/1476)
  Class 2: 67.18% (1044/1554)
  Class 3: 100.00% (1471/1471)
Epoch [63/100], Training Loss: 0.3292
Validation Loss: 0.3354, Validation Accuracy: 79.58%

Per-Class Validation Accuracy:
  Class 0: 48.17% (722/1499)
  Class 1: 100.00% (1476/1476)
  Class 2: 71.17% (1106/1554)
  Class 3: 100.00% (1471/1471)
Epoch [64/100], Training Loss: 0.3291
Validation Loss: 0.3324, Validation Accuracy: 79.32%

Per-Class Validation Accuracy:
  Class 0: 50.23% (753/1499)
  Class 1: 100.00% (1476/1476)
  Class 2: 68.15% (1059/1554)
  Class 3: 100.00% (1471/1471)
Epoch [65/100], Training Loss: 0.3282
Validation Loss: 0.3336, Validation Accuracy: 79.58%

Per-Class Validation Accuracy:
  Class 0: 48.57% (728/1499)
  Class 1: 100.00% (1476/1476)
  Class 2: 70.79% (1100/1554)
  Class 3: 100.00% (1471/1471)
Epoch [66/100], Training Loss: 0.3282
Validation Loss: 0.3399, Validation Accuracy: 76.48%

Per-Class Validation Accuracy:
  Class 0: 79.19% (1187/1499)
  Class 1: 100.00% (1476/1476)
  Class 2: 29.28% (455/1554)
  Class 3: 100.00% (1471/1471)
Epoch [67/100], Training Loss: 0.3281
Validation Loss: 0.3325, Validation Accuracy: 79.22%

Per-Class Validation Accuracy:
  Class 0: 65.91% (988/1499)
  Class 1: 100.00% (1476/1476)
  Class 2: 52.64% (818/1554)
  Class 3: 100.00% (1471/1471)
Epoch [68/100], Training Loss: 0.3267
Validation Loss: 0.3315, Validation Accuracy: 79.98%

Per-Class Validation Accuracy:
  Class 0: 49.37% (740/1499)
  Class 1: 100.00% (1476/1476)
  Class 2: 71.56% (1112/1554)
  Class 3: 100.00% (1471/1471)
Epoch [69/100], Training Loss: 0.3265
Validation Loss: 0.3309, Validation Accuracy: 79.60%

Per-Class Validation Accuracy:
  Class 0: 66.78% (1001/1499)
  Class 1: 100.00% (1476/1476)
  Class 2: 53.28% (828/1554)
  Class 3: 100.00% (1471/1471)
Epoch [70/100], Training Loss: 0.3263
Validation Loss: 0.3343, Validation Accuracy: 78.70%

Per-Class Validation Accuracy:
  Class 0: 62.64% (939/1499)
  Class 1: 100.00% (1476/1476)
  Class 2: 53.80% (836/1554)
  Class 3: 100.00% (1471/1471)
Epoch [71/100], Training Loss: 0.3267
Validation Loss: 0.3413, Validation Accuracy: 77.17%

Per-Class Validation Accuracy:
  Class 0: 70.11% (1051/1499)
  Class 1: 100.00% (1476/1476)
  Class 2: 40.67% (632/1554)
  Class 3: 100.00% (1471/1471)
Epoch [72/100], Training Loss: 0.3262
Validation Loss: 0.3303, Validation Accuracy: 79.25%

Per-Class Validation Accuracy:
  Class 0: 58.77% (881/1499)
  Class 1: 100.00% (1476/1476)
  Class 2: 59.65% (927/1554)
  Class 3: 100.00% (1471/1471)
Epoch [73/100], Training Loss: 0.3271
Validation Loss: 0.3341, Validation Accuracy: 77.47%

Per-Class Validation Accuracy:
  Class 0: 84.32% (1264/1499)
  Class 1: 100.00% (1476/1476)
  Class 2: 28.12% (437/1554)
  Class 3: 100.00% (1471/1471)
Epoch [74/100], Training Loss: 0.3268
Validation Loss: 0.3276, Validation Accuracy: 80.17%

Per-Class Validation Accuracy:
  Class 0: 55.64% (834/1499)
  Class 1: 100.00% (1476/1476)
  Class 2: 66.22% (1029/1554)
  Class 3: 100.00% (1471/1471)
Epoch [75/100], Training Loss: 0.3256
Validation Loss: 0.3277, Validation Accuracy: 79.77%

Per-Class Validation Accuracy:
  Class 0: 62.78% (941/1499)
  Class 1: 100.00% (1476/1476)
  Class 2: 57.79% (898/1554)
  Class 3: 100.00% (1471/1471)
Epoch [76/100], Training Loss: 0.3239
Validation Loss: 0.3324, Validation Accuracy: 77.32%

Per-Class Validation Accuracy:
  Class 0: 84.32% (1264/1499)
  Class 1: 100.00% (1476/1476)
  Class 2: 27.54% (428/1554)
  Class 3: 100.00% (1471/1471)
Epoch [77/100], Training Loss: 0.3246
Validation Loss: 0.3409, Validation Accuracy: 78.38%

Per-Class Validation Accuracy:
  Class 0: 28.02% (420/1499)
  Class 1: 100.00% (1476/1476)
  Class 2: 85.97% (1336/1554)
  Class 3: 100.00% (1471/1471)
Epoch [78/100], Training Loss: 0.3253
Validation Loss: 0.3328, Validation Accuracy: 78.02%

Per-Class Validation Accuracy:
  Class 0: 71.31% (1069/1499)
  Class 1: 100.00% (1476/1476)
  Class 2: 42.79% (665/1554)
  Class 3: 100.00% (1471/1471)
Epoch [79/100], Training Loss: 0.3236
Validation Loss: 0.3285, Validation Accuracy: 79.82%

Per-Class Validation Accuracy:
  Class 0: 53.50% (802/1499)
  Class 1: 100.00% (1476/1476)
  Class 2: 66.92% (1040/1554)
  Class 3: 100.00% (1471/1471)
Epoch [80/100], Training Loss: 0.3233
Validation Loss: 0.3298, Validation Accuracy: 78.75%

Per-Class Validation Accuracy:
  Class 0: 74.25% (1113/1499)
  Class 1: 100.00% (1476/1476)
  Class 2: 42.79% (665/1554)
  Class 3: 100.00% (1471/1471)
Epoch [81/100], Training Loss: 0.3175
Validation Loss: 0.3285, Validation Accuracy: 81.10%

Per-Class Validation Accuracy:
  Class 0: 45.63% (684/1499)
  Class 1: 100.00% (1476/1476)
  Class 2: 79.47% (1235/1554)
  Class 3: 100.00% (1471/1471)
Epoch [82/100], Training Loss: 0.3168
Validation Loss: 0.3211, Validation Accuracy: 81.37%

Per-Class Validation Accuracy:
  Class 0: 45.83% (687/1499)
  Class 1: 100.00% (1476/1476)
  Class 2: 80.31% (1248/1554)
  Class 3: 100.00% (1471/1471)
Epoch [83/100], Training Loss: 0.3155
Validation Loss: 0.3236, Validation Accuracy: 80.95%

Per-Class Validation Accuracy:
  Class 0: 40.23% (603/1499)
  Class 1: 100.00% (1476/1476)
  Class 2: 84.11% (1307/1554)
  Class 3: 100.00% (1471/1471)
Epoch [84/100], Training Loss: 0.3156
Validation Loss: 0.3274, Validation Accuracy: 77.90%

Per-Class Validation Accuracy:
  Class 0: 85.06% (1275/1499)
  Class 1: 100.00% (1476/1476)
  Class 2: 29.09% (452/1554)
  Class 3: 100.00% (1471/1471)
Epoch [85/100], Training Loss: 0.3142
Validation Loss: 0.3300, Validation Accuracy: 78.50%

Per-Class Validation Accuracy:
  Class 0: 81.79% (1226/1499)
  Class 1: 100.00% (1476/1476)
  Class 2: 34.56% (537/1554)
  Class 3: 100.00% (1471/1471)
Epoch [86/100], Training Loss: 0.3127
Validation Loss: 0.3195, Validation Accuracy: 80.55%

Per-Class Validation Accuracy:
  Class 0: 71.65% (1074/1499)
  Class 1: 100.00% (1476/1476)
  Class 2: 52.25% (812/1554)
  Class 3: 100.00% (1471/1471)
Epoch [87/100], Training Loss: 0.3124
Validation Loss: 0.3156, Validation Accuracy: 81.83%

Per-Class Validation Accuracy:
  Class 0: 56.97% (854/1499)
  Class 1: 100.00% (1476/1476)
  Class 2: 71.36% (1109/1554)
  Class 3: 100.00% (1471/1471)
Epoch [88/100], Training Loss: 0.3123
Validation Loss: 0.3152, Validation Accuracy: 82.22%

Per-Class Validation Accuracy:
  Class 0: 42.90% (643/1499)
  Class 1: 100.00% (1476/1476)
  Class 2: 86.42% (1343/1554)
  Class 3: 100.00% (1471/1471)
Epoch [89/100], Training Loss: 0.3118
Validation Loss: 0.3255, Validation Accuracy: 79.05%

Per-Class Validation Accuracy:
  Class 0: 79.99% (1199/1499)
  Class 1: 100.00% (1476/1476)
  Class 2: 38.42% (597/1554)
  Class 3: 100.00% (1471/1471)
Epoch [90/100], Training Loss: 0.3116
Validation Loss: 0.3139, Validation Accuracy: 82.40%

Per-Class Validation Accuracy:
  Class 0: 47.70% (715/1499)
  Class 1: 100.00% (1476/1476)
  Class 2: 82.50% (1282/1554)
  Class 3: 100.00% (1471/1471)
Epoch [91/100], Training Loss: 0.3103
Validation Loss: 0.3331, Validation Accuracy: 77.57%

Per-Class Validation Accuracy:
  Class 0: 90.39% (1355/1499)
  Class 1: 100.00% (1476/1476)
  Class 2: 22.65% (352/1554)
  Class 3: 100.00% (1471/1471)
Epoch [92/100], Training Loss: 0.3111
Validation Loss: 0.3119, Validation Accuracy: 82.22%

Per-Class Validation Accuracy:
  Class 0: 62.04% (930/1499)
  Class 1: 100.00% (1476/1476)
  Class 2: 67.95% (1056/1554)
  Class 3: 100.00% (1471/1471)
Epoch [93/100], Training Loss: 0.3079
Validation Loss: 0.3224, Validation Accuracy: 78.98%

Per-Class Validation Accuracy:
  Class 0: 81.85% (1227/1499)
  Class 1: 100.00% (1476/1476)
  Class 2: 36.36% (565/1554)
  Class 3: 100.00% (1471/1471)
Epoch [94/100], Training Loss: 0.3090
Validation Loss: 0.3116, Validation Accuracy: 81.77%

Per-Class Validation Accuracy:
  Class 0: 72.72% (1090/1499)
  Class 1: 100.00% (1476/1476)
  Class 2: 55.92% (869/1554)
  Class 3: 100.00% (1471/1471)
Epoch [95/100], Training Loss: 0.3092
Validation Loss: 0.3098, Validation Accuracy: 82.02%

Per-Class Validation Accuracy:
  Class 0: 54.97% (824/1499)
  Class 1: 100.00% (1476/1476)
  Class 2: 74.00% (1150/1554)
  Class 3: 100.00% (1471/1471)
Epoch [96/100], Training Loss: 0.3079
Validation Loss: 0.3185, Validation Accuracy: 79.63%

Per-Class Validation Accuracy:
  Class 0: 79.79% (1196/1499)
  Class 1: 100.00% (1476/1476)
  Class 2: 40.86% (635/1554)
  Class 3: 100.00% (1471/1471)
Epoch [97/100], Training Loss: 0.3073
Validation Loss: 0.3150, Validation Accuracy: 80.58%

Per-Class Validation Accuracy:
  Class 0: 76.98% (1154/1499)
  Class 1: 100.00% (1476/1476)
  Class 2: 47.23% (734/1554)
  Class 3: 100.00% (1471/1471)
Epoch [98/100], Training Loss: 0.3066
Validation Loss: 0.3127, Validation Accuracy: 81.63%

Per-Class Validation Accuracy:
  Class 0: 32.56% (488/1499)
  Class 1: 100.00% (1476/1476)
  Class 2: 94.14% (1463/1554)
  Class 3: 100.00% (1471/1471)
Epoch [99/100], Training Loss: 0.3044
Validation Loss: 0.3065, Validation Accuracy: 82.80%

Per-Class Validation Accuracy:
  Class 0: 50.90% (763/1499)
  Class 1: 100.00% (1476/1476)
  Class 2: 80.95% (1258/1554)
  Class 3: 100.00% (1471/1471)
Epoch [100/100], Training Loss: 0.3052
Validation Loss: 0.3113, Validation Accuracy: 81.85%

Per-Class Validation Accuracy:
  Class 0: 68.91% (1033/1499)
  Class 1: 100.00% (1476/1476)
  Class 2: 59.91% (931/1554)
  Class 3: 100.00% (1471/1471)

	Elapsed time is 606.1945 seconds.

==========================================================================================
Total parameters: 14788
Total memory (bytes): 118304
Total memory (MB): 0.112823486328125
==========================================================================================
Validation Loss: 0.3113, Validation Accuracy: 81.85%

Per-Class Validation Accuracy:
  No Thrust: 68.91% (1033/1499)
  Chemical: 100.00% (1476/1476)
  Electric: 59.91% (931/1554)
  Impulsive: 100.00% (1471/1471)

Classification Report:
              precision    recall  f1-score   support

   No Thrust     0.6238    0.6891    0.6548      1499
    Chemical     1.0000    1.0000    1.0000      1476
    Electric     0.6664    0.5991    0.6310      1554
   Impulsive     1.0000    1.0000    1.0000      1471

    accuracy                         0.8185      6000
   macro avg     0.8226    0.8221    0.8215      6000
weighted avg     0.8196    0.8185    0.8182      6000


Confusion Matrix (rows = true, cols = predicted):
             P_No Thrust  P_Chemical  P_Electric  P_Impulsive
T_No Thrust         1033           0         466            0
T_Chemical             0        1476           0            0
T_Electric           623           0         931            0
T_Impulsive            0           0           0         1471

Entering Mamba Training Loop
Epoch [1/100], Training Loss: 0.5199
Validation Loss: 0.3569, Validation Accuracy: 74.47%

Per-Class Validation Accuracy:
  Class 0: 27.35% (410/1499)
  Class 1: 100.00% (1476/1476)
  Class 2: 71.49% (1111/1554)
  Class 3: 100.00% (1471/1471)
Epoch [2/100], Training Loss: 0.3624
Validation Loss: 0.3568, Validation Accuracy: 75.18%

Per-Class Validation Accuracy:
  Class 0: 20.88% (313/1499)
  Class 1: 100.00% (1476/1476)
  Class 2: 80.50% (1251/1554)
  Class 3: 100.00% (1471/1471)
Epoch [3/100], Training Loss: 0.3493
Validation Loss: 0.3582, Validation Accuracy: 73.93%

Per-Class Validation Accuracy:
  Class 0: 98.53% (1477/1499)
  Class 1: 100.00% (1476/1476)
  Class 2: 0.77% (12/1554)
  Class 3: 100.00% (1471/1471)
Epoch [4/100], Training Loss: 0.3482
Validation Loss: 0.3561, Validation Accuracy: 74.78%

Per-Class Validation Accuracy:
  Class 0: 71.38% (1070/1499)
  Class 1: 100.00% (1476/1476)
  Class 2: 30.24% (470/1554)
  Class 3: 100.00% (1471/1471)
Epoch [5/100], Training Loss: 0.3509
Validation Loss: 0.3538, Validation Accuracy: 75.30%

Per-Class Validation Accuracy:
  Class 0: 1.40% (21/1499)
  Class 1: 100.00% (1476/1476)
  Class 2: 99.74% (1550/1554)
  Class 3: 100.00% (1471/1471)
Epoch [6/100], Training Loss: 0.3468
Validation Loss: 0.3529, Validation Accuracy: 75.32%

Per-Class Validation Accuracy:
  Class 0: 48.30% (724/1499)
  Class 1: 100.00% (1476/1476)
  Class 2: 54.57% (848/1554)
  Class 3: 100.00% (1471/1471)
Epoch [7/100], Training Loss: 0.3469
Validation Loss: 0.3533, Validation Accuracy: 74.95%

Per-Class Validation Accuracy:
  Class 0: 62.04% (930/1499)
  Class 1: 100.00% (1476/1476)
  Class 2: 39.90% (620/1554)
  Class 3: 100.00% (1471/1471)
Epoch [8/100], Training Loss: 0.3462
Validation Loss: 0.3523, Validation Accuracy: 75.40%

Per-Class Validation Accuracy:
  Class 0: 13.14% (197/1499)
  Class 1: 100.00% (1476/1476)
  Class 2: 88.80% (1380/1554)
  Class 3: 100.00% (1471/1471)
Epoch [9/100], Training Loss: 0.3472
Validation Loss: 0.3520, Validation Accuracy: 75.93%

Per-Class Validation Accuracy:
  Class 0: 21.81% (327/1499)
  Class 1: 100.00% (1476/1476)
  Class 2: 82.50% (1282/1554)
  Class 3: 100.00% (1471/1471)
Epoch [10/100], Training Loss: 0.3459
Validation Loss: 0.3525, Validation Accuracy: 75.75%

Per-Class Validation Accuracy:
  Class 0: 4.20% (63/1499)
  Class 1: 100.00% (1476/1476)
  Class 2: 98.78% (1535/1554)
  Class 3: 100.00% (1471/1471)
Epoch [11/100], Training Loss: 0.3456
Validation Loss: 0.3531, Validation Accuracy: 76.78%

Per-Class Validation Accuracy:
  Class 0: 36.22% (543/1499)
  Class 1: 100.00% (1476/1476)
  Class 2: 71.88% (1117/1554)
  Class 3: 100.00% (1471/1471)
Epoch [12/100], Training Loss: 0.3461
Validation Loss: 0.3525, Validation Accuracy: 74.63%

Per-Class Validation Accuracy:
  Class 0: 67.51% (1012/1499)
  Class 1: 100.00% (1476/1476)
  Class 2: 33.40% (519/1554)
  Class 3: 100.00% (1471/1471)
Epoch [13/100], Training Loss: 0.3457
Validation Loss: 0.3529, Validation Accuracy: 76.78%

Per-Class Validation Accuracy:
  Class 0: 47.23% (708/1499)
  Class 1: 100.00% (1476/1476)
  Class 2: 61.26% (952/1554)
  Class 3: 100.00% (1471/1471)
Epoch [14/100], Training Loss: 0.3455
Validation Loss: 0.3608, Validation Accuracy: 74.40%

Per-Class Validation Accuracy:
  Class 0: 96.06% (1440/1499)
  Class 1: 100.00% (1476/1476)
  Class 2: 4.95% (77/1554)
  Class 3: 100.00% (1471/1471)
Epoch [15/100], Training Loss: 0.3456
Validation Loss: 0.3520, Validation Accuracy: 75.33%

Per-Class Validation Accuracy:
  Class 0: 68.85% (1032/1499)
  Class 1: 100.00% (1476/1476)
  Class 2: 34.81% (541/1554)
  Class 3: 100.00% (1471/1471)
Epoch [16/100], Training Loss: 0.3442
Validation Loss: 0.3515, Validation Accuracy: 76.55%

Per-Class Validation Accuracy:
  Class 0: 63.38% (950/1499)
  Class 1: 100.00% (1476/1476)
  Class 2: 44.79% (696/1554)
  Class 3: 100.00% (1471/1471)
Epoch [17/100], Training Loss: 0.3431
Validation Loss: 0.3636, Validation Accuracy: 74.38%

Per-Class Validation Accuracy:
  Class 0: 89.99% (1349/1499)
  Class 1: 100.00% (1476/1476)
  Class 2: 10.75% (167/1554)
  Class 3: 100.00% (1471/1471)
Epoch [18/100], Training Loss: 0.3437
Validation Loss: 0.3605, Validation Accuracy: 74.65%

Per-Class Validation Accuracy:
  Class 0: 91.79% (1376/1499)
  Class 1: 100.00% (1476/1476)
  Class 2: 10.04% (156/1554)
  Class 3: 100.00% (1471/1471)
Epoch [19/100], Training Loss: 0.3395
Validation Loss: 0.3454, Validation Accuracy: 76.02%

Per-Class Validation Accuracy:
  Class 0: 77.32% (1159/1499)
  Class 1: 100.00% (1476/1476)
  Class 2: 29.28% (455/1554)
  Class 3: 100.00% (1471/1471)
Epoch [20/100], Training Loss: 0.3375
Validation Loss: 0.3409, Validation Accuracy: 77.67%

Per-Class Validation Accuracy:
  Class 0: 89.46% (1341/1499)
  Class 1: 100.00% (1476/1476)
  Class 2: 23.94% (372/1554)
  Class 3: 100.00% (1471/1471)
Epoch [21/100], Training Loss: 0.3343
Validation Loss: 0.3527, Validation Accuracy: 74.50%

Per-Class Validation Accuracy:
  Class 0: 91.19% (1367/1499)
  Class 1: 100.00% (1476/1476)
  Class 2: 10.04% (156/1554)
  Class 3: 100.00% (1471/1471)
Epoch [22/100], Training Loss: 0.3323
Validation Loss: 0.3304, Validation Accuracy: 81.15%

Per-Class Validation Accuracy:
  Class 0: 51.97% (779/1499)
  Class 1: 100.00% (1476/1476)
  Class 2: 73.55% (1143/1554)
  Class 3: 100.00% (1471/1471)
Epoch [23/100], Training Loss: 0.3282
Validation Loss: 0.3734, Validation Accuracy: 74.08%

Per-Class Validation Accuracy:
  Class 0: 99.27% (1488/1499)
  Class 1: 100.00% (1476/1476)
  Class 2: 0.64% (10/1554)
  Class 3: 100.00% (1471/1471)
Epoch [24/100], Training Loss: 0.3262
Validation Loss: 0.3404, Validation Accuracy: 76.02%

Per-Class Validation Accuracy:
  Class 0: 93.13% (1396/1499)
  Class 1: 100.00% (1476/1476)
  Class 2: 14.03% (218/1554)
  Class 3: 100.00% (1471/1471)
Epoch [25/100], Training Loss: 0.3261
Validation Loss: 0.3472, Validation Accuracy: 75.48%

Per-Class Validation Accuracy:
  Class 0: 94.40% (1415/1499)
  Class 1: 100.00% (1476/1476)
  Class 2: 10.75% (167/1554)
  Class 3: 100.00% (1471/1471)
Epoch [26/100], Training Loss: 0.3259
Validation Loss: 0.3251, Validation Accuracy: 81.02%

Per-Class Validation Accuracy:
  Class 0: 38.69% (580/1499)
  Class 1: 100.00% (1476/1476)
  Class 2: 85.84% (1334/1554)
  Class 3: 100.00% (1471/1471)
Epoch [27/100], Training Loss: 0.3249
Validation Loss: 0.3254, Validation Accuracy: 79.57%

Per-Class Validation Accuracy:
  Class 0: 74.85% (1122/1499)
  Class 1: 100.00% (1476/1476)
  Class 2: 45.37% (705/1554)
  Class 3: 100.00% (1471/1471)
Epoch [28/100], Training Loss: 0.3238
Validation Loss: 0.3282, Validation Accuracy: 78.88%

Per-Class Validation Accuracy:
  Class 0: 68.51% (1027/1499)
  Class 1: 100.00% (1476/1476)
  Class 2: 48.84% (759/1554)
  Class 3: 100.00% (1471/1471)
Epoch [29/100], Training Loss: 0.3228
Validation Loss: 0.3250, Validation Accuracy: 81.00%

Per-Class Validation Accuracy:
  Class 0: 74.05% (1110/1499)
  Class 1: 100.00% (1476/1476)
  Class 2: 51.67% (803/1554)
  Class 3: 100.00% (1471/1471)
Epoch [30/100], Training Loss: 0.3191
Validation Loss: 0.3223, Validation Accuracy: 80.08%

Per-Class Validation Accuracy:
  Class 0: 73.78% (1106/1499)
  Class 1: 100.00% (1476/1476)
  Class 2: 48.39% (752/1554)
  Class 3: 100.00% (1471/1471)
Epoch [31/100], Training Loss: 0.3201
Validation Loss: 0.3210, Validation Accuracy: 81.40%

Per-Class Validation Accuracy:
  Class 0: 70.05% (1050/1499)
  Class 1: 100.00% (1476/1476)
  Class 2: 57.08% (887/1554)
  Class 3: 100.00% (1471/1471)
Epoch [32/100], Training Loss: 0.3195
Validation Loss: 0.3297, Validation Accuracy: 80.45%

Per-Class Validation Accuracy:
  Class 0: 34.22% (513/1499)
  Class 1: 100.00% (1476/1476)
  Class 2: 88.03% (1368/1554)
  Class 3: 99.93% (1470/1471)
Epoch [33/100], Training Loss: 0.3142
Validation Loss: 0.3156, Validation Accuracy: 80.27%

Per-Class Validation Accuracy:
  Class 0: 48.17% (722/1499)
  Class 1: 100.00% (1476/1476)
  Class 2: 73.81% (1147/1554)
  Class 3: 100.00% (1471/1471)
Epoch [34/100], Training Loss: 0.3207
Validation Loss: 0.3346, Validation Accuracy: 82.13%

Per-Class Validation Accuracy:
  Class 0: 88.19% (1322/1499)
  Class 1: 100.00% (1476/1476)
  Class 2: 42.41% (659/1554)
  Class 3: 100.00% (1471/1471)
Epoch [35/100], Training Loss: 0.3152
Validation Loss: 0.3101, Validation Accuracy: 81.75%

Per-Class Validation Accuracy:
  Class 0: 61.84% (927/1499)
  Class 1: 100.00% (1476/1476)
  Class 2: 66.34% (1031/1554)
  Class 3: 100.00% (1471/1471)
Epoch [36/100], Training Loss: 0.3173
Validation Loss: 0.3166, Validation Accuracy: 81.37%

Per-Class Validation Accuracy:
  Class 0: 48.17% (722/1499)
  Class 1: 100.00% (1476/1476)
  Class 2: 78.06% (1213/1554)
  Class 3: 100.00% (1471/1471)
Epoch [37/100], Training Loss: 0.3150
Validation Loss: 0.3057, Validation Accuracy: 81.98%

Per-Class Validation Accuracy:
  Class 0: 42.49% (637/1499)
  Class 1: 100.00% (1476/1476)
  Class 2: 85.91% (1335/1554)
  Class 3: 100.00% (1471/1471)
Epoch [38/100], Training Loss: 0.3145
Validation Loss: 0.3121, Validation Accuracy: 81.32%

Per-Class Validation Accuracy:
  Class 0: 66.44% (996/1499)
  Class 1: 100.00% (1476/1476)
  Class 2: 60.23% (936/1554)
  Class 3: 100.00% (1471/1471)
Epoch [39/100], Training Loss: 0.3148
Validation Loss: 0.3184, Validation Accuracy: 79.93%

Per-Class Validation Accuracy:
  Class 0: 25.68% (385/1499)
  Class 1: 100.00% (1476/1476)
  Class 2: 94.21% (1464/1554)
  Class 3: 100.00% (1471/1471)
Epoch [40/100], Training Loss: 0.3145
Validation Loss: 0.3482, Validation Accuracy: 77.17%

Per-Class Validation Accuracy:
  Class 0: 9.14% (137/1499)
  Class 1: 100.00% (1476/1476)
  Class 2: 99.49% (1546/1554)
  Class 3: 100.00% (1471/1471)
Epoch [41/100], Training Loss: 0.3131
Validation Loss: 0.3243, Validation Accuracy: 78.03%

Per-Class Validation Accuracy:
  Class 0: 88.59% (1328/1499)
  Class 1: 100.00% (1476/1476)
  Class 2: 26.19% (407/1554)
  Class 3: 100.00% (1471/1471)
Epoch [42/100], Training Loss: 0.3130
Validation Loss: 0.3186, Validation Accuracy: 78.90%

Per-Class Validation Accuracy:
  Class 0: 76.38% (1145/1499)
  Class 1: 100.00% (1476/1476)
  Class 2: 41.31% (642/1554)
  Class 3: 100.00% (1471/1471)
Epoch [43/100], Training Loss: 0.3116
Validation Loss: 0.3153, Validation Accuracy: 82.12%

Per-Class Validation Accuracy:
  Class 0: 57.44% (861/1499)
  Class 1: 100.00% (1476/1476)
  Class 2: 72.01% (1119/1554)
  Class 3: 100.00% (1471/1471)
Epoch [44/100], Training Loss: 0.2999
Validation Loss: 0.2960, Validation Accuracy: 83.12%

Per-Class Validation Accuracy:
  Class 0: 71.45% (1071/1499)
  Class 1: 100.00% (1476/1476)
  Class 2: 62.36% (969/1554)
  Class 3: 100.00% (1471/1471)
Epoch [45/100], Training Loss: 0.3006
Validation Loss: 0.2965, Validation Accuracy: 83.53%

Per-Class Validation Accuracy:
  Class 0: 59.37% (890/1499)
  Class 1: 100.00% (1476/1476)
  Class 2: 75.61% (1175/1554)
  Class 3: 100.00% (1471/1471)
Epoch [46/100], Training Loss: 0.2946
Validation Loss: 0.3015, Validation Accuracy: 81.65%

Per-Class Validation Accuracy:
  Class 0: 84.12% (1261/1499)
  Class 1: 100.00% (1476/1476)
  Class 2: 44.47% (691/1554)
  Class 3: 100.00% (1471/1471)
Epoch [47/100], Training Loss: 0.2979
Validation Loss: 0.2962, Validation Accuracy: 82.62%

Per-Class Validation Accuracy:
  Class 0: 54.24% (813/1499)
  Class 1: 100.00% (1476/1476)
  Class 2: 77.03% (1197/1554)
  Class 3: 100.00% (1471/1471)
Epoch [48/100], Training Loss: 0.2935
Validation Loss: 0.2925, Validation Accuracy: 83.53%

Per-Class Validation Accuracy:
  Class 0: 89.13% (1336/1499)
  Class 1: 100.00% (1476/1476)
  Class 2: 46.91% (729/1554)
  Class 3: 100.00% (1471/1471)
Epoch [49/100], Training Loss: 0.2945
Validation Loss: 0.3018, Validation Accuracy: 81.38%

Per-Class Validation Accuracy:
  Class 0: 65.24% (978/1499)
  Class 1: 100.00% (1476/1476)
  Class 2: 61.65% (958/1554)
  Class 3: 100.00% (1471/1471)
Epoch [50/100], Training Loss: 0.2965
Validation Loss: 0.2982, Validation Accuracy: 82.15%

Per-Class Validation Accuracy:
  Class 0: 91.53% (1372/1499)
  Class 1: 100.00% (1476/1476)
  Class 2: 39.25% (610/1554)
  Class 3: 100.00% (1471/1471)
Epoch [51/100], Training Loss: 0.2950
Validation Loss: 0.3259, Validation Accuracy: 80.45%

Per-Class Validation Accuracy:
  Class 0: 87.12% (1306/1499)
  Class 1: 100.00% (1476/1476)
  Class 2: 36.94% (574/1554)
  Class 3: 100.00% (1471/1471)
Epoch [52/100], Training Loss: 0.2953
Validation Loss: 0.3071, Validation Accuracy: 81.80%

Per-Class Validation Accuracy:
  Class 0: 74.52% (1117/1499)
  Class 1: 100.00% (1476/1476)
  Class 2: 54.31% (844/1554)
  Class 3: 100.00% (1471/1471)
Epoch [53/100], Training Loss: 0.2972
Validation Loss: 0.2970, Validation Accuracy: 81.33%

Per-Class Validation Accuracy:
  Class 0: 32.89% (493/1499)
  Class 1: 100.00% (1476/1476)
  Class 2: 92.66% (1440/1554)
  Class 3: 100.00% (1471/1471)
Epoch [54/100], Training Loss: 0.2918
Validation Loss: 0.3060, Validation Accuracy: 80.43%

Per-Class Validation Accuracy:
  Class 0: 38.49% (577/1499)
  Class 1: 100.00% (1476/1476)
  Class 2: 83.78% (1302/1554)
  Class 3: 100.00% (1471/1471)
Epoch [55/100], Training Loss: 0.2868
Validation Loss: 0.2938, Validation Accuracy: 83.20%

Per-Class Validation Accuracy:
  Class 0: 55.64% (834/1499)
  Class 1: 100.00% (1476/1476)
  Class 2: 77.93% (1211/1554)
  Class 3: 100.00% (1471/1471)
Epoch [56/100], Training Loss: 0.2852
Validation Loss: 0.2835, Validation Accuracy: 84.60%

Per-Class Validation Accuracy:
  Class 0: 67.51% (1012/1499)
  Class 1: 100.00% (1476/1476)
  Class 2: 71.88% (1117/1554)
  Class 3: 100.00% (1471/1471)
Epoch [57/100], Training Loss: 0.2857
Validation Loss: 0.2824, Validation Accuracy: 84.05%

Per-Class Validation Accuracy:
  Class 0: 55.24% (828/1499)
  Class 1: 100.00% (1476/1476)
  Class 2: 81.60% (1268/1554)
  Class 3: 100.00% (1471/1471)
Epoch [58/100], Training Loss: 0.2849
Validation Loss: 0.2867, Validation Accuracy: 83.10%

Per-Class Validation Accuracy:
  Class 0: 49.17% (737/1499)
  Class 1: 100.00% (1476/1476)
  Class 2: 83.78% (1302/1554)
  Class 3: 100.00% (1471/1471)
Epoch [59/100], Training Loss: 0.2848
Validation Loss: 0.2829, Validation Accuracy: 83.73%

Per-Class Validation Accuracy:
  Class 0: 66.98% (1004/1499)
  Class 1: 100.00% (1476/1476)
  Class 2: 69.05% (1073/1554)
  Class 3: 100.00% (1471/1471)
Epoch [60/100], Training Loss: 0.2831
Validation Loss: 0.3071, Validation Accuracy: 82.00%

Per-Class Validation Accuracy:
  Class 0: 82.19% (1232/1499)
  Class 1: 100.00% (1476/1476)
  Class 2: 47.68% (741/1554)
  Class 3: 100.00% (1471/1471)
Epoch [61/100], Training Loss: 0.2832
Validation Loss: 0.2853, Validation Accuracy: 84.40%

Per-Class Validation Accuracy:
  Class 0: 72.38% (1085/1499)
  Class 1: 100.00% (1476/1476)
  Class 2: 66.41% (1032/1554)
  Class 3: 100.00% (1471/1471)
Epoch [62/100], Training Loss: 0.2827
Validation Loss: 0.2845, Validation Accuracy: 83.10%

Per-Class Validation Accuracy:
  Class 0: 55.84% (837/1499)
  Class 1: 100.00% (1476/1476)
  Class 2: 77.35% (1202/1554)
  Class 3: 100.00% (1471/1471)
Epoch [63/100], Training Loss: 0.2833
Validation Loss: 0.2802, Validation Accuracy: 84.23%

Per-Class Validation Accuracy:
  Class 0: 59.97% (899/1499)
  Class 1: 100.00% (1476/1476)
  Class 2: 77.73% (1208/1554)
  Class 3: 100.00% (1471/1471)
Epoch [64/100], Training Loss: 0.2811
Validation Loss: 0.3181, Validation Accuracy: 81.08%

Per-Class Validation Accuracy:
  Class 0: 81.12% (1216/1499)
  Class 1: 100.00% (1476/1476)
  Class 2: 45.17% (702/1554)
  Class 3: 100.00% (1471/1471)
Epoch [65/100], Training Loss: 0.2828
Validation Loss: 0.2922, Validation Accuracy: 82.32%

Per-Class Validation Accuracy:
  Class 0: 66.51% (997/1499)
  Class 1: 100.00% (1476/1476)
  Class 2: 64.03% (995/1554)
  Class 3: 100.00% (1471/1471)
Epoch [66/100], Training Loss: 0.2821
Validation Loss: 0.2825, Validation Accuracy: 84.60%

Per-Class Validation Accuracy:
  Class 0: 63.31% (949/1499)
  Class 1: 100.00% (1476/1476)
  Class 2: 75.93% (1180/1554)
  Class 3: 100.00% (1471/1471)
Epoch [67/100], Training Loss: 0.2819
Validation Loss: 0.2810, Validation Accuracy: 83.93%

Per-Class Validation Accuracy:
  Class 0: 51.37% (770/1499)
  Class 1: 100.00% (1476/1476)
  Class 2: 84.88% (1319/1554)
  Class 3: 100.00% (1471/1471)
Epoch [68/100], Training Loss: 0.2811
Validation Loss: 0.2808, Validation Accuracy: 84.73%

Per-Class Validation Accuracy:
  Class 0: 60.44% (906/1499)
  Class 1: 100.00% (1476/1476)
  Class 2: 79.21% (1231/1554)
  Class 3: 100.00% (1471/1471)
Epoch [69/100], Training Loss: 0.2812
Validation Loss: 0.2813, Validation Accuracy: 84.35%

Per-Class Validation Accuracy:
  Class 0: 72.58% (1088/1499)
  Class 1: 100.00% (1476/1476)
  Class 2: 66.02% (1026/1554)
  Class 3: 100.00% (1471/1471)
Epoch [70/100], Training Loss: 0.2764
Validation Loss: 0.2788, Validation Accuracy: 85.05%

Per-Class Validation Accuracy:
  Class 0: 67.44% (1011/1499)
  Class 1: 100.00% (1476/1476)
  Class 2: 73.68% (1145/1554)
  Class 3: 100.00% (1471/1471)
Epoch [71/100], Training Loss: 0.2771
Validation Loss: 0.2805, Validation Accuracy: 84.13%

Per-Class Validation Accuracy:
  Class 0: 55.57% (833/1499)
  Class 1: 100.00% (1476/1476)
  Class 2: 81.60% (1268/1554)
  Class 3: 100.00% (1471/1471)
Epoch [72/100], Training Loss: 0.2765
Validation Loss: 0.2791, Validation Accuracy: 83.70%

Per-Class Validation Accuracy:
  Class 0: 72.45% (1086/1499)
  Class 1: 100.00% (1476/1476)
  Class 2: 63.64% (989/1554)
  Class 3: 100.00% (1471/1471)
Epoch [73/100], Training Loss: 0.2770
Validation Loss: 0.2970, Validation Accuracy: 82.87%

Per-Class Validation Accuracy:
  Class 0: 90.26% (1353/1499)
  Class 1: 100.00% (1476/1476)
  Class 2: 43.24% (672/1554)
  Class 3: 100.00% (1471/1471)
Epoch [74/100], Training Loss: 0.2767
Validation Loss: 0.2811, Validation Accuracy: 84.53%

Per-Class Validation Accuracy:
  Class 0: 82.12% (1231/1499)
  Class 1: 100.00% (1476/1476)
  Class 2: 57.53% (894/1554)
  Class 3: 100.00% (1471/1471)
Epoch [75/100], Training Loss: 0.2757
Validation Loss: 0.2827, Validation Accuracy: 83.23%

Per-Class Validation Accuracy:
  Class 0: 57.04% (855/1499)
  Class 1: 100.00% (1476/1476)
  Class 2: 76.71% (1192/1554)
  Class 3: 100.00% (1471/1471)
Epoch [76/100], Training Loss: 0.2766
Validation Loss: 0.2814, Validation Accuracy: 83.33%

Per-Class Validation Accuracy:
  Class 0: 68.71% (1030/1499)
  Class 1: 100.00% (1476/1476)
  Class 2: 65.83% (1023/1554)
  Class 3: 100.00% (1471/1471)
Epoch [77/100], Training Loss: 0.2736
Validation Loss: 0.2766, Validation Accuracy: 84.48%

Per-Class Validation Accuracy:
  Class 0: 74.32% (1114/1499)
  Class 1: 100.00% (1476/1476)
  Class 2: 64.86% (1008/1554)
  Class 3: 100.00% (1471/1471)
Epoch [78/100], Training Loss: 0.2728
Validation Loss: 0.2765, Validation Accuracy: 85.08%

Per-Class Validation Accuracy:
  Class 0: 74.32% (1114/1499)
  Class 1: 100.00% (1476/1476)
  Class 2: 67.18% (1044/1554)
  Class 3: 100.00% (1471/1471)
Epoch [79/100], Training Loss: 0.2727
Validation Loss: 0.2770, Validation Accuracy: 85.15%

Per-Class Validation Accuracy:
  Class 0: 70.38% (1055/1499)
  Class 1: 100.00% (1476/1476)
  Class 2: 71.24% (1107/1554)
  Class 3: 100.00% (1471/1471)
Epoch [80/100], Training Loss: 0.2731
Validation Loss: 0.2764, Validation Accuracy: 84.62%

Per-Class Validation Accuracy:
  Class 0: 72.85% (1092/1499)
  Class 1: 100.00% (1476/1476)
  Class 2: 66.80% (1038/1554)
  Class 3: 100.00% (1471/1471)
Epoch [81/100], Training Loss: 0.2727
Validation Loss: 0.2770, Validation Accuracy: 84.50%

Per-Class Validation Accuracy:
  Class 0: 72.31% (1084/1499)
  Class 1: 100.00% (1476/1476)
  Class 2: 66.86% (1039/1554)
  Class 3: 100.00% (1471/1471)
Epoch [82/100], Training Loss: 0.2725
Validation Loss: 0.2758, Validation Accuracy: 85.23%

Per-Class Validation Accuracy:
  Class 0: 73.72% (1105/1499)
  Class 1: 100.00% (1476/1476)
  Class 2: 68.34% (1062/1554)
  Class 3: 100.00% (1471/1471)
Epoch [83/100], Training Loss: 0.2725
Validation Loss: 0.2773, Validation Accuracy: 85.02%

Per-Class Validation Accuracy:
  Class 0: 70.11% (1051/1499)
  Class 1: 100.00% (1476/1476)
  Class 2: 70.98% (1103/1554)
  Class 3: 100.00% (1471/1471)
Epoch [84/100], Training Loss: 0.2729
Validation Loss: 0.2779, Validation Accuracy: 85.00%

Per-Class Validation Accuracy:
  Class 0: 74.65% (1119/1499)
  Class 1: 100.00% (1476/1476)
  Class 2: 66.54% (1034/1554)
  Class 3: 100.00% (1471/1471)
Epoch [85/100], Training Loss: 0.2731
Validation Loss: 0.2776, Validation Accuracy: 84.58%

Per-Class Validation Accuracy:
  Class 0: 71.71% (1075/1499)
  Class 1: 100.00% (1476/1476)
  Class 2: 67.76% (1053/1554)
  Class 3: 100.00% (1471/1471)
Epoch [86/100], Training Loss: 0.2724
Validation Loss: 0.2756, Validation Accuracy: 84.75%

Per-Class Validation Accuracy:
  Class 0: 72.52% (1087/1499)
  Class 1: 100.00% (1476/1476)
  Class 2: 67.63% (1051/1554)
  Class 3: 100.00% (1471/1471)
Epoch [87/100], Training Loss: 0.2721
Validation Loss: 0.2756, Validation Accuracy: 85.28%

Per-Class Validation Accuracy:
  Class 0: 79.72% (1195/1499)
  Class 1: 100.00% (1476/1476)
  Class 2: 62.74% (975/1554)
  Class 3: 100.00% (1471/1471)
Epoch [88/100], Training Loss: 0.2720
Validation Loss: 0.2802, Validation Accuracy: 84.92%

Per-Class Validation Accuracy:
  Class 0: 76.18% (1142/1499)
  Class 1: 100.00% (1476/1476)
  Class 2: 64.74% (1006/1554)
  Class 3: 100.00% (1471/1471)
Epoch [89/100], Training Loss: 0.2722
Validation Loss: 0.2758, Validation Accuracy: 84.98%

Per-Class Validation Accuracy:
  Class 0: 76.32% (1144/1499)
  Class 1: 100.00% (1476/1476)
  Class 2: 64.86% (1008/1554)
  Class 3: 100.00% (1471/1471)
Epoch [90/100], Training Loss: 0.2716
Validation Loss: 0.2752, Validation Accuracy: 85.32%

Per-Class Validation Accuracy:
  Class 0: 78.45% (1176/1499)
  Class 1: 100.00% (1476/1476)
  Class 2: 64.09% (996/1554)
  Class 3: 100.00% (1471/1471)
Epoch [91/100], Training Loss: 0.2728
Validation Loss: 0.2759, Validation Accuracy: 84.50%

Per-Class Validation Accuracy:
  Class 0: 63.44% (951/1499)
  Class 1: 100.00% (1476/1476)
  Class 2: 75.42% (1172/1554)
  Class 3: 100.00% (1471/1471)
Epoch [92/100], Training Loss: 0.2716
Validation Loss: 0.2749, Validation Accuracy: 84.60%

Per-Class Validation Accuracy:
  Class 0: 60.91% (913/1499)
  Class 1: 100.00% (1476/1476)
  Class 2: 78.25% (1216/1554)
  Class 3: 100.00% (1471/1471)
Epoch [93/100], Training Loss: 0.2724
Validation Loss: 0.2758, Validation Accuracy: 85.40%

Per-Class Validation Accuracy:
  Class 0: 78.59% (1178/1499)
  Class 1: 100.00% (1476/1476)
  Class 2: 64.29% (999/1554)
  Class 3: 100.00% (1471/1471)
Epoch [94/100], Training Loss: 0.2721
Validation Loss: 0.2755, Validation Accuracy: 85.32%

Per-Class Validation Accuracy:
  Class 0: 80.52% (1207/1499)
  Class 1: 100.00% (1476/1476)
  Class 2: 62.10% (965/1554)
  Class 3: 100.00% (1471/1471)
Epoch [95/100], Training Loss: 0.2712
Validation Loss: 0.2750, Validation Accuracy: 85.27%

Per-Class Validation Accuracy:
  Class 0: 68.98% (1034/1499)
  Class 1: 100.00% (1476/1476)
  Class 2: 73.04% (1135/1554)
  Class 3: 100.00% (1471/1471)
Epoch [96/100], Training Loss: 0.2714
Validation Loss: 0.2759, Validation Accuracy: 85.40%

Per-Class Validation Accuracy:
  Class 0: 72.38% (1085/1499)
  Class 1: 100.00% (1476/1476)
  Class 2: 70.27% (1092/1554)
  Class 3: 100.00% (1471/1471)
Epoch [97/100], Training Loss: 0.2717
Validation Loss: 0.2764, Validation Accuracy: 85.18%

Per-Class Validation Accuracy:
  Class 0: 71.31% (1069/1499)
  Class 1: 100.00% (1476/1476)
  Class 2: 70.46% (1095/1554)
  Class 3: 100.00% (1471/1471)
Epoch [98/100], Training Loss: 0.2713
Validation Loss: 0.2752, Validation Accuracy: 85.43%

Per-Class Validation Accuracy:
  Class 0: 77.05% (1155/1499)
  Class 1: 100.00% (1476/1476)
  Class 2: 65.89% (1024/1554)
  Class 3: 100.00% (1471/1471)
Epoch [99/100], Training Loss: 0.2698
Validation Loss: 0.2744, Validation Accuracy: 85.08%

Per-Class Validation Accuracy:
  Class 0: 67.65% (1014/1499)
  Class 1: 100.00% (1476/1476)
  Class 2: 73.62% (1144/1554)
  Class 3: 100.00% (1471/1471)
Epoch [100/100], Training Loss: 0.2700
Validation Loss: 0.2748, Validation Accuracy: 84.52%

Per-Class Validation Accuracy:
  Class 0: 62.98% (944/1499)
  Class 1: 100.00% (1476/1476)
  Class 2: 75.93% (1180/1554)
  Class 3: 100.00% (1471/1471)

	Elapsed time is 1247.2245 seconds.

==========================================================================================
Total parameters: 7963
Total memory (bytes): 63704
Total memory (MB): 0.06075286865234375
==========================================================================================
Validation Loss: 0.2748, Validation Accuracy: 84.52%

Per-Class Validation Accuracy:
  No Thrust: 62.98% (944/1499)
  Chemical: 100.00% (1476/1476)
  Electric: 75.93% (1180/1554)
  Impulsive: 100.00% (1471/1471)

Classification Report:
              precision    recall  f1-score   support

   No Thrust     0.7162    0.6298    0.6702      1499
    Chemical     1.0000    1.0000    1.0000      1476
    Electric     0.6801    0.7593    0.7175      1554
   Impulsive     1.0000    1.0000    1.0000      1471

    accuracy                         0.8452      6000
   macro avg     0.8491    0.8473    0.8469      6000
weighted avg     0.8463    0.8452    0.8445      6000


Confusion Matrix (rows = true, cols = predicted):
             P_No Thrust  P_Chemical  P_Electric  P_Impulsive
T_No Thrust          944           0         555            0
T_Chemical             0        1476           0            0
T_Electric           374           0        1180            0
T_Impulsive            0           0           0         1471
