GPU is available

Entering LSTM Training Loop
Epoch [1/100], Training Loss: 1.3849
Validation Loss: 1.3926, Validation Accuracy: 18.33%

Per-Class Validation Accuracy:
  Class 0: 0.00% (0/14)
  Class 1: 0.00% (0/15)
  Class 2: 0.00% (0/20)
  Class 3: 100.00% (11/11)
Epoch [2/100], Training Loss: 1.3723
Validation Loss: 1.3825, Validation Accuracy: 18.33%

Per-Class Validation Accuracy:
  Class 0: 0.00% (0/14)
  Class 1: 0.00% (0/15)
  Class 2: 0.00% (0/20)
  Class 3: 100.00% (11/11)
Epoch [3/100], Training Loss: 1.3526
Validation Loss: 1.3586, Validation Accuracy: 18.33%

Per-Class Validation Accuracy:
  Class 0: 0.00% (0/14)
  Class 1: 0.00% (0/15)
  Class 2: 0.00% (0/20)
  Class 3: 100.00% (11/11)
Epoch [4/100], Training Loss: 1.3043
Validation Loss: 1.2712, Validation Accuracy: 41.67%

Per-Class Validation Accuracy:
  Class 0: 7.14% (1/14)
  Class 1: 73.33% (11/15)
  Class 2: 10.00% (2/20)
  Class 3: 100.00% (11/11)
Epoch [5/100], Training Loss: 1.1763
Validation Loss: 1.1309, Validation Accuracy: 40.00%

Per-Class Validation Accuracy:
  Class 0: 0.00% (0/14)
  Class 1: 73.33% (11/15)
  Class 2: 15.00% (3/20)
  Class 3: 90.91% (10/11)
Epoch [6/100], Training Loss: 1.0887
Validation Loss: 1.0707, Validation Accuracy: 46.67%

Per-Class Validation Accuracy:
  Class 0: 7.14% (1/14)
  Class 1: 100.00% (15/15)
  Class 2: 15.00% (3/20)
  Class 3: 81.82% (9/11)
Epoch [7/100], Training Loss: 1.0413
Validation Loss: 1.0524, Validation Accuracy: 40.00%

Per-Class Validation Accuracy:
  Class 0: 7.14% (1/14)
  Class 1: 53.33% (8/15)
  Class 2: 25.00% (5/20)
  Class 3: 90.91% (10/11)
Epoch [8/100], Training Loss: 0.9999
Validation Loss: 1.0173, Validation Accuracy: 45.00%

Per-Class Validation Accuracy:
  Class 0: 7.14% (1/14)
  Class 1: 100.00% (15/15)
  Class 2: 5.00% (1/20)
  Class 3: 90.91% (10/11)
Epoch [9/100], Training Loss: 1.0073
Validation Loss: 1.0384, Validation Accuracy: 40.00%

Per-Class Validation Accuracy:
  Class 0: 21.43% (3/14)
  Class 1: 73.33% (11/15)
  Class 2: 5.00% (1/20)
  Class 3: 81.82% (9/11)
Epoch [10/100], Training Loss: 0.9815
Validation Loss: 1.0198, Validation Accuracy: 45.00%

Per-Class Validation Accuracy:
  Class 0: 7.14% (1/14)
  Class 1: 0.00% (0/15)
  Class 2: 85.00% (17/20)
  Class 3: 81.82% (9/11)
Epoch [11/100], Training Loss: 0.9922
Validation Loss: 1.0208, Validation Accuracy: 43.33%

Per-Class Validation Accuracy:
  Class 0: 7.14% (1/14)
  Class 1: 26.67% (4/15)
  Class 2: 60.00% (12/20)
  Class 3: 81.82% (9/11)
Epoch [12/100], Training Loss: 0.9816
Validation Loss: 1.0044, Validation Accuracy: 43.33%

Per-Class Validation Accuracy:
  Class 0: 21.43% (3/14)
  Class 1: 86.67% (13/15)
  Class 2: 0.00% (0/20)
  Class 3: 90.91% (10/11)
Epoch [13/100], Training Loss: 0.9324
Validation Loss: 0.9793, Validation Accuracy: 48.33%

Per-Class Validation Accuracy:
  Class 0: 7.14% (1/14)
  Class 1: 73.33% (11/15)
  Class 2: 35.00% (7/20)
  Class 3: 90.91% (10/11)
Epoch [14/100], Training Loss: 0.9144
Validation Loss: 0.9621, Validation Accuracy: 46.67%

Per-Class Validation Accuracy:
  Class 0: 35.71% (5/14)
  Class 1: 86.67% (13/15)
  Class 2: 0.00% (0/20)
  Class 3: 90.91% (10/11)
Epoch [15/100], Training Loss: 0.9200
Validation Loss: 0.9592, Validation Accuracy: 50.00%

Per-Class Validation Accuracy:
  Class 0: 7.14% (1/14)
  Class 1: 0.00% (0/15)
  Class 2: 95.00% (19/20)
  Class 3: 90.91% (10/11)
Epoch [16/100], Training Loss: 0.8904
Validation Loss: 0.9526, Validation Accuracy: 46.67%

Per-Class Validation Accuracy:
  Class 0: 7.14% (1/14)
  Class 1: 100.00% (15/15)
  Class 2: 5.00% (1/20)
  Class 3: 100.00% (11/11)
Epoch [17/100], Training Loss: 0.8753
Validation Loss: 0.9484, Validation Accuracy: 45.00%

Per-Class Validation Accuracy:
  Class 0: 7.14% (1/14)
  Class 1: 100.00% (15/15)
  Class 2: 0.00% (0/20)
  Class 3: 100.00% (11/11)
Epoch [18/100], Training Loss: 0.8623
Validation Loss: 0.9125, Validation Accuracy: 63.33%

Per-Class Validation Accuracy:
  Class 0: 92.86% (13/14)
  Class 1: 93.33% (14/15)
  Class 2: 0.00% (0/20)
  Class 3: 100.00% (11/11)
Epoch [19/100], Training Loss: 0.8707
Validation Loss: 0.9539, Validation Accuracy: 48.33%

Per-Class Validation Accuracy:
  Class 0: 7.14% (1/14)
  Class 1: 0.00% (0/15)
  Class 2: 90.00% (18/20)
  Class 3: 90.91% (10/11)
Epoch [20/100], Training Loss: 0.8812
Validation Loss: 0.9248, Validation Accuracy: 46.67%

Per-Class Validation Accuracy:
  Class 0: 7.14% (1/14)
  Class 1: 100.00% (15/15)
  Class 2: 5.00% (1/20)
  Class 3: 100.00% (11/11)
Epoch [21/100], Training Loss: 0.8474
Validation Loss: 0.9240, Validation Accuracy: 40.00%

Per-Class Validation Accuracy:
  Class 0: 100.00% (14/14)
  Class 1: 0.00% (0/15)
  Class 2: 0.00% (0/20)
  Class 3: 90.91% (10/11)
Epoch [22/100], Training Loss: 0.8389
Validation Loss: 0.9119, Validation Accuracy: 41.67%

Per-Class Validation Accuracy:
  Class 0: 71.43% (10/14)
  Class 1: 0.00% (0/15)
  Class 2: 20.00% (4/20)
  Class 3: 100.00% (11/11)
Epoch [23/100], Training Loss: 0.8242
Validation Loss: 0.8862, Validation Accuracy: 51.67%

Per-Class Validation Accuracy:
  Class 0: 7.14% (1/14)
  Class 1: 100.00% (15/15)
  Class 2: 20.00% (4/20)
  Class 3: 100.00% (11/11)
Epoch [24/100], Training Loss: 0.8084
Validation Loss: 0.8656, Validation Accuracy: 58.33%

Per-Class Validation Accuracy:
  Class 0: 64.29% (9/14)
  Class 1: 100.00% (15/15)
  Class 2: 0.00% (0/20)
  Class 3: 100.00% (11/11)
Epoch [25/100], Training Loss: 0.8124
Validation Loss: 0.8532, Validation Accuracy: 56.67%

Per-Class Validation Accuracy:
  Class 0: 7.14% (1/14)
  Class 1: 100.00% (15/15)
  Class 2: 35.00% (7/20)
  Class 3: 100.00% (11/11)
Epoch [26/100], Training Loss: 0.8390
Validation Loss: 0.8824, Validation Accuracy: 53.33%

Per-Class Validation Accuracy:
  Class 0: 7.14% (1/14)
  Class 1: 46.67% (7/15)
  Class 2: 65.00% (13/20)
  Class 3: 100.00% (11/11)
Epoch [27/100], Training Loss: 0.7795
Validation Loss: 0.8535, Validation Accuracy: 53.33%

Per-Class Validation Accuracy:
  Class 0: 7.14% (1/14)
  Class 1: 100.00% (15/15)
  Class 2: 25.00% (5/20)
  Class 3: 100.00% (11/11)
Epoch [28/100], Training Loss: 0.7667
Validation Loss: 0.8453, Validation Accuracy: 58.33%

Per-Class Validation Accuracy:
  Class 0: 64.29% (9/14)
  Class 1: 100.00% (15/15)
  Class 2: 0.00% (0/20)
  Class 3: 100.00% (11/11)
Epoch [29/100], Training Loss: 0.7532
Validation Loss: 0.8208, Validation Accuracy: 53.33%

Per-Class Validation Accuracy:
  Class 0: 78.57% (11/14)
  Class 1: 66.67% (10/15)
  Class 2: 0.00% (0/20)
  Class 3: 100.00% (11/11)
Epoch [30/100], Training Loss: 0.7726
Validation Loss: 0.8348, Validation Accuracy: 55.00%

Per-Class Validation Accuracy:
  Class 0: 7.14% (1/14)
  Class 1: 40.00% (6/15)
  Class 2: 75.00% (15/20)
  Class 3: 100.00% (11/11)
Epoch [31/100], Training Loss: 0.7712
Validation Loss: 0.8159, Validation Accuracy: 58.33%

Per-Class Validation Accuracy:
  Class 0: 64.29% (9/14)
  Class 1: 100.00% (15/15)
  Class 2: 0.00% (0/20)
  Class 3: 100.00% (11/11)
Epoch [32/100], Training Loss: 0.7394
Validation Loss: 0.8256, Validation Accuracy: 53.33%

Per-Class Validation Accuracy:
  Class 0: 7.14% (1/14)
  Class 1: 53.33% (8/15)
  Class 2: 60.00% (12/20)
  Class 3: 100.00% (11/11)
Epoch [33/100], Training Loss: 0.7496
Validation Loss: 0.8274, Validation Accuracy: 48.33%

Per-Class Validation Accuracy:
  Class 0: 85.71% (12/14)
  Class 1: 40.00% (6/15)
  Class 2: 0.00% (0/20)
  Class 3: 100.00% (11/11)
Epoch [34/100], Training Loss: 0.7387
Validation Loss: 0.8149, Validation Accuracy: 61.67%

Per-Class Validation Accuracy:
  Class 0: 50.00% (7/14)
  Class 1: 53.33% (8/15)
  Class 2: 55.00% (11/20)
  Class 3: 100.00% (11/11)
Epoch [35/100], Training Loss: 0.7465
Validation Loss: 0.8041, Validation Accuracy: 56.67%

Per-Class Validation Accuracy:
  Class 0: 7.14% (1/14)
  Class 1: 53.33% (8/15)
  Class 2: 70.00% (14/20)
  Class 3: 100.00% (11/11)
Epoch [36/100], Training Loss: 0.7769
Validation Loss: 0.8078, Validation Accuracy: 56.67%

Per-Class Validation Accuracy:
  Class 0: 7.14% (1/14)
  Class 1: 60.00% (9/15)
  Class 2: 65.00% (13/20)
  Class 3: 100.00% (11/11)
Epoch [37/100], Training Loss: 0.7376
Validation Loss: 0.8078, Validation Accuracy: 53.33%

Per-Class Validation Accuracy:
  Class 0: 7.14% (1/14)
  Class 1: 53.33% (8/15)
  Class 2: 60.00% (12/20)
  Class 3: 100.00% (11/11)
Epoch [38/100], Training Loss: 0.7283
Validation Loss: 0.8027, Validation Accuracy: 58.33%

Per-Class Validation Accuracy:
  Class 0: 57.14% (8/14)
  Class 1: 100.00% (15/15)
  Class 2: 5.00% (1/20)
  Class 3: 100.00% (11/11)
Epoch [39/100], Training Loss: 0.7271
Validation Loss: 0.7921, Validation Accuracy: 53.33%

Per-Class Validation Accuracy:
  Class 0: 57.14% (8/14)
  Class 1: 53.33% (8/15)
  Class 2: 25.00% (5/20)
  Class 3: 100.00% (11/11)
Epoch [40/100], Training Loss: 0.7157
Validation Loss: 0.7859, Validation Accuracy: 56.67%

Per-Class Validation Accuracy:
  Class 0: 71.43% (10/14)
  Class 1: 53.33% (8/15)
  Class 2: 25.00% (5/20)
  Class 3: 100.00% (11/11)
Epoch [41/100], Training Loss: 0.7246
Validation Loss: 0.7997, Validation Accuracy: 56.67%

Per-Class Validation Accuracy:
  Class 0: 7.14% (1/14)
  Class 1: 53.33% (8/15)
  Class 2: 70.00% (14/20)
  Class 3: 100.00% (11/11)
Epoch [42/100], Training Loss: 0.6955
Validation Loss: 0.7695, Validation Accuracy: 58.33%

Per-Class Validation Accuracy:
  Class 0: 57.14% (8/14)
  Class 1: 100.00% (15/15)
  Class 2: 5.00% (1/20)
  Class 3: 100.00% (11/11)
Epoch [43/100], Training Loss: 0.7080
Validation Loss: 0.7968, Validation Accuracy: 60.00%

Per-Class Validation Accuracy:
  Class 0: 50.00% (7/14)
  Class 1: 53.33% (8/15)
  Class 2: 50.00% (10/20)
  Class 3: 100.00% (11/11)
Epoch [44/100], Training Loss: 0.7020
Validation Loss: 0.8483, Validation Accuracy: 56.67%

Per-Class Validation Accuracy:
  Class 0: 35.71% (5/14)
  Class 1: 100.00% (15/15)
  Class 2: 15.00% (3/20)
  Class 3: 100.00% (11/11)
Epoch [45/100], Training Loss: 0.7151
Validation Loss: 0.9333, Validation Accuracy: 46.67%

Per-Class Validation Accuracy:
  Class 0: 85.71% (12/14)
  Class 1: 13.33% (2/15)
  Class 2: 15.00% (3/20)
  Class 3: 100.00% (11/11)
Epoch [46/100], Training Loss: 0.7674
Validation Loss: 0.7925, Validation Accuracy: 63.33%

Per-Class Validation Accuracy:
  Class 0: 7.14% (1/14)
  Class 1: 86.67% (13/15)
  Class 2: 65.00% (13/20)
  Class 3: 100.00% (11/11)
Epoch [47/100], Training Loss: 0.7040
Validation Loss: 0.7925, Validation Accuracy: 56.67%

Per-Class Validation Accuracy:
  Class 0: 7.14% (1/14)
  Class 1: 100.00% (15/15)
  Class 2: 35.00% (7/20)
  Class 3: 100.00% (11/11)
Epoch [48/100], Training Loss: 0.7059
Validation Loss: 0.7746, Validation Accuracy: 53.33%

Per-Class Validation Accuracy:
  Class 0: 64.29% (9/14)
  Class 1: 60.00% (9/15)
  Class 2: 15.00% (3/20)
  Class 3: 100.00% (11/11)
Epoch [49/100], Training Loss: 0.6890
Validation Loss: 0.7774, Validation Accuracy: 56.67%

Per-Class Validation Accuracy:
  Class 0: 50.00% (7/14)
  Class 1: 53.33% (8/15)
  Class 2: 40.00% (8/20)
  Class 3: 100.00% (11/11)
Epoch [50/100], Training Loss: 0.6789
Validation Loss: 0.8442, Validation Accuracy: 46.67%

Per-Class Validation Accuracy:
  Class 0: 85.71% (12/14)
  Class 1: 26.67% (4/15)
  Class 2: 5.00% (1/20)
  Class 3: 100.00% (11/11)
Epoch [51/100], Training Loss: 0.7068
Validation Loss: 0.7577, Validation Accuracy: 63.33%

Per-Class Validation Accuracy:
  Class 0: 35.71% (5/14)
  Class 1: 80.00% (12/15)
  Class 2: 50.00% (10/20)
  Class 3: 100.00% (11/11)
Epoch [52/100], Training Loss: 0.6687
Validation Loss: 0.7468, Validation Accuracy: 58.33%

Per-Class Validation Accuracy:
  Class 0: 50.00% (7/14)
  Class 1: 100.00% (15/15)
  Class 2: 10.00% (2/20)
  Class 3: 100.00% (11/11)
Epoch [53/100], Training Loss: 0.6618
Validation Loss: 0.7505, Validation Accuracy: 51.67%

Per-Class Validation Accuracy:
  Class 0: 50.00% (7/14)
  Class 1: 53.33% (8/15)
  Class 2: 25.00% (5/20)
  Class 3: 100.00% (11/11)
Epoch [54/100], Training Loss: 0.6561
Validation Loss: 0.7442, Validation Accuracy: 55.00%

Per-Class Validation Accuracy:
  Class 0: 71.43% (10/14)
  Class 1: 60.00% (9/15)
  Class 2: 15.00% (3/20)
  Class 3: 100.00% (11/11)
Epoch [55/100], Training Loss: 0.6474
Validation Loss: 0.7295, Validation Accuracy: 60.00%

Per-Class Validation Accuracy:
  Class 0: 71.43% (10/14)
  Class 1: 73.33% (11/15)
  Class 2: 20.00% (4/20)
  Class 3: 100.00% (11/11)
Epoch [56/100], Training Loss: 0.6543
Validation Loss: 0.7344, Validation Accuracy: 53.33%

Per-Class Validation Accuracy:
  Class 0: 50.00% (7/14)
  Class 1: 53.33% (8/15)
  Class 2: 30.00% (6/20)
  Class 3: 100.00% (11/11)
Epoch [57/100], Training Loss: 0.6356
Validation Loss: 0.8336, Validation Accuracy: 53.33%

Per-Class Validation Accuracy:
  Class 0: 85.71% (12/14)
  Class 1: 40.00% (6/15)
  Class 2: 15.00% (3/20)
  Class 3: 100.00% (11/11)
Epoch [58/100], Training Loss: 0.6622
Validation Loss: 0.7042, Validation Accuracy: 61.67%

Per-Class Validation Accuracy:
  Class 0: 50.00% (7/14)
  Class 1: 86.67% (13/15)
  Class 2: 30.00% (6/20)
  Class 3: 100.00% (11/11)
Epoch [59/100], Training Loss: 0.6360
Validation Loss: 0.6898, Validation Accuracy: 65.00%

Per-Class Validation Accuracy:
  Class 0: 71.43% (10/14)
  Class 1: 100.00% (15/15)
  Class 2: 15.00% (3/20)
  Class 3: 100.00% (11/11)
Epoch [60/100], Training Loss: 0.6260
Validation Loss: 0.7039, Validation Accuracy: 58.33%

Per-Class Validation Accuracy:
  Class 0: 85.71% (12/14)
  Class 1: 73.33% (11/15)
  Class 2: 5.00% (1/20)
  Class 3: 100.00% (11/11)
Epoch [61/100], Training Loss: 0.6278
Validation Loss: 0.6963, Validation Accuracy: 61.67%

Per-Class Validation Accuracy:
  Class 0: 50.00% (7/14)
  Class 1: 73.33% (11/15)
  Class 2: 40.00% (8/20)
  Class 3: 100.00% (11/11)
Epoch [62/100], Training Loss: 0.6060
Validation Loss: 0.6670, Validation Accuracy: 70.00%

Per-Class Validation Accuracy:
  Class 0: 42.86% (6/14)
  Class 1: 100.00% (15/15)
  Class 2: 50.00% (10/20)
  Class 3: 100.00% (11/11)
Epoch [63/100], Training Loss: 0.6160
Validation Loss: 0.7784, Validation Accuracy: 53.33%

Per-Class Validation Accuracy:
  Class 0: 92.86% (13/14)
  Class 1: 46.67% (7/15)
  Class 2: 5.00% (1/20)
  Class 3: 100.00% (11/11)
Epoch [64/100], Training Loss: 0.5937
Validation Loss: 0.7164, Validation Accuracy: 53.33%

Per-Class Validation Accuracy:
  Class 0: 85.71% (12/14)
  Class 1: 53.33% (8/15)
  Class 2: 5.00% (1/20)
  Class 3: 100.00% (11/11)
Epoch [65/100], Training Loss: 0.5840
Validation Loss: 0.6384, Validation Accuracy: 63.33%

Per-Class Validation Accuracy:
  Class 0: 78.57% (11/14)
  Class 1: 100.00% (15/15)
  Class 2: 5.00% (1/20)
  Class 3: 100.00% (11/11)
Epoch [66/100], Training Loss: 0.5968
Validation Loss: 0.6797, Validation Accuracy: 61.67%

Per-Class Validation Accuracy:
  Class 0: 14.29% (2/14)
  Class 1: 100.00% (15/15)
  Class 2: 45.00% (9/20)
  Class 3: 100.00% (11/11)
Epoch [67/100], Training Loss: 0.9093
Validation Loss: 0.8779, Validation Accuracy: 50.00%

Per-Class Validation Accuracy:
  Class 0: 7.14% (1/14)
  Class 1: 100.00% (15/15)
  Class 2: 15.00% (3/20)
  Class 3: 100.00% (11/11)
Epoch [68/100], Training Loss: 0.7618
Validation Loss: 0.7794, Validation Accuracy: 63.33%

Per-Class Validation Accuracy:
  Class 0: 7.14% (1/14)
  Class 1: 100.00% (15/15)
  Class 2: 55.00% (11/20)
  Class 3: 100.00% (11/11)
Epoch [69/100], Training Loss: 0.6639
Validation Loss: 0.7471, Validation Accuracy: 55.00%

Per-Class Validation Accuracy:
  Class 0: 50.00% (7/14)
  Class 1: 60.00% (9/15)
  Class 2: 30.00% (6/20)
  Class 3: 100.00% (11/11)
Epoch [70/100], Training Loss: 0.6380
Validation Loss: 0.7563, Validation Accuracy: 50.00%

Per-Class Validation Accuracy:
  Class 0: 71.43% (10/14)
  Class 1: 53.33% (8/15)
  Class 2: 5.00% (1/20)
  Class 3: 100.00% (11/11)
Epoch [71/100], Training Loss: 0.6398
Validation Loss: 0.7018, Validation Accuracy: 66.67%

Per-Class Validation Accuracy:
  Class 0: 50.00% (7/14)
  Class 1: 100.00% (15/15)
  Class 2: 35.00% (7/20)
  Class 3: 100.00% (11/11)
Epoch [72/100], Training Loss: 0.6080
Validation Loss: 0.6871, Validation Accuracy: 66.67%

Per-Class Validation Accuracy:
  Class 0: 50.00% (7/14)
  Class 1: 100.00% (15/15)
  Class 2: 35.00% (7/20)
  Class 3: 100.00% (11/11)
Epoch [73/100], Training Loss: 0.5983
Validation Loss: 0.6807, Validation Accuracy: 65.00%

Per-Class Validation Accuracy:
  Class 0: 14.29% (2/14)
  Class 1: 100.00% (15/15)
  Class 2: 55.00% (11/20)
  Class 3: 100.00% (11/11)
Epoch [74/100], Training Loss: 0.5901
Validation Loss: 0.6926, Validation Accuracy: 63.33%

Per-Class Validation Accuracy:
  Class 0: 50.00% (7/14)
  Class 1: 86.67% (13/15)
  Class 2: 35.00% (7/20)
  Class 3: 100.00% (11/11)
Epoch [75/100], Training Loss: 0.6116
Validation Loss: 0.7278, Validation Accuracy: 53.33%

Per-Class Validation Accuracy:
  Class 0: 57.14% (8/14)
  Class 1: 53.33% (8/15)
  Class 2: 25.00% (5/20)
  Class 3: 100.00% (11/11)
Early stopping triggered.

        Elapsed time is 5.2857 seconds.

        Elapsed time is 5.2858 seconds.

==========================================================================================
Total parameters: 10948
Total memory (bytes): 87584
Total memory (MB): 0.083526611328125
==========================================================================================
Validation Loss: 0.7278, Validation Accuracy: 53.33%

Per-Class Validation Accuracy:
  No Thrust: 57.14% (8/14)
  Chemical: 53.33% (8/15)
  Electric: 25.00% (5/20)
  Impulsive: 100.00% (11/11)

Entering Mamba Training Loop
Epoch [1/100], Training Loss: 1.3814
Validation Loss: 1.3705, Validation Accuracy: 28.33%

Per-Class Validation Accuracy:
  Class 0: 57.14% (8/14)
  Class 1: 0.00% (0/15)
  Class 2: 45.00% (9/20)
  Class 3: 0.00% (0/11)
Epoch [2/100], Training Loss: 1.3676
Validation Loss: 1.3631, Validation Accuracy: 40.00%

Per-Class Validation Accuracy:
  Class 0: 71.43% (10/14)
  Class 1: 0.00% (0/15)
  Class 2: 15.00% (3/20)
  Class 3: 100.00% (11/11)
Epoch [3/100], Training Loss: 1.3407
Validation Loss: 1.3419, Validation Accuracy: 20.00%

Per-Class Validation Accuracy:
  Class 0: 7.14% (1/14)
  Class 1: 0.00% (0/15)
  Class 2: 0.00% (0/20)
  Class 3: 100.00% (11/11)
Epoch [4/100], Training Loss: 1.2501
Validation Loss: 1.2714, Validation Accuracy: 20.00%

Per-Class Validation Accuracy:
  Class 0: 7.14% (1/14)
  Class 1: 0.00% (0/15)
  Class 2: 0.00% (0/20)
  Class 3: 100.00% (11/11)
Epoch [5/100], Training Loss: 1.0715
Validation Loss: 1.0120, Validation Accuracy: 50.00%

Per-Class Validation Accuracy:
  Class 0: 7.14% (1/14)
  Class 1: 13.33% (2/15)
  Class 2: 80.00% (16/20)
  Class 3: 100.00% (11/11)
Epoch [6/100], Training Loss: 0.8573
Validation Loss: 0.9198, Validation Accuracy: 51.67%

Per-Class Validation Accuracy:
  Class 0: 42.86% (6/14)
  Class 1: 73.33% (11/15)
  Class 2: 15.00% (3/20)
  Class 3: 100.00% (11/11)
Epoch [7/100], Training Loss: 0.7899
Validation Loss: 0.8952, Validation Accuracy: 40.00%

Per-Class Validation Accuracy:
  Class 0: 57.14% (8/14)
  Class 1: 6.67% (1/15)
  Class 2: 20.00% (4/20)
  Class 3: 100.00% (11/11)
Epoch [8/100], Training Loss: 0.7559
Validation Loss: 0.8378, Validation Accuracy: 53.33%

Per-Class Validation Accuracy:
  Class 0: 35.71% (5/14)
  Class 1: 66.67% (10/15)
  Class 2: 30.00% (6/20)
  Class 3: 100.00% (11/11)
Epoch [9/100], Training Loss: 0.7298
Validation Loss: 0.8640, Validation Accuracy: 55.00%

Per-Class Validation Accuracy:
  Class 0: 64.29% (9/14)
  Class 1: 80.00% (12/15)
  Class 2: 5.00% (1/20)
  Class 3: 100.00% (11/11)
Epoch [10/100], Training Loss: 0.7601
Validation Loss: 0.8249, Validation Accuracy: 50.00%

Per-Class Validation Accuracy:
  Class 0: 42.86% (6/14)
  Class 1: 66.67% (10/15)
  Class 2: 15.00% (3/20)
  Class 3: 100.00% (11/11)
Epoch [11/100], Training Loss: 0.7217
Validation Loss: 0.8204, Validation Accuracy: 53.33%

Per-Class Validation Accuracy:
  Class 0: 42.86% (6/14)
  Class 1: 80.00% (12/15)
  Class 2: 15.00% (3/20)
  Class 3: 100.00% (11/11)
Epoch [12/100], Training Loss: 0.7209
Validation Loss: 0.8142, Validation Accuracy: 53.33%

Per-Class Validation Accuracy:
  Class 0: 42.86% (6/14)
  Class 1: 80.00% (12/15)
  Class 2: 15.00% (3/20)
  Class 3: 100.00% (11/11)
Epoch [13/100], Training Loss: 0.7106
Validation Loss: 0.8217, Validation Accuracy: 56.67%

Per-Class Validation Accuracy:
  Class 0: 42.86% (6/14)
  Class 1: 93.33% (14/15)
  Class 2: 15.00% (3/20)
  Class 3: 100.00% (11/11)
Epoch [14/100], Training Loss: 0.7098
Validation Loss: 0.8098, Validation Accuracy: 51.67%

Per-Class Validation Accuracy:
  Class 0: 42.86% (6/14)
  Class 1: 66.67% (10/15)
  Class 2: 20.00% (4/20)
  Class 3: 100.00% (11/11)
Epoch [15/100], Training Loss: 0.6877
Validation Loss: 0.8083, Validation Accuracy: 58.33%

Per-Class Validation Accuracy:
  Class 0: 42.86% (6/14)
  Class 1: 100.00% (15/15)
  Class 2: 15.00% (3/20)
  Class 3: 100.00% (11/11)
Epoch [16/100], Training Loss: 0.7381
Validation Loss: 0.7936, Validation Accuracy: 55.00%

Per-Class Validation Accuracy:
  Class 0: 7.14% (1/14)
  Class 1: 46.67% (7/15)
  Class 2: 70.00% (14/20)
  Class 3: 100.00% (11/11)
Epoch [17/100], Training Loss: 0.7247
Validation Loss: 0.8144, Validation Accuracy: 46.67%

Per-Class Validation Accuracy:
  Class 0: 50.00% (7/14)
  Class 1: 46.67% (7/15)
  Class 2: 15.00% (3/20)
  Class 3: 100.00% (11/11)
Epoch [18/100], Training Loss: 0.7012
Validation Loss: 0.7850, Validation Accuracy: 55.00%

Per-Class Validation Accuracy:
  Class 0: 42.86% (6/14)
  Class 1: 80.00% (12/15)
  Class 2: 20.00% (4/20)
  Class 3: 100.00% (11/11)
Epoch [19/100], Training Loss: 0.6954
Validation Loss: 0.7841, Validation Accuracy: 53.33%

Per-Class Validation Accuracy:
  Class 0: 42.86% (6/14)
  Class 1: 66.67% (10/15)
  Class 2: 25.00% (5/20)
  Class 3: 100.00% (11/11)
Epoch [20/100], Training Loss: 0.6936
Validation Loss: 0.7740, Validation Accuracy: 55.00%

Per-Class Validation Accuracy:
  Class 0: 35.71% (5/14)
  Class 1: 73.33% (11/15)
  Class 2: 30.00% (6/20)
  Class 3: 100.00% (11/11)
Epoch [21/100], Training Loss: 0.6975
Validation Loss: 0.7722, Validation Accuracy: 53.33%

Per-Class Validation Accuracy:
  Class 0: 35.71% (5/14)
  Class 1: 80.00% (12/15)
  Class 2: 20.00% (4/20)
  Class 3: 100.00% (11/11)
Epoch [22/100], Training Loss: 0.6971
Validation Loss: 0.7772, Validation Accuracy: 56.67%

Per-Class Validation Accuracy:
  Class 0: 42.86% (6/14)
  Class 1: 86.67% (13/15)
  Class 2: 20.00% (4/20)
  Class 3: 100.00% (11/11)
Epoch [23/100], Training Loss: 0.6870
Validation Loss: 0.7674, Validation Accuracy: 53.33%

Per-Class Validation Accuracy:
  Class 0: 35.71% (5/14)
  Class 1: 73.33% (11/15)
  Class 2: 25.00% (5/20)
  Class 3: 100.00% (11/11)
Epoch [24/100], Training Loss: 0.6853
Validation Loss: 0.7724, Validation Accuracy: 51.67%

Per-Class Validation Accuracy:
  Class 0: 35.71% (5/14)
  Class 1: 73.33% (11/15)
  Class 2: 20.00% (4/20)
  Class 3: 100.00% (11/11)
Epoch [25/100], Training Loss: 0.6763
Validation Loss: 0.7694, Validation Accuracy: 58.33%

Per-Class Validation Accuracy:
  Class 0: 42.86% (6/14)
  Class 1: 93.33% (14/15)
  Class 2: 20.00% (4/20)
  Class 3: 100.00% (11/11)
Epoch [26/100], Training Loss: 0.6754
Validation Loss: 0.7764, Validation Accuracy: 53.33%

Per-Class Validation Accuracy:
  Class 0: 42.86% (6/14)
  Class 1: 80.00% (12/15)
  Class 2: 15.00% (3/20)
  Class 3: 100.00% (11/11)
Epoch [27/100], Training Loss: 0.7018
Validation Loss: 0.7521, Validation Accuracy: 56.67%

Per-Class Validation Accuracy:
  Class 0: 21.43% (3/14)
  Class 1: 73.33% (11/15)
  Class 2: 45.00% (9/20)
  Class 3: 100.00% (11/11)
Epoch [28/100], Training Loss: 0.6855
Validation Loss: 0.7642, Validation Accuracy: 53.33%

Per-Class Validation Accuracy:
  Class 0: 42.86% (6/14)
  Class 1: 80.00% (12/15)
  Class 2: 15.00% (3/20)
  Class 3: 100.00% (11/11)
Epoch [29/100], Training Loss: 0.6710
Validation Loss: 0.7660, Validation Accuracy: 53.33%

Per-Class Validation Accuracy:
  Class 0: 42.86% (6/14)
  Class 1: 80.00% (12/15)
  Class 2: 15.00% (3/20)
  Class 3: 100.00% (11/11)
Epoch [30/100], Training Loss: 0.6750
Validation Loss: 0.7628, Validation Accuracy: 58.33%

Per-Class Validation Accuracy:
  Class 0: 35.71% (5/14)
  Class 1: 100.00% (15/15)
  Class 2: 20.00% (4/20)
  Class 3: 100.00% (11/11)
Epoch [31/100], Training Loss: 0.6779
Validation Loss: 0.7553, Validation Accuracy: 56.67%

Per-Class Validation Accuracy:
  Class 0: 42.86% (6/14)
  Class 1: 86.67% (13/15)
  Class 2: 20.00% (4/20)
  Class 3: 100.00% (11/11)
Epoch [32/100], Training Loss: 0.6717
Validation Loss: 0.7360, Validation Accuracy: 60.00%

Per-Class Validation Accuracy:
  Class 0: 35.71% (5/14)
  Class 1: 86.67% (13/15)
  Class 2: 35.00% (7/20)
  Class 3: 100.00% (11/11)
Epoch [33/100], Training Loss: 0.6608
Validation Loss: 0.7725, Validation Accuracy: 51.67%

Per-Class Validation Accuracy:
  Class 0: 35.71% (5/14)
  Class 1: 53.33% (8/15)
  Class 2: 35.00% (7/20)
  Class 3: 100.00% (11/11)
Epoch [34/100], Training Loss: 0.6591
Validation Loss: 0.7337, Validation Accuracy: 56.67%

Per-Class Validation Accuracy:
  Class 0: 42.86% (6/14)
  Class 1: 86.67% (13/15)
  Class 2: 20.00% (4/20)
  Class 3: 100.00% (11/11)
Epoch [35/100], Training Loss: 0.6757
Validation Loss: 0.8090, Validation Accuracy: 55.00%

Per-Class Validation Accuracy:
  Class 0: 14.29% (2/14)
  Class 1: 100.00% (15/15)
  Class 2: 25.00% (5/20)
  Class 3: 100.00% (11/11)
Epoch [36/100], Training Loss: 0.6958
Validation Loss: 0.7603, Validation Accuracy: 51.67%

Per-Class Validation Accuracy:
  Class 0: 42.86% (6/14)
  Class 1: 73.33% (11/15)
  Class 2: 15.00% (3/20)
  Class 3: 100.00% (11/11)
Epoch [37/100], Training Loss: 0.6654
Validation Loss: 0.7433, Validation Accuracy: 53.33%

Per-Class Validation Accuracy:
  Class 0: 42.86% (6/14)
  Class 1: 80.00% (12/15)
  Class 2: 15.00% (3/20)
  Class 3: 100.00% (11/11)
Epoch [38/100], Training Loss: 0.6681
Validation Loss: 0.7239, Validation Accuracy: 58.33%

Per-Class Validation Accuracy:
  Class 0: 35.71% (5/14)
  Class 1: 93.33% (14/15)
  Class 2: 25.00% (5/20)
  Class 3: 100.00% (11/11)
Epoch [39/100], Training Loss: 0.6340
Validation Loss: 0.7350, Validation Accuracy: 53.33%

Per-Class Validation Accuracy:
  Class 0: 42.86% (6/14)
  Class 1: 73.33% (11/15)
  Class 2: 20.00% (4/20)
  Class 3: 100.00% (11/11)
Epoch [40/100], Training Loss: 0.6537
Validation Loss: 0.7763, Validation Accuracy: 51.67%

Per-Class Validation Accuracy:
  Class 0: 42.86% (6/14)
  Class 1: 40.00% (6/15)
  Class 2: 40.00% (8/20)
  Class 3: 100.00% (11/11)
Epoch [41/100], Training Loss: 0.6479
Validation Loss: 0.7546, Validation Accuracy: 56.67%

Per-Class Validation Accuracy:
  Class 0: 35.71% (5/14)
  Class 1: 100.00% (15/15)
  Class 2: 15.00% (3/20)
  Class 3: 100.00% (11/11)
Epoch [42/100], Training Loss: 0.6424
Validation Loss: 0.7027, Validation Accuracy: 58.33%

Per-Class Validation Accuracy:
  Class 0: 42.86% (6/14)
  Class 1: 93.33% (14/15)
  Class 2: 20.00% (4/20)
  Class 3: 100.00% (11/11)
Epoch [43/100], Training Loss: 0.6315
Validation Loss: 0.7299, Validation Accuracy: 55.00%

Per-Class Validation Accuracy:
  Class 0: 35.71% (5/14)
  Class 1: 60.00% (9/15)
  Class 2: 40.00% (8/20)
  Class 3: 100.00% (11/11)
Epoch [44/100], Training Loss: 0.6534
Validation Loss: 0.7062, Validation Accuracy: 56.67%

Per-Class Validation Accuracy:
  Class 0: 50.00% (7/14)
  Class 1: 86.67% (13/15)
  Class 2: 15.00% (3/20)
  Class 3: 100.00% (11/11)
Epoch [45/100], Training Loss: 0.6027
Validation Loss: 0.6585, Validation Accuracy: 66.67%

Per-Class Validation Accuracy:
  Class 0: 28.57% (4/14)
  Class 1: 100.00% (15/15)
  Class 2: 50.00% (10/20)
  Class 3: 100.00% (11/11)
Epoch [46/100], Training Loss: 0.5966
Validation Loss: 0.6315, Validation Accuracy: 63.33%

Per-Class Validation Accuracy:
  Class 0: 28.57% (4/14)
  Class 1: 100.00% (15/15)
  Class 2: 40.00% (8/20)
  Class 3: 100.00% (11/11)
Epoch [47/100], Training Loss: 0.5867
Validation Loss: 0.7318, Validation Accuracy: 58.33%

Per-Class Validation Accuracy:
  Class 0: 42.86% (6/14)
  Class 1: 100.00% (15/15)
  Class 2: 15.00% (3/20)
  Class 3: 100.00% (11/11)
Epoch [48/100], Training Loss: 0.5885
Validation Loss: 0.6275, Validation Accuracy: 60.00%

Per-Class Validation Accuracy:
  Class 0: 42.86% (6/14)
  Class 1: 100.00% (15/15)
  Class 2: 20.00% (4/20)
  Class 3: 100.00% (11/11)
Epoch [49/100], Training Loss: 0.5254
Validation Loss: 0.5844, Validation Accuracy: 65.00%

Per-Class Validation Accuracy:
  Class 0: 21.43% (3/14)
  Class 1: 100.00% (15/15)
  Class 2: 50.00% (10/20)
  Class 3: 100.00% (11/11)
Epoch [50/100], Training Loss: 0.5232
Validation Loss: 0.5390, Validation Accuracy: 71.67%

Per-Class Validation Accuracy:
  Class 0: 21.43% (3/14)
  Class 1: 100.00% (15/15)
  Class 2: 70.00% (14/20)
  Class 3: 100.00% (11/11)
Epoch [51/100], Training Loss: 0.5076
Validation Loss: 0.5495, Validation Accuracy: 63.33%

Per-Class Validation Accuracy:
  Class 0: 50.00% (7/14)
  Class 1: 100.00% (15/15)
  Class 2: 25.00% (5/20)
  Class 3: 100.00% (11/11)
Epoch [52/100], Training Loss: 0.4996
Validation Loss: 0.5902, Validation Accuracy: 63.33%

Per-Class Validation Accuracy:
  Class 0: 85.71% (12/14)
  Class 1: 93.33% (14/15)
  Class 2: 5.00% (1/20)
  Class 3: 100.00% (11/11)
Epoch [53/100], Training Loss: 0.4356
Validation Loss: 0.4960, Validation Accuracy: 63.33%

Per-Class Validation Accuracy:
  Class 0: 57.14% (8/14)
  Class 1: 100.00% (15/15)
  Class 2: 20.00% (4/20)
  Class 3: 100.00% (11/11)
Epoch [54/100], Training Loss: 0.4451
Validation Loss: 0.4942, Validation Accuracy: 66.67%

Per-Class Validation Accuracy:
  Class 0: 92.86% (13/14)
  Class 1: 100.00% (15/15)
  Class 2: 5.00% (1/20)
  Class 3: 100.00% (11/11)
Epoch [55/100], Training Loss: 0.4060
Validation Loss: 0.4484, Validation Accuracy: 66.67%

Per-Class Validation Accuracy:
  Class 0: 21.43% (3/14)
  Class 1: 100.00% (15/15)
  Class 2: 55.00% (11/20)
  Class 3: 100.00% (11/11)
Epoch [56/100], Training Loss: 0.3961
Validation Loss: 0.4573, Validation Accuracy: 70.00%

Per-Class Validation Accuracy:
  Class 0: 78.57% (11/14)
  Class 1: 100.00% (15/15)
  Class 2: 25.00% (5/20)
  Class 3: 100.00% (11/11)
Epoch [57/100], Training Loss: 0.3918
Validation Loss: 0.4716, Validation Accuracy: 63.33%

Per-Class Validation Accuracy:
  Class 0: 57.14% (8/14)
  Class 1: 100.00% (15/15)
  Class 2: 20.00% (4/20)
  Class 3: 100.00% (11/11)
Epoch [58/100], Training Loss: 0.3880
Validation Loss: 0.5105, Validation Accuracy: 63.33%

Per-Class Validation Accuracy:
  Class 0: 78.57% (11/14)
  Class 1: 100.00% (15/15)
  Class 2: 5.00% (1/20)
  Class 3: 100.00% (11/11)
Epoch [59/100], Training Loss: 0.3660
Validation Loss: 0.4464, Validation Accuracy: 66.67%

Per-Class Validation Accuracy:
  Class 0: 78.57% (11/14)
  Class 1: 100.00% (15/15)
  Class 2: 15.00% (3/20)
  Class 3: 100.00% (11/11)
Epoch [60/100], Training Loss: 0.3841
Validation Loss: 0.4295, Validation Accuracy: 66.67%

Per-Class Validation Accuracy:
  Class 0: 21.43% (3/14)
  Class 1: 100.00% (15/15)
  Class 2: 55.00% (11/20)
  Class 3: 100.00% (11/11)
Epoch [61/100], Training Loss: 0.3942
Validation Loss: 0.4971, Validation Accuracy: 68.33%

Per-Class Validation Accuracy:
  Class 0: 100.00% (14/14)
  Class 1: 100.00% (15/15)
  Class 2: 5.00% (1/20)
  Class 3: 100.00% (11/11)
Epoch [62/100], Training Loss: 0.3802
Validation Loss: 0.4410, Validation Accuracy: 66.67%

Per-Class Validation Accuracy:
  Class 0: 50.00% (7/14)
  Class 1: 100.00% (15/15)
  Class 2: 35.00% (7/20)
  Class 3: 100.00% (11/11)
Epoch [63/100], Training Loss: 0.3605
Validation Loss: 0.4351, Validation Accuracy: 63.33%

Per-Class Validation Accuracy:
  Class 0: 21.43% (3/14)
  Class 1: 100.00% (15/15)
  Class 2: 45.00% (9/20)
  Class 3: 100.00% (11/11)
Epoch [64/100], Training Loss: 0.3737
Validation Loss: 0.4242, Validation Accuracy: 68.33%

Per-Class Validation Accuracy:
  Class 0: 21.43% (3/14)
  Class 1: 100.00% (15/15)
  Class 2: 60.00% (12/20)
  Class 3: 100.00% (11/11)
Epoch [65/100], Training Loss: 0.3649
Validation Loss: 0.4339, Validation Accuracy: 75.00%

Per-Class Validation Accuracy:
  Class 0: 14.29% (2/14)
  Class 1: 100.00% (15/15)
  Class 2: 85.00% (17/20)
  Class 3: 100.00% (11/11)
Epoch [66/100], Training Loss: 0.4039
Validation Loss: 0.4276, Validation Accuracy: 66.67%

Per-Class Validation Accuracy:
  Class 0: 35.71% (5/14)
  Class 1: 100.00% (15/15)
  Class 2: 45.00% (9/20)
  Class 3: 100.00% (11/11)
Epoch [67/100], Training Loss: 0.3699
Validation Loss: 0.4952, Validation Accuracy: 68.33%

Per-Class Validation Accuracy:
  Class 0: 100.00% (14/14)
  Class 1: 100.00% (15/15)
  Class 2: 5.00% (1/20)
  Class 3: 100.00% (11/11)
Epoch [68/100], Training Loss: 0.3857
Validation Loss: 0.4229, Validation Accuracy: 78.33%

Per-Class Validation Accuracy:
  Class 0: 7.14% (1/14)
  Class 1: 100.00% (15/15)
  Class 2: 100.00% (20/20)
  Class 3: 100.00% (11/11)
Epoch [69/100], Training Loss: 0.3653
Validation Loss: 0.4494, Validation Accuracy: 63.33%

Per-Class Validation Accuracy:
  Class 0: 64.29% (9/14)
  Class 1: 100.00% (15/15)
  Class 2: 15.00% (3/20)
  Class 3: 100.00% (11/11)
Epoch [70/100], Training Loss: 0.3603
Validation Loss: 0.4204, Validation Accuracy: 78.33%

Per-Class Validation Accuracy:
  Class 0: 7.14% (1/14)
  Class 1: 100.00% (15/15)
  Class 2: 100.00% (20/20)
  Class 3: 100.00% (11/11)
Epoch [71/100], Training Loss: 0.3690
Validation Loss: 0.4326, Validation Accuracy: 63.33%

Per-Class Validation Accuracy:
  Class 0: 50.00% (7/14)
  Class 1: 100.00% (15/15)
  Class 2: 25.00% (5/20)
  Class 3: 100.00% (11/11)
Epoch [72/100], Training Loss: 0.3575
Validation Loss: 0.4049, Validation Accuracy: 73.33%

Per-Class Validation Accuracy:
  Class 0: 21.43% (3/14)
  Class 1: 100.00% (15/15)
  Class 2: 75.00% (15/20)
  Class 3: 100.00% (11/11)
Epoch [73/100], Training Loss: 0.3516
Validation Loss: 0.4438, Validation Accuracy: 66.67%

Per-Class Validation Accuracy:
  Class 0: 64.29% (9/14)
  Class 1: 100.00% (15/15)
  Class 2: 25.00% (5/20)
  Class 3: 100.00% (11/11)
Epoch [74/100], Training Loss: 0.3541
Validation Loss: 0.4134, Validation Accuracy: 71.67%

Per-Class Validation Accuracy:
  Class 0: 21.43% (3/14)
  Class 1: 100.00% (15/15)
  Class 2: 70.00% (14/20)
  Class 3: 100.00% (11/11)
Epoch [75/100], Training Loss: 0.3644
Validation Loss: 0.4092, Validation Accuracy: 73.33%

Per-Class Validation Accuracy:
  Class 0: 35.71% (5/14)
  Class 1: 100.00% (15/15)
  Class 2: 65.00% (13/20)
  Class 3: 100.00% (11/11)
Epoch [76/100], Training Loss: 0.3658
Validation Loss: 0.4193, Validation Accuracy: 66.67%

Per-Class Validation Accuracy:
  Class 0: 42.86% (6/14)
  Class 1: 100.00% (15/15)
  Class 2: 40.00% (8/20)
  Class 3: 100.00% (11/11)
Epoch [77/100], Training Loss: 0.3568
Validation Loss: 0.4198, Validation Accuracy: 71.67%

Per-Class Validation Accuracy:
  Class 0: 21.43% (3/14)
  Class 1: 100.00% (15/15)
  Class 2: 70.00% (14/20)
  Class 3: 100.00% (11/11)
Epoch [78/100], Training Loss: 0.3449
Validation Loss: 0.4407, Validation Accuracy: 70.00%

Per-Class Validation Accuracy:
  Class 0: 78.57% (11/14)
  Class 1: 100.00% (15/15)
  Class 2: 25.00% (5/20)
  Class 3: 100.00% (11/11)
Epoch [79/100], Training Loss: 0.3520
Validation Loss: 0.4149, Validation Accuracy: 68.33%

Per-Class Validation Accuracy:
  Class 0: 35.71% (5/14)
  Class 1: 100.00% (15/15)
  Class 2: 50.00% (10/20)
  Class 3: 100.00% (11/11)
Epoch [80/100], Training Loss: 0.3487
Validation Loss: 0.4280, Validation Accuracy: 66.67%

Per-Class Validation Accuracy:
  Class 0: 57.14% (8/14)
  Class 1: 100.00% (15/15)
  Class 2: 30.00% (6/20)
  Class 3: 100.00% (11/11)
Epoch [81/100], Training Loss: 0.3564
Validation Loss: 0.4089, Validation Accuracy: 66.67%

Per-Class Validation Accuracy:
  Class 0: 21.43% (3/14)
  Class 1: 100.00% (15/15)
  Class 2: 55.00% (11/20)
  Class 3: 100.00% (11/11)
Epoch [82/100], Training Loss: 0.3623
Validation Loss: 0.4583, Validation Accuracy: 68.33%

Per-Class Validation Accuracy:
  Class 0: 85.71% (12/14)
  Class 1: 100.00% (15/15)
  Class 2: 15.00% (3/20)
  Class 3: 100.00% (11/11)
Early stopping triggered.

        Elapsed time is 12.2290 seconds.

        Elapsed time is 12.2292 seconds.

==========================================================================================
Total parameters: 6682
Total memory (bytes): 53456
Total memory (MB): 0.0509796142578125
==========================================================================================
Validation Loss: 0.4583, Validation Accuracy: 68.33%

Per-Class Validation Accuracy:
  No Thrust: 85.71% (12/14)
  Chemical: 100.00% (15/15)
  Electric: 15.00% (3/20)
  Impulsive: 100.00% (11/11)