GPU is available

Entering LSTM Training Loop
Epoch [1/100], Training Loss: 1.3928
Validation Loss: 1.3693, Validation Accuracy: 40.00%

Per-Class Validation Accuracy:
  Class 0: 7.69% (1/13)
  Class 1: 100.00% (13/13)
  Class 2: 0.00% (0/18)
  Class 3: 62.50% (10/16)
Epoch [2/100], Training Loss: 1.3571
Validation Loss: 1.3320, Validation Accuracy: 38.33%

Per-Class Validation Accuracy:
  Class 0: 15.38% (2/13)
  Class 1: 100.00% (13/13)
  Class 2: 0.00% (0/18)
  Class 3: 50.00% (8/16)
Epoch [3/100], Training Loss: 1.2808
Validation Loss: 1.1978, Validation Accuracy: 51.67%

Per-Class Validation Accuracy:
  Class 0: 84.62% (11/13)
  Class 1: 84.62% (11/13)
  Class 2: 0.00% (0/18)
  Class 3: 56.25% (9/16)
Epoch [4/100], Training Loss: 1.0708
Validation Loss: 0.9899, Validation Accuracy: 53.33%

Per-Class Validation Accuracy:
  Class 0: 100.00% (13/13)
  Class 1: 61.54% (8/13)
  Class 2: 0.00% (0/18)
  Class 3: 68.75% (11/16)
Epoch [5/100], Training Loss: 0.8969
Validation Loss: 0.7927, Validation Accuracy: 61.67%

Per-Class Validation Accuracy:
  Class 0: 100.00% (13/13)
  Class 1: 76.92% (10/13)
  Class 2: 0.00% (0/18)
  Class 3: 87.50% (14/16)
Epoch [6/100], Training Loss: 0.7099
Validation Loss: 0.6135, Validation Accuracy: 68.33%

Per-Class Validation Accuracy:
  Class 0: 100.00% (13/13)
  Class 1: 100.00% (13/13)
  Class 2: 0.00% (0/18)
  Class 3: 93.75% (15/16)
Epoch [7/100], Training Loss: 0.5793
Validation Loss: 0.5261, Validation Accuracy: 68.33%

Per-Class Validation Accuracy:
  Class 0: 100.00% (13/13)
  Class 1: 100.00% (13/13)
  Class 2: 0.00% (0/18)
  Class 3: 93.75% (15/16)
Epoch [8/100], Training Loss: 0.5305
Validation Loss: 0.4828, Validation Accuracy: 68.33%

Per-Class Validation Accuracy:
  Class 0: 100.00% (13/13)
  Class 1: 100.00% (13/13)
  Class 2: 0.00% (0/18)
  Class 3: 93.75% (15/16)
Epoch [9/100], Training Loss: 0.4688
Validation Loss: 0.4647, Validation Accuracy: 68.33%

Per-Class Validation Accuracy:
  Class 0: 100.00% (13/13)
  Class 1: 100.00% (13/13)
  Class 2: 0.00% (0/18)
  Class 3: 93.75% (15/16)
Epoch [10/100], Training Loss: 0.4477
Validation Loss: 0.4432, Validation Accuracy: 75.00%

Per-Class Validation Accuracy:
  Class 0: 0.00% (0/13)
  Class 1: 100.00% (13/13)
  Class 2: 94.44% (17/18)
  Class 3: 93.75% (15/16)
Epoch [11/100], Training Loss: 0.5073
Validation Loss: 0.4409, Validation Accuracy: 68.33%

Per-Class Validation Accuracy:
  Class 0: 100.00% (13/13)
  Class 1: 100.00% (13/13)
  Class 2: 0.00% (0/18)
  Class 3: 93.75% (15/16)
Epoch [12/100], Training Loss: 0.4517
Validation Loss: 0.4472, Validation Accuracy: 68.33%

Per-Class Validation Accuracy:
  Class 0: 100.00% (13/13)
  Class 1: 100.00% (13/13)
  Class 2: 0.00% (0/18)
  Class 3: 93.75% (15/16)
Epoch [13/100], Training Loss: 0.4311
Validation Loss: 0.4401, Validation Accuracy: 68.33%

Per-Class Validation Accuracy:
  Class 0: 92.31% (12/13)
  Class 1: 100.00% (13/13)
  Class 2: 5.56% (1/18)
  Class 3: 93.75% (15/16)
Epoch [14/100], Training Loss: 0.4124
Validation Loss: 0.4264, Validation Accuracy: 66.67%

Per-Class Validation Accuracy:
  Class 0: 92.31% (12/13)
  Class 1: 100.00% (13/13)
  Class 2: 0.00% (0/18)
  Class 3: 93.75% (15/16)
Epoch [15/100], Training Loss: 0.4124
Validation Loss: 0.4344, Validation Accuracy: 70.00%

Per-Class Validation Accuracy:
  Class 0: 92.31% (12/13)
  Class 1: 100.00% (13/13)
  Class 2: 5.56% (1/18)
  Class 3: 100.00% (16/16)
Epoch [16/100], Training Loss: 0.4128
Validation Loss: 0.4195, Validation Accuracy: 66.67%

Per-Class Validation Accuracy:
  Class 0: 92.31% (12/13)
  Class 1: 100.00% (13/13)
  Class 2: 0.00% (0/18)
  Class 3: 93.75% (15/16)
Epoch [17/100], Training Loss: 0.4155
Validation Loss: 0.4150, Validation Accuracy: 66.67%

Per-Class Validation Accuracy:
  Class 0: 84.62% (11/13)
  Class 1: 100.00% (13/13)
  Class 2: 5.56% (1/18)
  Class 3: 93.75% (15/16)
Epoch [18/100], Training Loss: 0.3925
Validation Loss: 0.4036, Validation Accuracy: 68.33%

Per-Class Validation Accuracy:
  Class 0: 84.62% (11/13)
  Class 1: 100.00% (13/13)
  Class 2: 5.56% (1/18)
  Class 3: 100.00% (16/16)
Epoch [19/100], Training Loss: 0.4010
Validation Loss: 0.4084, Validation Accuracy: 68.33%

Per-Class Validation Accuracy:
  Class 0: 92.31% (12/13)
  Class 1: 100.00% (13/13)
  Class 2: 0.00% (0/18)
  Class 3: 100.00% (16/16)
Epoch [20/100], Training Loss: 0.3835
Validation Loss: 0.4113, Validation Accuracy: 66.67%

Per-Class Validation Accuracy:
  Class 0: 84.62% (11/13)
  Class 1: 100.00% (13/13)
  Class 2: 5.56% (1/18)
  Class 3: 93.75% (15/16)
Epoch [21/100], Training Loss: 0.3865
Validation Loss: 0.3953, Validation Accuracy: 78.33%

Per-Class Validation Accuracy:
  Class 0: 0.00% (0/13)
  Class 1: 100.00% (13/13)
  Class 2: 100.00% (18/18)
  Class 3: 100.00% (16/16)
Epoch [22/100], Training Loss: 0.3758
Validation Loss: 0.3924, Validation Accuracy: 68.33%

Per-Class Validation Accuracy:
  Class 0: 84.62% (11/13)
  Class 1: 100.00% (13/13)
  Class 2: 5.56% (1/18)
  Class 3: 100.00% (16/16)
Epoch [23/100], Training Loss: 0.3772
Validation Loss: 0.3907, Validation Accuracy: 68.33%

Per-Class Validation Accuracy:
  Class 0: 92.31% (12/13)
  Class 1: 100.00% (13/13)
  Class 2: 0.00% (0/18)
  Class 3: 100.00% (16/16)
Epoch [24/100], Training Loss: 0.3816
Validation Loss: 0.3887, Validation Accuracy: 68.33%

Per-Class Validation Accuracy:
  Class 0: 92.31% (12/13)
  Class 1: 100.00% (13/13)
  Class 2: 0.00% (0/18)
  Class 3: 100.00% (16/16)
Epoch [25/100], Training Loss: 0.3719
Validation Loss: 0.3797, Validation Accuracy: 78.33%

Per-Class Validation Accuracy:
  Class 0: 0.00% (0/13)
  Class 1: 100.00% (13/13)
  Class 2: 100.00% (18/18)
  Class 3: 100.00% (16/16)
Epoch [26/100], Training Loss: 0.3729
Validation Loss: 0.3821, Validation Accuracy: 68.33%

Per-Class Validation Accuracy:
  Class 0: 92.31% (12/13)
  Class 1: 100.00% (13/13)
  Class 2: 0.00% (0/18)
  Class 3: 100.00% (16/16)
Epoch [27/100], Training Loss: 0.3742
Validation Loss: 0.3888, Validation Accuracy: 68.33%

Per-Class Validation Accuracy:
  Class 0: 92.31% (12/13)
  Class 1: 100.00% (13/13)
  Class 2: 0.00% (0/18)
  Class 3: 100.00% (16/16)
Epoch [28/100], Training Loss: 0.3825
Validation Loss: 0.3840, Validation Accuracy: 70.00%

Per-Class Validation Accuracy:
  Class 0: 92.31% (12/13)
  Class 1: 100.00% (13/13)
  Class 2: 5.56% (1/18)
  Class 3: 100.00% (16/16)
Epoch [29/100], Training Loss: 0.3623
Validation Loss: 0.3784, Validation Accuracy: 68.33%

Per-Class Validation Accuracy:
  Class 0: 84.62% (11/13)
  Class 1: 100.00% (13/13)
  Class 2: 5.56% (1/18)
  Class 3: 100.00% (16/16)
Epoch [30/100], Training Loss: 0.3659
Validation Loss: 0.3778, Validation Accuracy: 68.33%

Per-Class Validation Accuracy:
  Class 0: 92.31% (12/13)
  Class 1: 100.00% (13/13)
  Class 2: 0.00% (0/18)
  Class 3: 100.00% (16/16)
Epoch [31/100], Training Loss: 0.3615
Validation Loss: 0.3992, Validation Accuracy: 66.67%

Per-Class Validation Accuracy:
  Class 0: 92.31% (12/13)
  Class 1: 100.00% (13/13)
  Class 2: 0.00% (0/18)
  Class 3: 93.75% (15/16)
Epoch [32/100], Training Loss: 0.3590
Validation Loss: 0.3790, Validation Accuracy: 68.33%

Per-Class Validation Accuracy:
  Class 0: 84.62% (11/13)
  Class 1: 100.00% (13/13)
  Class 2: 5.56% (1/18)
  Class 3: 100.00% (16/16)
Epoch [33/100], Training Loss: 0.3560
Validation Loss: 0.3762, Validation Accuracy: 68.33%

Per-Class Validation Accuracy:
  Class 0: 92.31% (12/13)
  Class 1: 100.00% (13/13)
  Class 2: 0.00% (0/18)
  Class 3: 100.00% (16/16)
Epoch [34/100], Training Loss: 0.3601
Validation Loss: 0.3753, Validation Accuracy: 68.33%

Per-Class Validation Accuracy:
  Class 0: 92.31% (12/13)
  Class 1: 100.00% (13/13)
  Class 2: 0.00% (0/18)
  Class 3: 100.00% (16/16)
Epoch [35/100], Training Loss: 0.3555
Validation Loss: 0.3693, Validation Accuracy: 73.33%

Per-Class Validation Accuracy:
  Class 0: 46.15% (6/13)
  Class 1: 100.00% (13/13)
  Class 2: 50.00% (9/18)
  Class 3: 100.00% (16/16)
Epoch [36/100], Training Loss: 0.3518
Validation Loss: 0.3724, Validation Accuracy: 70.00%

Per-Class Validation Accuracy:
  Class 0: 92.31% (12/13)
  Class 1: 100.00% (13/13)
  Class 2: 5.56% (1/18)
  Class 3: 100.00% (16/16)
Epoch [37/100], Training Loss: 0.3502
Validation Loss: 0.3679, Validation Accuracy: 71.67%

Per-Class Validation Accuracy:
  Class 0: 84.62% (11/13)
  Class 1: 100.00% (13/13)
  Class 2: 16.67% (3/18)
  Class 3: 100.00% (16/16)
Epoch [38/100], Training Loss: 0.3508
Validation Loss: 0.3693, Validation Accuracy: 70.00%

Per-Class Validation Accuracy:
  Class 0: 92.31% (12/13)
  Class 1: 100.00% (13/13)
  Class 2: 5.56% (1/18)
  Class 3: 100.00% (16/16)
Epoch [39/100], Training Loss: 0.3511
Validation Loss: 0.3707, Validation Accuracy: 68.33%

Per-Class Validation Accuracy:
  Class 0: 92.31% (12/13)
  Class 1: 100.00% (13/13)
  Class 2: 0.00% (0/18)
  Class 3: 100.00% (16/16)
Epoch [40/100], Training Loss: 0.3511
Validation Loss: 0.3679, Validation Accuracy: 68.33%

Per-Class Validation Accuracy:
  Class 0: 84.62% (11/13)
  Class 1: 100.00% (13/13)
  Class 2: 5.56% (1/18)
  Class 3: 100.00% (16/16)
Epoch [41/100], Training Loss: 0.3555
Validation Loss: 0.3660, Validation Accuracy: 73.33%

Per-Class Validation Accuracy:
  Class 0: 23.08% (3/13)
  Class 1: 100.00% (13/13)
  Class 2: 66.67% (12/18)
  Class 3: 100.00% (16/16)
Epoch [42/100], Training Loss: 0.3477
Validation Loss: 0.3716, Validation Accuracy: 68.33%

Per-Class Validation Accuracy:
  Class 0: 92.31% (12/13)
  Class 1: 100.00% (13/13)
  Class 2: 0.00% (0/18)
  Class 3: 100.00% (16/16)
Epoch [43/100], Training Loss: 0.3527
Validation Loss: 0.3671, Validation Accuracy: 68.33%

Per-Class Validation Accuracy:
  Class 0: 84.62% (11/13)
  Class 1: 100.00% (13/13)
  Class 2: 5.56% (1/18)
  Class 3: 100.00% (16/16)
Epoch [44/100], Training Loss: 0.3524
Validation Loss: 0.3859, Validation Accuracy: 68.33%

Per-Class Validation Accuracy:
  Class 0: 92.31% (12/13)
  Class 1: 100.00% (13/13)
  Class 2: 0.00% (0/18)
  Class 3: 100.00% (16/16)
Epoch [45/100], Training Loss: 0.3587
Validation Loss: 0.3672, Validation Accuracy: 70.00%

Per-Class Validation Accuracy:
  Class 0: 7.69% (1/13)
  Class 1: 100.00% (13/13)
  Class 2: 66.67% (12/18)
  Class 3: 100.00% (16/16)
Epoch [46/100], Training Loss: 0.3513
Validation Loss: 0.3685, Validation Accuracy: 68.33%

Per-Class Validation Accuracy:
  Class 0: 84.62% (11/13)
  Class 1: 100.00% (13/13)
  Class 2: 5.56% (1/18)
  Class 3: 100.00% (16/16)
Epoch [47/100], Training Loss: 0.3482
Validation Loss: 0.3694, Validation Accuracy: 68.33%

Per-Class Validation Accuracy:
  Class 0: 84.62% (11/13)
  Class 1: 100.00% (13/13)
  Class 2: 5.56% (1/18)
  Class 3: 100.00% (16/16)
Epoch [48/100], Training Loss: 0.3523
Validation Loss: 0.3663, Validation Accuracy: 71.67%

Per-Class Validation Accuracy:
  Class 0: 84.62% (11/13)
  Class 1: 100.00% (13/13)
  Class 2: 16.67% (3/18)
  Class 3: 100.00% (16/16)
Epoch [49/100], Training Loss: 0.3459
Validation Loss: 0.3691, Validation Accuracy: 70.00%

Per-Class Validation Accuracy:
  Class 0: 92.31% (12/13)
  Class 1: 100.00% (13/13)
  Class 2: 5.56% (1/18)
  Class 3: 100.00% (16/16)
Epoch [50/100], Training Loss: 0.3509
Validation Loss: 0.3676, Validation Accuracy: 70.00%

Per-Class Validation Accuracy:
  Class 0: 92.31% (12/13)
  Class 1: 100.00% (13/13)
  Class 2: 5.56% (1/18)
  Class 3: 100.00% (16/16)
Epoch [51/100], Training Loss: 0.3479
Validation Loss: 0.3677, Validation Accuracy: 70.00%

Per-Class Validation Accuracy:
  Class 0: 92.31% (12/13)
  Class 1: 100.00% (13/13)
  Class 2: 5.56% (1/18)
  Class 3: 100.00% (16/16)
Early stopping triggered.

	Elapsed time is 14.9494 seconds.

==========================================================================================
Total parameters: 14788
Total memory (bytes): 118304
Total memory (MB): 0.112823486328125
==========================================================================================
Validation Loss: 0.3677, Validation Accuracy: 70.00%

Per-Class Validation Accuracy:
  No Thrust: 92.31% (12/13)
  Chemical: 100.00% (13/13)
  Electric: 5.56% (1/18)
  Impulsive: 100.00% (16/16)

Classification Report:
              precision    recall  f1-score   support

   No Thrust     0.4138    0.9231    0.5714        13
    Chemical     1.0000    1.0000    1.0000        13
    Electric     0.5000    0.0556    0.1000        18
   Impulsive     1.0000    1.0000    1.0000        16

    accuracy                         0.7000        60
   macro avg     0.7284    0.7447    0.6679        60
weighted avg     0.7230    0.7000    0.6371        60


Confusion Matrix (rows = true, cols = predicted):
             P_No Thrust  P_Chemical  P_Electric  P_Impulsive
T_No Thrust           12           0           1            0
T_Chemical             0          13           0            0
T_Electric            17           0           1            0
T_Impulsive            0           0           0           16

Entering Mamba Training Loop
Epoch [1/100], Training Loss: 1.3804
Validation Loss: 1.3715, Validation Accuracy: 30.00%

Per-Class Validation Accuracy:
  Class 0: 0.00% (0/13)
  Class 1: 100.00% (13/13)
  Class 2: 16.67% (3/18)
  Class 3: 12.50% (2/16)
Epoch [2/100], Training Loss: 1.3530
Validation Loss: 1.3371, Validation Accuracy: 38.33%

Per-Class Validation Accuracy:
  Class 0: 23.08% (3/13)
  Class 1: 100.00% (13/13)
  Class 2: 16.67% (3/18)
  Class 3: 25.00% (4/16)
Epoch [3/100], Training Loss: 1.2650
Validation Loss: 1.1659, Validation Accuracy: 51.67%

Per-Class Validation Accuracy:
  Class 0: 84.62% (11/13)
  Class 1: 100.00% (13/13)
  Class 2: 5.56% (1/18)
  Class 3: 37.50% (6/16)
Epoch [4/100], Training Loss: 0.9165
Validation Loss: 0.7793, Validation Accuracy: 58.33%

Per-Class Validation Accuracy:
  Class 0: 76.92% (10/13)
  Class 1: 100.00% (13/13)
  Class 2: 22.22% (4/18)
  Class 3: 50.00% (8/16)
Epoch [5/100], Training Loss: 0.5840
Validation Loss: 0.6756, Validation Accuracy: 58.33%

Per-Class Validation Accuracy:
  Class 0: 100.00% (13/13)
  Class 1: 100.00% (13/13)
  Class 2: 0.00% (0/18)
  Class 3: 56.25% (9/16)
Epoch [6/100], Training Loss: 0.5178
Validation Loss: 0.5557, Validation Accuracy: 71.67%

Per-Class Validation Accuracy:
  Class 0: 15.38% (2/13)
  Class 1: 100.00% (13/13)
  Class 2: 94.44% (17/18)
  Class 3: 68.75% (11/16)
Epoch [7/100], Training Loss: 0.4876
Validation Loss: 0.5186, Validation Accuracy: 71.67%

Per-Class Validation Accuracy:
  Class 0: 23.08% (3/13)
  Class 1: 100.00% (13/13)
  Class 2: 77.78% (14/18)
  Class 3: 81.25% (13/16)
Epoch [8/100], Training Loss: 0.4611
Validation Loss: 0.5409, Validation Accuracy: 68.33%

Per-Class Validation Accuracy:
  Class 0: 100.00% (13/13)
  Class 1: 100.00% (13/13)
  Class 2: 0.00% (0/18)
  Class 3: 93.75% (15/16)
Epoch [9/100], Training Loss: 0.4147
Validation Loss: 0.4687, Validation Accuracy: 70.00%

Per-Class Validation Accuracy:
  Class 0: 92.31% (12/13)
  Class 1: 100.00% (13/13)
  Class 2: 5.56% (1/18)
  Class 3: 100.00% (16/16)
Epoch [10/100], Training Loss: 0.4062
Validation Loss: 0.4543, Validation Accuracy: 70.00%

Per-Class Validation Accuracy:
  Class 0: 100.00% (13/13)
  Class 1: 100.00% (13/13)
  Class 2: 0.00% (0/18)
  Class 3: 100.00% (16/16)
Epoch [11/100], Training Loss: 0.3923
Validation Loss: 0.4882, Validation Accuracy: 68.33%

Per-Class Validation Accuracy:
  Class 0: 92.31% (12/13)
  Class 1: 100.00% (13/13)
  Class 2: 0.00% (0/18)
  Class 3: 100.00% (16/16)
Epoch [12/100], Training Loss: 0.3957
Validation Loss: 0.4167, Validation Accuracy: 68.33%

Per-Class Validation Accuracy:
  Class 0: 92.31% (12/13)
  Class 1: 100.00% (13/13)
  Class 2: 0.00% (0/18)
  Class 3: 100.00% (16/16)
Epoch [13/100], Training Loss: 0.3840
Validation Loss: 0.4431, Validation Accuracy: 70.00%

Per-Class Validation Accuracy:
  Class 0: 100.00% (13/13)
  Class 1: 100.00% (13/13)
  Class 2: 0.00% (0/18)
  Class 3: 100.00% (16/16)
Epoch [14/100], Training Loss: 0.3889
Validation Loss: 0.3857, Validation Accuracy: 78.33%

Per-Class Validation Accuracy:
  Class 0: 0.00% (0/13)
  Class 1: 100.00% (13/13)
  Class 2: 100.00% (18/18)
  Class 3: 100.00% (16/16)
Epoch [15/100], Training Loss: 0.3786
Validation Loss: 0.3837, Validation Accuracy: 68.33%

Per-Class Validation Accuracy:
  Class 0: 84.62% (11/13)
  Class 1: 100.00% (13/13)
  Class 2: 5.56% (1/18)
  Class 3: 100.00% (16/16)
Epoch [16/100], Training Loss: 0.3591
Validation Loss: 0.3718, Validation Accuracy: 70.00%

Per-Class Validation Accuracy:
  Class 0: 30.77% (4/13)
  Class 1: 100.00% (13/13)
  Class 2: 50.00% (9/18)
  Class 3: 100.00% (16/16)
Epoch [17/100], Training Loss: 0.3538
Validation Loss: 0.3991, Validation Accuracy: 68.33%

Per-Class Validation Accuracy:
  Class 0: 92.31% (12/13)
  Class 1: 100.00% (13/13)
  Class 2: 0.00% (0/18)
  Class 3: 100.00% (16/16)
Epoch [18/100], Training Loss: 0.3748
Validation Loss: 0.4440, Validation Accuracy: 68.33%

Per-Class Validation Accuracy:
  Class 0: 92.31% (12/13)
  Class 1: 100.00% (13/13)
  Class 2: 0.00% (0/18)
  Class 3: 100.00% (16/16)
Epoch [19/100], Training Loss: 0.3557
Validation Loss: 0.3685, Validation Accuracy: 78.33%

Per-Class Validation Accuracy:
  Class 0: 0.00% (0/13)
  Class 1: 100.00% (13/13)
  Class 2: 100.00% (18/18)
  Class 3: 100.00% (16/16)
Epoch [20/100], Training Loss: 0.3480
Validation Loss: 0.4083, Validation Accuracy: 68.33%

Per-Class Validation Accuracy:
  Class 0: 92.31% (12/13)
  Class 1: 100.00% (13/13)
  Class 2: 0.00% (0/18)
  Class 3: 100.00% (16/16)
Epoch [21/100], Training Loss: 0.3667
Validation Loss: 0.3731, Validation Accuracy: 78.33%

Per-Class Validation Accuracy:
  Class 0: 0.00% (0/13)
  Class 1: 100.00% (13/13)
  Class 2: 100.00% (18/18)
  Class 3: 100.00% (16/16)
Epoch [22/100], Training Loss: 0.3560
Validation Loss: 0.4321, Validation Accuracy: 68.33%

Per-Class Validation Accuracy:
  Class 0: 92.31% (12/13)
  Class 1: 100.00% (13/13)
  Class 2: 0.00% (0/18)
  Class 3: 100.00% (16/16)
Epoch [23/100], Training Loss: 0.3656
Validation Loss: 0.3689, Validation Accuracy: 75.00%

Per-Class Validation Accuracy:
  Class 0: 0.00% (0/13)
  Class 1: 100.00% (13/13)
  Class 2: 88.89% (16/18)
  Class 3: 100.00% (16/16)
Epoch [24/100], Training Loss: 0.3602
Validation Loss: 0.3790, Validation Accuracy: 68.33%

Per-Class Validation Accuracy:
  Class 0: 84.62% (11/13)
  Class 1: 100.00% (13/13)
  Class 2: 5.56% (1/18)
  Class 3: 100.00% (16/16)
Epoch [25/100], Training Loss: 0.3553
Validation Loss: 0.3850, Validation Accuracy: 68.33%

Per-Class Validation Accuracy:
  Class 0: 92.31% (12/13)
  Class 1: 100.00% (13/13)
  Class 2: 0.00% (0/18)
  Class 3: 100.00% (16/16)
Epoch [26/100], Training Loss: 0.3527
Validation Loss: 0.3679, Validation Accuracy: 78.33%

Per-Class Validation Accuracy:
  Class 0: 15.38% (2/13)
  Class 1: 100.00% (13/13)
  Class 2: 88.89% (16/18)
  Class 3: 100.00% (16/16)
Epoch [27/100], Training Loss: 0.3574
Validation Loss: 0.3750, Validation Accuracy: 70.00%

Per-Class Validation Accuracy:
  Class 0: 92.31% (12/13)
  Class 1: 100.00% (13/13)
  Class 2: 5.56% (1/18)
  Class 3: 100.00% (16/16)
Epoch [28/100], Training Loss: 0.3491
Validation Loss: 0.3716, Validation Accuracy: 71.67%

Per-Class Validation Accuracy:
  Class 0: 69.23% (9/13)
  Class 1: 100.00% (13/13)
  Class 2: 27.78% (5/18)
  Class 3: 100.00% (16/16)
Epoch [29/100], Training Loss: 0.3383
Validation Loss: 0.3762, Validation Accuracy: 68.33%

Per-Class Validation Accuracy:
  Class 0: 92.31% (12/13)
  Class 1: 100.00% (13/13)
  Class 2: 0.00% (0/18)
  Class 3: 100.00% (16/16)
Epoch [30/100], Training Loss: 0.3482
Validation Loss: 0.3729, Validation Accuracy: 70.00%

Per-Class Validation Accuracy:
  Class 0: 61.54% (8/13)
  Class 1: 100.00% (13/13)
  Class 2: 27.78% (5/18)
  Class 3: 100.00% (16/16)
Epoch [31/100], Training Loss: 0.3441
Validation Loss: 0.3786, Validation Accuracy: 68.33%

Per-Class Validation Accuracy:
  Class 0: 92.31% (12/13)
  Class 1: 100.00% (13/13)
  Class 2: 0.00% (0/18)
  Class 3: 100.00% (16/16)
Epoch [32/100], Training Loss: 0.3508
Validation Loss: 0.3785, Validation Accuracy: 68.33%

Per-Class Validation Accuracy:
  Class 0: 92.31% (12/13)
  Class 1: 100.00% (13/13)
  Class 2: 0.00% (0/18)
  Class 3: 100.00% (16/16)
Epoch [33/100], Training Loss: 0.3638
Validation Loss: 0.3823, Validation Accuracy: 68.33%

Per-Class Validation Accuracy:
  Class 0: 92.31% (12/13)
  Class 1: 100.00% (13/13)
  Class 2: 0.00% (0/18)
  Class 3: 100.00% (16/16)
Epoch [34/100], Training Loss: 0.3622
Validation Loss: 0.3673, Validation Accuracy: 75.00%

Per-Class Validation Accuracy:
  Class 0: 0.00% (0/13)
  Class 1: 100.00% (13/13)
  Class 2: 88.89% (16/18)
  Class 3: 100.00% (16/16)
Epoch [35/100], Training Loss: 0.3475
Validation Loss: 0.3774, Validation Accuracy: 68.33%

Per-Class Validation Accuracy:
  Class 0: 92.31% (12/13)
  Class 1: 100.00% (13/13)
  Class 2: 0.00% (0/18)
  Class 3: 100.00% (16/16)
Epoch [36/100], Training Loss: 0.3452
Validation Loss: 0.3727, Validation Accuracy: 66.67%

Per-Class Validation Accuracy:
  Class 0: 46.15% (6/13)
  Class 1: 100.00% (13/13)
  Class 2: 27.78% (5/18)
  Class 3: 100.00% (16/16)
Epoch [37/100], Training Loss: 0.3430
Validation Loss: 0.3774, Validation Accuracy: 68.33%

Per-Class Validation Accuracy:
  Class 0: 92.31% (12/13)
  Class 1: 100.00% (13/13)
  Class 2: 0.00% (0/18)
  Class 3: 100.00% (16/16)
Epoch [38/100], Training Loss: 0.3441
Validation Loss: 0.3731, Validation Accuracy: 66.67%

Per-Class Validation Accuracy:
  Class 0: 46.15% (6/13)
  Class 1: 100.00% (13/13)
  Class 2: 27.78% (5/18)
  Class 3: 100.00% (16/16)
Epoch [39/100], Training Loss: 0.3459
Validation Loss: 0.3755, Validation Accuracy: 73.33%

Per-Class Validation Accuracy:
  Class 0: 76.92% (10/13)
  Class 1: 100.00% (13/13)
  Class 2: 27.78% (5/18)
  Class 3: 100.00% (16/16)
Epoch [40/100], Training Loss: 0.3461
Validation Loss: 0.3731, Validation Accuracy: 66.67%

Per-Class Validation Accuracy:
  Class 0: 46.15% (6/13)
  Class 1: 100.00% (13/13)
  Class 2: 27.78% (5/18)
  Class 3: 100.00% (16/16)
Epoch [41/100], Training Loss: 0.3460
Validation Loss: 0.3741, Validation Accuracy: 71.67%

Per-Class Validation Accuracy:
  Class 0: 69.23% (9/13)
  Class 1: 100.00% (13/13)
  Class 2: 27.78% (5/18)
  Class 3: 100.00% (16/16)
Epoch [42/100], Training Loss: 0.3390
Validation Loss: 0.3721, Validation Accuracy: 70.00%

Per-Class Validation Accuracy:
  Class 0: 53.85% (7/13)
  Class 1: 100.00% (13/13)
  Class 2: 33.33% (6/18)
  Class 3: 100.00% (16/16)
Epoch [43/100], Training Loss: 0.3492
Validation Loss: 0.3797, Validation Accuracy: 68.33%

Per-Class Validation Accuracy:
  Class 0: 92.31% (12/13)
  Class 1: 100.00% (13/13)
  Class 2: 0.00% (0/18)
  Class 3: 100.00% (16/16)
Epoch [44/100], Training Loss: 0.3423
Validation Loss: 0.3697, Validation Accuracy: 73.33%

Per-Class Validation Accuracy:
  Class 0: 23.08% (3/13)
  Class 1: 100.00% (13/13)
  Class 2: 66.67% (12/18)
  Class 3: 100.00% (16/16)
Early stopping triggered.

	Elapsed time is 9.1356 seconds.

==========================================================================================
Total parameters: 7963
Total memory (bytes): 63704
Total memory (MB): 0.06075286865234375
==========================================================================================
Validation Loss: 0.3697, Validation Accuracy: 73.33%

Per-Class Validation Accuracy:
  No Thrust: 23.08% (3/13)
  Chemical: 100.00% (13/13)
  Electric: 66.67% (12/18)
  Impulsive: 100.00% (16/16)

Classification Report:
              precision    recall  f1-score   support

   No Thrust     0.3333    0.2308    0.2727        13
    Chemical     1.0000    1.0000    1.0000        13
    Electric     0.5455    0.6667    0.6000        18
   Impulsive     1.0000    1.0000    1.0000        16

    accuracy                         0.7333        60
   macro avg     0.7197    0.7244    0.7182        60
weighted avg     0.7192    0.7333    0.7224        60


Confusion Matrix (rows = true, cols = predicted):
             P_No Thrust  P_Chemical  P_Electric  P_Impulsive
T_No Thrust            3           0          10            0
T_Chemical             0          13           0            0
T_Electric             6           0          12            0
T_Impulsive            0           0           0           16
