GPU is available

Entering Decision Trees Training Loop

	Elapsed time is 0.8662 seconds.

==========================================================================================
Total parameters: NaN
Total memory (bytes): 663875
Total memory (MB): 0.6331205368041992
==========================================================================================
Validation Loss: 0.2537, Validation Accuracy: 90.00%

Per-Class Validation Accuracy:
  No Thrust: 81.82% (9/11)
  Chemical: 100.00% (13/13)
  Electric: 82.35% (14/17)
  Impulsive: 94.74% (18/19)

Classification Report:
              precision    recall  f1-score   support

   No Thrust     0.6923    0.8182    0.7500        11
    Chemical     1.0000    1.0000    1.0000        13
    Electric     0.8750    0.8235    0.8485        17
   Impulsive     1.0000    0.9474    0.9730        19

    accuracy                         0.9000        60
   macro avg     0.8918    0.8973    0.8929        60
weighted avg     0.9082    0.9000    0.9027        60


Confusion Matrix (rows = true, cols = predicted):
             P_No Thrust  P_Chemical  P_Electric  P_Impulsive
T_No Thrust            9           0           2            0
T_Chemical             0          13           0            0
T_Electric             3           0          14            0
T_Impulsive            1           0           0           18

Entering Nearest Neighbor Training Loop

	Elapsed time is 0.0795 seconds.

==========================================================================================
Total parameters: NaN (non-parametric model)
Total memory (bytes): 2199490
Total memory (MB): 2.0976
==========================================================================================
Validation Loss: NaN, Validation Accuracy: 66.67%

Per-Class Validation Accuracy:
  No Thrust: 18.18% (2/11)
  Chemical: 100.00% (13/13)
  Electric: 41.18% (7/17)
  Impulsive: 94.74% (18/19)

Classification Report:
              precision    recall  f1-score   support

   No Thrust     0.1538    0.1818    0.1667        11
    Chemical     1.0000    1.0000    1.0000        13
    Electric     0.4375    0.4118    0.4242        17
   Impulsive     1.0000    0.9474    0.9730        19

    accuracy                         0.6667        60
   macro avg     0.6478    0.6352    0.6410        60
weighted avg     0.6855    0.6667    0.6755        60


Confusion Matrix (rows = true, cols = predicted):
             P_No Thrust  P_Chemical  P_Electric  P_Impulsive
T_No Thrust            2           0           9            0
T_Chemical             0          13           0            0
T_Electric            10           0           7            0
T_Impulsive            1           0           0           18

Entering LSTM Training Loop
Epoch [1/100], Training Loss: 1.3863
Validation Loss: 1.3605, Validation Accuracy: 48.33%

Per-Class Validation Accuracy:
  Class 0: 100.00% (11/11)
  Class 1: 0.00% (0/13)
  Class 2: 0.00% (0/17)
  Class 3: 94.74% (18/19)
Epoch [2/100], Training Loss: 1.3420
Validation Loss: 1.2843, Validation Accuracy: 45.00%

Per-Class Validation Accuracy:
  Class 0: 36.36% (4/11)
  Class 1: 100.00% (13/13)
  Class 2: 0.00% (0/17)
  Class 3: 52.63% (10/19)
Epoch [3/100], Training Loss: 1.2192
Validation Loss: 1.0710, Validation Accuracy: 46.67%

Per-Class Validation Accuracy:
  Class 0: 100.00% (11/11)
  Class 1: 38.46% (5/13)
  Class 2: 0.00% (0/17)
  Class 3: 63.16% (12/19)
Epoch [4/100], Training Loss: 0.9824
Validation Loss: 0.7821, Validation Accuracy: 61.67%

Per-Class Validation Accuracy:
  Class 0: 81.82% (9/11)
  Class 1: 100.00% (13/13)
  Class 2: 5.88% (1/17)
  Class 3: 73.68% (14/19)
Epoch [5/100], Training Loss: 0.7004
Validation Loss: 0.6474, Validation Accuracy: 70.00%

Per-Class Validation Accuracy:
  Class 0: 100.00% (11/11)
  Class 1: 100.00% (13/13)
  Class 2: 11.76% (2/17)
  Class 3: 84.21% (16/19)
Epoch [6/100], Training Loss: 0.6134
Validation Loss: 0.5730, Validation Accuracy: 70.00%

Per-Class Validation Accuracy:
  Class 0: 90.91% (10/11)
  Class 1: 100.00% (13/13)
  Class 2: 5.88% (1/17)
  Class 3: 94.74% (18/19)
Epoch [7/100], Training Loss: 0.5439
Validation Loss: 0.5031, Validation Accuracy: 70.00%

Per-Class Validation Accuracy:
  Class 0: 100.00% (11/11)
  Class 1: 100.00% (13/13)
  Class 2: 0.00% (0/17)
  Class 3: 94.74% (18/19)
Epoch [8/100], Training Loss: 0.5210
Validation Loss: 0.4883, Validation Accuracy: 71.67%

Per-Class Validation Accuracy:
  Class 0: 100.00% (11/11)
  Class 1: 100.00% (13/13)
  Class 2: 5.88% (1/17)
  Class 3: 94.74% (18/19)
Epoch [9/100], Training Loss: 0.5312
Validation Loss: 0.5253, Validation Accuracy: 70.00%

Per-Class Validation Accuracy:
  Class 0: 100.00% (11/11)
  Class 1: 100.00% (13/13)
  Class 2: 0.00% (0/17)
  Class 3: 94.74% (18/19)
Epoch [10/100], Training Loss: 0.4712
Validation Loss: 0.4491, Validation Accuracy: 70.00%

Per-Class Validation Accuracy:
  Class 0: 100.00% (11/11)
  Class 1: 100.00% (13/13)
  Class 2: 0.00% (0/17)
  Class 3: 94.74% (18/19)
Epoch [11/100], Training Loss: 0.4658
Validation Loss: 0.4478, Validation Accuracy: 68.33%

Per-Class Validation Accuracy:
  Class 0: 100.00% (11/11)
  Class 1: 100.00% (13/13)
  Class 2: 0.00% (0/17)
  Class 3: 89.47% (17/19)
Epoch [12/100], Training Loss: 0.4459
Validation Loss: 0.4164, Validation Accuracy: 70.00%

Per-Class Validation Accuracy:
  Class 0: 100.00% (11/11)
  Class 1: 100.00% (13/13)
  Class 2: 0.00% (0/17)
  Class 3: 94.74% (18/19)
Epoch [13/100], Training Loss: 0.4324
Validation Loss: 0.4306, Validation Accuracy: 68.33%

Per-Class Validation Accuracy:
  Class 0: 100.00% (11/11)
  Class 1: 100.00% (13/13)
  Class 2: 0.00% (0/17)
  Class 3: 89.47% (17/19)
Epoch [14/100], Training Loss: 0.4155
Validation Loss: 0.3961, Validation Accuracy: 70.00%

Per-Class Validation Accuracy:
  Class 0: 100.00% (11/11)
  Class 1: 100.00% (13/13)
  Class 2: 0.00% (0/17)
  Class 3: 94.74% (18/19)
Epoch [15/100], Training Loss: 0.4093
Validation Loss: 0.4443, Validation Accuracy: 68.33%

Per-Class Validation Accuracy:
  Class 0: 100.00% (11/11)
  Class 1: 100.00% (13/13)
  Class 2: 0.00% (0/17)
  Class 3: 89.47% (17/19)
Epoch [16/100], Training Loss: 0.4374
Validation Loss: 0.4638, Validation Accuracy: 73.33%

Per-Class Validation Accuracy:
  Class 0: 72.73% (8/11)
  Class 1: 100.00% (13/13)
  Class 2: 29.41% (5/17)
  Class 3: 94.74% (18/19)
Epoch [17/100], Training Loss: 0.4549
Validation Loss: 0.4193, Validation Accuracy: 70.00%

Per-Class Validation Accuracy:
  Class 0: 100.00% (11/11)
  Class 1: 100.00% (13/13)
  Class 2: 0.00% (0/17)
  Class 3: 94.74% (18/19)
Epoch [18/100], Training Loss: 0.4148
Validation Loss: 0.4087, Validation Accuracy: 70.00%

Per-Class Validation Accuracy:
  Class 0: 100.00% (11/11)
  Class 1: 100.00% (13/13)
  Class 2: 0.00% (0/17)
  Class 3: 94.74% (18/19)
Epoch [19/100], Training Loss: 0.4030
Validation Loss: 0.3846, Validation Accuracy: 70.00%

Per-Class Validation Accuracy:
  Class 0: 100.00% (11/11)
  Class 1: 100.00% (13/13)
  Class 2: 0.00% (0/17)
  Class 3: 94.74% (18/19)
Epoch [20/100], Training Loss: 0.3972
Validation Loss: 0.3768, Validation Accuracy: 70.00%

Per-Class Validation Accuracy:
  Class 0: 100.00% (11/11)
  Class 1: 100.00% (13/13)
  Class 2: 0.00% (0/17)
  Class 3: 94.74% (18/19)
Epoch [21/100], Training Loss: 0.3842
Validation Loss: 0.3802, Validation Accuracy: 70.00%

Per-Class Validation Accuracy:
  Class 0: 100.00% (11/11)
  Class 1: 100.00% (13/13)
  Class 2: 0.00% (0/17)
  Class 3: 94.74% (18/19)
Epoch [22/100], Training Loss: 0.3922
Validation Loss: 0.3767, Validation Accuracy: 70.00%

Per-Class Validation Accuracy:
  Class 0: 100.00% (11/11)
  Class 1: 100.00% (13/13)
  Class 2: 0.00% (0/17)
  Class 3: 94.74% (18/19)
Epoch [23/100], Training Loss: 0.3783
Validation Loss: 0.3902, Validation Accuracy: 70.00%

Per-Class Validation Accuracy:
  Class 0: 100.00% (11/11)
  Class 1: 100.00% (13/13)
  Class 2: 0.00% (0/17)
  Class 3: 94.74% (18/19)
Epoch [24/100], Training Loss: 0.3914
Validation Loss: 0.3725, Validation Accuracy: 70.00%

Per-Class Validation Accuracy:
  Class 0: 100.00% (11/11)
  Class 1: 100.00% (13/13)
  Class 2: 0.00% (0/17)
  Class 3: 94.74% (18/19)
Epoch [25/100], Training Loss: 0.3926
Validation Loss: 0.3658, Validation Accuracy: 70.00%

Per-Class Validation Accuracy:
  Class 0: 100.00% (11/11)
  Class 1: 100.00% (13/13)
  Class 2: 0.00% (0/17)
  Class 3: 94.74% (18/19)
Epoch [26/100], Training Loss: 0.3873
Validation Loss: 0.3799, Validation Accuracy: 70.00%

Per-Class Validation Accuracy:
  Class 0: 100.00% (11/11)
  Class 1: 100.00% (13/13)
  Class 2: 0.00% (0/17)
  Class 3: 94.74% (18/19)
Epoch [27/100], Training Loss: 0.3801
Validation Loss: 0.3711, Validation Accuracy: 70.00%

Per-Class Validation Accuracy:
  Class 0: 100.00% (11/11)
  Class 1: 100.00% (13/13)
  Class 2: 0.00% (0/17)
  Class 3: 94.74% (18/19)
Epoch [28/100], Training Loss: 0.3806
Validation Loss: 0.3755, Validation Accuracy: 70.00%

Per-Class Validation Accuracy:
  Class 0: 100.00% (11/11)
  Class 1: 100.00% (13/13)
  Class 2: 0.00% (0/17)
  Class 3: 94.74% (18/19)
Epoch [29/100], Training Loss: 0.3818
Validation Loss: 0.3742, Validation Accuracy: 70.00%

Per-Class Validation Accuracy:
  Class 0: 100.00% (11/11)
  Class 1: 100.00% (13/13)
  Class 2: 0.00% (0/17)
  Class 3: 94.74% (18/19)
Epoch [30/100], Training Loss: 0.3789
Validation Loss: 0.3682, Validation Accuracy: 70.00%

Per-Class Validation Accuracy:
  Class 0: 100.00% (11/11)
  Class 1: 100.00% (13/13)
  Class 2: 0.00% (0/17)
  Class 3: 94.74% (18/19)
Epoch [31/100], Training Loss: 0.3728
Validation Loss: 0.3774, Validation Accuracy: 70.00%

Per-Class Validation Accuracy:
  Class 0: 100.00% (11/11)
  Class 1: 100.00% (13/13)
  Class 2: 0.00% (0/17)
  Class 3: 94.74% (18/19)
Epoch [32/100], Training Loss: 0.3721
Validation Loss: 0.3702, Validation Accuracy: 70.00%

Per-Class Validation Accuracy:
  Class 0: 100.00% (11/11)
  Class 1: 100.00% (13/13)
  Class 2: 0.00% (0/17)
  Class 3: 94.74% (18/19)
Epoch [33/100], Training Loss: 0.3649
Validation Loss: 0.3792, Validation Accuracy: 70.00%

Per-Class Validation Accuracy:
  Class 0: 100.00% (11/11)
  Class 1: 100.00% (13/13)
  Class 2: 0.00% (0/17)
  Class 3: 94.74% (18/19)
Epoch [34/100], Training Loss: 0.3702
Validation Loss: 0.3680, Validation Accuracy: 70.00%

Per-Class Validation Accuracy:
  Class 0: 100.00% (11/11)
  Class 1: 100.00% (13/13)
  Class 2: 0.00% (0/17)
  Class 3: 94.74% (18/19)
Epoch [35/100], Training Loss: 0.3793
Validation Loss: 0.3727, Validation Accuracy: 70.00%

Per-Class Validation Accuracy:
  Class 0: 100.00% (11/11)
  Class 1: 100.00% (13/13)
  Class 2: 0.00% (0/17)
  Class 3: 94.74% (18/19)
Early stopping triggered.

	Elapsed time is 9.1427 seconds.

==========================================================================================
Total parameters: 14788
Total memory (bytes): 118304
Total memory (MB): 0.112823486328125
==========================================================================================
Validation Loss: 0.3727, Validation Accuracy: 70.00%

Per-Class Validation Accuracy:
  No Thrust: 100.00% (11/11)
  Chemical: 100.00% (13/13)
  Electric: 0.00% (0/17)
  Impulsive: 94.74% (18/19)

Classification Report:
              precision    recall  f1-score   support

   No Thrust     0.3793    1.0000    0.5500        11
    Chemical     1.0000    1.0000    1.0000        13
    Electric     0.0000    0.0000    0.0000        17
   Impulsive     1.0000    0.9474    0.9730        19

    accuracy                         0.7000        60
   macro avg     0.5948    0.7368    0.6307        60
weighted avg     0.6029    0.7000    0.6256        60


Confusion Matrix (rows = true, cols = predicted):
             P_No Thrust  P_Chemical  P_Electric  P_Impulsive
T_No Thrust           11           0           0            0
T_Chemical             0          13           0            0
T_Electric            17           0           0            0
T_Impulsive            1           0           0           18

Entering Mamba Training Loop
Epoch [1/100], Training Loss: 1.3741
Validation Loss: 1.3357, Validation Accuracy: 50.00%

Per-Class Validation Accuracy:
  Class 0: 0.00% (0/11)
  Class 1: 100.00% (13/13)
  Class 2: 17.65% (3/17)
  Class 3: 73.68% (14/19)
Epoch [2/100], Training Loss: 1.3272
Validation Loss: 1.2413, Validation Accuracy: 73.33%

Per-Class Validation Accuracy:
  Class 0: 0.00% (0/11)
  Class 1: 100.00% (13/13)
  Class 2: 100.00% (17/17)
  Class 3: 73.68% (14/19)
Epoch [3/100], Training Loss: 1.1504
Validation Loss: 0.8613, Validation Accuracy: 66.67%

Per-Class Validation Accuracy:
  Class 0: 0.00% (0/11)
  Class 1: 84.62% (11/13)
  Class 2: 100.00% (17/17)
  Class 3: 63.16% (12/19)
Epoch [4/100], Training Loss: 0.7961
Validation Loss: 0.6094, Validation Accuracy: 68.33%

Per-Class Validation Accuracy:
  Class 0: 100.00% (11/11)
  Class 1: 100.00% (13/13)
  Class 2: 0.00% (0/17)
  Class 3: 89.47% (17/19)
Epoch [5/100], Training Loss: 0.5600
Validation Loss: 0.5076, Validation Accuracy: 68.33%

Per-Class Validation Accuracy:
  Class 0: 100.00% (11/11)
  Class 1: 100.00% (13/13)
  Class 2: 0.00% (0/17)
  Class 3: 89.47% (17/19)
Epoch [6/100], Training Loss: 0.4752
Validation Loss: 0.4195, Validation Accuracy: 80.00%

Per-Class Validation Accuracy:
  Class 0: 18.18% (2/11)
  Class 1: 100.00% (13/13)
  Class 2: 82.35% (14/17)
  Class 3: 100.00% (19/19)
Epoch [7/100], Training Loss: 0.4383
Validation Loss: 0.3854, Validation Accuracy: 80.00%

Per-Class Validation Accuracy:
  Class 0: 9.09% (1/11)
  Class 1: 100.00% (13/13)
  Class 2: 88.24% (15/17)
  Class 3: 100.00% (19/19)
Epoch [8/100], Training Loss: 0.4017
Validation Loss: 0.3703, Validation Accuracy: 71.67%

Per-Class Validation Accuracy:
  Class 0: 100.00% (11/11)
  Class 1: 100.00% (13/13)
  Class 2: 0.00% (0/17)
  Class 3: 100.00% (19/19)
Epoch [9/100], Training Loss: 0.3766
Validation Loss: 0.3319, Validation Accuracy: 73.33%

Per-Class Validation Accuracy:
  Class 0: 27.27% (3/11)
  Class 1: 100.00% (13/13)
  Class 2: 52.94% (9/17)
  Class 3: 100.00% (19/19)
Epoch [10/100], Training Loss: 0.3686
Validation Loss: 0.3249, Validation Accuracy: 73.33%

Per-Class Validation Accuracy:
  Class 0: 27.27% (3/11)
  Class 1: 100.00% (13/13)
  Class 2: 52.94% (9/17)
  Class 3: 100.00% (19/19)
Epoch [11/100], Training Loss: 0.3670
Validation Loss: 0.3519, Validation Accuracy: 71.67%

Per-Class Validation Accuracy:
  Class 0: 100.00% (11/11)
  Class 1: 100.00% (13/13)
  Class 2: 0.00% (0/17)
  Class 3: 100.00% (19/19)
Epoch [12/100], Training Loss: 0.4055
Validation Loss: 0.3744, Validation Accuracy: 73.33%

Per-Class Validation Accuracy:
  Class 0: 100.00% (11/11)
  Class 1: 100.00% (13/13)
  Class 2: 5.88% (1/17)
  Class 3: 100.00% (19/19)
Epoch [13/100], Training Loss: 0.3821
Validation Loss: 0.3228, Validation Accuracy: 78.33%

Per-Class Validation Accuracy:
  Class 0: 18.18% (2/11)
  Class 1: 100.00% (13/13)
  Class 2: 76.47% (13/17)
  Class 3: 100.00% (19/19)
Epoch [14/100], Training Loss: 0.3719
Validation Loss: 0.3310, Validation Accuracy: 71.67%

Per-Class Validation Accuracy:
  Class 0: 72.73% (8/11)
  Class 1: 100.00% (13/13)
  Class 2: 17.65% (3/17)
  Class 3: 100.00% (19/19)
Epoch [15/100], Training Loss: 0.3742
Validation Loss: 0.3228, Validation Accuracy: 71.67%

Per-Class Validation Accuracy:
  Class 0: 36.36% (4/11)
  Class 1: 100.00% (13/13)
  Class 2: 41.18% (7/17)
  Class 3: 100.00% (19/19)
Epoch [16/100], Training Loss: 0.3587
Validation Loss: 0.3212, Validation Accuracy: 73.33%

Per-Class Validation Accuracy:
  Class 0: 54.55% (6/11)
  Class 1: 100.00% (13/13)
  Class 2: 35.29% (6/17)
  Class 3: 100.00% (19/19)
Epoch [17/100], Training Loss: 0.3754
Validation Loss: 0.3179, Validation Accuracy: 78.33%

Per-Class Validation Accuracy:
  Class 0: 27.27% (3/11)
  Class 1: 100.00% (13/13)
  Class 2: 70.59% (12/17)
  Class 3: 100.00% (19/19)
Epoch [18/100], Training Loss: 0.3776
Validation Loss: 0.3178, Validation Accuracy: 78.33%

Per-Class Validation Accuracy:
  Class 0: 18.18% (2/11)
  Class 1: 100.00% (13/13)
  Class 2: 76.47% (13/17)
  Class 3: 100.00% (19/19)
Epoch [19/100], Training Loss: 0.3741
Validation Loss: 0.3396, Validation Accuracy: 73.33%

Per-Class Validation Accuracy:
  Class 0: 100.00% (11/11)
  Class 1: 100.00% (13/13)
  Class 2: 5.88% (1/17)
  Class 3: 100.00% (19/19)
Epoch [20/100], Training Loss: 0.3686
Validation Loss: 0.3171, Validation Accuracy: 80.00%

Per-Class Validation Accuracy:
  Class 0: 27.27% (3/11)
  Class 1: 100.00% (13/13)
  Class 2: 76.47% (13/17)
  Class 3: 100.00% (19/19)
Epoch [21/100], Training Loss: 0.3681
Validation Loss: 0.3304, Validation Accuracy: 71.67%

Per-Class Validation Accuracy:
  Class 0: 100.00% (11/11)
  Class 1: 100.00% (13/13)
  Class 2: 0.00% (0/17)
  Class 3: 100.00% (19/19)
Epoch [22/100], Training Loss: 0.3701
Validation Loss: 0.3412, Validation Accuracy: 71.67%

Per-Class Validation Accuracy:
  Class 0: 100.00% (11/11)
  Class 1: 100.00% (13/13)
  Class 2: 0.00% (0/17)
  Class 3: 100.00% (19/19)
Epoch [23/100], Training Loss: 0.3667
Validation Loss: 0.3250, Validation Accuracy: 70.00%

Per-Class Validation Accuracy:
  Class 0: 63.64% (7/11)
  Class 1: 100.00% (13/13)
  Class 2: 17.65% (3/17)
  Class 3: 100.00% (19/19)
Epoch [24/100], Training Loss: 0.3646
Validation Loss: 0.3129, Validation Accuracy: 78.33%

Per-Class Validation Accuracy:
  Class 0: 0.00% (0/11)
  Class 1: 100.00% (13/13)
  Class 2: 88.24% (15/17)
  Class 3: 100.00% (19/19)
Epoch [25/100], Training Loss: 0.3702
Validation Loss: 0.3416, Validation Accuracy: 71.67%

Per-Class Validation Accuracy:
  Class 0: 100.00% (11/11)
  Class 1: 100.00% (13/13)
  Class 2: 0.00% (0/17)
  Class 3: 100.00% (19/19)
Epoch [26/100], Training Loss: 0.3702
Validation Loss: 0.3244, Validation Accuracy: 73.33%

Per-Class Validation Accuracy:
  Class 0: 90.91% (10/11)
  Class 1: 100.00% (13/13)
  Class 2: 11.76% (2/17)
  Class 3: 100.00% (19/19)
Epoch [27/100], Training Loss: 0.3722
Validation Loss: 0.3330, Validation Accuracy: 73.33%

Per-Class Validation Accuracy:
  Class 0: 100.00% (11/11)
  Class 1: 100.00% (13/13)
  Class 2: 5.88% (1/17)
  Class 3: 100.00% (19/19)
Epoch [28/100], Training Loss: 0.3672
Validation Loss: 0.3189, Validation Accuracy: 75.00%

Per-Class Validation Accuracy:
  Class 0: 27.27% (3/11)
  Class 1: 100.00% (13/13)
  Class 2: 58.82% (10/17)
  Class 3: 100.00% (19/19)
Epoch [29/100], Training Loss: 0.3681
Validation Loss: 0.3258, Validation Accuracy: 73.33%

Per-Class Validation Accuracy:
  Class 0: 90.91% (10/11)
  Class 1: 100.00% (13/13)
  Class 2: 11.76% (2/17)
  Class 3: 100.00% (19/19)
Epoch [30/100], Training Loss: 0.3662
Validation Loss: 0.3360, Validation Accuracy: 71.67%

Per-Class Validation Accuracy:
  Class 0: 100.00% (11/11)
  Class 1: 100.00% (13/13)
  Class 2: 0.00% (0/17)
  Class 3: 100.00% (19/19)
Epoch [31/100], Training Loss: 0.3702
Validation Loss: 0.3261, Validation Accuracy: 71.67%

Per-Class Validation Accuracy:
  Class 0: 100.00% (11/11)
  Class 1: 100.00% (13/13)
  Class 2: 0.00% (0/17)
  Class 3: 100.00% (19/19)
Epoch [32/100], Training Loss: 0.3720
Validation Loss: 0.3164, Validation Accuracy: 76.67%

Per-Class Validation Accuracy:
  Class 0: 18.18% (2/11)
  Class 1: 100.00% (13/13)
  Class 2: 70.59% (12/17)
  Class 3: 100.00% (19/19)
Epoch [33/100], Training Loss: 0.3646
Validation Loss: 0.3338, Validation Accuracy: 71.67%

Per-Class Validation Accuracy:
  Class 0: 100.00% (11/11)
  Class 1: 100.00% (13/13)
  Class 2: 0.00% (0/17)
  Class 3: 100.00% (19/19)
Epoch [34/100], Training Loss: 0.3606
Validation Loss: 0.3184, Validation Accuracy: 75.00%

Per-Class Validation Accuracy:
  Class 0: 27.27% (3/11)
  Class 1: 100.00% (13/13)
  Class 2: 58.82% (10/17)
  Class 3: 100.00% (19/19)
Early stopping triggered.

	Elapsed time is 13.0553 seconds.

==========================================================================================
Total parameters: 7963
Total memory (bytes): 63704
Total memory (MB): 0.06075286865234375
==========================================================================================
Validation Loss: 0.3184, Validation Accuracy: 75.00%

Per-Class Validation Accuracy:
  No Thrust: 27.27% (3/11)
  Chemical: 100.00% (13/13)
  Electric: 58.82% (10/17)
  Impulsive: 100.00% (19/19)

Classification Report:
              precision    recall  f1-score   support

   No Thrust     0.3000    0.2727    0.2857        11
    Chemical     1.0000    1.0000    1.0000        13
    Electric     0.5556    0.5882    0.5714        17
   Impulsive     1.0000    1.0000    1.0000        19

    accuracy                         0.7500        60
   macro avg     0.7139    0.7152    0.7143        60
weighted avg     0.7457    0.7500    0.7476        60


Confusion Matrix (rows = true, cols = predicted):
             P_No Thrust  P_Chemical  P_Electric  P_Impulsive
T_No Thrust            3           0           8            0
T_Chemical             0          13           0            0
T_Electric             7           0          10            0
T_Impulsive            0           0           0           19
