GPU is available

Entering Decision Trees Training Loop

	Elapsed time is 18.2085 seconds.

==========================================================================================
Total parameters: NaN
Total memory (bytes): 1475610
Total memory (MB): 1.4072513580322266
==========================================================================================
Validation Loss: 0.0140, Validation Accuracy: 99.77%

Per-Class Validation Accuracy:
  No Thrust: 99.32% (1470/1480)
  Chemical: 100.00% (1517/1517)
  Electric: 99.73% (1491/1495)
  Impulsive: 100.00% (1508/1508)

Classification Report:
              precision    recall  f1-score   support

   No Thrust     0.9973    0.9932    0.9953      1480
    Chemical     1.0000    1.0000    1.0000      1517
    Electric     0.9933    0.9973    0.9953      1495
   Impulsive     1.0000    1.0000    1.0000      1508

    accuracy                         0.9977      6000
   macro avg     0.9977    0.9976    0.9976      6000
weighted avg     0.9977    0.9977    0.9977      6000


Confusion Matrix (rows = true, cols = predicted):
             P_No Thrust  P_Chemical  P_Electric  P_Impulsive
T_No Thrust         1470           0          10            0
T_Chemical             0        1517           0            0
T_Electric             4           0        1491            0
T_Impulsive            0           0           0         1508

Entering Nearest Neighbor Training Loop

	Elapsed time is 0.7154 seconds.

==========================================================================================
Total parameters: NaN (non-parametric model)
Total memory (bytes): 6429026064
Total memory (MB): 6131.1970
==========================================================================================
Validation Loss: NaN, Validation Accuracy: 91.08%

Per-Class Validation Accuracy:
  No Thrust: 81.82% (1211/1480)
  Chemical: 100.00% (1517/1517)
  Electric: 82.21% (1229/1495)
  Impulsive: 100.00% (1508/1508)

Classification Report:
              precision    recall  f1-score   support

   No Thrust     0.8199    0.8182    0.8191      1480
    Chemical     1.0000    1.0000    1.0000      1517
    Electric     0.8204    0.8221    0.8212      1495
   Impulsive     1.0000    1.0000    1.0000      1508

    accuracy                         0.9108      6000
   macro avg     0.9101    0.9101    0.9101      6000
weighted avg     0.9108    0.9108    0.9108      6000


Confusion Matrix (rows = true, cols = predicted):
             P_No Thrust  P_Chemical  P_Electric  P_Impulsive
T_No Thrust         1211           0         269            0
T_Chemical             0        1517           0            0
T_Electric           266           0        1229            0
T_Impulsive            0           0           0         1508

Entering LSTM Training Loop
Epoch [1/100], Training Loss: 0.4190
Validation Loss: 0.3481, Validation Accuracy: 76.02%

Per-Class Validation Accuracy:
  Class 0: 10.41% (154/1480)
  Class 1: 100.00% (1517/1517)
  Class 2: 92.51% (1383/1495)
  Class 3: 99.93% (1507/1508)
Epoch [2/100], Training Loss: 0.3512
Validation Loss: 0.3441, Validation Accuracy: 75.17%

Per-Class Validation Accuracy:
  Class 0: 99.80% (1477/1480)
  Class 1: 100.00% (1517/1517)
  Class 2: 0.54% (8/1495)
  Class 3: 100.00% (1508/1508)
Epoch [3/100], Training Loss: 0.3496
Validation Loss: 0.3464, Validation Accuracy: 75.07%

Per-Class Validation Accuracy:
  Class 0: 99.80% (1477/1480)
  Class 1: 100.00% (1517/1517)
  Class 2: 0.13% (2/1495)
  Class 3: 100.00% (1508/1508)
Epoch [4/100], Training Loss: 0.3495
Validation Loss: 0.3457, Validation Accuracy: 75.33%

Per-Class Validation Accuracy:
  Class 0: 0.00% (0/1480)
  Class 1: 100.00% (1517/1517)
  Class 2: 100.00% (1495/1495)
  Class 3: 100.00% (1508/1508)
Epoch [5/100], Training Loss: 0.3489
Validation Loss: 0.3448, Validation Accuracy: 75.33%

Per-Class Validation Accuracy:
  Class 0: 0.00% (0/1480)
  Class 1: 100.00% (1517/1517)
  Class 2: 100.00% (1495/1495)
  Class 3: 100.00% (1508/1508)
Epoch [6/100], Training Loss: 0.3484
Validation Loss: 0.3441, Validation Accuracy: 75.08%

Per-Class Validation Accuracy:
  Class 0: 100.00% (1480/1480)
  Class 1: 100.00% (1517/1517)
  Class 2: 0.00% (0/1495)
  Class 3: 100.00% (1508/1508)
Epoch [7/100], Training Loss: 0.3635
Validation Loss: 0.3452, Validation Accuracy: 75.35%

Per-Class Validation Accuracy:
  Class 0: 0.07% (1/1480)
  Class 1: 100.00% (1517/1517)
  Class 2: 100.00% (1495/1495)
  Class 3: 100.00% (1508/1508)
Epoch [8/100], Training Loss: 0.3492
Validation Loss: 0.3443, Validation Accuracy: 75.08%

Per-Class Validation Accuracy:
  Class 0: 100.00% (1480/1480)
  Class 1: 100.00% (1517/1517)
  Class 2: 0.00% (0/1495)
  Class 3: 100.00% (1508/1508)
Epoch [9/100], Training Loss: 0.3421
Validation Loss: 0.3186, Validation Accuracy: 82.93%

Per-Class Validation Accuracy:
  Class 0: 61.49% (910/1480)
  Class 1: 100.00% (1517/1517)
  Class 2: 69.63% (1041/1495)
  Class 3: 100.00% (1508/1508)
Epoch [10/100], Training Loss: 0.3268
Validation Loss: 0.3303, Validation Accuracy: 80.75%

Per-Class Validation Accuracy:
  Class 0: 29.93% (443/1480)
  Class 1: 100.00% (1517/1517)
  Class 2: 92.11% (1377/1495)
  Class 3: 100.00% (1508/1508)
Epoch [11/100], Training Loss: 0.3151
Validation Loss: 0.3040, Validation Accuracy: 83.45%

Per-Class Validation Accuracy:
  Class 0: 53.58% (793/1480)
  Class 1: 100.00% (1517/1517)
  Class 2: 79.53% (1189/1495)
  Class 3: 100.00% (1508/1508)
Epoch [12/100], Training Loss: 0.3024
Validation Loss: 0.2871, Validation Accuracy: 84.62%

Per-Class Validation Accuracy:
  Class 0: 63.11% (934/1480)
  Class 1: 100.00% (1517/1517)
  Class 2: 74.92% (1120/1495)
  Class 3: 99.87% (1506/1508)
Epoch [13/100], Training Loss: 0.2844
Validation Loss: 0.2666, Validation Accuracy: 85.68%

Per-Class Validation Accuracy:
  Class 0: 69.80% (1033/1480)
  Class 1: 100.00% (1517/1517)
  Class 2: 72.44% (1083/1495)
  Class 3: 100.00% (1508/1508)
Epoch [14/100], Training Loss: 0.2710
Validation Loss: 0.2551, Validation Accuracy: 86.90%

Per-Class Validation Accuracy:
  Class 0: 62.97% (932/1480)
  Class 1: 100.00% (1517/1517)
  Class 2: 84.08% (1257/1495)
  Class 3: 100.00% (1508/1508)
Epoch [15/100], Training Loss: 0.2600
Validation Loss: 0.2289, Validation Accuracy: 88.43%

Per-Class Validation Accuracy:
  Class 0: 68.38% (1012/1480)
  Class 1: 100.00% (1517/1517)
  Class 2: 84.88% (1269/1495)
  Class 3: 100.00% (1508/1508)
Epoch [16/100], Training Loss: 0.2486
Validation Loss: 0.2335, Validation Accuracy: 88.22%

Per-Class Validation Accuracy:
  Class 0: 53.38% (790/1480)
  Class 1: 100.00% (1517/1517)
  Class 2: 98.86% (1478/1495)
  Class 3: 100.00% (1508/1508)
Epoch [17/100], Training Loss: 0.2239
Validation Loss: 0.1643, Validation Accuracy: 92.85%

Per-Class Validation Accuracy:
  Class 0: 84.59% (1252/1480)
  Class 1: 100.00% (1517/1517)
  Class 2: 86.56% (1294/1495)
  Class 3: 100.00% (1508/1508)
Epoch [18/100], Training Loss: 0.1894
Validation Loss: 0.1208, Validation Accuracy: 95.38%

Per-Class Validation Accuracy:
  Class 0: 83.04% (1229/1480)
  Class 1: 100.00% (1517/1517)
  Class 2: 98.26% (1469/1495)
  Class 3: 100.00% (1508/1508)
Epoch [19/100], Training Loss: 0.1661
Validation Loss: 0.1324, Validation Accuracy: 94.75%

Per-Class Validation Accuracy:
  Class 0: 95.07% (1407/1480)
  Class 1: 100.00% (1517/1517)
  Class 2: 83.81% (1253/1495)
  Class 3: 100.00% (1508/1508)
Epoch [20/100], Training Loss: 0.1457
Validation Loss: 0.1300, Validation Accuracy: 93.80%

Per-Class Validation Accuracy:
  Class 0: 74.86% (1108/1480)
  Class 1: 100.00% (1517/1517)
  Class 2: 100.00% (1495/1495)
  Class 3: 100.00% (1508/1508)
Epoch [21/100], Training Loss: 0.1319
Validation Loss: 0.0966, Validation Accuracy: 96.88%

Per-Class Validation Accuracy:
  Class 0: 94.80% (1403/1480)
  Class 1: 100.00% (1517/1517)
  Class 2: 92.64% (1385/1495)
  Class 3: 100.00% (1508/1508)
Epoch [22/100], Training Loss: 0.1197
Validation Loss: 0.0928, Validation Accuracy: 95.65%

Per-Class Validation Accuracy:
  Class 0: 82.64% (1223/1480)
  Class 1: 100.00% (1517/1517)
  Class 2: 99.73% (1491/1495)
  Class 3: 100.00% (1508/1508)
Epoch [23/100], Training Loss: 0.1195
Validation Loss: 0.0954, Validation Accuracy: 96.67%

Per-Class Validation Accuracy:
  Class 0: 89.12% (1319/1480)
  Class 1: 100.00% (1517/1517)
  Class 2: 97.39% (1456/1495)
  Class 3: 100.00% (1508/1508)
Epoch [24/100], Training Loss: 0.1070
Validation Loss: 0.0521, Validation Accuracy: 98.72%

Per-Class Validation Accuracy:
  Class 0: 95.47% (1413/1480)
  Class 1: 100.00% (1517/1517)
  Class 2: 99.33% (1485/1495)
  Class 3: 100.00% (1508/1508)
Epoch [25/100], Training Loss: 0.1048
Validation Loss: 0.0731, Validation Accuracy: 97.07%

Per-Class Validation Accuracy:
  Class 0: 94.66% (1401/1480)
  Class 1: 100.00% (1517/1517)
  Class 2: 93.51% (1398/1495)
  Class 3: 100.00% (1508/1508)
Epoch [26/100], Training Loss: 0.0977
Validation Loss: 0.0698, Validation Accuracy: 97.62%

Per-Class Validation Accuracy:
  Class 0: 92.70% (1372/1480)
  Class 1: 100.00% (1517/1517)
  Class 2: 97.66% (1460/1495)
  Class 3: 100.00% (1508/1508)
Epoch [27/100], Training Loss: 0.0993
Validation Loss: 0.0398, Validation Accuracy: 98.85%

Per-Class Validation Accuracy:
  Class 0: 97.03% (1436/1480)
  Class 1: 100.00% (1517/1517)
  Class 2: 98.33% (1470/1495)
  Class 3: 100.00% (1508/1508)
Epoch [28/100], Training Loss: 0.0797
Validation Loss: 0.0459, Validation Accuracy: 98.48%

Per-Class Validation Accuracy:
  Class 0: 95.81% (1418/1480)
  Class 1: 100.00% (1517/1517)
  Class 2: 98.06% (1466/1495)
  Class 3: 100.00% (1508/1508)
Epoch [29/100], Training Loss: 0.0851
Validation Loss: 0.0758, Validation Accuracy: 98.48%

Per-Class Validation Accuracy:
  Class 0: 97.97% (1450/1480)
  Class 1: 100.00% (1517/1517)
  Class 2: 95.92% (1434/1495)
  Class 3: 100.00% (1508/1508)
Epoch [30/100], Training Loss: 0.0811
Validation Loss: 0.0849, Validation Accuracy: 96.10%

Per-Class Validation Accuracy:
  Class 0: 99.73% (1476/1480)
  Class 1: 100.00% (1517/1517)
  Class 2: 84.62% (1265/1495)
  Class 3: 100.00% (1508/1508)
Epoch [31/100], Training Loss: 0.0714
Validation Loss: 0.2669, Validation Accuracy: 89.15%

Per-Class Validation Accuracy:
  Class 0: 56.01% (829/1480)
  Class 1: 100.00% (1517/1517)
  Class 2: 100.00% (1495/1495)
  Class 3: 100.00% (1508/1508)
Epoch [32/100], Training Loss: 0.0704
Validation Loss: 0.0271, Validation Accuracy: 99.38%

Per-Class Validation Accuracy:
  Class 0: 98.18% (1453/1480)
  Class 1: 100.00% (1517/1517)
  Class 2: 99.33% (1485/1495)
  Class 3: 100.00% (1508/1508)
Epoch [33/100], Training Loss: 0.0829
Validation Loss: 0.0576, Validation Accuracy: 98.40%

Per-Class Validation Accuracy:
  Class 0: 93.58% (1385/1480)
  Class 1: 100.00% (1517/1517)
  Class 2: 99.93% (1494/1495)
  Class 3: 100.00% (1508/1508)
Epoch [34/100], Training Loss: 0.0600
Validation Loss: 0.0298, Validation Accuracy: 99.03%

Per-Class Validation Accuracy:
  Class 0: 96.08% (1422/1480)
  Class 1: 100.00% (1517/1517)
  Class 2: 100.00% (1495/1495)
  Class 3: 100.00% (1508/1508)
Epoch [35/100], Training Loss: 0.0690
Validation Loss: 0.0235, Validation Accuracy: 99.45%

Per-Class Validation Accuracy:
  Class 0: 97.77% (1447/1480)
  Class 1: 100.00% (1517/1517)
  Class 2: 100.00% (1495/1495)
  Class 3: 100.00% (1508/1508)
Epoch [36/100], Training Loss: 0.1015
Validation Loss: 0.1664, Validation Accuracy: 91.37%

Per-Class Validation Accuracy:
  Class 0: 65.00% (962/1480)
  Class 1: 100.00% (1517/1517)
  Class 2: 100.00% (1495/1495)
  Class 3: 100.00% (1508/1508)
Epoch [37/100], Training Loss: 0.0735
Validation Loss: 0.0556, Validation Accuracy: 97.38%

Per-Class Validation Accuracy:
  Class 0: 96.49% (1428/1480)
  Class 1: 100.00% (1517/1517)
  Class 2: 92.98% (1390/1495)
  Class 3: 100.00% (1508/1508)
Epoch [38/100], Training Loss: 0.0593
Validation Loss: 0.0235, Validation Accuracy: 99.32%

Per-Class Validation Accuracy:
  Class 0: 97.23% (1439/1480)
  Class 1: 100.00% (1517/1517)
  Class 2: 100.00% (1495/1495)
  Class 3: 100.00% (1508/1508)
Epoch [39/100], Training Loss: 0.0619
Validation Loss: 0.0334, Validation Accuracy: 98.97%

Per-Class Validation Accuracy:
  Class 0: 95.88% (1419/1480)
  Class 1: 100.00% (1517/1517)
  Class 2: 99.93% (1494/1495)
  Class 3: 100.00% (1508/1508)
Epoch [40/100], Training Loss: 0.0726
Validation Loss: 0.0445, Validation Accuracy: 98.20%

Per-Class Validation Accuracy:
  Class 0: 93.78% (1388/1480)
  Class 1: 100.00% (1517/1517)
  Class 2: 98.93% (1479/1495)
  Class 3: 100.00% (1508/1508)
Epoch [41/100], Training Loss: 0.0561
Validation Loss: 0.0339, Validation Accuracy: 98.63%

Per-Class Validation Accuracy:
  Class 0: 99.46% (1472/1480)
  Class 1: 100.00% (1517/1517)
  Class 2: 95.05% (1421/1495)
  Class 3: 100.00% (1508/1508)
Epoch [42/100], Training Loss: 0.0529
Validation Loss: 0.0499, Validation Accuracy: 98.22%

Per-Class Validation Accuracy:
  Class 0: 99.46% (1472/1480)
  Class 1: 100.00% (1517/1517)
  Class 2: 93.38% (1396/1495)
  Class 3: 100.00% (1508/1508)
Epoch [43/100], Training Loss: 0.0553
Validation Loss: 0.0290, Validation Accuracy: 99.18%

Per-Class Validation Accuracy:
  Class 0: 99.39% (1471/1480)
  Class 1: 100.00% (1517/1517)
  Class 2: 97.32% (1455/1495)
  Class 3: 100.00% (1508/1508)
Epoch [44/100], Training Loss: 0.0503
Validation Loss: 0.0886, Validation Accuracy: 96.60%

Per-Class Validation Accuracy:
  Class 0: 86.22% (1276/1480)
  Class 1: 100.00% (1517/1517)
  Class 2: 100.00% (1495/1495)
  Class 3: 100.00% (1508/1508)
Epoch [45/100], Training Loss: 0.0249
Validation Loss: 0.0102, Validation Accuracy: 99.77%

Per-Class Validation Accuracy:
  Class 0: 99.46% (1472/1480)
  Class 1: 100.00% (1517/1517)
  Class 2: 99.60% (1489/1495)
  Class 3: 100.00% (1508/1508)
Epoch [46/100], Training Loss: 0.0299
Validation Loss: 0.0227, Validation Accuracy: 99.35%

Per-Class Validation Accuracy:
  Class 0: 97.50% (1443/1480)
  Class 1: 100.00% (1517/1517)
  Class 2: 99.87% (1493/1495)
  Class 3: 100.00% (1508/1508)
Epoch [47/100], Training Loss: 0.0306
Validation Loss: 0.0255, Validation Accuracy: 99.00%

Per-Class Validation Accuracy:
  Class 0: 99.73% (1476/1480)
  Class 1: 100.00% (1517/1517)
  Class 2: 96.25% (1439/1495)
  Class 3: 100.00% (1508/1508)
Epoch [48/100], Training Loss: 0.0294
Validation Loss: 0.0457, Validation Accuracy: 98.25%

Per-Class Validation Accuracy:
  Class 0: 98.58% (1459/1480)
  Class 1: 100.00% (1517/1517)
  Class 2: 94.38% (1411/1495)
  Class 3: 100.00% (1508/1508)
Epoch [49/100], Training Loss: 0.0271
Validation Loss: 0.0143, Validation Accuracy: 99.48%

Per-Class Validation Accuracy:
  Class 0: 98.78% (1462/1480)
  Class 1: 100.00% (1517/1517)
  Class 2: 99.13% (1482/1495)
  Class 3: 100.00% (1508/1508)
Epoch [50/100], Training Loss: 0.0275
Validation Loss: 0.1105, Validation Accuracy: 95.52%

Per-Class Validation Accuracy:
  Class 0: 81.82% (1211/1480)
  Class 1: 100.00% (1517/1517)
  Class 2: 100.00% (1495/1495)
  Class 3: 100.00% (1508/1508)
Epoch [51/100], Training Loss: 0.0268
Validation Loss: 0.0094, Validation Accuracy: 99.82%

Per-Class Validation Accuracy:
  Class 0: 99.32% (1470/1480)
  Class 1: 100.00% (1517/1517)
  Class 2: 99.93% (1494/1495)
  Class 3: 100.00% (1508/1508)
Epoch [52/100], Training Loss: 0.0296
Validation Loss: 0.0118, Validation Accuracy: 99.75%

Per-Class Validation Accuracy:
  Class 0: 99.12% (1467/1480)
  Class 1: 100.00% (1517/1517)
  Class 2: 99.87% (1493/1495)
  Class 3: 100.00% (1508/1508)
Epoch [53/100], Training Loss: 0.0242
Validation Loss: 0.0098, Validation Accuracy: 99.78%

Per-Class Validation Accuracy:
  Class 0: 99.32% (1470/1480)
  Class 1: 100.00% (1517/1517)
  Class 2: 99.80% (1492/1495)
  Class 3: 100.00% (1508/1508)
Epoch [54/100], Training Loss: 0.0248
Validation Loss: 0.0115, Validation Accuracy: 99.72%

Per-Class Validation Accuracy:
  Class 0: 99.53% (1473/1480)
  Class 1: 100.00% (1517/1517)
  Class 2: 99.33% (1485/1495)
  Class 3: 100.00% (1508/1508)
Epoch [55/100], Training Loss: 0.0263
Validation Loss: 0.0164, Validation Accuracy: 99.47%

Per-Class Validation Accuracy:
  Class 0: 98.04% (1451/1480)
  Class 1: 100.00% (1517/1517)
  Class 2: 99.80% (1492/1495)
  Class 3: 100.00% (1508/1508)
Epoch [56/100], Training Loss: 0.0243
Validation Loss: 0.0813, Validation Accuracy: 96.75%

Per-Class Validation Accuracy:
  Class 0: 99.86% (1478/1480)
  Class 1: 100.00% (1517/1517)
  Class 2: 87.09% (1302/1495)
  Class 3: 100.00% (1508/1508)
Epoch [57/100], Training Loss: 0.0284
Validation Loss: 0.0100, Validation Accuracy: 99.73%

Per-Class Validation Accuracy:
  Class 0: 98.92% (1464/1480)
  Class 1: 100.00% (1517/1517)
  Class 2: 100.00% (1495/1495)
  Class 3: 100.00% (1508/1508)
Epoch [58/100], Training Loss: 0.0156
Validation Loss: 0.0159, Validation Accuracy: 99.33%

Per-Class Validation Accuracy:
  Class 0: 99.80% (1477/1480)
  Class 1: 100.00% (1517/1517)
  Class 2: 97.53% (1458/1495)
  Class 3: 100.00% (1508/1508)
Epoch [59/100], Training Loss: 0.0142
Validation Loss: 0.0155, Validation Accuracy: 99.50%

Per-Class Validation Accuracy:
  Class 0: 97.97% (1450/1480)
  Class 1: 100.00% (1517/1517)
  Class 2: 100.00% (1495/1495)
  Class 3: 100.00% (1508/1508)
Epoch [60/100], Training Loss: 0.0136
Validation Loss: 0.0068, Validation Accuracy: 99.82%

Per-Class Validation Accuracy:
  Class 0: 99.32% (1470/1480)
  Class 1: 100.00% (1517/1517)
  Class 2: 99.93% (1494/1495)
  Class 3: 100.00% (1508/1508)
Epoch [61/100], Training Loss: 0.0178
Validation Loss: 0.0135, Validation Accuracy: 99.62%

Per-Class Validation Accuracy:
  Class 0: 99.73% (1476/1480)
  Class 1: 100.00% (1517/1517)
  Class 2: 98.73% (1476/1495)
  Class 3: 100.00% (1508/1508)
Epoch [62/100], Training Loss: 0.0119
Validation Loss: 0.0059, Validation Accuracy: 99.88%

Per-Class Validation Accuracy:
  Class 0: 99.66% (1475/1480)
  Class 1: 100.00% (1517/1517)
  Class 2: 99.87% (1493/1495)
  Class 3: 100.00% (1508/1508)
Epoch [63/100], Training Loss: 0.0135
Validation Loss: 0.0079, Validation Accuracy: 99.80%

Per-Class Validation Accuracy:
  Class 0: 99.32% (1470/1480)
  Class 1: 100.00% (1517/1517)
  Class 2: 99.87% (1493/1495)
  Class 3: 100.00% (1508/1508)
Epoch [64/100], Training Loss: 0.0150
Validation Loss: 0.0067, Validation Accuracy: 99.83%

Per-Class Validation Accuracy:
  Class 0: 99.32% (1470/1480)
  Class 1: 100.00% (1517/1517)
  Class 2: 100.00% (1495/1495)
  Class 3: 100.00% (1508/1508)
Epoch [65/100], Training Loss: 0.0140
Validation Loss: 0.0122, Validation Accuracy: 99.52%

Per-Class Validation Accuracy:
  Class 0: 99.53% (1473/1480)
  Class 1: 100.00% (1517/1517)
  Class 2: 98.53% (1473/1495)
  Class 3: 100.00% (1508/1508)
Epoch [66/100], Training Loss: 0.0136
Validation Loss: 0.0088, Validation Accuracy: 99.70%

Per-Class Validation Accuracy:
  Class 0: 98.85% (1463/1480)
  Class 1: 100.00% (1517/1517)
  Class 2: 99.93% (1494/1495)
  Class 3: 100.00% (1508/1508)
Epoch [67/100], Training Loss: 0.0130
Validation Loss: 0.0129, Validation Accuracy: 99.58%

Per-Class Validation Accuracy:
  Class 0: 99.32% (1470/1480)
  Class 1: 100.00% (1517/1517)
  Class 2: 99.00% (1480/1495)
  Class 3: 100.00% (1508/1508)
Epoch [68/100], Training Loss: 0.0152
Validation Loss: 0.0052, Validation Accuracy: 99.87%

Per-Class Validation Accuracy:
  Class 0: 99.53% (1473/1480)
  Class 1: 100.00% (1517/1517)
  Class 2: 99.93% (1494/1495)
  Class 3: 100.00% (1508/1508)
Epoch [69/100], Training Loss: 0.0125
Validation Loss: 0.0058, Validation Accuracy: 99.87%

Per-Class Validation Accuracy:
  Class 0: 99.53% (1473/1480)
  Class 1: 100.00% (1517/1517)
  Class 2: 99.93% (1494/1495)
  Class 3: 100.00% (1508/1508)
Epoch [70/100], Training Loss: 0.0132
Validation Loss: 0.0087, Validation Accuracy: 99.78%

Per-Class Validation Accuracy:
  Class 0: 99.73% (1476/1480)
  Class 1: 100.00% (1517/1517)
  Class 2: 99.40% (1486/1495)
  Class 3: 100.00% (1508/1508)
Epoch [71/100], Training Loss: 0.0136
Validation Loss: 0.0062, Validation Accuracy: 99.87%

Per-Class Validation Accuracy:
  Class 0: 99.73% (1476/1480)
  Class 1: 100.00% (1517/1517)
  Class 2: 99.73% (1491/1495)
  Class 3: 100.00% (1508/1508)
Epoch [72/100], Training Loss: 0.0140
Validation Loss: 0.0062, Validation Accuracy: 99.87%

Per-Class Validation Accuracy:
  Class 0: 99.46% (1472/1480)
  Class 1: 100.00% (1517/1517)
  Class 2: 100.00% (1495/1495)
  Class 3: 100.00% (1508/1508)
Epoch [73/100], Training Loss: 0.0154
Validation Loss: 0.0504, Validation Accuracy: 97.98%

Per-Class Validation Accuracy:
  Class 0: 99.86% (1478/1480)
  Class 1: 100.00% (1517/1517)
  Class 2: 92.04% (1376/1495)
  Class 3: 100.00% (1508/1508)
Epoch [74/100], Training Loss: 0.0139
Validation Loss: 0.0076, Validation Accuracy: 99.77%

Per-Class Validation Accuracy:
  Class 0: 99.05% (1466/1480)
  Class 1: 100.00% (1517/1517)
  Class 2: 100.00% (1495/1495)
  Class 3: 100.00% (1508/1508)
Epoch [75/100], Training Loss: 0.0066
Validation Loss: 0.0051, Validation Accuracy: 99.93%

Per-Class Validation Accuracy:
  Class 0: 99.73% (1476/1480)
  Class 1: 100.00% (1517/1517)
  Class 2: 100.00% (1495/1495)
  Class 3: 100.00% (1508/1508)
Epoch [76/100], Training Loss: 0.0082
Validation Loss: 0.0060, Validation Accuracy: 99.78%

Per-Class Validation Accuracy:
  Class 0: 99.19% (1468/1480)
  Class 1: 100.00% (1517/1517)
  Class 2: 99.93% (1494/1495)
  Class 3: 100.00% (1508/1508)
Epoch [77/100], Training Loss: 0.0082
Validation Loss: 0.0044, Validation Accuracy: 99.87%

Per-Class Validation Accuracy:
  Class 0: 99.53% (1473/1480)
  Class 1: 100.00% (1517/1517)
  Class 2: 99.93% (1494/1495)
  Class 3: 100.00% (1508/1508)
Epoch [78/100], Training Loss: 0.0071
Validation Loss: 0.0043, Validation Accuracy: 99.92%

Per-Class Validation Accuracy:
  Class 0: 99.73% (1476/1480)
  Class 1: 100.00% (1517/1517)
  Class 2: 99.93% (1494/1495)
  Class 3: 100.00% (1508/1508)
Epoch [79/100], Training Loss: 0.0075
Validation Loss: 0.0095, Validation Accuracy: 99.62%

Per-Class Validation Accuracy:
  Class 0: 98.45% (1457/1480)
  Class 1: 100.00% (1517/1517)
  Class 2: 100.00% (1495/1495)
  Class 3: 100.00% (1508/1508)
Epoch [80/100], Training Loss: 0.0079
Validation Loss: 0.0059, Validation Accuracy: 99.83%

Per-Class Validation Accuracy:
  Class 0: 99.66% (1475/1480)
  Class 1: 100.00% (1517/1517)
  Class 2: 99.67% (1490/1495)
  Class 3: 100.00% (1508/1508)
Epoch [81/100], Training Loss: 0.0074
Validation Loss: 0.0110, Validation Accuracy: 99.63%

Per-Class Validation Accuracy:
  Class 0: 99.59% (1474/1480)
  Class 1: 100.00% (1517/1517)
  Class 2: 98.93% (1479/1495)
  Class 3: 100.00% (1508/1508)
Epoch [82/100], Training Loss: 0.0075
Validation Loss: 0.0182, Validation Accuracy: 99.42%

Per-Class Validation Accuracy:
  Class 0: 97.64% (1445/1480)
  Class 1: 100.00% (1517/1517)
  Class 2: 100.00% (1495/1495)
  Class 3: 100.00% (1508/1508)
Epoch [83/100], Training Loss: 0.0074
Validation Loss: 0.0060, Validation Accuracy: 99.80%

Per-Class Validation Accuracy:
  Class 0: 99.19% (1468/1480)
  Class 1: 100.00% (1517/1517)
  Class 2: 100.00% (1495/1495)
  Class 3: 100.00% (1508/1508)
Epoch [84/100], Training Loss: 0.0077
Validation Loss: 0.0055, Validation Accuracy: 99.88%

Per-Class Validation Accuracy:
  Class 0: 99.53% (1473/1480)
  Class 1: 100.00% (1517/1517)
  Class 2: 100.00% (1495/1495)
  Class 3: 100.00% (1508/1508)
Epoch [85/100], Training Loss: 0.0051
Validation Loss: 0.0043, Validation Accuracy: 99.88%

Per-Class Validation Accuracy:
  Class 0: 99.53% (1473/1480)
  Class 1: 100.00% (1517/1517)
  Class 2: 100.00% (1495/1495)
  Class 3: 100.00% (1508/1508)
Epoch [86/100], Training Loss: 0.0048
Validation Loss: 0.0053, Validation Accuracy: 99.87%

Per-Class Validation Accuracy:
  Class 0: 99.46% (1472/1480)
  Class 1: 100.00% (1517/1517)
  Class 2: 100.00% (1495/1495)
  Class 3: 100.00% (1508/1508)
Epoch [87/100], Training Loss: 0.0052
Validation Loss: 0.0059, Validation Accuracy: 99.82%

Per-Class Validation Accuracy:
  Class 0: 99.26% (1469/1480)
  Class 1: 100.00% (1517/1517)
  Class 2: 100.00% (1495/1495)
  Class 3: 100.00% (1508/1508)
Epoch [88/100], Training Loss: 0.0052
Validation Loss: 0.0045, Validation Accuracy: 99.90%

Per-Class Validation Accuracy:
  Class 0: 99.59% (1474/1480)
  Class 1: 100.00% (1517/1517)
  Class 2: 100.00% (1495/1495)
  Class 3: 100.00% (1508/1508)
Early stopping triggered.

	Elapsed time is 2244.9453 seconds.

==========================================================================================
Total parameters: 14788
Total memory (bytes): 118304
Total memory (MB): 0.112823486328125
==========================================================================================
Validation Loss: 0.0045, Validation Accuracy: 99.90%

Per-Class Validation Accuracy:
  No Thrust: 99.59% (1474/1480)
  Chemical: 100.00% (1517/1517)
  Electric: 100.00% (1495/1495)
  Impulsive: 100.00% (1508/1508)

Classification Report:
              precision    recall  f1-score   support

   No Thrust     1.0000    0.9959    0.9980      1480
    Chemical     1.0000    1.0000    1.0000      1517
    Electric     0.9960    1.0000    0.9980      1495
   Impulsive     1.0000    1.0000    1.0000      1508

    accuracy                         0.9990      6000
   macro avg     0.9990    0.9990    0.9990      6000
weighted avg     0.9990    0.9990    0.9990      6000


Confusion Matrix (rows = true, cols = predicted):
             P_No Thrust  P_Chemical  P_Electric  P_Impulsive
T_No Thrust         1474           0           6            0
T_Chemical             0        1517           0            0
T_Electric             0           0        1495            0
T_Impulsive            0           0           0         1508

Entering Mamba Training Loop
Epoch [1/100], Training Loss: 0.4045
Validation Loss: 0.3398, Validation Accuracy: 78.35%

Per-Class Validation Accuracy:
  Class 0: 58.18% (861/1480)
  Class 1: 100.00% (1517/1517)
  Class 2: 54.52% (815/1495)
  Class 3: 100.00% (1508/1508)
Epoch [2/100], Training Loss: 0.3412
Validation Loss: 0.3228, Validation Accuracy: 79.37%

Per-Class Validation Accuracy:
  Class 0: 83.92% (1242/1480)
  Class 1: 100.00% (1517/1517)
  Class 2: 33.11% (495/1495)
  Class 3: 100.00% (1508/1508)
Epoch [3/100], Training Loss: 0.3116
Validation Loss: 0.3003, Validation Accuracy: 83.12%

Per-Class Validation Accuracy:
  Class 0: 61.15% (905/1480)
  Class 1: 100.00% (1517/1517)
  Class 2: 70.70% (1057/1495)
  Class 3: 100.00% (1508/1508)
Epoch [4/100], Training Loss: 0.2707
Validation Loss: 0.2306, Validation Accuracy: 90.13%

Per-Class Validation Accuracy:
  Class 0: 60.07% (889/1480)
  Class 1: 100.00% (1517/1517)
  Class 2: 99.93% (1494/1495)
  Class 3: 100.00% (1508/1508)
Epoch [5/100], Training Loss: 0.2070
Validation Loss: 0.1562, Validation Accuracy: 94.40%

Per-Class Validation Accuracy:
  Class 0: 80.61% (1193/1480)
  Class 1: 100.00% (1517/1517)
  Class 2: 96.72% (1446/1495)
  Class 3: 100.00% (1508/1508)
Epoch [6/100], Training Loss: 0.1713
Validation Loss: 0.1408, Validation Accuracy: 94.98%

Per-Class Validation Accuracy:
  Class 0: 79.86% (1182/1480)
  Class 1: 100.00% (1517/1517)
  Class 2: 99.80% (1492/1495)
  Class 3: 100.00% (1508/1508)
Epoch [7/100], Training Loss: 0.1508
Validation Loss: 0.2115, Validation Accuracy: 89.55%

Per-Class Validation Accuracy:
  Class 0: 88.92% (1316/1480)
  Class 1: 100.00% (1517/1517)
  Class 2: 69.03% (1032/1495)
  Class 3: 100.00% (1508/1508)
Epoch [8/100], Training Loss: 0.1519
Validation Loss: 0.1007, Validation Accuracy: 97.12%

Per-Class Validation Accuracy:
  Class 0: 92.91% (1375/1480)
  Class 1: 100.00% (1517/1517)
  Class 2: 95.45% (1427/1495)
  Class 3: 100.00% (1508/1508)
Epoch [9/100], Training Loss: 0.1406
Validation Loss: 0.0980, Validation Accuracy: 96.40%

Per-Class Validation Accuracy:
  Class 0: 86.62% (1282/1480)
  Class 1: 100.00% (1517/1517)
  Class 2: 98.80% (1477/1495)
  Class 3: 100.00% (1508/1508)
Epoch [10/100], Training Loss: 0.1504
Validation Loss: 0.1066, Validation Accuracy: 97.90%

Per-Class Validation Accuracy:
  Class 0: 93.31% (1381/1480)
  Class 1: 100.00% (1517/1517)
  Class 2: 98.19% (1468/1495)
  Class 3: 100.00% (1508/1508)
Epoch [11/100], Training Loss: 0.1350
Validation Loss: 0.0842, Validation Accuracy: 98.12%

Per-Class Validation Accuracy:
  Class 0: 93.85% (1389/1480)
  Class 1: 100.00% (1517/1517)
  Class 2: 98.53% (1473/1495)
  Class 3: 100.00% (1508/1508)
Epoch [12/100], Training Loss: 0.1281
Validation Loss: 0.0875, Validation Accuracy: 97.52%

Per-Class Validation Accuracy:
  Class 0: 95.47% (1413/1480)
  Class 1: 100.00% (1517/1517)
  Class 2: 94.52% (1413/1495)
  Class 3: 100.00% (1508/1508)
Epoch [13/100], Training Loss: 0.1233
Validation Loss: 0.1405, Validation Accuracy: 94.63%

Per-Class Validation Accuracy:
  Class 0: 97.91% (1449/1480)
  Class 1: 100.00% (1517/1517)
  Class 2: 80.54% (1204/1495)
  Class 3: 100.00% (1508/1508)
Epoch [14/100], Training Loss: 0.1138
Validation Loss: 0.0957, Validation Accuracy: 97.43%

Per-Class Validation Accuracy:
  Class 0: 99.05% (1466/1480)
  Class 1: 100.00% (1517/1517)
  Class 2: 90.64% (1355/1495)
  Class 3: 100.00% (1508/1508)
Epoch [15/100], Training Loss: 0.1119
Validation Loss: 0.3762, Validation Accuracy: 89.62%

Per-Class Validation Accuracy:
  Class 0: 57.91% (857/1480)
  Class 1: 100.00% (1517/1517)
  Class 2: 100.00% (1495/1495)
  Class 3: 100.00% (1508/1508)
Epoch [16/100], Training Loss: 0.1100
Validation Loss: 0.0588, Validation Accuracy: 98.67%

Per-Class Validation Accuracy:
  Class 0: 96.08% (1422/1480)
  Class 1: 100.00% (1517/1517)
  Class 2: 98.53% (1473/1495)
  Class 3: 100.00% (1508/1508)
Epoch [17/100], Training Loss: 0.0962
Validation Loss: 0.0658, Validation Accuracy: 97.77%

Per-Class Validation Accuracy:
  Class 0: 95.41% (1412/1480)
  Class 1: 100.00% (1517/1517)
  Class 2: 95.59% (1429/1495)
  Class 3: 100.00% (1508/1508)
Epoch [18/100], Training Loss: 0.1115
Validation Loss: 0.0666, Validation Accuracy: 97.63%

Per-Class Validation Accuracy:
  Class 0: 96.08% (1422/1480)
  Class 1: 100.00% (1517/1517)
  Class 2: 94.38% (1411/1495)
  Class 3: 100.00% (1508/1508)
Epoch [19/100], Training Loss: 0.0932
Validation Loss: 0.1021, Validation Accuracy: 95.60%

Per-Class Validation Accuracy:
  Class 0: 96.89% (1434/1480)
  Class 1: 100.00% (1517/1517)
  Class 2: 85.42% (1277/1495)
  Class 3: 100.00% (1508/1508)
Epoch [20/100], Training Loss: 0.0910
Validation Loss: 0.0800, Validation Accuracy: 97.13%

Per-Class Validation Accuracy:
  Class 0: 99.39% (1471/1480)
  Class 1: 100.00% (1517/1517)
  Class 2: 89.10% (1332/1495)
  Class 3: 100.00% (1508/1508)
Epoch [21/100], Training Loss: 0.0946
Validation Loss: 0.0596, Validation Accuracy: 97.88%

Per-Class Validation Accuracy:
  Class 0: 94.66% (1401/1480)
  Class 1: 100.00% (1517/1517)
  Class 2: 96.79% (1447/1495)
  Class 3: 100.00% (1508/1508)
Epoch [22/100], Training Loss: 0.0865
Validation Loss: 0.1435, Validation Accuracy: 94.23%

Per-Class Validation Accuracy:
  Class 0: 99.93% (1479/1480)
  Class 1: 100.00% (1517/1517)
  Class 2: 76.92% (1150/1495)
  Class 3: 100.00% (1508/1508)
Epoch [23/100], Training Loss: 0.0539
Validation Loss: 0.0337, Validation Accuracy: 99.37%

Per-Class Validation Accuracy:
  Class 0: 98.31% (1455/1480)
  Class 1: 100.00% (1517/1517)
  Class 2: 99.13% (1482/1495)
  Class 3: 100.00% (1508/1508)
Epoch [24/100], Training Loss: 0.0501
Validation Loss: 0.0374, Validation Accuracy: 99.25%

Per-Class Validation Accuracy:
  Class 0: 98.38% (1456/1480)
  Class 1: 100.00% (1517/1517)
  Class 2: 98.60% (1474/1495)
  Class 3: 100.00% (1508/1508)
Epoch [25/100], Training Loss: 0.0448
Validation Loss: 0.0318, Validation Accuracy: 99.18%

Per-Class Validation Accuracy:
  Class 0: 98.38% (1456/1480)
  Class 1: 100.00% (1517/1517)
  Class 2: 98.33% (1470/1495)
  Class 3: 100.00% (1508/1508)
Epoch [26/100], Training Loss: 0.0527
Validation Loss: 0.0383, Validation Accuracy: 98.75%

Per-Class Validation Accuracy:
  Class 0: 97.84% (1448/1480)
  Class 1: 100.00% (1517/1517)
  Class 2: 97.12% (1452/1495)
  Class 3: 100.00% (1508/1508)
Epoch [27/100], Training Loss: 0.0520
Validation Loss: 0.0253, Validation Accuracy: 99.52%

Per-Class Validation Accuracy:
  Class 0: 98.78% (1462/1480)
  Class 1: 100.00% (1517/1517)
  Class 2: 99.26% (1484/1495)
  Class 3: 100.00% (1508/1508)
Epoch [28/100], Training Loss: 0.0428
Validation Loss: 0.0466, Validation Accuracy: 98.43%

Per-Class Validation Accuracy:
  Class 0: 99.66% (1475/1480)
  Class 1: 100.00% (1517/1517)
  Class 2: 94.05% (1406/1495)
  Class 3: 100.00% (1508/1508)
Epoch [29/100], Training Loss: 0.0474
Validation Loss: 0.0266, Validation Accuracy: 99.33%

Per-Class Validation Accuracy:
  Class 0: 99.53% (1473/1480)
  Class 1: 100.00% (1517/1517)
  Class 2: 97.79% (1462/1495)
  Class 3: 100.00% (1508/1508)
Epoch [30/100], Training Loss: 0.0445
Validation Loss: 0.1214, Validation Accuracy: 94.68%

Per-Class Validation Accuracy:
  Class 0: 78.85% (1167/1480)
  Class 1: 100.00% (1517/1517)
  Class 2: 99.60% (1489/1495)
  Class 3: 100.00% (1508/1508)
Epoch [31/100], Training Loss: 0.0397
Validation Loss: 0.0270, Validation Accuracy: 99.30%

Per-Class Validation Accuracy:
  Class 0: 99.46% (1472/1480)
  Class 1: 100.00% (1517/1517)
  Class 2: 97.73% (1461/1495)
  Class 3: 100.00% (1508/1508)
Epoch [32/100], Training Loss: 0.0416
Validation Loss: 0.0371, Validation Accuracy: 98.78%

Per-Class Validation Accuracy:
  Class 0: 98.65% (1460/1480)
  Class 1: 100.00% (1517/1517)
  Class 2: 96.45% (1442/1495)
  Class 3: 100.00% (1508/1508)
Epoch [33/100], Training Loss: 0.0431
Validation Loss: 0.0377, Validation Accuracy: 99.00%

Per-Class Validation Accuracy:
  Class 0: 96.22% (1424/1480)
  Class 1: 100.00% (1517/1517)
  Class 2: 99.73% (1491/1495)
  Class 3: 100.00% (1508/1508)
Epoch [34/100], Training Loss: 0.0254
Validation Loss: 0.0177, Validation Accuracy: 99.52%

Per-Class Validation Accuracy:
  Class 0: 98.65% (1460/1480)
  Class 1: 100.00% (1517/1517)
  Class 2: 99.40% (1486/1495)
  Class 3: 100.00% (1508/1508)
Epoch [35/100], Training Loss: 0.0255
Validation Loss: 0.0335, Validation Accuracy: 98.75%

Per-Class Validation Accuracy:
  Class 0: 95.00% (1406/1480)
  Class 1: 100.00% (1517/1517)
  Class 2: 99.93% (1494/1495)
  Class 3: 100.00% (1508/1508)
Epoch [36/100], Training Loss: 0.0258
Validation Loss: 0.0187, Validation Accuracy: 99.48%

Per-Class Validation Accuracy:
  Class 0: 98.78% (1462/1480)
  Class 1: 100.00% (1517/1517)
  Class 2: 99.13% (1482/1495)
  Class 3: 100.00% (1508/1508)
Epoch [37/100], Training Loss: 0.0260
Validation Loss: 0.0434, Validation Accuracy: 98.85%

Per-Class Validation Accuracy:
  Class 0: 95.34% (1411/1480)
  Class 1: 100.00% (1517/1517)
  Class 2: 100.00% (1495/1495)
  Class 3: 100.00% (1508/1508)
Epoch [38/100], Training Loss: 0.0238
Validation Loss: 0.0168, Validation Accuracy: 99.63%

Per-Class Validation Accuracy:
  Class 0: 99.12% (1467/1480)
  Class 1: 100.00% (1517/1517)
  Class 2: 99.40% (1486/1495)
  Class 3: 100.00% (1508/1508)
Epoch [39/100], Training Loss: 0.0243
Validation Loss: 0.0173, Validation Accuracy: 99.52%

Per-Class Validation Accuracy:
  Class 0: 98.85% (1463/1480)
  Class 1: 100.00% (1517/1517)
  Class 2: 99.20% (1483/1495)
  Class 3: 100.00% (1508/1508)
Epoch [40/100], Training Loss: 0.0245
Validation Loss: 0.0389, Validation Accuracy: 98.75%

Per-Class Validation Accuracy:
  Class 0: 94.93% (1405/1480)
  Class 1: 100.00% (1517/1517)
  Class 2: 100.00% (1495/1495)
  Class 3: 100.00% (1508/1508)
Epoch [41/100], Training Loss: 0.0242
Validation Loss: 0.0248, Validation Accuracy: 99.02%

Per-Class Validation Accuracy:
  Class 0: 99.53% (1473/1480)
  Class 1: 100.00% (1517/1517)
  Class 2: 96.52% (1443/1495)
  Class 3: 100.00% (1508/1508)
Epoch [42/100], Training Loss: 0.0269
Validation Loss: 0.0149, Validation Accuracy: 99.68%

Per-Class Validation Accuracy:
  Class 0: 99.12% (1467/1480)
  Class 1: 100.00% (1517/1517)
  Class 2: 99.60% (1489/1495)
  Class 3: 100.00% (1508/1508)
Epoch [43/100], Training Loss: 0.0235
Validation Loss: 0.0167, Validation Accuracy: 99.47%

Per-Class Validation Accuracy:
  Class 0: 99.73% (1476/1480)
  Class 1: 100.00% (1517/1517)
  Class 2: 98.13% (1467/1495)
  Class 3: 100.00% (1508/1508)
Epoch [44/100], Training Loss: 0.0232
Validation Loss: 0.0190, Validation Accuracy: 99.38%

Per-Class Validation Accuracy:
  Class 0: 99.73% (1476/1480)
  Class 1: 100.00% (1517/1517)
  Class 2: 97.79% (1462/1495)
  Class 3: 100.00% (1508/1508)
Epoch [45/100], Training Loss: 0.0258
Validation Loss: 0.0127, Validation Accuracy: 99.80%

Per-Class Validation Accuracy:
  Class 0: 99.46% (1472/1480)
  Class 1: 100.00% (1517/1517)
  Class 2: 99.73% (1491/1495)
  Class 3: 100.00% (1508/1508)
Epoch [46/100], Training Loss: 0.0238
Validation Loss: 0.0502, Validation Accuracy: 97.77%

Per-Class Validation Accuracy:
  Class 0: 91.35% (1352/1480)
  Class 1: 100.00% (1517/1517)
  Class 2: 99.60% (1489/1495)
  Class 3: 100.00% (1508/1508)
Epoch [47/100], Training Loss: 0.0222
Validation Loss: 0.0281, Validation Accuracy: 98.92%

Per-Class Validation Accuracy:
  Class 0: 98.78% (1462/1480)
  Class 1: 100.00% (1517/1517)
  Class 2: 96.86% (1448/1495)
  Class 3: 100.00% (1508/1508)
Epoch [48/100], Training Loss: 0.0237
Validation Loss: 0.0162, Validation Accuracy: 99.68%

Per-Class Validation Accuracy:
  Class 0: 98.78% (1462/1480)
  Class 1: 100.00% (1517/1517)
  Class 2: 99.93% (1494/1495)
  Class 3: 100.00% (1508/1508)
Epoch [49/100], Training Loss: 0.0223
Validation Loss: 0.0095, Validation Accuracy: 99.72%

Per-Class Validation Accuracy:
  Class 0: 99.26% (1469/1480)
  Class 1: 100.00% (1517/1517)
  Class 2: 99.60% (1489/1495)
  Class 3: 100.00% (1508/1508)
Epoch [50/100], Training Loss: 0.0218
Validation Loss: 0.0105, Validation Accuracy: 99.70%

Per-Class Validation Accuracy:
  Class 0: 99.26% (1469/1480)
  Class 1: 100.00% (1517/1517)
  Class 2: 99.53% (1488/1495)
  Class 3: 100.00% (1508/1508)
Epoch [51/100], Training Loss: 0.0242
Validation Loss: 0.0122, Validation Accuracy: 99.67%

Per-Class Validation Accuracy:
  Class 0: 99.73% (1476/1480)
  Class 1: 100.00% (1517/1517)
  Class 2: 98.93% (1479/1495)
  Class 3: 100.00% (1508/1508)
Epoch [52/100], Training Loss: 0.0211
Validation Loss: 0.0139, Validation Accuracy: 99.75%

Per-Class Validation Accuracy:
  Class 0: 99.32% (1470/1480)
  Class 1: 100.00% (1517/1517)
  Class 2: 99.67% (1490/1495)
  Class 3: 100.00% (1508/1508)
Epoch [53/100], Training Loss: 0.0231
Validation Loss: 0.0204, Validation Accuracy: 99.42%

Per-Class Validation Accuracy:
  Class 0: 97.64% (1445/1480)
  Class 1: 100.00% (1517/1517)
  Class 2: 100.00% (1495/1495)
  Class 3: 100.00% (1508/1508)
Epoch [54/100], Training Loss: 0.0255
Validation Loss: 0.0143, Validation Accuracy: 99.65%

Per-Class Validation Accuracy:
  Class 0: 99.73% (1476/1480)
  Class 1: 100.00% (1517/1517)
  Class 2: 98.86% (1478/1495)
  Class 3: 100.00% (1508/1508)
Epoch [55/100], Training Loss: 0.0196
Validation Loss: 0.0232, Validation Accuracy: 99.50%

Per-Class Validation Accuracy:
  Class 0: 97.97% (1450/1480)
  Class 1: 100.00% (1517/1517)
  Class 2: 100.00% (1495/1495)
  Class 3: 100.00% (1508/1508)
Epoch [56/100], Training Loss: 0.0137
Validation Loss: 0.0133, Validation Accuracy: 99.80%

Per-Class Validation Accuracy:
  Class 0: 99.26% (1469/1480)
  Class 1: 100.00% (1517/1517)
  Class 2: 99.93% (1494/1495)
  Class 3: 100.00% (1508/1508)
Epoch [57/100], Training Loss: 0.0153
Validation Loss: 0.0125, Validation Accuracy: 99.75%

Per-Class Validation Accuracy:
  Class 0: 99.39% (1471/1480)
  Class 1: 100.00% (1517/1517)
  Class 2: 99.60% (1489/1495)
  Class 3: 100.00% (1508/1508)
Epoch [58/100], Training Loss: 0.0138
Validation Loss: 0.0168, Validation Accuracy: 99.65%

Per-Class Validation Accuracy:
  Class 0: 99.39% (1471/1480)
  Class 1: 100.00% (1517/1517)
  Class 2: 99.20% (1483/1495)
  Class 3: 100.00% (1508/1508)
Epoch [59/100], Training Loss: 0.0145
Validation Loss: 0.0297, Validation Accuracy: 99.18%

Per-Class Validation Accuracy:
  Class 0: 99.80% (1477/1480)
  Class 1: 100.00% (1517/1517)
  Class 2: 96.92% (1449/1495)
  Class 3: 100.00% (1508/1508)
Early stopping triggered.

	Elapsed time is 2249.2483 seconds.

==========================================================================================
Total parameters: 7963
Total memory (bytes): 63704
Total memory (MB): 0.06075286865234375
==========================================================================================
Validation Loss: 0.0297, Validation Accuracy: 99.18%

Per-Class Validation Accuracy:
  No Thrust: 99.80% (1477/1480)
  Chemical: 100.00% (1517/1517)
  Electric: 96.92% (1449/1495)
  Impulsive: 100.00% (1508/1508)

Classification Report:
              precision    recall  f1-score   support

   No Thrust     0.9698    0.9980    0.9837      1480
    Chemical     1.0000    1.0000    1.0000      1517
    Electric     0.9979    0.9692    0.9834      1495
   Impulsive     1.0000    1.0000    1.0000      1508

    accuracy                         0.9918      6000
   macro avg     0.9919    0.9918    0.9918      6000
weighted avg     0.9920    0.9918    0.9918      6000


Confusion Matrix (rows = true, cols = predicted):
             P_No Thrust  P_Chemical  P_Electric  P_Impulsive
T_No Thrust         1477           0           3            0
T_Chemical             0        1517           0            0
T_Electric            46           0        1449            0
T_Impulsive            0           0           0         1508
