GPU is available

Entering LSTM Training Loop
Epoch [1/100], Training Loss: 0.6156
Validation Loss: 0.4122, Validation Accuracy: 74.68%

Per-Class Validation Accuracy:
  Class 0: 100.00% (1492/1492)
  Class 1: 100.00% (1548/1548)
  Class 2: 0.00% (0/1485)
  Class 3: 97.69% (1441/1475)
Epoch [2/100], Training Loss: 0.3596
Validation Loss: 0.3476, Validation Accuracy: 75.13%

Per-Class Validation Accuracy:
  Class 0: 0.00% (0/1492)
  Class 1: 100.00% (1548/1548)
  Class 2: 100.00% (1485/1485)
  Class 3: 100.00% (1475/1475)
Epoch [3/100], Training Loss: 0.3505
Validation Loss: 0.3472, Validation Accuracy: 75.13%

Per-Class Validation Accuracy:
  Class 0: 0.00% (0/1492)
  Class 1: 100.00% (1548/1548)
  Class 2: 100.00% (1485/1485)
  Class 3: 100.00% (1475/1475)
Epoch [4/100], Training Loss: 0.5813
Validation Loss: 0.3673, Validation Accuracy: 74.98%

Per-Class Validation Accuracy:
  Class 0: 0.00% (0/1492)
  Class 1: 100.00% (1548/1548)
  Class 2: 100.00% (1485/1485)
  Class 3: 99.39% (1466/1475)
Epoch [5/100], Training Loss: 0.3569
Validation Loss: 0.3492, Validation Accuracy: 75.13%

Per-Class Validation Accuracy:
  Class 0: 0.00% (0/1492)
  Class 1: 100.00% (1548/1548)
  Class 2: 100.00% (1485/1485)
  Class 3: 100.00% (1475/1475)
Epoch [6/100], Training Loss: 0.3524
Validation Loss: 0.3458, Validation Accuracy: 75.25%

Per-Class Validation Accuracy:
  Class 0: 100.00% (1492/1492)
  Class 1: 100.00% (1548/1548)
  Class 2: 0.00% (0/1485)
  Class 3: 100.00% (1475/1475)
Epoch [7/100], Training Loss: 0.3498
Validation Loss: 0.3453, Validation Accuracy: 75.13%

Per-Class Validation Accuracy:
  Class 0: 0.00% (0/1492)
  Class 1: 100.00% (1548/1548)
  Class 2: 100.00% (1485/1485)
  Class 3: 100.00% (1475/1475)
Epoch [8/100], Training Loss: 0.4257
Validation Loss: 0.3518, Validation Accuracy: 75.13%

Per-Class Validation Accuracy:
  Class 0: 0.00% (0/1492)
  Class 1: 100.00% (1548/1548)
  Class 2: 100.00% (1485/1485)
  Class 3: 100.00% (1475/1475)
Epoch [9/100], Training Loss: 0.3517
Validation Loss: 0.3459, Validation Accuracy: 75.25%

Per-Class Validation Accuracy:
  Class 0: 100.00% (1492/1492)
  Class 1: 100.00% (1548/1548)
  Class 2: 0.00% (0/1485)
  Class 3: 100.00% (1475/1475)
Epoch [10/100], Training Loss: 0.3495
Validation Loss: 0.3445, Validation Accuracy: 75.13%

Per-Class Validation Accuracy:
  Class 0: 0.00% (0/1492)
  Class 1: 100.00% (1548/1548)
  Class 2: 100.00% (1485/1485)
  Class 3: 100.00% (1475/1475)
Epoch [11/100], Training Loss: 0.3947
Validation Loss: 0.3470, Validation Accuracy: 75.20%

Per-Class Validation Accuracy:
  Class 0: 0.27% (4/1492)
  Class 1: 100.00% (1548/1548)
  Class 2: 100.00% (1485/1485)
  Class 3: 100.00% (1475/1475)
Epoch [12/100], Training Loss: 0.3496
Validation Loss: 0.3444, Validation Accuracy: 75.73%

Per-Class Validation Accuracy:
  Class 0: 54.09% (807/1492)
  Class 1: 100.00% (1548/1548)
  Class 2: 48.08% (714/1485)
  Class 3: 100.00% (1475/1475)
Epoch [13/100], Training Loss: 0.3636
Validation Loss: 0.3498, Validation Accuracy: 75.13%

Per-Class Validation Accuracy:
  Class 0: 0.00% (0/1492)
  Class 1: 100.00% (1548/1548)
  Class 2: 100.00% (1485/1485)
  Class 3: 100.00% (1475/1475)
Epoch [14/100], Training Loss: 0.3496
Validation Loss: 0.3441, Validation Accuracy: 75.25%

Per-Class Validation Accuracy:
  Class 0: 100.00% (1492/1492)
  Class 1: 100.00% (1548/1548)
  Class 2: 0.00% (0/1485)
  Class 3: 100.00% (1475/1475)
Epoch [15/100], Training Loss: 0.3487
Validation Loss: 0.3439, Validation Accuracy: 77.23%

Per-Class Validation Accuracy:
  Class 0: 19.03% (284/1492)
  Class 1: 100.00% (1548/1548)
  Class 2: 89.36% (1327/1485)
  Class 3: 100.00% (1475/1475)
Epoch [16/100], Training Loss: 0.3801
Validation Loss: 0.3475, Validation Accuracy: 75.13%

Per-Class Validation Accuracy:
  Class 0: 0.00% (0/1492)
  Class 1: 100.00% (1548/1548)
  Class 2: 100.00% (1485/1485)
  Class 3: 100.00% (1475/1475)
Epoch [17/100], Training Loss: 0.4193
Validation Loss: 0.3485, Validation Accuracy: 75.25%

Per-Class Validation Accuracy:
  Class 0: 100.00% (1492/1492)
  Class 1: 100.00% (1548/1548)
  Class 2: 0.00% (0/1485)
  Class 3: 100.00% (1475/1475)
Epoch [18/100], Training Loss: 0.3504
Validation Loss: 0.3452, Validation Accuracy: 75.25%

Per-Class Validation Accuracy:
  Class 0: 100.00% (1492/1492)
  Class 1: 100.00% (1548/1548)
  Class 2: 0.00% (0/1485)
  Class 3: 100.00% (1475/1475)
Epoch [19/100], Training Loss: 0.3490
Validation Loss: 0.3449, Validation Accuracy: 75.13%

Per-Class Validation Accuracy:
  Class 0: 0.00% (0/1492)
  Class 1: 100.00% (1548/1548)
  Class 2: 100.00% (1485/1485)
  Class 3: 100.00% (1475/1475)
Epoch [20/100], Training Loss: 0.3489
Validation Loss: 0.3447, Validation Accuracy: 75.13%

Per-Class Validation Accuracy:
  Class 0: 0.00% (0/1492)
  Class 1: 100.00% (1548/1548)
  Class 2: 100.00% (1485/1485)
  Class 3: 100.00% (1475/1475)
Epoch [21/100], Training Loss: 0.3959
Validation Loss: 0.3450, Validation Accuracy: 75.25%

Per-Class Validation Accuracy:
  Class 0: 100.00% (1492/1492)
  Class 1: 100.00% (1548/1548)
  Class 2: 0.00% (0/1485)
  Class 3: 100.00% (1475/1475)
Epoch [22/100], Training Loss: 0.3488
Validation Loss: 0.3441, Validation Accuracy: 75.25%

Per-Class Validation Accuracy:
  Class 0: 100.00% (1492/1492)
  Class 1: 100.00% (1548/1548)
  Class 2: 0.00% (0/1485)
  Class 3: 100.00% (1475/1475)
Epoch [23/100], Training Loss: 0.3485
Validation Loss: 0.3441, Validation Accuracy: 75.25%

Per-Class Validation Accuracy:
  Class 0: 100.00% (1492/1492)
  Class 1: 100.00% (1548/1548)
  Class 2: 0.00% (0/1485)
  Class 3: 100.00% (1475/1475)
Epoch [24/100], Training Loss: 0.3483
Validation Loss: 0.3439, Validation Accuracy: 75.25%

Per-Class Validation Accuracy:
  Class 0: 100.00% (1492/1492)
  Class 1: 100.00% (1548/1548)
  Class 2: 0.00% (0/1485)
  Class 3: 100.00% (1475/1475)
Epoch [25/100], Training Loss: 0.4474
Validation Loss: 0.3468, Validation Accuracy: 75.25%

Per-Class Validation Accuracy:
  Class 0: 100.00% (1492/1492)
  Class 1: 100.00% (1548/1548)
  Class 2: 0.00% (0/1485)
  Class 3: 100.00% (1475/1475)
Early stopping triggered.

	Elapsed time is 672.9163 seconds.

==========================================================================================
Total parameters: 9988
Total memory (bytes): 79904
Total memory (MB): 0.076202392578125
==========================================================================================
Validation Loss: 0.3468, Validation Accuracy: 75.25%

Per-Class Validation Accuracy:
  No Thrust: 100.00% (1492/1492)
  Chemical: 100.00% (1548/1548)
  Electric: 0.00% (0/1485)
  Impulsive: 100.00% (1475/1475)

Entering Mamba Training Loop
Epoch [1/100], Training Loss: 1.3869
Validation Loss: 1.3868, Validation Accuracy: 24.75%

Per-Class Validation Accuracy:
  Class 0: 0.00% (0/1492)
  Class 1: 0.00% (0/1548)
  Class 2: 100.00% (1485/1485)
  Class 3: 0.00% (0/1475)
Epoch [2/100], Training Loss: 1.3866
Validation Loss: 1.3870, Validation Accuracy: 24.75%

Per-Class Validation Accuracy:
  Class 0: 0.00% (0/1492)
  Class 1: 0.00% (0/1548)
  Class 2: 100.00% (1485/1485)
  Class 3: 0.00% (0/1475)
Epoch [3/100], Training Loss: 1.3866
Validation Loss: 1.3868, Validation Accuracy: 24.58%

Per-Class Validation Accuracy:
  Class 0: 0.00% (0/1492)
  Class 1: 0.00% (0/1548)
  Class 2: 0.00% (0/1485)
  Class 3: 100.00% (1475/1475)
Epoch [4/100], Training Loss: 1.3865
Validation Loss: 1.3862, Validation Accuracy: 25.80%

Per-Class Validation Accuracy:
  Class 0: 0.00% (0/1492)
  Class 1: 100.00% (1548/1548)
  Class 2: 0.00% (0/1485)
  Class 3: 0.00% (0/1475)
Epoch [5/100], Training Loss: 1.3865
Validation Loss: 1.3865, Validation Accuracy: 24.58%

Per-Class Validation Accuracy:
  Class 0: 0.00% (0/1492)
  Class 1: 0.00% (0/1548)
  Class 2: 0.00% (0/1485)
  Class 3: 100.00% (1475/1475)
Epoch [6/100], Training Loss: 1.3864
Validation Loss: 1.3867, Validation Accuracy: 24.87%

Per-Class Validation Accuracy:
  Class 0: 100.00% (1492/1492)
  Class 1: 0.00% (0/1548)
  Class 2: 0.00% (0/1485)
  Class 3: 0.00% (0/1475)
Epoch [7/100], Training Loss: 1.3865
Validation Loss: 1.3864, Validation Accuracy: 24.87%

Per-Class Validation Accuracy:
  Class 0: 100.00% (1492/1492)
  Class 1: 0.00% (0/1548)
  Class 2: 0.00% (0/1485)
  Class 3: 0.00% (0/1475)
Epoch [8/100], Training Loss: 1.3865
Validation Loss: 1.3862, Validation Accuracy: 24.87%

Per-Class Validation Accuracy:
  Class 0: 100.00% (1492/1492)
  Class 1: 0.00% (0/1548)
  Class 2: 0.00% (0/1485)
  Class 3: 0.00% (0/1475)
Epoch [9/100], Training Loss: 1.3864
Validation Loss: 1.3865, Validation Accuracy: 24.75%

Per-Class Validation Accuracy:
  Class 0: 0.00% (0/1492)
  Class 1: 0.00% (0/1548)
  Class 2: 100.00% (1485/1485)
  Class 3: 0.00% (0/1475)
Epoch [10/100], Training Loss: 1.3865
Validation Loss: 1.3863, Validation Accuracy: 25.80%

Per-Class Validation Accuracy:
  Class 0: 0.00% (0/1492)
  Class 1: 100.00% (1548/1548)
  Class 2: 0.00% (0/1485)
  Class 3: 0.00% (0/1475)
Epoch [11/100], Training Loss: 1.3864
Validation Loss: 1.3865, Validation Accuracy: 24.75%

Per-Class Validation Accuracy:
  Class 0: 0.00% (0/1492)
  Class 1: 0.00% (0/1548)
  Class 2: 100.00% (1485/1485)
  Class 3: 0.00% (0/1475)
Epoch [12/100], Training Loss: 1.3863
Validation Loss: 1.3866, Validation Accuracy: 24.87%

Per-Class Validation Accuracy:
  Class 0: 100.00% (1492/1492)
  Class 1: 0.00% (0/1548)
  Class 2: 0.00% (0/1485)
  Class 3: 0.00% (0/1475)
Epoch [13/100], Training Loss: 1.3864
Validation Loss: 1.3866, Validation Accuracy: 24.75%

Per-Class Validation Accuracy:
  Class 0: 0.00% (0/1492)
  Class 1: 0.00% (0/1548)
  Class 2: 100.00% (1485/1485)
  Class 3: 0.00% (0/1475)
Epoch [14/100], Training Loss: 1.3864
Validation Loss: 1.3864, Validation Accuracy: 24.75%

Per-Class Validation Accuracy:
  Class 0: 0.00% (0/1492)
  Class 1: 0.00% (0/1548)
  Class 2: 100.00% (1485/1485)
  Class 3: 0.00% (0/1475)
Early stopping triggered.

	Elapsed time is 273.3450 seconds.

==========================================================================================
Total parameters: 5957
Total memory (bytes): 47656
Total memory (MB): 0.04544830322265625
==========================================================================================
Validation Loss: 1.3864, Validation Accuracy: 24.75%

Per-Class Validation Accuracy:
  No Thrust: 0.00% (0/1492)
  Chemical: 0.00% (0/1548)
  Electric: 100.00% (1485/1485)
  Impulsive: 0.00% (0/1475)
