GPU is available

Entering LSTM Training Loop
Epoch [1/100], Training Loss: 0.4358
Validation Loss: 0.3659, Validation Accuracy: 74.17%

Per-Class Validation Accuracy:
  Class 0: 99.48% (1520/1528)
  Class 1: 100.00% (1465/1465)
  Class 2: 0.77% (12/1551)
  Class 3: 99.79% (1453/1456)
Epoch [2/100], Training Loss: 0.3500
Validation Loss: 0.3581, Validation Accuracy: 74.82%

Per-Class Validation Accuracy:
  Class 0: 1.24% (19/1528)
  Class 1: 100.00% (1465/1465)
  Class 2: 99.94% (1550/1551)
  Class 3: 99.93% (1455/1456)
Epoch [3/100], Training Loss: 0.3441
Validation Loss: 0.3488, Validation Accuracy: 75.80%

Per-Class Validation Accuracy:
  Class 0: 97.71% (1493/1528)
  Class 1: 100.00% (1465/1465)
  Class 2: 8.64% (134/1551)
  Class 3: 100.00% (1456/1456)
Epoch [4/100], Training Loss: 0.3269
Validation Loss: 0.3306, Validation Accuracy: 81.05%

Per-Class Validation Accuracy:
  Class 0: 43.19% (660/1528)
  Class 1: 100.00% (1465/1465)
  Class 2: 82.72% (1283/1551)
  Class 3: 99.93% (1455/1456)
Epoch [5/100], Training Loss: 0.3126
Validation Loss: 0.3205, Validation Accuracy: 81.78%

Per-Class Validation Accuracy:
  Class 0: 41.62% (636/1528)
  Class 1: 100.00% (1465/1465)
  Class 2: 87.04% (1350/1551)
  Class 3: 100.00% (1456/1456)
Epoch [6/100], Training Loss: 0.3091
Validation Loss: 0.3203, Validation Accuracy: 82.55%

Per-Class Validation Accuracy:
  Class 0: 57.07% (872/1528)
  Class 1: 100.00% (1465/1465)
  Class 2: 74.79% (1160/1551)
  Class 3: 100.00% (1456/1456)
Epoch [7/100], Training Loss: 0.3013
Validation Loss: 0.2952, Validation Accuracy: 83.10%

Per-Class Validation Accuracy:
  Class 0: 58.25% (890/1528)
  Class 1: 100.00% (1465/1465)
  Class 2: 75.76% (1175/1551)
  Class 3: 100.00% (1456/1456)
Epoch [8/100], Training Loss: 0.3064
Validation Loss: 0.3155, Validation Accuracy: 81.55%

Per-Class Validation Accuracy:
  Class 0: 63.68% (973/1528)
  Class 1: 100.00% (1465/1465)
  Class 2: 64.41% (999/1551)
  Class 3: 100.00% (1456/1456)
Epoch [9/100], Training Loss: 0.2946
Validation Loss: 0.2971, Validation Accuracy: 83.67%

Per-Class Validation Accuracy:
  Class 0: 73.17% (1118/1528)
  Class 1: 100.00% (1465/1465)
  Class 2: 63.25% (981/1551)
  Class 3: 100.00% (1456/1456)
Epoch [10/100], Training Loss: 0.2734
Validation Loss: 0.3138, Validation Accuracy: 80.77%

Per-Class Validation Accuracy:
  Class 0: 95.22% (1455/1528)
  Class 1: 100.00% (1465/1465)
  Class 2: 30.30% (470/1551)
  Class 3: 100.00% (1456/1456)
Epoch [11/100], Training Loss: 0.2671
Validation Loss: 0.3061, Validation Accuracy: 81.90%

Per-Class Validation Accuracy:
  Class 0: 47.71% (729/1528)
  Class 1: 100.00% (1465/1465)
  Class 2: 81.50% (1264/1551)
  Class 3: 100.00% (1456/1456)
Epoch [12/100], Training Loss: 0.2483
Validation Loss: 0.2078, Validation Accuracy: 90.45%

Per-Class Validation Accuracy:
  Class 0: 64.46% (985/1528)
  Class 1: 100.00% (1465/1465)
  Class 2: 98.07% (1521/1551)
  Class 3: 100.00% (1456/1456)
Epoch [13/100], Training Loss: 0.2217
Validation Loss: 0.2177, Validation Accuracy: 90.22%

Per-Class Validation Accuracy:
  Class 0: 74.48% (1138/1528)
  Class 1: 100.00% (1465/1465)
  Class 2: 87.30% (1354/1551)
  Class 3: 100.00% (1456/1456)
Epoch [14/100], Training Loss: 0.1921
Validation Loss: 0.1644, Validation Accuracy: 92.32%

Per-Class Validation Accuracy:
  Class 0: 74.21% (1134/1528)
  Class 1: 100.00% (1465/1465)
  Class 2: 95.68% (1484/1551)
  Class 3: 100.00% (1456/1456)
Epoch [15/100], Training Loss: 0.1737
Validation Loss: 0.1365, Validation Accuracy: 94.83%

Per-Class Validation Accuracy:
  Class 0: 93.85% (1434/1528)
  Class 1: 100.00% (1465/1465)
  Class 2: 86.07% (1335/1551)
  Class 3: 100.00% (1456/1456)
Epoch [16/100], Training Loss: 0.1408
Validation Loss: 0.1100, Validation Accuracy: 96.30%

Per-Class Validation Accuracy:
  Class 0: 96.07% (1468/1528)
  Class 1: 100.00% (1465/1465)
  Class 2: 89.68% (1391/1551)
  Class 3: 99.86% (1454/1456)
Epoch [17/100], Training Loss: 0.1133
Validation Loss: 0.0852, Validation Accuracy: 96.83%

Per-Class Validation Accuracy:
  Class 0: 89.66% (1370/1528)
  Class 1: 100.00% (1465/1465)
  Class 2: 97.94% (1519/1551)
  Class 3: 100.00% (1456/1456)
Epoch [18/100], Training Loss: 0.1038
Validation Loss: 0.1030, Validation Accuracy: 95.43%

Per-Class Validation Accuracy:
  Class 0: 82.66% (1263/1528)
  Class 1: 100.00% (1465/1465)
  Class 2: 99.42% (1542/1551)
  Class 3: 100.00% (1456/1456)
Epoch [19/100], Training Loss: 0.0908
Validation Loss: 0.0996, Validation Accuracy: 95.42%

Per-Class Validation Accuracy:
  Class 0: 99.02% (1513/1528)
  Class 1: 100.00% (1465/1465)
  Class 2: 83.24% (1291/1551)
  Class 3: 100.00% (1456/1456)
Epoch [20/100], Training Loss: 0.0878
Validation Loss: 0.1132, Validation Accuracy: 95.45%

Per-Class Validation Accuracy:
  Class 0: 83.51% (1276/1528)
  Class 1: 100.00% (1465/1465)
  Class 2: 98.65% (1530/1551)
  Class 3: 100.00% (1456/1456)
Epoch [21/100], Training Loss: 0.0809
Validation Loss: 0.0599, Validation Accuracy: 97.83%

Per-Class Validation Accuracy:
  Class 0: 98.89% (1511/1528)
  Class 1: 100.00% (1465/1465)
  Class 2: 92.71% (1438/1551)
  Class 3: 100.00% (1456/1456)
Epoch [22/100], Training Loss: 0.0884
Validation Loss: 0.0728, Validation Accuracy: 96.62%

Per-Class Validation Accuracy:
  Class 0: 89.99% (1375/1528)
  Class 1: 100.00% (1465/1465)
  Class 2: 96.78% (1501/1551)
  Class 3: 100.00% (1456/1456)
Epoch [23/100], Training Loss: 0.0828
Validation Loss: 0.0615, Validation Accuracy: 97.82%

Per-Class Validation Accuracy:
  Class 0: 97.12% (1484/1528)
  Class 1: 100.00% (1465/1465)
  Class 2: 94.39% (1464/1551)
  Class 3: 100.00% (1456/1456)
Epoch [24/100], Training Loss: 0.0731
Validation Loss: 0.3402, Validation Accuracy: 89.70%

Per-Class Validation Accuracy:
  Class 0: 59.69% (912/1528)
  Class 1: 100.00% (1465/1465)
  Class 2: 99.87% (1549/1551)
  Class 3: 100.00% (1456/1456)
Epoch [25/100], Training Loss: 0.0829
Validation Loss: 0.0818, Validation Accuracy: 96.43%

Per-Class Validation Accuracy:
  Class 0: 87.17% (1332/1528)
  Class 1: 100.00% (1465/1465)
  Class 2: 98.84% (1533/1551)
  Class 3: 100.00% (1456/1456)
Epoch [26/100], Training Loss: 0.0724
Validation Loss: 0.0456, Validation Accuracy: 98.30%

Per-Class Validation Accuracy:
  Class 0: 96.27% (1471/1528)
  Class 1: 100.00% (1465/1465)
  Class 2: 97.10% (1506/1551)
  Class 3: 100.00% (1456/1456)
Epoch [27/100], Training Loss: 0.0675
Validation Loss: 0.0495, Validation Accuracy: 97.98%

Per-Class Validation Accuracy:
  Class 0: 98.63% (1507/1528)
  Class 1: 100.00% (1465/1465)
  Class 2: 93.55% (1451/1551)
  Class 3: 100.00% (1456/1456)
Epoch [28/100], Training Loss: 0.0709
Validation Loss: 0.0779, Validation Accuracy: 96.60%

Per-Class Validation Accuracy:
  Class 0: 99.54% (1521/1528)
  Class 1: 100.00% (1465/1465)
  Class 2: 87.30% (1354/1551)
  Class 3: 100.00% (1456/1456)
Epoch [29/100], Training Loss: 0.0622
Validation Loss: 0.0533, Validation Accuracy: 97.85%

Per-Class Validation Accuracy:
  Class 0: 92.15% (1408/1528)
  Class 1: 100.00% (1465/1465)
  Class 2: 99.42% (1542/1551)
  Class 3: 100.00% (1456/1456)
Epoch [30/100], Training Loss: 0.0666
Validation Loss: 0.0632, Validation Accuracy: 97.68%

Per-Class Validation Accuracy:
  Class 0: 92.08% (1407/1528)
  Class 1: 100.00% (1465/1465)
  Class 2: 98.84% (1533/1551)
  Class 3: 100.00% (1456/1456)
Epoch [31/100], Training Loss: 0.0629
Validation Loss: 0.0400, Validation Accuracy: 98.42%

Per-Class Validation Accuracy:
  Class 0: 94.83% (1449/1528)
  Class 1: 100.00% (1465/1465)
  Class 2: 98.97% (1535/1551)
  Class 3: 100.00% (1456/1456)
Epoch [32/100], Training Loss: 0.0544
Validation Loss: 0.0612, Validation Accuracy: 97.58%

Per-Class Validation Accuracy:
  Class 0: 92.41% (1412/1528)
  Class 1: 100.00% (1465/1465)
  Class 2: 98.13% (1522/1551)
  Class 3: 100.00% (1456/1456)
Epoch [33/100], Training Loss: 0.0628
Validation Loss: 0.0392, Validation Accuracy: 98.93%

Per-Class Validation Accuracy:
  Class 0: 97.38% (1488/1528)
  Class 1: 100.00% (1465/1465)
  Class 2: 98.45% (1527/1551)
  Class 3: 100.00% (1456/1456)
Epoch [34/100], Training Loss: 0.0553
Validation Loss: 0.0801, Validation Accuracy: 96.52%

Per-Class Validation Accuracy:
  Class 0: 97.84% (1495/1528)
  Class 1: 100.00% (1465/1465)
  Class 2: 88.65% (1375/1551)
  Class 3: 100.00% (1456/1456)
Epoch [35/100], Training Loss: 0.0526
Validation Loss: 0.0419, Validation Accuracy: 98.27%

Per-Class Validation Accuracy:
  Class 0: 93.46% (1428/1528)
  Class 1: 100.00% (1465/1465)
  Class 2: 99.74% (1547/1551)
  Class 3: 100.00% (1456/1456)
Epoch [36/100], Training Loss: 0.0497
Validation Loss: 0.0646, Validation Accuracy: 97.48%

Per-Class Validation Accuracy:
  Class 0: 90.31% (1380/1528)
  Class 1: 100.00% (1465/1465)
  Class 2: 99.81% (1548/1551)
  Class 3: 100.00% (1456/1456)
Epoch [37/100], Training Loss: 0.0615
Validation Loss: 0.0422, Validation Accuracy: 98.60%

Per-Class Validation Accuracy:
  Class 0: 96.01% (1467/1528)
  Class 1: 100.00% (1465/1465)
  Class 2: 98.84% (1533/1551)
  Class 3: 99.66% (1451/1456)
Epoch [38/100], Training Loss: 0.0469
Validation Loss: 0.0285, Validation Accuracy: 98.85%

Per-Class Validation Accuracy:
  Class 0: 98.56% (1506/1528)
  Class 1: 100.00% (1465/1465)
  Class 2: 96.97% (1504/1551)
  Class 3: 100.00% (1456/1456)
Epoch [39/100], Training Loss: 0.0486
Validation Loss: 0.0419, Validation Accuracy: 98.25%

Per-Class Validation Accuracy:
  Class 0: 97.84% (1495/1528)
  Class 1: 100.00% (1465/1465)
  Class 2: 95.36% (1479/1551)
  Class 3: 100.00% (1456/1456)
Epoch [40/100], Training Loss: 0.0513
Validation Loss: 0.1293, Validation Accuracy: 94.80%

Per-Class Validation Accuracy:
  Class 0: 99.67% (1523/1528)
  Class 1: 100.00% (1465/1465)
  Class 2: 80.21% (1244/1551)
  Class 3: 100.00% (1456/1456)
Epoch [41/100], Training Loss: 0.0460
Validation Loss: 0.0551, Validation Accuracy: 98.05%

Per-Class Validation Accuracy:
  Class 0: 95.16% (1454/1528)
  Class 1: 100.00% (1465/1465)
  Class 2: 97.23% (1508/1551)
  Class 3: 100.00% (1456/1456)
Epoch [42/100], Training Loss: 0.0451
Validation Loss: 0.0515, Validation Accuracy: 98.00%

Per-Class Validation Accuracy:
  Class 0: 97.91% (1496/1528)
  Class 1: 100.00% (1465/1465)
  Class 2: 94.33% (1463/1551)
  Class 3: 100.00% (1456/1456)
Epoch [43/100], Training Loss: 0.0422
Validation Loss: 0.0224, Validation Accuracy: 99.22%

Per-Class Validation Accuracy:
  Class 0: 97.45% (1489/1528)
  Class 1: 100.00% (1465/1465)
  Class 2: 99.48% (1543/1551)
  Class 3: 100.00% (1456/1456)
Epoch [44/100], Training Loss: 0.0418
Validation Loss: 0.1898, Validation Accuracy: 92.27%

Per-Class Validation Accuracy:
  Class 0: 100.00% (1528/1528)
  Class 1: 100.00% (1465/1465)
  Class 2: 70.08% (1087/1551)
  Class 3: 100.00% (1456/1456)
Epoch [45/100], Training Loss: 0.0427
Validation Loss: 0.0805, Validation Accuracy: 96.68%

Per-Class Validation Accuracy:
  Class 0: 87.04% (1330/1528)
  Class 1: 100.00% (1465/1465)
  Class 2: 99.94% (1550/1551)
  Class 3: 100.00% (1456/1456)
Epoch [46/100], Training Loss: 0.0390
Validation Loss: 0.0826, Validation Accuracy: 96.75%

Per-Class Validation Accuracy:
  Class 0: 87.83% (1342/1528)
  Class 1: 100.00% (1465/1465)
  Class 2: 99.42% (1542/1551)
  Class 3: 100.00% (1456/1456)
Epoch [47/100], Training Loss: 0.0384
Validation Loss: 0.0203, Validation Accuracy: 99.30%

Per-Class Validation Accuracy:
  Class 0: 97.84% (1495/1528)
  Class 1: 100.00% (1465/1465)
  Class 2: 99.42% (1542/1551)
  Class 3: 100.00% (1456/1456)
Epoch [48/100], Training Loss: 0.0415
Validation Loss: 0.0192, Validation Accuracy: 99.32%

Per-Class Validation Accuracy:
  Class 0: 97.97% (1497/1528)
  Class 1: 100.00% (1465/1465)
  Class 2: 99.36% (1541/1551)
  Class 3: 100.00% (1456/1456)
Epoch [49/100], Training Loss: 0.0334
Validation Loss: 0.0258, Validation Accuracy: 99.07%

Per-Class Validation Accuracy:
  Class 0: 96.73% (1478/1528)
  Class 1: 100.00% (1465/1465)
  Class 2: 99.61% (1545/1551)
  Class 3: 100.00% (1456/1456)
Epoch [50/100], Training Loss: 0.0370
Validation Loss: 0.0240, Validation Accuracy: 99.08%

Per-Class Validation Accuracy:
  Class 0: 96.66% (1477/1528)
  Class 1: 100.00% (1465/1465)
  Class 2: 99.74% (1547/1551)
  Class 3: 100.00% (1456/1456)
Epoch [51/100], Training Loss: 0.0420
Validation Loss: 0.0364, Validation Accuracy: 98.62%

Per-Class Validation Accuracy:
  Class 0: 94.63% (1446/1528)
  Class 1: 100.00% (1465/1465)
  Class 2: 99.94% (1550/1551)
  Class 3: 100.00% (1456/1456)
Epoch [52/100], Training Loss: 0.0365
Validation Loss: 0.0279, Validation Accuracy: 98.78%

Per-Class Validation Accuracy:
  Class 0: 97.58% (1491/1528)
  Class 1: 100.00% (1465/1465)
  Class 2: 97.68% (1515/1551)
  Class 3: 100.00% (1456/1456)
Epoch [53/100], Training Loss: 0.0376
Validation Loss: 0.0437, Validation Accuracy: 98.12%

Per-Class Validation Accuracy:
  Class 0: 93.32% (1426/1528)
  Class 1: 100.00% (1465/1465)
  Class 2: 99.29% (1540/1551)
  Class 3: 100.00% (1456/1456)
Epoch [54/100], Training Loss: 0.0369
Validation Loss: 0.0328, Validation Accuracy: 98.62%

Per-Class Validation Accuracy:
  Class 0: 94.76% (1448/1528)
  Class 1: 100.00% (1465/1465)
  Class 2: 99.81% (1548/1551)
  Class 3: 100.00% (1456/1456)
Epoch [55/100], Training Loss: 0.0186
Validation Loss: 0.0224, Validation Accuracy: 99.05%

Per-Class Validation Accuracy:
  Class 0: 96.66% (1477/1528)
  Class 1: 100.00% (1465/1465)
  Class 2: 99.61% (1545/1551)
  Class 3: 100.00% (1456/1456)
Epoch [56/100], Training Loss: 0.0215
Validation Loss: 0.0152, Validation Accuracy: 99.45%

Per-Class Validation Accuracy:
  Class 0: 98.95% (1512/1528)
  Class 1: 100.00% (1465/1465)
  Class 2: 98.90% (1534/1551)
  Class 3: 100.00% (1456/1456)
Epoch [57/100], Training Loss: 0.0196
Validation Loss: 0.0120, Validation Accuracy: 99.57%

Per-Class Validation Accuracy:
  Class 0: 99.54% (1521/1528)
  Class 1: 100.00% (1465/1465)
  Class 2: 98.77% (1532/1551)
  Class 3: 100.00% (1456/1456)
Epoch [58/100], Training Loss: 0.0182
Validation Loss: 0.0206, Validation Accuracy: 99.10%

Per-Class Validation Accuracy:
  Class 0: 99.93% (1527/1528)
  Class 1: 100.00% (1465/1465)
  Class 2: 96.58% (1498/1551)
  Class 3: 100.00% (1456/1456)
Epoch [59/100], Training Loss: 0.0215
Validation Loss: 0.0081, Validation Accuracy: 99.82%

Per-Class Validation Accuracy:
  Class 0: 99.67% (1523/1528)
  Class 1: 100.00% (1465/1465)
  Class 2: 99.61% (1545/1551)
  Class 3: 100.00% (1456/1456)
Epoch [60/100], Training Loss: 0.0187
Validation Loss: 0.1176, Validation Accuracy: 96.53%

Per-Class Validation Accuracy:
  Class 0: 86.71% (1325/1528)
  Class 1: 100.00% (1465/1465)
  Class 2: 99.68% (1546/1551)
  Class 3: 100.00% (1456/1456)
Epoch [61/100], Training Loss: 0.0184
Validation Loss: 0.0127, Validation Accuracy: 99.53%

Per-Class Validation Accuracy:
  Class 0: 99.41% (1519/1528)
  Class 1: 100.00% (1465/1465)
  Class 2: 98.77% (1532/1551)
  Class 3: 100.00% (1456/1456)
Epoch [62/100], Training Loss: 0.0179
Validation Loss: 0.0235, Validation Accuracy: 99.03%

Per-Class Validation Accuracy:
  Class 0: 99.93% (1527/1528)
  Class 1: 100.00% (1465/1465)
  Class 2: 96.32% (1494/1551)
  Class 3: 100.00% (1456/1456)
Epoch [63/100], Training Loss: 0.0176
Validation Loss: 0.0391, Validation Accuracy: 98.73%

Per-Class Validation Accuracy:
  Class 0: 95.16% (1454/1528)
  Class 1: 100.00% (1465/1465)
  Class 2: 99.87% (1549/1551)
  Class 3: 100.00% (1456/1456)
Epoch [64/100], Training Loss: 0.0188
Validation Loss: 0.0088, Validation Accuracy: 99.72%

Per-Class Validation Accuracy:
  Class 0: 99.21% (1516/1528)
  Class 1: 100.00% (1465/1465)
  Class 2: 99.68% (1546/1551)
  Class 3: 100.00% (1456/1456)
Epoch [65/100], Training Loss: 0.0172
Validation Loss: 0.0109, Validation Accuracy: 99.65%

Per-Class Validation Accuracy:
  Class 0: 98.76% (1509/1528)
  Class 1: 100.00% (1465/1465)
  Class 2: 99.87% (1549/1551)
  Class 3: 100.00% (1456/1456)
Epoch [66/100], Training Loss: 0.0097
Validation Loss: 0.0059, Validation Accuracy: 99.85%

Per-Class Validation Accuracy:
  Class 0: 99.74% (1524/1528)
  Class 1: 100.00% (1465/1465)
  Class 2: 99.68% (1546/1551)
  Class 3: 100.00% (1456/1456)
Epoch [67/100], Training Loss: 0.0102
Validation Loss: 0.0082, Validation Accuracy: 99.72%

Per-Class Validation Accuracy:
  Class 0: 99.08% (1514/1528)
  Class 1: 100.00% (1465/1465)
  Class 2: 99.81% (1548/1551)
  Class 3: 100.00% (1456/1456)
Epoch [68/100], Training Loss: 0.0087
Validation Loss: 0.0160, Validation Accuracy: 99.50%

Per-Class Validation Accuracy:
  Class 0: 98.10% (1499/1528)
  Class 1: 100.00% (1465/1465)
  Class 2: 99.94% (1550/1551)
  Class 3: 100.00% (1456/1456)
Epoch [69/100], Training Loss: 0.0103
Validation Loss: 0.0235, Validation Accuracy: 98.95%

Per-Class Validation Accuracy:
  Class 0: 100.00% (1528/1528)
  Class 1: 100.00% (1465/1465)
  Class 2: 95.94% (1488/1551)
  Class 3: 100.00% (1456/1456)
Epoch [70/100], Training Loss: 0.0082
Validation Loss: 0.0077, Validation Accuracy: 99.77%

Per-Class Validation Accuracy:
  Class 0: 99.67% (1523/1528)
  Class 1: 100.00% (1465/1465)
  Class 2: 99.42% (1542/1551)
  Class 3: 100.00% (1456/1456)
Epoch [71/100], Training Loss: 0.0100
Validation Loss: 0.0302, Validation Accuracy: 98.73%

Per-Class Validation Accuracy:
  Class 0: 99.93% (1527/1528)
  Class 1: 100.00% (1465/1465)
  Class 2: 95.16% (1476/1551)
  Class 3: 100.00% (1456/1456)
Epoch [72/100], Training Loss: 0.0094
Validation Loss: 0.0099, Validation Accuracy: 99.68%

Per-Class Validation Accuracy:
  Class 0: 98.82% (1510/1528)
  Class 1: 100.00% (1465/1465)
  Class 2: 99.94% (1550/1551)
  Class 3: 100.00% (1456/1456)
Epoch [73/100], Training Loss: 0.0046
Validation Loss: 0.0099, Validation Accuracy: 99.68%

Per-Class Validation Accuracy:
  Class 0: 98.89% (1511/1528)
  Class 1: 100.00% (1465/1465)
  Class 2: 99.87% (1549/1551)
  Class 3: 100.00% (1456/1456)
Epoch [74/100], Training Loss: 0.0049
Validation Loss: 0.0046, Validation Accuracy: 99.88%

Per-Class Validation Accuracy:
  Class 0: 99.74% (1524/1528)
  Class 1: 100.00% (1465/1465)
  Class 2: 99.81% (1548/1551)
  Class 3: 100.00% (1456/1456)
Epoch [75/100], Training Loss: 0.0050
Validation Loss: 0.0061, Validation Accuracy: 99.83%

Per-Class Validation Accuracy:
  Class 0: 99.41% (1519/1528)
  Class 1: 100.00% (1465/1465)
  Class 2: 99.94% (1550/1551)
  Class 3: 100.00% (1456/1456)
Epoch [76/100], Training Loss: 0.0045
Validation Loss: 0.0053, Validation Accuracy: 99.83%

Per-Class Validation Accuracy:
  Class 0: 99.48% (1520/1528)
  Class 1: 100.00% (1465/1465)
  Class 2: 99.87% (1549/1551)
  Class 3: 100.00% (1456/1456)
Epoch [77/100], Training Loss: 0.0044
Validation Loss: 0.0047, Validation Accuracy: 99.83%

Per-Class Validation Accuracy:
  Class 0: 99.48% (1520/1528)
  Class 1: 100.00% (1465/1465)
  Class 2: 99.87% (1549/1551)
  Class 3: 100.00% (1456/1456)
Epoch [78/100], Training Loss: 0.0039
Validation Loss: 0.0067, Validation Accuracy: 99.82%

Per-Class Validation Accuracy:
  Class 0: 99.48% (1520/1528)
  Class 1: 100.00% (1465/1465)
  Class 2: 99.81% (1548/1551)
  Class 3: 100.00% (1456/1456)
Epoch [79/100], Training Loss: 0.0045
Validation Loss: 0.0060, Validation Accuracy: 99.78%

Per-Class Validation Accuracy:
  Class 0: 99.74% (1524/1528)
  Class 1: 100.00% (1465/1465)
  Class 2: 99.42% (1542/1551)
  Class 3: 100.00% (1456/1456)
Epoch [80/100], Training Loss: 0.0044
Validation Loss: 0.0042, Validation Accuracy: 99.88%

Per-Class Validation Accuracy:
  Class 0: 99.74% (1524/1528)
  Class 1: 100.00% (1465/1465)
  Class 2: 99.81% (1548/1551)
  Class 3: 100.00% (1456/1456)
Epoch [81/100], Training Loss: 0.0040
Validation Loss: 0.0076, Validation Accuracy: 99.77%

Per-Class Validation Accuracy:
  Class 0: 99.61% (1522/1528)
  Class 1: 100.00% (1465/1465)
  Class 2: 99.48% (1543/1551)
  Class 3: 100.00% (1456/1456)
Epoch [82/100], Training Loss: 0.0039
Validation Loss: 0.0045, Validation Accuracy: 99.88%

Per-Class Validation Accuracy:
  Class 0: 99.80% (1525/1528)
  Class 1: 100.00% (1465/1465)
  Class 2: 99.74% (1547/1551)
  Class 3: 100.00% (1456/1456)
Epoch [83/100], Training Loss: 0.0044
Validation Loss: 0.0044, Validation Accuracy: 99.88%

Per-Class Validation Accuracy:
  Class 0: 99.80% (1525/1528)
  Class 1: 100.00% (1465/1465)
  Class 2: 99.74% (1547/1551)
  Class 3: 100.00% (1456/1456)
Epoch [84/100], Training Loss: 0.0043
Validation Loss: 0.0033, Validation Accuracy: 99.92%

Per-Class Validation Accuracy:
  Class 0: 99.80% (1525/1528)
  Class 1: 100.00% (1465/1465)
  Class 2: 99.87% (1549/1551)
  Class 3: 100.00% (1456/1456)
Epoch [85/100], Training Loss: 0.0042
Validation Loss: 0.0085, Validation Accuracy: 99.67%

Per-Class Validation Accuracy:
  Class 0: 99.87% (1526/1528)
  Class 1: 100.00% (1465/1465)
  Class 2: 98.84% (1533/1551)
  Class 3: 100.00% (1456/1456)
Epoch [86/100], Training Loss: 0.0039
Validation Loss: 0.0051, Validation Accuracy: 99.85%

Per-Class Validation Accuracy:
  Class 0: 99.67% (1523/1528)
  Class 1: 100.00% (1465/1465)
  Class 2: 99.74% (1547/1551)
  Class 3: 100.00% (1456/1456)
Epoch [87/100], Training Loss: 0.0035
Validation Loss: 0.0076, Validation Accuracy: 99.75%

Per-Class Validation Accuracy:
  Class 0: 99.87% (1526/1528)
  Class 1: 100.00% (1465/1465)
  Class 2: 99.16% (1538/1551)
  Class 3: 100.00% (1456/1456)
Epoch [88/100], Training Loss: 0.0046
Validation Loss: 0.0072, Validation Accuracy: 99.77%

Per-Class Validation Accuracy:
  Class 0: 99.15% (1515/1528)
  Class 1: 100.00% (1465/1465)
  Class 2: 99.94% (1550/1551)
  Class 3: 100.00% (1456/1456)
Epoch [89/100], Training Loss: 0.0024
Validation Loss: 0.0037, Validation Accuracy: 99.87%

Per-Class Validation Accuracy:
  Class 0: 99.61% (1522/1528)
  Class 1: 100.00% (1465/1465)
  Class 2: 99.87% (1549/1551)
  Class 3: 100.00% (1456/1456)
Epoch [90/100], Training Loss: 0.0044
Validation Loss: 0.0041, Validation Accuracy: 99.88%

Per-Class Validation Accuracy:
  Class 0: 99.67% (1523/1528)
  Class 1: 100.00% (1465/1465)
  Class 2: 99.87% (1549/1551)
  Class 3: 100.00% (1456/1456)
Epoch [91/100], Training Loss: 0.0018
Validation Loss: 0.0058, Validation Accuracy: 99.80%

Per-Class Validation Accuracy:
  Class 0: 99.35% (1518/1528)
  Class 1: 100.00% (1465/1465)
  Class 2: 99.87% (1549/1551)
  Class 3: 100.00% (1456/1456)
Epoch [92/100], Training Loss: 0.0019
Validation Loss: 0.0042, Validation Accuracy: 99.88%

Per-Class Validation Accuracy:
  Class 0: 99.80% (1525/1528)
  Class 1: 100.00% (1465/1465)
  Class 2: 99.74% (1547/1551)
  Class 3: 100.00% (1456/1456)
Epoch [93/100], Training Loss: 0.0022
Validation Loss: 0.0060, Validation Accuracy: 99.83%

Per-Class Validation Accuracy:
  Class 0: 99.74% (1524/1528)
  Class 1: 100.00% (1465/1465)
  Class 2: 99.61% (1545/1551)
  Class 3: 100.00% (1456/1456)
Epoch [94/100], Training Loss: 0.0016
Validation Loss: 0.0038, Validation Accuracy: 99.92%

Per-Class Validation Accuracy:
  Class 0: 99.74% (1524/1528)
  Class 1: 100.00% (1465/1465)
  Class 2: 99.94% (1550/1551)
  Class 3: 100.00% (1456/1456)
Early stopping triggered.

        Elapsed time is 2412.2435 seconds.

        Elapsed time is 2412.2436 seconds.

==========================================================================================
Total parameters: 10948
Total memory (bytes): 87584
Total memory (MB): 0.083526611328125
==========================================================================================
Validation Loss: 0.0038, Validation Accuracy: 99.92%

Per-Class Validation Accuracy:
  No Thrust: 99.74% (1524/1528)
  Chemical: 100.00% (1465/1465)
  Electric: 99.94% (1550/1551)
  Impulsive: 100.00% (1456/1456)

Entering Mamba Training Loop
Epoch [1/100], Training Loss: 0.4004
Validation Loss: 0.3516, Validation Accuracy: 78.30%

Per-Class Validation Accuracy:
  Class 0: 32.40% (495/1528)
  Class 1: 100.00% (1465/1465)
  Class 2: 82.66% (1282/1551)
  Class 3: 100.00% (1456/1456)
Epoch [2/100], Training Loss: 0.3409
Validation Loss: 0.3426, Validation Accuracy: 82.43%

Per-Class Validation Accuracy:
  Class 0: 53.40% (816/1528)
  Class 1: 100.00% (1465/1465)
  Class 2: 77.95% (1209/1551)
  Class 3: 100.00% (1456/1456)
Epoch [3/100], Training Loss: 0.3269
Validation Loss: 0.3090, Validation Accuracy: 84.52%

Per-Class Validation Accuracy:
  Class 0: 48.36% (739/1528)
  Class 1: 100.00% (1465/1465)
  Class 2: 90.97% (1411/1551)
  Class 3: 100.00% (1456/1456)
Epoch [4/100], Training Loss: 0.2662
Validation Loss: 0.2718, Validation Accuracy: 82.08%

Per-Class Validation Accuracy:
  Class 0: 80.04% (1223/1528)
  Class 1: 100.00% (1465/1465)
  Class 2: 50.35% (781/1551)
  Class 3: 100.00% (1456/1456)
Epoch [5/100], Training Loss: 0.1991
Validation Loss: 0.1667, Validation Accuracy: 91.77%

Per-Class Validation Accuracy:
  Class 0: 83.97% (1283/1528)
  Class 1: 100.00% (1465/1465)
  Class 2: 83.95% (1302/1551)
  Class 3: 100.00% (1456/1456)
Epoch [6/100], Training Loss: 0.1530
Validation Loss: 0.1046, Validation Accuracy: 96.55%

Per-Class Validation Accuracy:
  Class 0: 91.16% (1393/1528)
  Class 1: 100.00% (1465/1465)
  Class 2: 95.36% (1479/1551)
  Class 3: 100.00% (1456/1456)
Epoch [7/100], Training Loss: 0.1300
Validation Loss: 0.0793, Validation Accuracy: 97.23%

Per-Class Validation Accuracy:
  Class 0: 95.75% (1463/1528)
  Class 1: 100.00% (1465/1465)
  Class 2: 93.49% (1450/1551)
  Class 3: 100.00% (1456/1456)
Epoch [8/100], Training Loss: 0.1142
Validation Loss: 0.1059, Validation Accuracy: 95.53%

Per-Class Validation Accuracy:
  Class 0: 94.70% (1447/1528)
  Class 1: 100.00% (1465/1465)
  Class 2: 87.94% (1364/1551)
  Class 3: 100.00% (1456/1456)
Epoch [9/100], Training Loss: 0.1050
Validation Loss: 0.0845, Validation Accuracy: 98.15%

Per-Class Validation Accuracy:
  Class 0: 97.25% (1486/1528)
  Class 1: 100.00% (1465/1465)
  Class 2: 96.00% (1489/1551)
  Class 3: 99.52% (1449/1456)
Epoch [10/100], Training Loss: 0.1067
Validation Loss: 0.2126, Validation Accuracy: 90.97%

Per-Class Validation Accuracy:
  Class 0: 65.71% (1004/1528)
  Class 1: 100.00% (1465/1465)
  Class 2: 98.84% (1533/1551)
  Class 3: 100.00% (1456/1456)
Epoch [11/100], Training Loss: 0.0927
Validation Loss: 0.0493, Validation Accuracy: 98.60%

Per-Class Validation Accuracy:
  Class 0: 95.48% (1459/1528)
  Class 1: 100.00% (1465/1465)
  Class 2: 99.03% (1536/1551)
  Class 3: 100.00% (1456/1456)
Epoch [12/100], Training Loss: 0.0979
Validation Loss: 0.0620, Validation Accuracy: 97.90%

Per-Class Validation Accuracy:
  Class 0: 97.12% (1484/1528)
  Class 1: 100.00% (1465/1465)
  Class 2: 94.71% (1469/1551)
  Class 3: 100.00% (1456/1456)
Epoch [13/100], Training Loss: 0.0913
Validation Loss: 0.0734, Validation Accuracy: 96.68%

Per-Class Validation Accuracy:
  Class 0: 90.58% (1384/1528)
  Class 1: 100.00% (1465/1465)
  Class 2: 96.45% (1496/1551)
  Class 3: 100.00% (1456/1456)
Epoch [14/100], Training Loss: 0.0869
Validation Loss: 0.1401, Validation Accuracy: 93.55%

Per-Class Validation Accuracy:
  Class 0: 99.93% (1527/1528)
  Class 1: 100.00% (1465/1465)
  Class 2: 75.11% (1165/1551)
  Class 3: 100.00% (1456/1456)
Epoch [15/100], Training Loss: 0.0956
Validation Loss: 0.0745, Validation Accuracy: 97.12%

Per-Class Validation Accuracy:
  Class 0: 88.87% (1358/1528)
  Class 1: 100.00% (1465/1465)
  Class 2: 99.81% (1548/1551)
  Class 3: 100.00% (1456/1456)
Epoch [16/100], Training Loss: 0.0781
Validation Loss: 0.0890, Validation Accuracy: 96.37%

Per-Class Validation Accuracy:
  Class 0: 85.86% (1312/1528)
  Class 1: 100.00% (1465/1465)
  Class 2: 99.87% (1549/1551)
  Class 3: 100.00% (1456/1456)
Epoch [17/100], Training Loss: 0.0728
Validation Loss: 0.0386, Validation Accuracy: 98.83%

Per-Class Validation Accuracy:
  Class 0: 97.38% (1488/1528)
  Class 1: 100.00% (1465/1465)
  Class 2: 98.07% (1521/1551)
  Class 3: 100.00% (1456/1456)
Epoch [18/100], Training Loss: 0.0797
Validation Loss: 0.0441, Validation Accuracy: 98.65%

Per-Class Validation Accuracy:
  Class 0: 97.58% (1491/1528)
  Class 1: 100.00% (1465/1465)
  Class 2: 97.16% (1507/1551)
  Class 3: 100.00% (1456/1456)
Epoch [19/100], Training Loss: 0.0761
Validation Loss: 0.0551, Validation Accuracy: 97.95%

Per-Class Validation Accuracy:
  Class 0: 97.84% (1495/1528)
  Class 1: 100.00% (1465/1465)
  Class 2: 94.20% (1461/1551)
  Class 3: 100.00% (1456/1456)
Epoch [20/100], Training Loss: 0.0804
Validation Loss: 0.0411, Validation Accuracy: 98.90%

Per-Class Validation Accuracy:
  Class 0: 97.45% (1489/1528)
  Class 1: 100.00% (1465/1465)
  Class 2: 98.26% (1524/1551)
  Class 3: 100.00% (1456/1456)
Epoch [21/100], Training Loss: 0.0684
Validation Loss: 0.0946, Validation Accuracy: 96.45%

Per-Class Validation Accuracy:
  Class 0: 87.24% (1333/1528)
  Class 1: 100.00% (1465/1465)
  Class 2: 98.84% (1533/1551)
  Class 3: 100.00% (1456/1456)
Epoch [22/100], Training Loss: 0.0679
Validation Loss: 0.0341, Validation Accuracy: 98.72%

Per-Class Validation Accuracy:
  Class 0: 95.48% (1459/1528)
  Class 1: 100.00% (1465/1465)
  Class 2: 99.48% (1543/1551)
  Class 3: 100.00% (1456/1456)
Epoch [23/100], Training Loss: 0.0645
Validation Loss: 0.0481, Validation Accuracy: 98.42%

Per-Class Validation Accuracy:
  Class 0: 99.61% (1522/1528)
  Class 1: 100.00% (1465/1465)
  Class 2: 94.26% (1462/1551)
  Class 3: 100.00% (1456/1456)
Epoch [24/100], Training Loss: 0.0575
Validation Loss: 0.0464, Validation Accuracy: 98.10%

Per-Class Validation Accuracy:
  Class 0: 95.55% (1460/1528)
  Class 1: 100.00% (1465/1465)
  Class 2: 97.03% (1505/1551)
  Class 3: 100.00% (1456/1456)
Epoch [25/100], Training Loss: 0.0620
Validation Loss: 0.0354, Validation Accuracy: 98.97%

Per-Class Validation Accuracy:
  Class 0: 96.86% (1480/1528)
  Class 1: 100.00% (1465/1465)
  Class 2: 99.10% (1537/1551)
  Class 3: 100.00% (1456/1456)
Epoch [26/100], Training Loss: 0.0597
Validation Loss: 0.0444, Validation Accuracy: 98.97%

Per-Class Validation Accuracy:
  Class 0: 96.79% (1479/1528)
  Class 1: 100.00% (1465/1465)
  Class 2: 99.42% (1542/1551)
  Class 3: 99.73% (1452/1456)
Epoch [27/100], Training Loss: 0.0657
Validation Loss: 0.0709, Validation Accuracy: 97.15%

Per-Class Validation Accuracy:
  Class 0: 99.67% (1523/1528)
  Class 1: 100.00% (1465/1465)
  Class 2: 89.30% (1385/1551)
  Class 3: 100.00% (1456/1456)
Epoch [28/100], Training Loss: 0.0548
Validation Loss: 0.0488, Validation Accuracy: 98.22%

Per-Class Validation Accuracy:
  Class 0: 99.87% (1526/1528)
  Class 1: 100.00% (1465/1465)
  Class 2: 93.23% (1446/1551)
  Class 3: 100.00% (1456/1456)
Epoch [29/100], Training Loss: 0.0318
Validation Loss: 0.0227, Validation Accuracy: 99.33%

Per-Class Validation Accuracy:
  Class 0: 99.61% (1522/1528)
  Class 1: 100.00% (1465/1465)
  Class 2: 97.81% (1517/1551)
  Class 3: 100.00% (1456/1456)
Epoch [30/100], Training Loss: 0.0345
Validation Loss: 0.0198, Validation Accuracy: 99.32%

Per-Class Validation Accuracy:
  Class 0: 99.28% (1517/1528)
  Class 1: 100.00% (1465/1465)
  Class 2: 98.07% (1521/1551)
  Class 3: 100.00% (1456/1456)
Epoch [31/100], Training Loss: 0.0338
Validation Loss: 0.0378, Validation Accuracy: 98.53%

Per-Class Validation Accuracy:
  Class 0: 99.41% (1519/1528)
  Class 1: 100.00% (1465/1465)
  Class 2: 94.91% (1472/1551)
  Class 3: 100.00% (1456/1456)
Epoch [32/100], Training Loss: 0.0366
Validation Loss: 0.0318, Validation Accuracy: 98.77%

Per-Class Validation Accuracy:
  Class 0: 95.29% (1456/1528)
  Class 1: 100.00% (1465/1465)
  Class 2: 99.87% (1549/1551)
  Class 3: 100.00% (1456/1456)
Epoch [33/100], Training Loss: 0.0312
Validation Loss: 0.0229, Validation Accuracy: 99.17%

Per-Class Validation Accuracy:
  Class 0: 99.48% (1520/1528)
  Class 1: 100.00% (1465/1465)
  Class 2: 97.29% (1509/1551)
  Class 3: 100.00% (1456/1456)
Epoch [34/100], Training Loss: 0.0324
Validation Loss: 0.0160, Validation Accuracy: 99.53%

Per-Class Validation Accuracy:
  Class 0: 98.95% (1512/1528)
  Class 1: 100.00% (1465/1465)
  Class 2: 99.23% (1539/1551)
  Class 3: 100.00% (1456/1456)
Epoch [35/100], Training Loss: 0.0338
Validation Loss: 0.0239, Validation Accuracy: 99.17%

Per-Class Validation Accuracy:
  Class 0: 97.77% (1494/1528)
  Class 1: 100.00% (1465/1465)
  Class 2: 98.97% (1535/1551)
  Class 3: 100.00% (1456/1456)
Epoch [36/100], Training Loss: 0.0314
Validation Loss: 0.0381, Validation Accuracy: 98.52%

Per-Class Validation Accuracy:
  Class 0: 99.54% (1521/1528)
  Class 1: 100.00% (1465/1465)
  Class 2: 94.71% (1469/1551)
  Class 3: 100.00% (1456/1456)
Epoch [37/100], Training Loss: 0.0294
Validation Loss: 0.0498, Validation Accuracy: 97.80%

Per-Class Validation Accuracy:
  Class 0: 99.67% (1523/1528)
  Class 1: 100.00% (1465/1465)
  Class 2: 91.81% (1424/1551)
  Class 3: 100.00% (1456/1456)
Epoch [38/100], Training Loss: 0.0325
Validation Loss: 0.0135, Validation Accuracy: 99.63%

Per-Class Validation Accuracy:
  Class 0: 98.95% (1512/1528)
  Class 1: 100.00% (1465/1465)
  Class 2: 99.61% (1545/1551)
  Class 3: 100.00% (1456/1456)
Epoch [39/100], Training Loss: 0.0342
Validation Loss: 0.0234, Validation Accuracy: 99.12%

Per-Class Validation Accuracy:
  Class 0: 97.19% (1485/1528)
  Class 1: 100.00% (1465/1465)
  Class 2: 99.36% (1541/1551)
  Class 3: 100.00% (1456/1456)
Epoch [40/100], Training Loss: 0.0272
Validation Loss: 0.0169, Validation Accuracy: 99.42%

Per-Class Validation Accuracy:
  Class 0: 97.97% (1497/1528)
  Class 1: 100.00% (1465/1465)
  Class 2: 99.74% (1547/1551)
  Class 3: 100.00% (1456/1456)
Epoch [41/100], Training Loss: 0.0309
Validation Loss: 0.0168, Validation Accuracy: 99.43%

Per-Class Validation Accuracy:
  Class 0: 98.10% (1499/1528)
  Class 1: 100.00% (1465/1465)
  Class 2: 99.68% (1546/1551)
  Class 3: 100.00% (1456/1456)
Epoch [42/100], Training Loss: 0.0283
Validation Loss: 0.0181, Validation Accuracy: 99.32%

Per-Class Validation Accuracy:
  Class 0: 97.58% (1491/1528)
  Class 1: 100.00% (1465/1465)
  Class 2: 99.74% (1547/1551)
  Class 3: 100.00% (1456/1456)
Epoch [43/100], Training Loss: 0.0293
Validation Loss: 0.0210, Validation Accuracy: 99.28%

Per-Class Validation Accuracy:
  Class 0: 98.04% (1498/1528)
  Class 1: 100.00% (1465/1465)
  Class 2: 99.16% (1538/1551)
  Class 3: 100.00% (1456/1456)
Epoch [44/100], Training Loss: 0.0308
Validation Loss: 0.1808, Validation Accuracy: 93.22%

Per-Class Validation Accuracy:
  Class 0: 73.43% (1122/1528)
  Class 1: 100.00% (1465/1465)
  Class 2: 99.94% (1550/1551)
  Class 3: 100.00% (1456/1456)
Epoch [45/100], Training Loss: 0.0175
Validation Loss: 0.0137, Validation Accuracy: 99.47%

Per-Class Validation Accuracy:
  Class 0: 99.41% (1519/1528)
  Class 1: 100.00% (1465/1465)
  Class 2: 98.52% (1528/1551)
  Class 3: 100.00% (1456/1456)
Epoch [46/100], Training Loss: 0.0179
Validation Loss: 0.0136, Validation Accuracy: 99.57%

Per-Class Validation Accuracy:
  Class 0: 98.69% (1508/1528)
  Class 1: 100.00% (1465/1465)
  Class 2: 99.61% (1545/1551)
  Class 3: 100.00% (1456/1456)
Epoch [47/100], Training Loss: 0.0168
Validation Loss: 0.0128, Validation Accuracy: 99.58%

Per-Class Validation Accuracy:
  Class 0: 99.67% (1523/1528)
  Class 1: 100.00% (1465/1465)
  Class 2: 98.71% (1531/1551)
  Class 3: 100.00% (1456/1456)
Epoch [48/100], Training Loss: 0.0175
Validation Loss: 0.0139, Validation Accuracy: 99.45%

Per-Class Validation Accuracy:
  Class 0: 98.23% (1501/1528)
  Class 1: 100.00% (1465/1465)
  Class 2: 99.61% (1545/1551)
  Class 3: 100.00% (1456/1456)
Epoch [49/100], Training Loss: 0.0175
Validation Loss: 0.0129, Validation Accuracy: 99.52%

Per-Class Validation Accuracy:
  Class 0: 99.41% (1519/1528)
  Class 1: 100.00% (1465/1465)
  Class 2: 98.71% (1531/1551)
  Class 3: 100.00% (1456/1456)
Epoch [50/100], Training Loss: 0.0148
Validation Loss: 0.0179, Validation Accuracy: 99.33%

Per-Class Validation Accuracy:
  Class 0: 99.80% (1525/1528)
  Class 1: 100.00% (1465/1465)
  Class 2: 97.61% (1514/1551)
  Class 3: 100.00% (1456/1456)
Epoch [51/100], Training Loss: 0.0206
Validation Loss: 0.0107, Validation Accuracy: 99.67%

Per-Class Validation Accuracy:
  Class 0: 98.89% (1511/1528)
  Class 1: 100.00% (1465/1465)
  Class 2: 99.81% (1548/1551)
  Class 3: 100.00% (1456/1456)
Epoch [52/100], Training Loss: 0.0181
Validation Loss: 0.0113, Validation Accuracy: 99.53%

Per-Class Validation Accuracy:
  Class 0: 99.02% (1513/1528)
  Class 1: 100.00% (1465/1465)
  Class 2: 99.16% (1538/1551)
  Class 3: 100.00% (1456/1456)
Epoch [53/100], Training Loss: 0.0161
Validation Loss: 0.0113, Validation Accuracy: 99.65%

Per-Class Validation Accuracy:
  Class 0: 99.61% (1522/1528)
  Class 1: 100.00% (1465/1465)
  Class 2: 99.03% (1536/1551)
  Class 3: 100.00% (1456/1456)
Epoch [54/100], Training Loss: 0.0153
Validation Loss: 0.0118, Validation Accuracy: 99.53%

Per-Class Validation Accuracy:
  Class 0: 99.02% (1513/1528)
  Class 1: 100.00% (1465/1465)
  Class 2: 99.16% (1538/1551)
  Class 3: 100.00% (1456/1456)
Epoch [55/100], Training Loss: 0.0153
Validation Loss: 0.0177, Validation Accuracy: 99.35%

Per-Class Validation Accuracy:
  Class 0: 99.87% (1526/1528)
  Class 1: 100.00% (1465/1465)
  Class 2: 97.61% (1514/1551)
  Class 3: 100.00% (1456/1456)
Epoch [56/100], Training Loss: 0.0166
Validation Loss: 0.0516, Validation Accuracy: 98.20%

Per-Class Validation Accuracy:
  Class 0: 93.06% (1422/1528)
  Class 1: 100.00% (1465/1465)
  Class 2: 99.87% (1549/1551)
  Class 3: 100.00% (1456/1456)
Epoch [57/100], Training Loss: 0.0175
Validation Loss: 0.0179, Validation Accuracy: 99.28%

Per-Class Validation Accuracy:
  Class 0: 99.15% (1515/1528)
  Class 1: 100.00% (1465/1465)
  Class 2: 98.07% (1521/1551)
  Class 3: 100.00% (1456/1456)
Epoch [58/100], Training Loss: 0.0104
Validation Loss: 0.0113, Validation Accuracy: 99.57%

Per-Class Validation Accuracy:
  Class 0: 99.74% (1524/1528)
  Class 1: 100.00% (1465/1465)
  Class 2: 98.58% (1529/1551)
  Class 3: 100.00% (1456/1456)
Epoch [59/100], Training Loss: 0.0106
Validation Loss: 0.0075, Validation Accuracy: 99.78%

Per-Class Validation Accuracy:
  Class 0: 99.48% (1520/1528)
  Class 1: 100.00% (1465/1465)
  Class 2: 99.68% (1546/1551)
  Class 3: 100.00% (1456/1456)
Epoch [60/100], Training Loss: 0.0105
Validation Loss: 0.0110, Validation Accuracy: 99.57%

Per-Class Validation Accuracy:
  Class 0: 98.76% (1509/1528)
  Class 1: 100.00% (1465/1465)
  Class 2: 99.55% (1544/1551)
  Class 3: 100.00% (1456/1456)
Epoch [61/100], Training Loss: 0.0104
Validation Loss: 0.0089, Validation Accuracy: 99.68%

Per-Class Validation Accuracy:
  Class 0: 98.95% (1512/1528)
  Class 1: 100.00% (1465/1465)
  Class 2: 99.81% (1548/1551)
  Class 3: 100.00% (1456/1456)
Epoch [62/100], Training Loss: 0.0109
Validation Loss: 0.0089, Validation Accuracy: 99.68%

Per-Class Validation Accuracy:
  Class 0: 99.08% (1514/1528)
  Class 1: 100.00% (1465/1465)
  Class 2: 99.68% (1546/1551)
  Class 3: 100.00% (1456/1456)
Epoch [63/100], Training Loss: 0.0090
Validation Loss: 0.0090, Validation Accuracy: 99.70%

Per-Class Validation Accuracy:
  Class 0: 99.87% (1526/1528)
  Class 1: 100.00% (1465/1465)
  Class 2: 98.97% (1535/1551)
  Class 3: 100.00% (1456/1456)
Epoch [64/100], Training Loss: 0.0108
Validation Loss: 0.0178, Validation Accuracy: 99.35%

Per-Class Validation Accuracy:
  Class 0: 98.17% (1500/1528)
  Class 1: 100.00% (1465/1465)
  Class 2: 99.29% (1540/1551)
  Class 3: 100.00% (1456/1456)
Epoch [65/100], Training Loss: 0.0092
Validation Loss: 0.0259, Validation Accuracy: 98.92%

Per-Class Validation Accuracy:
  Class 0: 99.93% (1527/1528)
  Class 1: 100.00% (1465/1465)
  Class 2: 95.87% (1487/1551)
  Class 3: 100.00% (1456/1456)
Epoch [66/100], Training Loss: 0.0069
Validation Loss: 0.0073, Validation Accuracy: 99.77%

Per-Class Validation Accuracy:
  Class 0: 99.28% (1517/1528)
  Class 1: 100.00% (1465/1465)
  Class 2: 99.81% (1548/1551)
  Class 3: 100.00% (1456/1456)
Epoch [67/100], Training Loss: 0.0070
Validation Loss: 0.0083, Validation Accuracy: 99.70%

Per-Class Validation Accuracy:
  Class 0: 99.08% (1514/1528)
  Class 1: 100.00% (1465/1465)
  Class 2: 99.74% (1547/1551)
  Class 3: 100.00% (1456/1456)
Epoch [68/100], Training Loss: 0.0067
Validation Loss: 0.0068, Validation Accuracy: 99.80%

Per-Class Validation Accuracy:
  Class 0: 99.67% (1523/1528)
  Class 1: 100.00% (1465/1465)
  Class 2: 99.55% (1544/1551)
  Class 3: 100.00% (1456/1456)
Epoch [69/100], Training Loss: 0.0071
Validation Loss: 0.0073, Validation Accuracy: 99.75%

Per-Class Validation Accuracy:
  Class 0: 99.21% (1516/1528)
  Class 1: 100.00% (1465/1465)
  Class 2: 99.81% (1548/1551)
  Class 3: 100.00% (1456/1456)
Epoch [70/100], Training Loss: 0.0073
Validation Loss: 0.0159, Validation Accuracy: 99.43%

Per-Class Validation Accuracy:
  Class 0: 99.80% (1525/1528)
  Class 1: 100.00% (1465/1465)
  Class 2: 98.00% (1520/1551)
  Class 3: 100.00% (1456/1456)
Epoch [71/100], Training Loss: 0.0068
Validation Loss: 0.0062, Validation Accuracy: 99.80%

Per-Class Validation Accuracy:
  Class 0: 99.48% (1520/1528)
  Class 1: 100.00% (1465/1465)
  Class 2: 99.74% (1547/1551)
  Class 3: 100.00% (1456/1456)
Epoch [72/100], Training Loss: 0.0069
Validation Loss: 0.0059, Validation Accuracy: 99.83%

Per-Class Validation Accuracy:
  Class 0: 99.74% (1524/1528)
  Class 1: 100.00% (1465/1465)
  Class 2: 99.61% (1545/1551)
  Class 3: 100.00% (1456/1456)
Epoch [73/100], Training Loss: 0.0067
Validation Loss: 0.0067, Validation Accuracy: 99.82%

Per-Class Validation Accuracy:
  Class 0: 99.48% (1520/1528)
  Class 1: 100.00% (1465/1465)
  Class 2: 99.81% (1548/1551)
  Class 3: 100.00% (1456/1456)
Epoch [74/100], Training Loss: 0.0061
Validation Loss: 0.0053, Validation Accuracy: 99.88%

Per-Class Validation Accuracy:
  Class 0: 99.74% (1524/1528)
  Class 1: 100.00% (1465/1465)
  Class 2: 99.81% (1548/1551)
  Class 3: 100.00% (1456/1456)
Epoch [75/100], Training Loss: 0.0065
Validation Loss: 0.0070, Validation Accuracy: 99.77%

Per-Class Validation Accuracy:
  Class 0: 99.28% (1517/1528)
  Class 1: 100.00% (1465/1465)
  Class 2: 99.81% (1548/1551)
  Class 3: 100.00% (1456/1456)
Epoch [76/100], Training Loss: 0.0068
Validation Loss: 0.0056, Validation Accuracy: 99.82%

Per-Class Validation Accuracy:
  Class 0: 99.48% (1520/1528)
  Class 1: 100.00% (1465/1465)
  Class 2: 99.81% (1548/1551)
  Class 3: 100.00% (1456/1456)
Epoch [77/100], Training Loss: 0.0068
Validation Loss: 0.0093, Validation Accuracy: 99.65%

Per-Class Validation Accuracy:
  Class 0: 99.48% (1520/1528)
  Class 1: 100.00% (1465/1465)
  Class 2: 99.16% (1538/1551)
  Class 3: 100.00% (1456/1456)
Epoch [78/100], Training Loss: 0.0064
Validation Loss: 0.0070, Validation Accuracy: 99.80%

Per-Class Validation Accuracy:
  Class 0: 99.54% (1521/1528)
  Class 1: 100.00% (1465/1465)
  Class 2: 99.68% (1546/1551)
  Class 3: 100.00% (1456/1456)
Epoch [79/100], Training Loss: 0.0065
Validation Loss: 0.0060, Validation Accuracy: 99.80%

Per-Class Validation Accuracy:
  Class 0: 99.48% (1520/1528)
  Class 1: 100.00% (1465/1465)
  Class 2: 99.74% (1547/1551)
  Class 3: 100.00% (1456/1456)
Epoch [80/100], Training Loss: 0.0065
Validation Loss: 0.0070, Validation Accuracy: 99.75%

Per-Class Validation Accuracy:
  Class 0: 99.21% (1516/1528)
  Class 1: 100.00% (1465/1465)
  Class 2: 99.81% (1548/1551)
  Class 3: 100.00% (1456/1456)
Epoch [81/100], Training Loss: 0.0049
Validation Loss: 0.0144, Validation Accuracy: 99.42%

Per-Class Validation Accuracy:
  Class 0: 99.80% (1525/1528)
  Class 1: 100.00% (1465/1465)
  Class 2: 97.94% (1519/1551)
  Class 3: 100.00% (1456/1456)
Epoch [82/100], Training Loss: 0.0049
Validation Loss: 0.0078, Validation Accuracy: 99.75%

Per-Class Validation Accuracy:
  Class 0: 99.15% (1515/1528)
  Class 1: 100.00% (1465/1465)
  Class 2: 99.87% (1549/1551)
  Class 3: 100.00% (1456/1456)
Epoch [83/100], Training Loss: 0.0049
Validation Loss: 0.0097, Validation Accuracy: 99.65%

Per-Class Validation Accuracy:
  Class 0: 99.74% (1524/1528)
  Class 1: 100.00% (1465/1465)
  Class 2: 98.90% (1534/1551)
  Class 3: 100.00% (1456/1456)
Epoch [84/100], Training Loss: 0.0049
Validation Loss: 0.0052, Validation Accuracy: 99.85%

Per-Class Validation Accuracy:
  Class 0: 99.61% (1522/1528)
  Class 1: 100.00% (1465/1465)
  Class 2: 99.81% (1548/1551)
  Class 3: 100.00% (1456/1456)
Epoch [85/100], Training Loss: 0.0048
Validation Loss: 0.0072, Validation Accuracy: 99.78%

Per-Class Validation Accuracy:
  Class 0: 99.87% (1526/1528)
  Class 1: 100.00% (1465/1465)
  Class 2: 99.29% (1540/1551)
  Class 3: 100.00% (1456/1456)
Epoch [86/100], Training Loss: 0.0046
Validation Loss: 0.0057, Validation Accuracy: 99.85%

Per-Class Validation Accuracy:
  Class 0: 99.80% (1525/1528)
  Class 1: 100.00% (1465/1465)
  Class 2: 99.61% (1545/1551)
  Class 3: 100.00% (1456/1456)
Epoch [87/100], Training Loss: 0.0051
Validation Loss: 0.0082, Validation Accuracy: 99.73%

Per-Class Validation Accuracy:
  Class 0: 99.80% (1525/1528)
  Class 1: 100.00% (1465/1465)
  Class 2: 99.16% (1538/1551)
  Class 3: 100.00% (1456/1456)
Epoch [88/100], Training Loss: 0.0050
Validation Loss: 0.0054, Validation Accuracy: 99.85%

Per-Class Validation Accuracy:
  Class 0: 99.80% (1525/1528)
  Class 1: 100.00% (1465/1465)
  Class 2: 99.61% (1545/1551)
  Class 3: 100.00% (1456/1456)
Epoch [89/100], Training Loss: 0.0044
Validation Loss: 0.0048, Validation Accuracy: 99.88%

Per-Class Validation Accuracy:
  Class 0: 99.80% (1525/1528)
  Class 1: 100.00% (1465/1465)
  Class 2: 99.74% (1547/1551)
  Class 3: 100.00% (1456/1456)
Epoch [90/100], Training Loss: 0.0051
Validation Loss: 0.0049, Validation Accuracy: 99.87%

Per-Class Validation Accuracy:
  Class 0: 99.67% (1523/1528)
  Class 1: 100.00% (1465/1465)
  Class 2: 99.81% (1548/1551)
  Class 3: 100.00% (1456/1456)
Epoch [91/100], Training Loss: 0.0047
Validation Loss: 0.0057, Validation Accuracy: 99.85%

Per-Class Validation Accuracy:
  Class 0: 99.80% (1525/1528)
  Class 1: 100.00% (1465/1465)
  Class 2: 99.61% (1545/1551)
  Class 3: 100.00% (1456/1456)
Epoch [92/100], Training Loss: 0.0048
Validation Loss: 0.0053, Validation Accuracy: 99.88%

Per-Class Validation Accuracy:
  Class 0: 99.80% (1525/1528)
  Class 1: 100.00% (1465/1465)
  Class 2: 99.74% (1547/1551)
  Class 3: 100.00% (1456/1456)
Epoch [93/100], Training Loss: 0.0048
Validation Loss: 0.0063, Validation Accuracy: 99.78%

Per-Class Validation Accuracy:
  Class 0: 99.67% (1523/1528)
  Class 1: 100.00% (1465/1465)
  Class 2: 99.48% (1543/1551)
  Class 3: 100.00% (1456/1456)
Epoch [94/100], Training Loss: 0.0047
Validation Loss: 0.0063, Validation Accuracy: 99.80%

Per-Class Validation Accuracy:
  Class 0: 99.54% (1521/1528)
  Class 1: 100.00% (1465/1465)
  Class 2: 99.68% (1546/1551)
  Class 3: 100.00% (1456/1456)
Epoch [95/100], Training Loss: 0.0046
Validation Loss: 0.0051, Validation Accuracy: 99.87%

Per-Class Validation Accuracy:
  Class 0: 99.74% (1524/1528)
  Class 1: 100.00% (1465/1465)
  Class 2: 99.74% (1547/1551)
  Class 3: 100.00% (1456/1456)
Epoch [96/100], Training Loss: 0.0041
Validation Loss: 0.0048, Validation Accuracy: 99.87%

Per-Class Validation Accuracy:
  Class 0: 99.74% (1524/1528)
  Class 1: 100.00% (1465/1465)
  Class 2: 99.74% (1547/1551)
  Class 3: 100.00% (1456/1456)
Epoch [97/100], Training Loss: 0.0041
Validation Loss: 0.0051, Validation Accuracy: 99.88%

Per-Class Validation Accuracy:
  Class 0: 99.67% (1523/1528)
  Class 1: 100.00% (1465/1465)
  Class 2: 99.87% (1549/1551)
  Class 3: 100.00% (1456/1456)
Epoch [98/100], Training Loss: 0.0039
Validation Loss: 0.0058, Validation Accuracy: 99.80%

Per-Class Validation Accuracy:
  Class 0: 99.74% (1524/1528)
  Class 1: 100.00% (1465/1465)
  Class 2: 99.48% (1543/1551)
  Class 3: 100.00% (1456/1456)
Epoch [99/100], Training Loss: 0.0042
Validation Loss: 0.0049, Validation Accuracy: 99.87%

Per-Class Validation Accuracy:
  Class 0: 99.74% (1524/1528)
  Class 1: 100.00% (1465/1465)
  Class 2: 99.74% (1547/1551)
  Class 3: 100.00% (1456/1456)
Early stopping triggered.

        Elapsed time is 1941.7628 seconds.

        Elapsed time is 1941.7629 seconds.

==========================================================================================
Total parameters: 6682
Total memory (bytes): 53456
Total memory (MB): 0.0509796142578125
==========================================================================================
Validation Loss: 0.0049, Validation Accuracy: 99.87%

Per-Class Validation Accuracy:
  No Thrust: 99.74% (1524/1528)
  Chemical: 100.00% (1465/1465)
  Electric: 99.74% (1547/1551)
  Impulsive: 100.00% (1456/1456)