GPU is available

Entering LSTM Training Loop
Epoch [1/100], Training Loss: 1.3882
Validation Loss: 1.3865, Validation Accuracy: 25.80%

Per-Class Validation Accuracy:
  Class 0: 0.00% (0/1503)
  Class 1: 0.00% (0/1497)
  Class 2: 0.00% (0/1452)
  Class 3: 100.00% (1548/1548)
Epoch [2/100], Training Loss: 1.3874
Validation Loss: 1.3882, Validation Accuracy: 25.05%

Per-Class Validation Accuracy:
  Class 0: 100.00% (1503/1503)
  Class 1: 0.00% (0/1497)
  Class 2: 0.00% (0/1452)
  Class 3: 0.00% (0/1548)
Epoch [3/100], Training Loss: 1.3874
Validation Loss: 1.3864, Validation Accuracy: 25.05%

Per-Class Validation Accuracy:
  Class 0: 100.00% (1503/1503)
  Class 1: 0.00% (0/1497)
  Class 2: 0.00% (0/1452)
  Class 3: 0.00% (0/1548)
Epoch [4/100], Training Loss: 1.3877
Validation Loss: 1.3879, Validation Accuracy: 24.95%

Per-Class Validation Accuracy:
  Class 0: 0.00% (0/1503)
  Class 1: 100.00% (1497/1497)
  Class 2: 0.00% (0/1452)
  Class 3: 0.00% (0/1548)
Epoch [5/100], Training Loss: 1.3879
Validation Loss: 1.3866, Validation Accuracy: 24.95%

Per-Class Validation Accuracy:
  Class 0: 0.00% (0/1503)
  Class 1: 100.00% (1497/1497)
  Class 2: 0.00% (0/1452)
  Class 3: 0.00% (0/1548)
Epoch [6/100], Training Loss: 1.3878
Validation Loss: 1.3873, Validation Accuracy: 25.05%

Per-Class Validation Accuracy:
  Class 0: 100.00% (1503/1503)
  Class 1: 0.00% (0/1497)
  Class 2: 0.00% (0/1452)
  Class 3: 0.00% (0/1548)
Epoch [7/100], Training Loss: 1.3878
Validation Loss: 1.3870, Validation Accuracy: 25.80%

Per-Class Validation Accuracy:
  Class 0: 0.00% (0/1503)
  Class 1: 0.00% (0/1497)
  Class 2: 0.00% (0/1452)
  Class 3: 100.00% (1548/1548)
Epoch [8/100], Training Loss: 1.3874
Validation Loss: 1.3876, Validation Accuracy: 25.05%

Per-Class Validation Accuracy:
  Class 0: 100.00% (1503/1503)
  Class 1: 0.00% (0/1497)
  Class 2: 0.00% (0/1452)
  Class 3: 0.00% (0/1548)
Epoch [9/100], Training Loss: 1.3876
Validation Loss: 1.3884, Validation Accuracy: 24.95%

Per-Class Validation Accuracy:
  Class 0: 0.00% (0/1503)
  Class 1: 100.00% (1497/1497)
  Class 2: 0.00% (0/1452)
  Class 3: 0.00% (0/1548)
Epoch [10/100], Training Loss: 1.3871
Validation Loss: 1.3870, Validation Accuracy: 24.20%

Per-Class Validation Accuracy:
  Class 0: 0.00% (0/1503)
  Class 1: 0.00% (0/1497)
  Class 2: 100.00% (1452/1452)
  Class 3: 0.00% (0/1548)
Epoch [11/100], Training Loss: 1.3871
Validation Loss: 1.3868, Validation Accuracy: 24.20%

Per-Class Validation Accuracy:
  Class 0: 0.00% (0/1503)
  Class 1: 0.00% (0/1497)
  Class 2: 100.00% (1452/1452)
  Class 3: 0.00% (0/1548)
Epoch [12/100], Training Loss: 1.3870
Validation Loss: 1.3870, Validation Accuracy: 25.80%

Per-Class Validation Accuracy:
  Class 0: 0.00% (0/1503)
  Class 1: 0.00% (0/1497)
  Class 2: 0.00% (0/1452)
  Class 3: 100.00% (1548/1548)
Epoch [13/100], Training Loss: 1.3870
Validation Loss: 1.3867, Validation Accuracy: 24.95%

Per-Class Validation Accuracy:
  Class 0: 0.00% (0/1503)
  Class 1: 100.00% (1497/1497)
  Class 2: 0.00% (0/1452)
  Class 3: 0.00% (0/1548)
Early stopping triggered.

        Elapsed time is 143.3165 seconds.

        Elapsed time is 143.3167 seconds.

==========================================================================================
Total parameters: 10948
Total memory (bytes): 87584
Total memory (MB): 0.083526611328125
==========================================================================================
Validation Loss: 1.3867, Validation Accuracy: 24.95%

Per-Class Validation Accuracy:
  No Thrust: 0.00% (0/1503)
  Chemical: 100.00% (1497/1497)
  Electric: 0.00% (0/1452)
  Impulsive: 0.00% (0/1548)

  Entering Mamba Training Loop
Epoch [1/100], Training Loss: 1.3869
Validation Loss: 1.3863, Validation Accuracy: 24.83%

Per-Class Validation Accuracy:
  Class 0: 0.00% (0/1480)
  Class 1: 0.00% (0/1547)
  Class 2: 0.00% (0/1483)
  Class 3: 100.00% (1490/1490)
Epoch [2/100], Training Loss: 1.3863
Validation Loss: 1.3856, Validation Accuracy: 24.83%

Per-Class Validation Accuracy:
  Class 0: 0.00% (0/1480)
  Class 1: 0.00% (0/1547)
  Class 2: 0.00% (0/1483)
  Class 3: 100.00% (1490/1490)
Epoch [3/100], Training Loss: 1.1161
Validation Loss: 0.8287, Validation Accuracy: 54.28%

Per-Class Validation Accuracy:
  Class 0: 14.86% (220/1480)
  Class 1: 100.00% (1547/1547)
  Class 2: 0.00% (0/1483)
  Class 3: 100.00% (1490/1490)
Epoch [4/100], Training Loss: 0.8136
Validation Loss: 0.8067, Validation Accuracy: 47.77%

Per-Class Validation Accuracy:
  Class 0: 92.91% (1375/1480)
  Class 1: 0.06% (1/1547)
  Class 2: 0.00% (0/1483)
  Class 3: 100.00% (1490/1490)
Epoch [5/100], Training Loss: 0.6749
Validation Loss: 0.4682, Validation Accuracy: 73.62%

Per-Class Validation Accuracy:
  Class 0: 77.97% (1154/1480)
  Class 1: 97.03% (1501/1547)
  Class 2: 18.34% (272/1483)
  Class 3: 100.00% (1490/1490)
Epoch [6/100], Training Loss: 0.5607
Validation Loss: 0.7786, Validation Accuracy: 53.02%

Per-Class Validation Accuracy:
  Class 0: 99.26% (1469/1480)
  Class 1: 13.96% (216/1547)
  Class 2: 0.40% (6/1483)
  Class 3: 100.00% (1490/1490)
Epoch [7/100], Training Loss: 0.4742
Validation Loss: 0.3898, Validation Accuracy: 75.80%

Per-Class Validation Accuracy:
  Class 0: 84.93% (1257/1480)
  Class 1: 99.10% (1533/1547)
  Class 2: 18.07% (268/1483)
  Class 3: 100.00% (1490/1490)
Epoch [8/100], Training Loss: 0.4076
Validation Loss: 0.3856, Validation Accuracy: 75.05%

Per-Class Validation Accuracy:
  Class 0: 1.89% (28/1480)
  Class 1: 98.00% (1516/1547)
  Class 2: 99.06% (1469/1483)
  Class 3: 100.00% (1490/1490)
Epoch [9/100], Training Loss: 0.3906
Validation Loss: 0.3503, Validation Accuracy: 75.43%

Per-Class Validation Accuracy:
  Class 0: 0.81% (12/1480)
  Class 1: 99.87% (1545/1547)
  Class 2: 99.73% (1479/1483)
  Class 3: 100.00% (1490/1490)
Epoch [10/100], Training Loss: 0.4011
Validation Loss: 0.3494, Validation Accuracy: 74.62%

Per-Class Validation Accuracy:
  Class 0: 16.08% (238/1480)
  Class 1: 99.87% (1545/1547)
  Class 2: 81.19% (1204/1483)
  Class 3: 100.00% (1490/1490)
Epoch [11/100], Training Loss: 0.3930
Validation Loss: 0.3486, Validation Accuracy: 75.23%

Per-Class Validation Accuracy:
  Class 0: 95.74% (1417/1480)
  Class 1: 99.87% (1545/1547)
  Class 2: 4.18% (62/1483)
  Class 3: 100.00% (1490/1490)
Epoch [12/100], Training Loss: 0.3653
Validation Loss: 0.3477, Validation Accuracy: 75.55%

Per-Class Validation Accuracy:
  Class 0: 75.81% (1122/1480)
  Class 1: 99.94% (1546/1547)
  Class 2: 25.29% (375/1483)
  Class 3: 100.00% (1490/1490)
Epoch [13/100], Training Loss: 0.3725
Validation Loss: 0.3529, Validation Accuracy: 74.73%

Per-Class Validation Accuracy:
  Class 0: 18.58% (275/1480)
  Class 1: 99.94% (1546/1547)
  Class 2: 79.10% (1173/1483)
  Class 3: 100.00% (1490/1490)
Epoch [14/100], Training Loss: 0.3906
Validation Loss: 0.3628, Validation Accuracy: 73.98%

Per-Class Validation Accuracy:
  Class 0: 9.80% (145/1480)
  Class 1: 99.94% (1546/1547)
  Class 2: 84.83% (1258/1483)
  Class 3: 100.00% (1490/1490)
Epoch [15/100], Training Loss: 0.3633
Validation Loss: 0.3451, Validation Accuracy: 75.50%

Per-Class Validation Accuracy:
  Class 0: 56.28% (833/1480)
  Class 1: 99.87% (1545/1547)
  Class 2: 44.64% (662/1483)
  Class 3: 100.00% (1490/1490)
Epoch [16/100], Training Loss: 0.3664
Validation Loss: 0.3564, Validation Accuracy: 74.60%

Per-Class Validation Accuracy:
  Class 0: 23.11% (342/1480)
  Class 1: 99.94% (1546/1547)
  Class 2: 74.04% (1098/1483)
  Class 3: 100.00% (1490/1490)
Epoch [17/100], Training Loss: 0.3675
Validation Loss: 0.3437, Validation Accuracy: 76.35%

Per-Class Validation Accuracy:
  Class 0: 60.00% (888/1480)
  Class 1: 99.87% (1545/1547)
  Class 2: 44.37% (658/1483)
  Class 3: 100.00% (1490/1490)
Epoch [18/100], Training Loss: 0.3685
Validation Loss: 0.3453, Validation Accuracy: 75.57%

Per-Class Validation Accuracy:
  Class 0: 81.42% (1205/1480)
  Class 1: 99.94% (1546/1547)
  Class 2: 19.76% (293/1483)
  Class 3: 100.00% (1490/1490)
Epoch [19/100], Training Loss: 0.3767
Validation Loss: 0.3475, Validation Accuracy: 76.50%

Per-Class Validation Accuracy:
  Class 0: 37.09% (549/1480)
  Class 1: 99.94% (1546/1547)
  Class 2: 67.77% (1005/1483)
  Class 3: 100.00% (1490/1490)
Epoch [20/100], Training Loss: 0.3892
Validation Loss: 0.3821, Validation Accuracy: 75.93%

Per-Class Validation Accuracy:
  Class 0: 66.42% (983/1480)
  Class 1: 99.94% (1546/1547)
  Class 2: 36.21% (537/1483)
  Class 3: 100.00% (1490/1490)
Epoch [21/100], Training Loss: 0.3563
Validation Loss: 0.3474, Validation Accuracy: 74.40%

Per-Class Validation Accuracy:
  Class 0: 20.27% (300/1480)
  Class 1: 99.94% (1546/1547)
  Class 2: 76.06% (1128/1483)
  Class 3: 100.00% (1490/1490)
Epoch [22/100], Training Loss: 0.3842
Validation Loss: 0.3451, Validation Accuracy: 76.75%

Per-Class Validation Accuracy:
  Class 0: 50.41% (746/1480)
  Class 1: 99.94% (1546/1547)
  Class 2: 55.50% (823/1483)
  Class 3: 100.00% (1490/1490)
Epoch [23/100], Training Loss: 0.3649
Validation Loss: 0.3465, Validation Accuracy: 75.25%

Per-Class Validation Accuracy:
  Class 0: 100.00% (1480/1480)
  Class 1: 99.87% (1545/1547)
  Class 2: 0.00% (0/1483)
  Class 3: 100.00% (1490/1490)
Epoch [24/100], Training Loss: 0.3528
Validation Loss: 0.3452, Validation Accuracy: 76.00%

Per-Class Validation Accuracy:
  Class 0: 67.84% (1004/1480)
  Class 1: 99.94% (1546/1547)
  Class 2: 35.06% (520/1483)
  Class 3: 100.00% (1490/1490)
Epoch [25/100], Training Loss: 0.3578
Validation Loss: 0.3432, Validation Accuracy: 75.72%

Per-Class Validation Accuracy:
  Class 0: 59.80% (885/1480)
  Class 1: 99.94% (1546/1547)
  Class 2: 41.94% (622/1483)
  Class 3: 100.00% (1490/1490)
Epoch [26/100], Training Loss: 0.3525
Validation Loss: 0.3431, Validation Accuracy: 76.03%

Per-Class Validation Accuracy:
  Class 0: 45.34% (671/1480)
  Class 1: 99.94% (1546/1547)
  Class 2: 57.65% (855/1483)
  Class 3: 100.00% (1490/1490)
Epoch [27/100], Training Loss: 0.3539
Validation Loss: 0.3678, Validation Accuracy: 75.10%

Per-Class Validation Accuracy:
  Class 0: 92.09% (1363/1480)
  Class 1: 99.42% (1538/1547)
  Class 2: 7.75% (115/1483)
  Class 3: 100.00% (1490/1490)
Epoch [28/100], Training Loss: 0.3533
Validation Loss: 0.3606, Validation Accuracy: 75.28%

Per-Class Validation Accuracy:
  Class 0: 0.00% (0/1480)
  Class 1: 99.87% (1545/1547)
  Class 2: 99.93% (1482/1483)
  Class 3: 100.00% (1490/1490)
Epoch [29/100], Training Loss: 0.3527
Validation Loss: 0.3433, Validation Accuracy: 75.33%

Per-Class Validation Accuracy:
  Class 0: 25.95% (384/1480)
  Class 1: 99.94% (1546/1547)
  Class 2: 74.17% (1100/1483)
  Class 3: 100.00% (1490/1490)
Epoch [30/100], Training Loss: 0.3528
Validation Loss: 0.3440, Validation Accuracy: 75.08%

Per-Class Validation Accuracy:
  Class 0: 14.66% (217/1480)
  Class 1: 99.94% (1546/1547)
  Class 2: 84.42% (1252/1483)
  Class 3: 100.00% (1490/1490)
Epoch [31/100], Training Loss: 0.3517
Validation Loss: 0.3438, Validation Accuracy: 75.33%

Per-Class Validation Accuracy:
  Class 0: 0.14% (2/1480)
  Class 1: 99.94% (1546/1547)
  Class 2: 99.93% (1482/1483)
  Class 3: 100.00% (1490/1490)
Epoch [32/100], Training Loss: 0.3530
Validation Loss: 0.3438, Validation Accuracy: 75.62%

Per-Class Validation Accuracy:
  Class 0: 43.85% (649/1480)
  Class 1: 99.94% (1546/1547)
  Class 2: 57.45% (852/1483)
  Class 3: 100.00% (1490/1490)
Epoch [33/100], Training Loss: 0.3515
Validation Loss: 0.3442, Validation Accuracy: 75.43%

Per-Class Validation Accuracy:
  Class 0: 80.61% (1193/1480)
  Class 1: 99.87% (1545/1547)
  Class 2: 20.09% (298/1483)
  Class 3: 100.00% (1490/1490)
Epoch [34/100], Training Loss: 0.3507
Validation Loss: 0.3441, Validation Accuracy: 75.37%

Per-Class Validation Accuracy:
  Class 0: 79.93% (1183/1480)
  Class 1: 99.87% (1545/1547)
  Class 2: 20.50% (304/1483)
  Class 3: 100.00% (1490/1490)
Epoch [35/100], Training Loss: 0.3512
Validation Loss: 0.3435, Validation Accuracy: 75.28%

Per-Class Validation Accuracy:
  Class 0: 20.47% (303/1480)
  Class 1: 99.94% (1546/1547)
  Class 2: 79.43% (1178/1483)
  Class 3: 100.00% (1490/1490)
Epoch [36/100], Training Loss: 0.3518
Validation Loss: 0.3433, Validation Accuracy: 75.48%

Per-Class Validation Accuracy:
  Class 0: 28.85% (427/1480)
  Class 1: 99.94% (1546/1547)
  Class 2: 71.88% (1066/1483)
  Class 3: 100.00% (1490/1490)
Early stopping triggered.

        Elapsed time is 569.9717 seconds.

        Elapsed time is 569.9719 seconds.

==========================================================================================
Total parameters: 6682
Total memory (bytes): 53456
Total memory (MB): 0.0509796142578125
==========================================================================================
Validation Loss: 0.3433, Validation Accuracy: 75.48%

Per-Class Validation Accuracy:
  No Thrust: 28.85% (427/1480)
  Chemical: 99.94% (1546/1547)
  Electric: 71.88% (1066/1483)
  Impulsive: 100.00% (1490/1490)