GPU is available

Entering LSTM Training Loop
Epoch [1/100], Training Loss: 1.3627
Validation Loss: 1.3669, Validation Accuracy: 27.55%

Per-Class Validation Accuracy:
  Class 0: 100.00% (1482/1482)
  Class 1: 0.00% (0/1526)
  Class 2: 0.00% (0/1514)
  Class 3: 11.57% (171/1478)
Epoch [2/100], Training Loss: 1.3300
Validation Loss: 1.3369, Validation Accuracy: 29.02%

Per-Class Validation Accuracy:
  Class 0: 100.00% (1482/1482)
  Class 1: 0.00% (0/1526)
  Class 2: 0.00% (0/1514)
  Class 3: 17.52% (259/1478)
Epoch [3/100], Training Loss: 1.3145
Validation Loss: 1.3126, Validation Accuracy: 31.00%

Per-Class Validation Accuracy:
  Class 0: 0.00% (0/1482)
  Class 1: 0.00% (0/1526)
  Class 2: 100.00% (1514/1514)
  Class 3: 23.41% (346/1478)
Epoch [4/100], Training Loss: 1.3049
Validation Loss: 1.2943, Validation Accuracy: 31.78%

Per-Class Validation Accuracy:
  Class 0: 0.00% (0/1482)
  Class 1: 0.00% (0/1526)
  Class 2: 100.00% (1514/1514)
  Class 3: 26.59% (393/1478)
Epoch [5/100], Training Loss: 1.3162
Validation Loss: 1.3780, Validation Accuracy: 31.43%

Per-Class Validation Accuracy:
  Class 0: 0.00% (0/1482)
  Class 1: 0.00% (0/1526)
  Class 2: 92.27% (1397/1514)
  Class 3: 33.09% (489/1478)
Epoch [6/100], Training Loss: 1.3141
Validation Loss: 1.2826, Validation Accuracy: 31.90%

Per-Class Validation Accuracy:
  Class 0: 100.00% (1482/1482)
  Class 1: 0.00% (0/1526)
  Class 2: 0.00% (0/1514)
  Class 3: 29.23% (432/1478)
Epoch [7/100], Training Loss: 1.3025
Validation Loss: 1.2901, Validation Accuracy: 32.05%

Per-Class Validation Accuracy:
  Class 0: 0.00% (0/1482)
  Class 1: 100.00% (1526/1526)
  Class 2: 0.00% (0/1514)
  Class 3: 26.86% (397/1478)
Epoch [8/100], Training Loss: 1.3043
Validation Loss: 1.3171, Validation Accuracy: 30.23%

Per-Class Validation Accuracy:
  Class 0: 0.00% (0/1482)
  Class 1: 100.00% (1526/1526)
  Class 2: 0.00% (0/1514)
  Class 3: 19.49% (288/1478)
Epoch [9/100], Training Loss: 1.3075
Validation Loss: 1.2812, Validation Accuracy: 32.40%

Per-Class Validation Accuracy:
  Class 0: 0.00% (0/1482)
  Class 1: 0.00% (0/1526)
  Class 2: 99.80% (1511/1514)
  Class 3: 29.30% (433/1478)
Epoch [10/100], Training Loss: 1.3027
Validation Loss: 1.3005, Validation Accuracy: 31.15%

Per-Class Validation Accuracy:
  Class 0: 0.00% (0/1482)
  Class 1: 0.00% (0/1526)
  Class 2: 100.00% (1514/1514)
  Class 3: 24.02% (355/1478)
Epoch [11/100], Training Loss: 1.3009
Validation Loss: 1.2840, Validation Accuracy: 32.28%

Per-Class Validation Accuracy:
  Class 0: 0.00% (0/1482)
  Class 1: 100.00% (1526/1526)
  Class 2: 0.00% (0/1514)
  Class 3: 27.81% (411/1478)
Epoch [12/100], Training Loss: 1.3029
Validation Loss: 1.3180, Validation Accuracy: 30.02%

Per-Class Validation Accuracy:
  Class 0: 0.00% (0/1482)
  Class 1: 0.00% (0/1526)
  Class 2: 100.00% (1514/1514)
  Class 3: 19.42% (287/1478)
Epoch [13/100], Training Loss: 1.2998
Validation Loss: 1.2835, Validation Accuracy: 32.13%

Per-Class Validation Accuracy:
  Class 0: 0.00% (0/1482)
  Class 1: 0.00% (0/1526)
  Class 2: 100.00% (1514/1514)
  Class 3: 28.01% (414/1478)
Epoch [14/100], Training Loss: 1.3075
Validation Loss: 1.2912, Validation Accuracy: 31.87%

Per-Class Validation Accuracy:
  Class 0: 0.00% (0/1482)
  Class 1: 100.00% (1526/1526)
  Class 2: 0.00% (0/1514)
  Class 3: 26.12% (386/1478)
Epoch [15/100], Training Loss: 1.3021
Validation Loss: 1.2862, Validation Accuracy: 31.43%

Per-Class Validation Accuracy:
  Class 0: 100.00% (1482/1482)
  Class 1: 0.00% (0/1526)
  Class 2: 0.00% (0/1514)
  Class 3: 27.33% (404/1478)
Epoch [16/100], Training Loss: 1.2895
Validation Loss: 1.2797, Validation Accuracy: 32.38%

Per-Class Validation Accuracy:
  Class 0: 0.00% (0/1482)
  Class 1: 0.00% (0/1526)
  Class 2: 100.00% (1514/1514)
  Class 3: 29.03% (429/1478)
Epoch [17/100], Training Loss: 1.2880
Validation Loss: 1.2861, Validation Accuracy: 31.42%

Per-Class Validation Accuracy:
  Class 0: 100.00% (1482/1482)
  Class 1: 0.00% (0/1526)
  Class 2: 0.00% (0/1514)
  Class 3: 27.27% (403/1478)
Epoch [18/100], Training Loss: 1.2913
Validation Loss: 1.2780, Validation Accuracy: 32.43%

Per-Class Validation Accuracy:
  Class 0: 0.00% (0/1482)
  Class 1: 0.00% (0/1526)
  Class 2: 100.00% (1514/1514)
  Class 3: 29.23% (432/1478)
Epoch [19/100], Training Loss: 1.2883
Validation Loss: 1.2852, Validation Accuracy: 32.62%

Per-Class Validation Accuracy:
  Class 0: 0.00% (0/1482)
  Class 1: 0.00% (0/1526)
  Class 2: 99.47% (1506/1514)
  Class 3: 30.51% (451/1478)
Epoch [20/100], Training Loss: 1.2905
Validation Loss: 1.2855, Validation Accuracy: 31.50%

Per-Class Validation Accuracy:
  Class 0: 100.00% (1482/1482)
  Class 1: 0.00% (0/1526)
  Class 2: 0.00% (0/1514)
  Class 3: 27.60% (408/1478)
Epoch [21/100], Training Loss: 1.2877
Validation Loss: 1.2784, Validation Accuracy: 32.00%

Per-Class Validation Accuracy:
  Class 0: 99.93% (1481/1482)
  Class 1: 0.00% (0/1526)
  Class 2: 0.00% (0/1514)
  Class 3: 29.70% (439/1478)
Epoch [22/100], Training Loss: 1.2905
Validation Loss: 1.2797, Validation Accuracy: 31.90%

Per-Class Validation Accuracy:
  Class 0: 100.00% (1482/1482)
  Class 1: 0.00% (0/1526)
  Class 2: 0.00% (0/1514)
  Class 3: 29.23% (432/1478)
Epoch [23/100], Training Loss: 1.2882
Validation Loss: 1.2795, Validation Accuracy: 31.82%

Per-Class Validation Accuracy:
  Class 0: 100.00% (1482/1482)
  Class 1: 0.00% (0/1526)
  Class 2: 0.00% (0/1514)
  Class 3: 28.89% (427/1478)
Epoch [24/100], Training Loss: 1.2901
Validation Loss: 1.2786, Validation Accuracy: 32.57%

Per-Class Validation Accuracy:
  Class 0: 0.00% (0/1482)
  Class 1: 0.00% (0/1526)
  Class 2: 99.74% (1510/1514)
  Class 3: 30.04% (444/1478)
Epoch [25/100], Training Loss: 1.2853
Validation Loss: 1.2784, Validation Accuracy: 32.38%

Per-Class Validation Accuracy:
  Class 0: 0.00% (0/1482)
  Class 1: 0.07% (1/1526)
  Class 2: 100.00% (1514/1514)
  Class 3: 28.96% (428/1478)
Epoch [26/100], Training Loss: 1.2858
Validation Loss: 1.2815, Validation Accuracy: 32.20%

Per-Class Validation Accuracy:
  Class 0: 0.00% (0/1482)
  Class 1: 0.00% (0/1526)
  Class 2: 100.00% (1514/1514)
  Class 3: 28.28% (418/1478)
Epoch [27/100], Training Loss: 1.2855
Validation Loss: 1.2786, Validation Accuracy: 31.93%

Per-Class Validation Accuracy:
  Class 0: 100.00% (1482/1482)
  Class 1: 0.00% (0/1526)
  Class 2: 0.00% (0/1514)
  Class 3: 29.36% (434/1478)
Epoch [28/100], Training Loss: 1.2849
Validation Loss: 1.2814, Validation Accuracy: 31.68%

Per-Class Validation Accuracy:
  Class 0: 100.00% (1482/1482)
  Class 1: 0.00% (0/1526)
  Class 2: 0.00% (0/1514)
  Class 3: 28.35% (419/1478)
Early stopping triggered.

        Elapsed time is 327.7351 seconds.

        Elapsed time is 327.7352 seconds.

==========================================================================================
Total parameters: 10948
Total memory (bytes): 87584
Total memory (MB): 0.083526611328125
==========================================================================================
Validation Loss: 1.2814, Validation Accuracy: 31.68%

Per-Class Validation Accuracy:
  No Thrust: 100.00% (1482/1482)
  Chemical: 0.00% (0/1526)
  Electric: 0.00% (0/1514)
  Impulsive: 28.35% (419/1478)

Entering Mamba Training Loop
Epoch [1/100], Training Loss: 1.2346
Validation Loss: 0.9850, Validation Accuracy: 50.17%

Per-Class Validation Accuracy:
  Class 0: 67.21% (996/1482)
  Class 1: 40.10% (612/1526)
  Class 2: 11.49% (174/1514)
  Class 3: 83.09% (1228/1478)
Epoch [2/100], Training Loss: 0.8890
Validation Loss: 0.8245, Validation Accuracy: 56.32%

Per-Class Validation Accuracy:
  Class 0: 33.40% (495/1482)
  Class 1: 88.07% (1344/1526)
  Class 2: 9.25% (140/1514)
  Class 3: 94.72% (1400/1478)
Epoch [3/100], Training Loss: 0.8390
Validation Loss: 0.7896, Validation Accuracy: 57.05%

Per-Class Validation Accuracy:
  Class 0: 12.15% (180/1482)
  Class 1: 55.24% (843/1526)
  Class 2: 63.28% (958/1514)
  Class 3: 97.56% (1442/1478)
Epoch [4/100], Training Loss: 0.8260
Validation Loss: 0.8161, Validation Accuracy: 53.98%

Per-Class Validation Accuracy:
  Class 0: 2.16% (32/1482)
  Class 1: 17.23% (263/1526)
  Class 2: 97.75% (1480/1514)
  Class 3: 99.05% (1464/1478)
Epoch [5/100], Training Loss: 0.8102
Validation Loss: 0.7987, Validation Accuracy: 56.62%

Per-Class Validation Accuracy:
  Class 0: 21.86% (324/1482)
  Class 1: 95.74% (1461/1526)
  Class 2: 10.44% (158/1514)
  Class 3: 98.38% (1454/1478)
Epoch [6/100], Training Loss: 0.7984
Validation Loss: 0.7646, Validation Accuracy: 58.78%

Per-Class Validation Accuracy:
  Class 0: 46.15% (684/1482)
  Class 1: 39.71% (606/1526)
  Class 2: 50.92% (771/1514)
  Class 3: 99.19% (1466/1478)
Epoch [7/100], Training Loss: 0.7801
Validation Loss: 0.7244, Validation Accuracy: 61.33%

Per-Class Validation Accuracy:
  Class 0: 45.95% (681/1482)
  Class 1: 55.90% (853/1526)
  Class 2: 44.78% (678/1514)
  Class 3: 99.32% (1468/1478)
Epoch [8/100], Training Loss: 0.7624
Validation Loss: 0.9046, Validation Accuracy: 50.63%

Per-Class Validation Accuracy:
  Class 0: 3.24% (48/1482)
  Class 1: 100.00% (1526/1526)
  Class 2: 0.33% (5/1514)
  Class 3: 98.71% (1459/1478)
Epoch [9/100], Training Loss: 0.7496
Validation Loss: 0.6765, Validation Accuracy: 63.05%

Per-Class Validation Accuracy:
  Class 0: 36.30% (538/1482)
  Class 1: 85.12% (1299/1526)
  Class 2: 31.24% (473/1514)
  Class 3: 99.66% (1473/1478)
Epoch [10/100], Training Loss: 0.7191
Validation Loss: 0.6723, Validation Accuracy: 63.53%

Per-Class Validation Accuracy:
  Class 0: 67.54% (1001/1482)
  Class 1: 63.89% (975/1526)
  Class 2: 23.65% (358/1514)
  Class 3: 100.00% (1478/1478)
Epoch [11/100], Training Loss: 0.7207
Validation Loss: 0.6511, Validation Accuracy: 64.97%

Per-Class Validation Accuracy:
  Class 0: 21.39% (317/1482)
  Class 1: 72.41% (1105/1526)
  Class 2: 65.92% (998/1514)
  Class 3: 100.00% (1478/1478)
Epoch [12/100], Training Loss: 0.7088
Validation Loss: 0.6568, Validation Accuracy: 64.15%

Per-Class Validation Accuracy:
  Class 0: 72.20% (1070/1482)
  Class 1: 79.95% (1220/1526)
  Class 2: 5.75% (87/1514)
  Class 3: 99.59% (1472/1478)
Epoch [13/100], Training Loss: 0.7050
Validation Loss: 0.6534, Validation Accuracy: 65.30%

Per-Class Validation Accuracy:
  Class 0: 77.40% (1147/1482)
  Class 1: 80.34% (1226/1526)
  Class 2: 4.43% (67/1514)
  Class 3: 100.00% (1478/1478)
Epoch [14/100], Training Loss: 0.6910
Validation Loss: 0.6587, Validation Accuracy: 64.25%

Per-Class Validation Accuracy:
  Class 0: 13.43% (199/1482)
  Class 1: 92.46% (1411/1526)
  Class 2: 50.79% (769/1514)
  Class 3: 99.86% (1476/1478)
Epoch [15/100], Training Loss: 0.6867
Validation Loss: 0.6394, Validation Accuracy: 65.20%

Per-Class Validation Accuracy:
  Class 0: 35.16% (521/1482)
  Class 1: 71.17% (1086/1526)
  Class 2: 56.14% (850/1514)
  Class 3: 98.44% (1455/1478)
Epoch [16/100], Training Loss: 0.6647
Validation Loss: 0.7438, Validation Accuracy: 60.35%

Per-Class Validation Accuracy:
  Class 0: 3.71% (55/1482)
  Class 1: 43.77% (668/1526)
  Class 2: 93.79% (1420/1514)
  Class 3: 100.00% (1478/1478)
Epoch [17/100], Training Loss: 0.6704
Validation Loss: 0.6214, Validation Accuracy: 66.55%

Per-Class Validation Accuracy:
  Class 0: 0.81% (12/1482)
  Class 1: 86.70% (1323/1526)
  Class 2: 77.94% (1180/1514)
  Class 3: 100.00% (1478/1478)
Epoch [18/100], Training Loss: 0.6672
Validation Loss: 0.5946, Validation Accuracy: 66.58%

Per-Class Validation Accuracy:
  Class 0: 87.99% (1304/1482)
  Class 1: 79.49% (1213/1526)
  Class 2: 0.00% (0/1514)
  Class 3: 100.00% (1478/1478)
Epoch [19/100], Training Loss: 0.6772
Validation Loss: 0.6554, Validation Accuracy: 67.12%

Per-Class Validation Accuracy:
  Class 0: 50.13% (743/1482)
  Class 1: 81.98% (1251/1526)
  Class 2: 36.66% (555/1514)
  Class 3: 100.00% (1478/1478)
Epoch [20/100], Training Loss: 0.6660
Validation Loss: 0.6955, Validation Accuracy: 63.12%

Per-Class Validation Accuracy:
  Class 0: 31.71% (470/1482)
  Class 1: 98.89% (1509/1526)
  Class 2: 23.84% (361/1514)
  Class 3: 97.90% (1447/1478)
Epoch [21/100], Training Loss: 0.6669
Validation Loss: 0.6073, Validation Accuracy: 66.53%

Per-Class Validation Accuracy:
  Class 0: 43.99% (652/1482)
  Class 1: 79.36% (1211/1526)
  Class 2: 43.53% (659/1514)
  Class 3: 99.46% (1470/1478)
Epoch [22/100], Training Loss: 0.6639
Validation Loss: 1.1135, Validation Accuracy: 53.03%

Per-Class Validation Accuracy:
  Class 0: 94.87% (1406/1482)
  Class 1: 38.07% (581/1526)
  Class 2: 0.00% (0/1514)
  Class 3: 80.85% (1195/1478)
Epoch [23/100], Training Loss: 0.6511
Validation Loss: 0.7337, Validation Accuracy: 61.13%

Per-Class Validation Accuracy:
  Class 0: 0.00% (0/1482)
  Class 1: 44.56% (680/1526)
  Class 2: 99.74% (1510/1514)
  Class 3: 100.00% (1478/1478)
Epoch [24/100], Training Loss: 0.6430
Validation Loss: 0.6190, Validation Accuracy: 65.88%

Per-Class Validation Accuracy:
  Class 0: 6.41% (95/1482)
  Class 1: 94.23% (1438/1526)
  Class 2: 62.29% (943/1514)
  Class 3: 99.93% (1477/1478)
Epoch [25/100], Training Loss: 0.6051
Validation Loss: 0.5872, Validation Accuracy: 67.02%

Per-Class Validation Accuracy:
  Class 0: 34.48% (511/1482)
  Class 1: 74.57% (1138/1526)
  Class 2: 59.05% (894/1514)
  Class 3: 100.00% (1478/1478)
Epoch [26/100], Training Loss: 0.6045
Validation Loss: 0.5926, Validation Accuracy: 67.25%

Per-Class Validation Accuracy:
  Class 0: 9.11% (135/1482)
  Class 1: 72.87% (1112/1526)
  Class 2: 86.53% (1310/1514)
  Class 3: 100.00% (1478/1478)
Epoch [27/100], Training Loss: 0.6007
Validation Loss: 0.6155, Validation Accuracy: 65.83%

Per-Class Validation Accuracy:
  Class 0: 90.89% (1347/1482)
  Class 1: 66.84% (1020/1526)
  Class 2: 6.94% (105/1514)
  Class 3: 100.00% (1478/1478)
Epoch [28/100], Training Loss: 0.5983
Validation Loss: 0.5713, Validation Accuracy: 67.05%

Per-Class Validation Accuracy:
  Class 0: 37.65% (558/1482)
  Class 1: 89.19% (1361/1526)
  Class 2: 41.35% (626/1514)
  Class 3: 100.00% (1478/1478)
Epoch [29/100], Training Loss: 0.5908
Validation Loss: 0.5736, Validation Accuracy: 67.53%

Per-Class Validation Accuracy:
  Class 0: 81.98% (1215/1482)
  Class 1: 89.06% (1359/1526)
  Class 2: 0.00% (0/1514)
  Class 3: 100.00% (1478/1478)
Epoch [30/100], Training Loss: 0.5966
Validation Loss: 0.5703, Validation Accuracy: 67.62%

Per-Class Validation Accuracy:
  Class 0: 19.77% (293/1482)
  Class 1: 92.14% (1406/1526)
  Class 2: 58.12% (880/1514)
  Class 3: 100.00% (1478/1478)
Epoch [31/100], Training Loss: 0.5955
Validation Loss: 0.5539, Validation Accuracy: 68.37%

Per-Class Validation Accuracy:
  Class 0: 39.74% (589/1482)
  Class 1: 84.27% (1286/1526)
  Class 2: 49.47% (749/1514)
  Class 3: 100.00% (1478/1478)
Epoch [32/100], Training Loss: 0.5924
Validation Loss: 0.6993, Validation Accuracy: 63.68%

Per-Class Validation Accuracy:
  Class 0: 42.51% (630/1482)
  Class 1: 99.48% (1518/1526)
  Class 2: 12.88% (195/1514)
  Class 3: 100.00% (1478/1478)
Epoch [33/100], Training Loss: 0.5925
Validation Loss: 0.6416, Validation Accuracy: 65.33%

Per-Class Validation Accuracy:
  Class 0: 31.24% (463/1482)
  Class 1: 61.53% (939/1526)
  Class 2: 68.69% (1040/1514)
  Class 3: 100.00% (1478/1478)
Epoch [34/100], Training Loss: 0.5917
Validation Loss: 0.6896, Validation Accuracy: 62.40%

Per-Class Validation Accuracy:
  Class 0: 43.99% (652/1482)
  Class 1: 51.70% (789/1526)
  Class 2: 54.49% (825/1514)
  Class 3: 100.00% (1478/1478)
Epoch [35/100], Training Loss: 0.5891
Validation Loss: 0.5869, Validation Accuracy: 67.22%

Per-Class Validation Accuracy:
  Class 0: 37.04% (549/1482)
  Class 1: 88.07% (1344/1526)
  Class 2: 43.73% (662/1514)
  Class 3: 100.00% (1478/1478)
Epoch [36/100], Training Loss: 0.5877
Validation Loss: 0.5473, Validation Accuracy: 68.68%

Per-Class Validation Accuracy:
  Class 0: 31.04% (460/1482)
  Class 1: 83.81% (1279/1526)
  Class 2: 59.71% (904/1514)
  Class 3: 100.00% (1478/1478)
Epoch [37/100], Training Loss: 0.5855
Validation Loss: 0.5911, Validation Accuracy: 67.22%

Per-Class Validation Accuracy:
  Class 0: 37.45% (555/1482)
  Class 1: 70.64% (1078/1526)
  Class 2: 60.90% (922/1514)
  Class 3: 100.00% (1478/1478)
Epoch [38/100], Training Loss: 0.5806
Validation Loss: 0.5553, Validation Accuracy: 68.10%

Per-Class Validation Accuracy:
  Class 0: 75.10% (1113/1482)
  Class 1: 93.97% (1434/1526)
  Class 2: 4.03% (61/1514)
  Class 3: 100.00% (1478/1478)
Epoch [39/100], Training Loss: 0.5823
Validation Loss: 0.5400, Validation Accuracy: 68.95%

Per-Class Validation Accuracy:
  Class 0: 36.44% (540/1482)
  Class 1: 88.14% (1345/1526)
  Class 2: 51.12% (774/1514)
  Class 3: 100.00% (1478/1478)
Epoch [40/100], Training Loss: 0.5762
Validation Loss: 0.5380, Validation Accuracy: 68.72%

Per-Class Validation Accuracy:
  Class 0: 0.00% (0/1482)
  Class 1: 89.06% (1359/1526)
  Class 2: 84.94% (1286/1514)
  Class 3: 100.00% (1478/1478)
Epoch [41/100], Training Loss: 0.5857
Validation Loss: 0.7696, Validation Accuracy: 59.82%

Per-Class Validation Accuracy:
  Class 0: 32.12% (476/1482)
  Class 1: 100.00% (1526/1526)
  Class 2: 7.20% (109/1514)
  Class 3: 100.00% (1478/1478)
Epoch [42/100], Training Loss: 0.5801
Validation Loss: 0.5554, Validation Accuracy: 68.42%

Per-Class Validation Accuracy:
  Class 0: 43.52% (645/1482)
  Class 1: 92.33% (1409/1526)
  Class 2: 37.85% (573/1514)
  Class 3: 100.00% (1478/1478)
Epoch [43/100], Training Loss: 0.5740
Validation Loss: 0.5612, Validation Accuracy: 67.65%

Per-Class Validation Accuracy:
  Class 0: 95.01% (1408/1482)
  Class 1: 76.08% (1161/1526)
  Class 2: 0.79% (12/1514)
  Class 3: 100.00% (1478/1478)
Epoch [44/100], Training Loss: 0.5805
Validation Loss: 0.5559, Validation Accuracy: 68.28%

Per-Class Validation Accuracy:
  Class 0: 1.96% (29/1482)
  Class 1: 89.97% (1373/1526)
  Class 2: 80.38% (1217/1514)
  Class 3: 100.00% (1478/1478)
Epoch [45/100], Training Loss: 0.5710
Validation Loss: 0.5327, Validation Accuracy: 68.98%

Per-Class Validation Accuracy:
  Class 0: 60.05% (890/1482)
  Class 1: 83.68% (1277/1526)
  Class 2: 32.63% (494/1514)
  Class 3: 100.00% (1478/1478)
Epoch [46/100], Training Loss: 0.5798
Validation Loss: 0.5466, Validation Accuracy: 68.50%

Per-Class Validation Accuracy:
  Class 0: 58.64% (869/1482)
  Class 1: 81.72% (1247/1526)
  Class 2: 34.08% (516/1514)
  Class 3: 100.00% (1478/1478)
Epoch [47/100], Training Loss: 0.5713
Validation Loss: 0.5701, Validation Accuracy: 67.90%

Per-Class Validation Accuracy:
  Class 0: 47.17% (699/1482)
  Class 1: 96.13% (1467/1526)
  Class 2: 28.40% (430/1514)
  Class 3: 100.00% (1478/1478)
Epoch [48/100], Training Loss: 0.5775
Validation Loss: 0.5394, Validation Accuracy: 68.65%

Per-Class Validation Accuracy:
  Class 0: 57.29% (849/1482)
  Class 1: 92.27% (1408/1526)
  Class 2: 25.36% (384/1514)
  Class 3: 100.00% (1478/1478)
Epoch [49/100], Training Loss: 0.5726
Validation Loss: 0.5419, Validation Accuracy: 68.58%

Per-Class Validation Accuracy:
  Class 0: 41.57% (616/1482)
  Class 1: 91.35% (1394/1526)
  Class 2: 41.41% (627/1514)
  Class 3: 100.00% (1478/1478)
Epoch [50/100], Training Loss: 0.5703
Validation Loss: 0.5225, Validation Accuracy: 69.25%

Per-Class Validation Accuracy:
  Class 0: 11.67% (173/1482)
  Class 1: 87.48% (1335/1526)
  Class 2: 77.21% (1169/1514)
  Class 3: 100.00% (1478/1478)
Epoch [51/100], Training Loss: 0.5734
Validation Loss: 0.5346, Validation Accuracy: 68.57%

Per-Class Validation Accuracy:
  Class 0: 48.99% (726/1482)
  Class 1: 89.38% (1364/1526)
  Class 2: 36.06% (546/1514)
  Class 3: 100.00% (1478/1478)
Epoch [52/100], Training Loss: 0.5746
Validation Loss: 0.5340, Validation Accuracy: 68.92%

Per-Class Validation Accuracy:
  Class 0: 69.97% (1037/1482)
  Class 1: 82.77% (1263/1526)
  Class 2: 23.58% (357/1514)
  Class 3: 100.00% (1478/1478)
Epoch [53/100], Training Loss: 0.5664
Validation Loss: 0.5363, Validation Accuracy: 69.18%

Per-Class Validation Accuracy:
  Class 0: 16.26% (241/1482)
  Class 1: 80.34% (1226/1526)
  Class 2: 79.66% (1206/1514)
  Class 3: 100.00% (1478/1478)
Epoch [54/100], Training Loss: 0.5706
Validation Loss: 0.5515, Validation Accuracy: 68.62%

Per-Class Validation Accuracy:
  Class 0: 88.12% (1306/1482)
  Class 1: 79.36% (1211/1526)
  Class 2: 8.06% (122/1514)
  Class 3: 100.00% (1478/1478)
Epoch [55/100], Training Loss: 0.5710
Validation Loss: 0.5290, Validation Accuracy: 69.25%

Per-Class Validation Accuracy:
  Class 0: 91.57% (1357/1482)
  Class 1: 82.83% (1264/1526)
  Class 2: 3.70% (56/1514)
  Class 3: 100.00% (1478/1478)
Epoch [56/100], Training Loss: 0.5631
Validation Loss: 0.5286, Validation Accuracy: 69.13%

Per-Class Validation Accuracy:
  Class 0: 85.56% (1268/1482)
  Class 1: 86.17% (1315/1526)
  Class 2: 5.75% (87/1514)
  Class 3: 100.00% (1478/1478)
Epoch [57/100], Training Loss: 0.5426
Validation Loss: 0.5149, Validation Accuracy: 70.02%

Per-Class Validation Accuracy:
  Class 0: 0.07% (1/1482)
  Class 1: 88.73% (1354/1526)
  Class 2: 90.36% (1368/1514)
  Class 3: 100.00% (1478/1478)
Epoch [58/100], Training Loss: 0.5350
Validation Loss: 0.5499, Validation Accuracy: 68.45%

Per-Class Validation Accuracy:
  Class 0: 73.35% (1087/1482)
  Class 1: 98.56% (1504/1526)
  Class 2: 2.51% (38/1514)
  Class 3: 100.00% (1478/1478)
Epoch [59/100], Training Loss: 0.5312
Validation Loss: 0.5351, Validation Accuracy: 68.85%

Per-Class Validation Accuracy:
  Class 0: 88.33% (1309/1482)
  Class 1: 79.36% (1211/1526)
  Class 2: 8.78% (133/1514)
  Class 3: 100.00% (1478/1478)
Epoch [60/100], Training Loss: 0.5312
Validation Loss: 0.5113, Validation Accuracy: 69.55%

Per-Class Validation Accuracy:
  Class 0: 84.21% (1248/1482)
  Class 1: 94.76% (1446/1526)
  Class 2: 0.07% (1/1514)
  Class 3: 100.00% (1478/1478)
Epoch [61/100], Training Loss: 0.5253
Validation Loss: 0.5048, Validation Accuracy: 69.97%

Per-Class Validation Accuracy:
  Class 0: 3.71% (55/1482)
  Class 1: 92.99% (1419/1526)
  Class 2: 82.30% (1246/1514)
  Class 3: 100.00% (1478/1478)
Epoch [62/100], Training Loss: 0.5292
Validation Loss: 0.4989, Validation Accuracy: 69.87%

Per-Class Validation Accuracy:
  Class 0: 62.35% (924/1482)
  Class 1: 91.28% (1393/1526)
  Class 2: 26.22% (397/1514)
  Class 3: 100.00% (1478/1478)
Epoch [63/100], Training Loss: 0.5286
Validation Loss: 0.5173, Validation Accuracy: 69.15%

Per-Class Validation Accuracy:
  Class 0: 96.29% (1427/1482)
  Class 1: 81.52% (1244/1526)
  Class 2: 0.00% (0/1514)
  Class 3: 100.00% (1478/1478)
Epoch [64/100], Training Loss: 0.5329
Validation Loss: 0.4962, Validation Accuracy: 69.88%

Per-Class Validation Accuracy:
  Class 0: 44.87% (665/1482)
  Class 1: 90.89% (1387/1526)
  Class 2: 43.79% (663/1514)
  Class 3: 100.00% (1478/1478)
Epoch [65/100], Training Loss: 0.5297
Validation Loss: 0.4939, Validation Accuracy: 70.35%

Per-Class Validation Accuracy:
  Class 0: 80.70% (1196/1482)
  Class 1: 91.02% (1389/1526)
  Class 2: 10.44% (158/1514)
  Class 3: 100.00% (1478/1478)
Epoch [66/100], Training Loss: 0.5221
Validation Loss: 0.5271, Validation Accuracy: 69.15%

Per-Class Validation Accuracy:
  Class 0: 39.20% (581/1482)
  Class 1: 96.20% (1468/1526)
  Class 2: 41.08% (622/1514)
  Class 3: 100.00% (1478/1478)
Epoch [67/100], Training Loss: 0.5224
Validation Loss: 0.5346, Validation Accuracy: 69.10%

Per-Class Validation Accuracy:
  Class 0: 0.34% (5/1482)
  Class 1: 78.37% (1196/1526)
  Class 2: 96.90% (1467/1514)
  Class 3: 100.00% (1478/1478)
Epoch [68/100], Training Loss: 0.5275
Validation Loss: 0.5397, Validation Accuracy: 68.82%

Per-Class Validation Accuracy:
  Class 0: 49.66% (736/1482)
  Class 1: 98.36% (1501/1526)
  Class 2: 27.34% (414/1514)
  Class 3: 100.00% (1478/1478)
Epoch [69/100], Training Loss: 0.5257
Validation Loss: 0.5384, Validation Accuracy: 69.32%

Per-Class Validation Accuracy:
  Class 0: 79.96% (1185/1482)
  Class 1: 98.03% (1496/1526)
  Class 2: 0.00% (0/1514)
  Class 3: 100.00% (1478/1478)
Epoch [70/100], Training Loss: 0.5269
Validation Loss: 0.4982, Validation Accuracy: 69.80%

Per-Class Validation Accuracy:
  Class 0: 13.77% (204/1482)
  Class 1: 93.64% (1429/1526)
  Class 2: 71.14% (1077/1514)
  Class 3: 100.00% (1478/1478)
Epoch [71/100], Training Loss: 0.5278
Validation Loss: 0.5090, Validation Accuracy: 69.70%

Per-Class Validation Accuracy:
  Class 0: 26.32% (390/1482)
  Class 1: 95.61% (1459/1526)
  Class 2: 56.47% (855/1514)
  Class 3: 100.00% (1478/1478)
Epoch [72/100], Training Loss: 0.5064
Validation Loss: 0.4929, Validation Accuracy: 70.27%

Per-Class Validation Accuracy:
  Class 0: 16.19% (240/1482)
  Class 1: 86.70% (1323/1526)
  Class 2: 77.61% (1175/1514)
  Class 3: 100.00% (1478/1478)
Epoch [73/100], Training Loss: 0.5036
Validation Loss: 0.4909, Validation Accuracy: 70.35%

Per-Class Validation Accuracy:
  Class 0: 8.30% (123/1482)
  Class 1: 93.84% (1432/1526)
  Class 2: 78.47% (1188/1514)
  Class 3: 100.00% (1478/1478)
Epoch [74/100], Training Loss: 0.5052
Validation Loss: 0.5095, Validation Accuracy: 69.75%

Per-Class Validation Accuracy:
  Class 0: 93.93% (1392/1482)
  Class 1: 83.22% (1270/1526)
  Class 2: 2.97% (45/1514)
  Class 3: 100.00% (1478/1478)
Epoch [75/100], Training Loss: 0.5044
Validation Loss: 0.4817, Validation Accuracy: 70.90%

Per-Class Validation Accuracy:
  Class 0: 66.73% (989/1482)
  Class 1: 90.43% (1380/1526)
  Class 2: 26.88% (407/1514)
  Class 3: 100.00% (1478/1478)
Epoch [76/100], Training Loss: 0.5041
Validation Loss: 0.4936, Validation Accuracy: 70.10%

Per-Class Validation Accuracy:
  Class 0: 88.80% (1316/1482)
  Class 1: 84.99% (1297/1526)
  Class 2: 7.60% (115/1514)
  Class 3: 100.00% (1478/1478)
Epoch [77/100], Training Loss: 0.5010
Validation Loss: 0.4807, Validation Accuracy: 70.87%

Per-Class Validation Accuracy:
  Class 0: 3.24% (48/1482)
  Class 1: 89.78% (1370/1526)
  Class 2: 89.56% (1356/1514)
  Class 3: 100.00% (1478/1478)
Epoch [78/100], Training Loss: 0.5040
Validation Loss: 0.4828, Validation Accuracy: 70.45%

Per-Class Validation Accuracy:
  Class 0: 32.86% (487/1482)
  Class 1: 91.42% (1395/1526)
  Class 2: 57.27% (867/1514)
  Class 3: 100.00% (1478/1478)
Epoch [79/100], Training Loss: 0.5049
Validation Loss: 0.5038, Validation Accuracy: 69.68%

Per-Class Validation Accuracy:
  Class 0: 80.70% (1196/1482)
  Class 1: 95.87% (1463/1526)
  Class 2: 2.91% (44/1514)
  Class 3: 100.00% (1478/1478)
Epoch [80/100], Training Loss: 0.5035
Validation Loss: 0.5089, Validation Accuracy: 69.88%

Per-Class Validation Accuracy:
  Class 0: 88.26% (1308/1482)
  Class 1: 82.04% (1252/1526)
  Class 2: 10.24% (155/1514)
  Class 3: 100.00% (1478/1478)
Epoch [81/100], Training Loss: 0.5005
Validation Loss: 0.4988, Validation Accuracy: 69.82%

Per-Class Validation Accuracy:
  Class 0: 83.74% (1241/1482)
  Class 1: 95.48% (1457/1526)
  Class 2: 0.86% (13/1514)
  Class 3: 100.00% (1478/1478)
Epoch [82/100], Training Loss: 0.5013
Validation Loss: 0.4809, Validation Accuracy: 70.58%

Per-Class Validation Accuracy:
  Class 0: 84.75% (1256/1482)
  Class 1: 90.63% (1383/1526)
  Class 2: 7.79% (118/1514)
  Class 3: 100.00% (1478/1478)
Epoch [83/100], Training Loss: 0.5018
Validation Loss: 0.5049, Validation Accuracy: 70.02%

Per-Class Validation Accuracy:
  Class 0: 45.95% (681/1482)
  Class 1: 82.11% (1253/1526)
  Class 2: 52.11% (789/1514)
  Class 3: 100.00% (1478/1478)
Epoch [84/100], Training Loss: 0.4896
Validation Loss: 0.4824, Validation Accuracy: 70.13%

Per-Class Validation Accuracy:
  Class 0: 52.63% (780/1482)
  Class 1: 94.10% (1436/1526)
  Class 2: 33.95% (514/1514)
  Class 3: 100.00% (1478/1478)
Epoch [85/100], Training Loss: 0.4907
Validation Loss: 0.4793, Validation Accuracy: 70.92%

Per-Class Validation Accuracy:
  Class 0: 81.38% (1206/1482)
  Class 1: 88.73% (1354/1526)
  Class 2: 14.33% (217/1514)
  Class 3: 100.00% (1478/1478)
Epoch [86/100], Training Loss: 0.4906
Validation Loss: 0.4810, Validation Accuracy: 70.55%

Per-Class Validation Accuracy:
  Class 0: 70.24% (1041/1482)
  Class 1: 94.04% (1435/1526)
  Class 2: 18.43% (279/1514)
  Class 3: 100.00% (1478/1478)
Epoch [87/100], Training Loss: 0.4886
Validation Loss: 0.4770, Validation Accuracy: 70.68%

Per-Class Validation Accuracy:
  Class 0: 18.89% (280/1482)
  Class 1: 91.15% (1391/1526)
  Class 2: 72.13% (1092/1514)
  Class 3: 100.00% (1478/1478)
Epoch [88/100], Training Loss: 0.4921
Validation Loss: 0.4851, Validation Accuracy: 70.07%

Per-Class Validation Accuracy:
  Class 0: 72.20% (1070/1482)
  Class 1: 85.06% (1298/1526)
  Class 2: 23.65% (358/1514)
  Class 3: 100.00% (1478/1478)
Epoch [89/100], Training Loss: 0.4864
Validation Loss: 0.4786, Validation Accuracy: 70.45%

Per-Class Validation Accuracy:
  Class 0: 39.81% (590/1482)
  Class 1: 87.61% (1337/1526)
  Class 2: 54.29% (822/1514)
  Class 3: 100.00% (1478/1478)
Epoch [90/100], Training Loss: 0.4906
Validation Loss: 0.4753, Validation Accuracy: 70.20%

Per-Class Validation Accuracy:
  Class 0: 53.64% (795/1482)
  Class 1: 91.61% (1398/1526)
  Class 2: 35.73% (541/1514)
  Class 3: 100.00% (1478/1478)
Epoch [91/100], Training Loss: 0.4891
Validation Loss: 0.4780, Validation Accuracy: 70.32%

Per-Class Validation Accuracy:
  Class 0: 17.75% (263/1482)
  Class 1: 87.35% (1333/1526)
  Class 2: 75.63% (1145/1514)
  Class 3: 100.00% (1478/1478)
Epoch [92/100], Training Loss: 0.4873
Validation Loss: 0.4821, Validation Accuracy: 70.43%

Per-Class Validation Accuracy:
  Class 0: 62.96% (933/1482)
  Class 1: 94.50% (1442/1526)
  Class 2: 24.64% (373/1514)
  Class 3: 100.00% (1478/1478)
Epoch [93/100], Training Loss: 0.4886
Validation Loss: 0.4785, Validation Accuracy: 70.37%

Per-Class Validation Accuracy:
  Class 0: 78.68% (1166/1482)
  Class 1: 89.78% (1370/1526)
  Class 2: 13.74% (208/1514)
  Class 3: 100.00% (1478/1478)
Epoch [94/100], Training Loss: 0.4879
Validation Loss: 0.4767, Validation Accuracy: 70.52%

Per-Class Validation Accuracy:
  Class 0: 62.08% (920/1482)
  Class 1: 93.38% (1425/1526)
  Class 2: 26.95% (408/1514)
  Class 3: 100.00% (1478/1478)
Epoch [95/100], Training Loss: 0.4877
Validation Loss: 0.4791, Validation Accuracy: 70.73%

Per-Class Validation Accuracy:
  Class 0: 57.22% (848/1482)
  Class 1: 86.83% (1325/1526)
  Class 2: 39.17% (593/1514)
  Class 3: 100.00% (1478/1478)
Epoch [96/100], Training Loss: 0.4883
Validation Loss: 0.4846, Validation Accuracy: 70.22%

Per-Class Validation Accuracy:
  Class 0: 3.91% (58/1482)
  Class 1: 93.58% (1428/1526)
  Class 2: 82.50% (1249/1514)
  Class 3: 100.00% (1478/1478)
Epoch [97/100], Training Loss: 0.4806
Validation Loss: 0.4778, Validation Accuracy: 70.57%

Per-Class Validation Accuracy:
  Class 0: 84.75% (1256/1482)
  Class 1: 93.71% (1430/1526)
  Class 2: 4.62% (70/1514)
  Class 3: 100.00% (1478/1478)
Epoch [98/100], Training Loss: 0.4818
Validation Loss: 0.4881, Validation Accuracy: 70.25%

Per-Class Validation Accuracy:
  Class 0: 24.76% (367/1482)
  Class 1: 84.73% (1293/1526)
  Class 2: 71.14% (1077/1514)
  Class 3: 100.00% (1478/1478)
Epoch [99/100], Training Loss: 0.4816
Validation Loss: 0.4737, Validation Accuracy: 70.83%

Per-Class Validation Accuracy:
  Class 0: 50.34% (746/1482)
  Class 1: 89.06% (1359/1526)
  Class 2: 44.06% (667/1514)
  Class 3: 100.00% (1478/1478)
Epoch [100/100], Training Loss: 0.4815
Validation Loss: 0.4784, Validation Accuracy: 70.38%

Per-Class Validation Accuracy:
  Class 0: 61.61% (913/1482)
  Class 1: 92.20% (1407/1526)
  Class 2: 28.07% (425/1514)
  Class 3: 100.00% (1478/1478)

        Elapsed time is 1600.5352 seconds.

        Elapsed time is 1600.5354 seconds.

==========================================================================================
Total parameters: 6682
Total memory (bytes): 53456
Total memory (MB): 0.0509796142578125
==========================================================================================
Validation Loss: 0.4784, Validation Accuracy: 70.38%

Per-Class Validation Accuracy:
  No Thrust: 61.61% (913/1482)
  Chemical: 92.20% (1407/1526)
  Electric: 28.07% (425/1514)
  Impulsive: 100.00% (1478/1478)