GPU is available

Entering LSTM Training Loop
Epoch [1/100], Training Loss: 0.8489
Validation Loss: 0.8214, Validation Accuracy: 49.23%

Per-Class Validation Accuracy:
  Class 0: 100.00% (1510/1510)
  Class 1: 0.00% (0/1523)
  Class 2: 0.00% (0/1523)
  Class 3: 100.00% (1444/1444)
Epoch [2/100], Training Loss: 0.7760
Validation Loss: 0.8063, Validation Accuracy: 74.83%

Per-Class Validation Accuracy:
  Class 0: 0.00% (0/1510)
  Class 1: 100.00% (1523/1523)
  Class 2: 100.00% (1523/1523)
  Class 3: 100.00% (1444/1444)
Epoch [3/100], Training Loss: 0.7298
Validation Loss: 0.8196, Validation Accuracy: 74.83%

Per-Class Validation Accuracy:
  Class 0: 0.00% (0/1510)
  Class 1: 100.00% (1523/1523)
  Class 2: 100.00% (1523/1523)
  Class 3: 100.00% (1444/1444)
Epoch [4/100], Training Loss: 0.7957
Validation Loss: 0.6923, Validation Accuracy: 74.83%

Per-Class Validation Accuracy:
  Class 0: 0.00% (0/1510)
  Class 1: 100.00% (1523/1523)
  Class 2: 100.00% (1523/1523)
  Class 3: 100.00% (1444/1444)
Epoch [5/100], Training Loss: 0.8006
Validation Loss: 0.6945, Validation Accuracy: 52.80%

Per-Class Validation Accuracy:
  Class 0: 0.00% (0/1510)
  Class 1: 100.00% (1523/1523)
  Class 2: 13.20% (201/1523)
  Class 3: 100.00% (1444/1444)
Epoch [6/100], Training Loss: 0.6763
Validation Loss: 0.4639, Validation Accuracy: 74.27%

Per-Class Validation Accuracy:
  Class 0: 0.00% (0/1510)
  Class 1: 97.77% (1489/1523)
  Class 2: 100.00% (1523/1523)
  Class 3: 100.00% (1444/1444)
Epoch [7/100], Training Loss: 0.6227
Validation Loss: 0.3841, Validation Accuracy: 74.70%

Per-Class Validation Accuracy:
  Class 0: 11.26% (170/1510)
  Class 1: 100.00% (1523/1523)
  Class 2: 88.31% (1345/1523)
  Class 3: 100.00% (1444/1444)
Epoch [8/100], Training Loss: 0.5354
Validation Loss: 0.8267, Validation Accuracy: 49.23%

Per-Class Validation Accuracy:
  Class 0: 100.00% (1510/1510)
  Class 1: 0.00% (0/1523)
  Class 2: 0.00% (0/1523)
  Class 3: 100.00% (1444/1444)
Epoch [9/100], Training Loss: 0.8052
Validation Loss: 0.8115, Validation Accuracy: 71.50%

Per-Class Validation Accuracy:
  Class 0: 0.00% (0/1510)
  Class 1: 86.87% (1323/1523)
  Class 2: 100.00% (1523/1523)
  Class 3: 100.00% (1444/1444)
Epoch [10/100], Training Loss: 0.7720
Validation Loss: 0.8303, Validation Accuracy: 49.45%

Per-Class Validation Accuracy:
  Class 0: 0.00% (0/1510)
  Class 1: 0.00% (0/1523)
  Class 2: 100.00% (1523/1523)
  Class 3: 100.00% (1444/1444)
Epoch [11/100], Training Loss: 0.8016
Validation Loss: 0.8269, Validation Accuracy: 49.45%

Per-Class Validation Accuracy:
  Class 0: 0.00% (0/1510)
  Class 1: 0.00% (0/1523)
  Class 2: 100.00% (1523/1523)
  Class 3: 100.00% (1444/1444)
Epoch [12/100], Training Loss: 0.7237
Validation Loss: 0.5250, Validation Accuracy: 68.15%

Per-Class Validation Accuracy:
  Class 0: 0.00% (0/1510)
  Class 1: 100.00% (1523/1523)
  Class 2: 73.67% (1122/1523)
  Class 3: 100.00% (1444/1444)
Epoch [13/100], Training Loss: 0.4725
Validation Loss: 0.3652, Validation Accuracy: 74.83%

Per-Class Validation Accuracy:
  Class 0: 0.00% (0/1510)
  Class 1: 100.00% (1523/1523)
  Class 2: 100.00% (1523/1523)
  Class 3: 100.00% (1444/1444)
Epoch [14/100], Training Loss: 0.7372
Validation Loss: 0.6492, Validation Accuracy: 67.70%

Per-Class Validation Accuracy:
  Class 0: 0.00% (0/1510)
  Class 1: 100.00% (1523/1523)
  Class 2: 71.90% (1095/1523)
  Class 3: 100.00% (1444/1444)
Epoch [15/100], Training Loss: 0.6268
Validation Loss: 0.7780, Validation Accuracy: 55.67%

Per-Class Validation Accuracy:
  Class 0: 0.00% (0/1510)
  Class 1: 100.00% (1523/1523)
  Class 2: 24.49% (373/1523)
  Class 3: 100.00% (1444/1444)
Epoch [16/100], Training Loss: 0.6882
Validation Loss: 1.1274, Validation Accuracy: 49.23%

Per-Class Validation Accuracy:
  Class 0: 100.00% (1510/1510)
  Class 1: 0.00% (0/1523)
  Class 2: 0.00% (0/1523)
  Class 3: 100.00% (1444/1444)
Epoch [17/100], Training Loss: 0.5951
Validation Loss: 0.3900, Validation Accuracy: 74.83%

Per-Class Validation Accuracy:
  Class 0: 0.00% (0/1510)
  Class 1: 100.00% (1523/1523)
  Class 2: 100.00% (1523/1523)
  Class 3: 100.00% (1444/1444)
Epoch [18/100], Training Loss: 0.7213
Validation Loss: 0.8945, Validation Accuracy: 49.85%

Per-Class Validation Accuracy:
  Class 0: 57.22% (864/1510)
  Class 1: 0.00% (0/1523)
  Class 2: 44.85% (683/1523)
  Class 3: 100.00% (1444/1444)
Epoch [19/100], Training Loss: 0.7356
Validation Loss: 0.9367, Validation Accuracy: 49.23%

Per-Class Validation Accuracy:
  Class 0: 100.00% (1510/1510)
  Class 1: 0.00% (0/1523)
  Class 2: 0.00% (0/1523)
  Class 3: 100.00% (1444/1444)
Epoch [20/100], Training Loss: 0.6119
Validation Loss: 0.3643, Validation Accuracy: 74.62%

Per-Class Validation Accuracy:
  Class 0: 100.00% (1510/1510)
  Class 1: 100.00% (1523/1523)
  Class 2: 0.00% (0/1523)
  Class 3: 100.00% (1444/1444)
Epoch [21/100], Training Loss: 0.3976
Validation Loss: 1.8360, Validation Accuracy: 49.23%

Per-Class Validation Accuracy:
  Class 0: 100.00% (1510/1510)
  Class 1: 0.00% (0/1523)
  Class 2: 0.00% (0/1523)
  Class 3: 100.00% (1444/1444)
Epoch [22/100], Training Loss: 0.5340
Validation Loss: 0.4203, Validation Accuracy: 74.22%

Per-Class Validation Accuracy:
  Class 0: 0.00% (0/1510)
  Class 1: 100.00% (1523/1523)
  Class 2: 97.57% (1486/1523)
  Class 3: 100.00% (1444/1444)
Epoch [23/100], Training Loss: 0.5255
Validation Loss: 0.3737, Validation Accuracy: 74.83%

Per-Class Validation Accuracy:
  Class 0: 0.00% (0/1510)
  Class 1: 100.00% (1523/1523)
  Class 2: 100.00% (1523/1523)
  Class 3: 100.00% (1444/1444)
Epoch [24/100], Training Loss: 0.5229
Validation Loss: 0.3640, Validation Accuracy: 74.62%

Per-Class Validation Accuracy:
  Class 0: 100.00% (1510/1510)
  Class 1: 100.00% (1523/1523)
  Class 2: 0.00% (0/1523)
  Class 3: 100.00% (1444/1444)
Epoch [25/100], Training Loss: 0.4791
Validation Loss: 0.3576, Validation Accuracy: 74.83%

Per-Class Validation Accuracy:
  Class 0: 0.00% (0/1510)
  Class 1: 100.00% (1523/1523)
  Class 2: 100.00% (1523/1523)
  Class 3: 100.00% (1444/1444)
Epoch [26/100], Training Loss: 0.3902
Validation Loss: 0.3769, Validation Accuracy: 74.62%

Per-Class Validation Accuracy:
  Class 0: 100.00% (1510/1510)
  Class 1: 100.00% (1523/1523)
  Class 2: 0.00% (0/1523)
  Class 3: 100.00% (1444/1444)
Epoch [27/100], Training Loss: 0.4434
Validation Loss: 0.3955, Validation Accuracy: 74.83%

Per-Class Validation Accuracy:
  Class 0: 0.00% (0/1510)
  Class 1: 100.00% (1523/1523)
  Class 2: 100.00% (1523/1523)
  Class 3: 100.00% (1444/1444)
Epoch [28/100], Training Loss: 0.4528
Validation Loss: 0.8352, Validation Accuracy: 49.45%

Per-Class Validation Accuracy:
  Class 0: 0.00% (0/1510)
  Class 1: 0.00% (0/1523)
  Class 2: 100.00% (1523/1523)
  Class 3: 100.00% (1444/1444)
Epoch [29/100], Training Loss: 0.7802
Validation Loss: 0.8095, Validation Accuracy: 49.45%

Per-Class Validation Accuracy:
  Class 0: 0.00% (0/1510)
  Class 1: 100.00% (1523/1523)
  Class 2: 0.00% (0/1523)
  Class 3: 100.00% (1444/1444)
Epoch [30/100], Training Loss: 0.6546
Validation Loss: 0.8060, Validation Accuracy: 74.62%

Per-Class Validation Accuracy:
  Class 0: 100.00% (1510/1510)
  Class 1: 100.00% (1523/1523)
  Class 2: 0.00% (0/1523)
  Class 3: 100.00% (1444/1444)
Epoch [31/100], Training Loss: 0.5263
Validation Loss: 0.3640, Validation Accuracy: 74.83%

Per-Class Validation Accuracy:
  Class 0: 0.00% (0/1510)
  Class 1: 100.00% (1523/1523)
  Class 2: 100.00% (1523/1523)
  Class 3: 100.00% (1444/1444)
Epoch [32/100], Training Loss: 0.3519
Validation Loss: 0.3543, Validation Accuracy: 75.10%

Per-Class Validation Accuracy:
  Class 0: 47.75% (721/1510)
  Class 1: 100.00% (1523/1523)
  Class 2: 53.71% (818/1523)
  Class 3: 100.00% (1444/1444)
Epoch [33/100], Training Loss: 0.3653
Validation Loss: 0.3545, Validation Accuracy: 74.83%

Per-Class Validation Accuracy:
  Class 0: 0.00% (0/1510)
  Class 1: 100.00% (1523/1523)
  Class 2: 100.00% (1523/1523)
  Class 3: 100.00% (1444/1444)
Epoch [34/100], Training Loss: 0.3472
Validation Loss: 0.3522, Validation Accuracy: 74.83%

Per-Class Validation Accuracy:
  Class 0: 0.00% (0/1510)
  Class 1: 100.00% (1523/1523)
  Class 2: 100.00% (1523/1523)
  Class 3: 100.00% (1444/1444)
Epoch [35/100], Training Loss: 0.4386
Validation Loss: 0.3544, Validation Accuracy: 75.65%

Per-Class Validation Accuracy:
  Class 0: 3.77% (57/1510)
  Class 1: 100.00% (1523/1523)
  Class 2: 99.47% (1515/1523)
  Class 3: 100.00% (1444/1444)
Epoch [36/100], Training Loss: 0.5058
Validation Loss: 0.4214, Validation Accuracy: 74.83%

Per-Class Validation Accuracy:
  Class 0: 0.00% (0/1510)
  Class 1: 100.00% (1523/1523)
  Class 2: 100.00% (1523/1523)
  Class 3: 100.00% (1444/1444)
Epoch [37/100], Training Loss: 0.4441
Validation Loss: 0.3608, Validation Accuracy: 74.83%

Per-Class Validation Accuracy:
  Class 0: 0.00% (0/1510)
  Class 1: 100.00% (1523/1523)
  Class 2: 100.00% (1523/1523)
  Class 3: 100.00% (1444/1444)
Epoch [38/100], Training Loss: 0.3500
Validation Loss: 0.3526, Validation Accuracy: 75.02%

Per-Class Validation Accuracy:
  Class 0: 52.52% (793/1510)
  Class 1: 100.00% (1523/1523)
  Class 2: 48.65% (741/1523)
  Class 3: 100.00% (1444/1444)
Epoch [39/100], Training Loss: 0.5165
Validation Loss: 1.0152, Validation Accuracy: 49.45%

Per-Class Validation Accuracy:
  Class 0: 0.00% (0/1510)
  Class 1: 0.00% (0/1523)
  Class 2: 100.00% (1523/1523)
  Class 3: 100.00% (1444/1444)
Epoch [40/100], Training Loss: 0.4097
Validation Loss: 0.3549, Validation Accuracy: 74.72%

Per-Class Validation Accuracy:
  Class 0: 84.37% (1274/1510)
  Class 1: 100.00% (1523/1523)
  Class 2: 15.89% (242/1523)
  Class 3: 100.00% (1444/1444)
Epoch [41/100], Training Loss: 0.3559
Validation Loss: 0.3537, Validation Accuracy: 74.82%

Per-Class Validation Accuracy:
  Class 0: 71.13% (1074/1510)
  Class 1: 100.00% (1523/1523)
  Class 2: 29.42% (448/1523)
  Class 3: 100.00% (1444/1444)
Epoch [42/100], Training Loss: 0.3474
Validation Loss: 0.3520, Validation Accuracy: 75.02%

Per-Class Validation Accuracy:
  Class 0: 42.52% (642/1510)
  Class 1: 100.00% (1523/1523)
  Class 2: 58.57% (892/1523)
  Class 3: 100.00% (1444/1444)
Epoch [43/100], Training Loss: 0.3508
Validation Loss: 0.3523, Validation Accuracy: 75.30%

Per-Class Validation Accuracy:
  Class 0: 58.15% (878/1510)
  Class 1: 100.00% (1523/1523)
  Class 2: 44.19% (673/1523)
  Class 3: 100.00% (1444/1444)
Epoch [44/100], Training Loss: 0.3459
Validation Loss: 0.3511, Validation Accuracy: 75.22%

Per-Class Validation Accuracy:
  Class 0: 59.21% (894/1510)
  Class 1: 100.00% (1523/1523)
  Class 2: 42.81% (652/1523)
  Class 3: 100.00% (1444/1444)
Epoch [45/100], Training Loss: 0.3449
Validation Loss: 0.3506, Validation Accuracy: 75.18%

Per-Class Validation Accuracy:
  Class 0: 28.21% (426/1510)
  Class 1: 100.00% (1523/1523)
  Class 2: 73.41% (1118/1523)
  Class 3: 100.00% (1444/1444)
Epoch [46/100], Training Loss: 0.5488
Validation Loss: 0.3518, Validation Accuracy: 74.83%

Per-Class Validation Accuracy:
  Class 0: 0.00% (0/1510)
  Class 1: 100.00% (1523/1523)
  Class 2: 100.00% (1523/1523)
  Class 3: 100.00% (1444/1444)
Epoch [47/100], Training Loss: 0.3456
Validation Loss: 0.3516, Validation Accuracy: 74.83%

Per-Class Validation Accuracy:
  Class 0: 0.00% (0/1510)
  Class 1: 100.00% (1523/1523)
  Class 2: 100.00% (1523/1523)
  Class 3: 100.00% (1444/1444)
Epoch [48/100], Training Loss: 0.3618
Validation Loss: 0.3516, Validation Accuracy: 75.20%

Per-Class Validation Accuracy:
  Class 0: 23.58% (356/1510)
  Class 1: 100.00% (1523/1523)
  Class 2: 78.07% (1189/1523)
  Class 3: 100.00% (1444/1444)
Epoch [49/100], Training Loss: 0.3455
Validation Loss: 0.3510, Validation Accuracy: 75.33%

Per-Class Validation Accuracy:
  Class 0: 1.99% (30/1510)
  Class 1: 100.00% (1523/1523)
  Class 2: 100.00% (1523/1523)
  Class 3: 100.00% (1444/1444)
Epoch [50/100], Training Loss: 0.3451
Validation Loss: 0.3509, Validation Accuracy: 74.62%

Per-Class Validation Accuracy:
  Class 0: 100.00% (1510/1510)
  Class 1: 100.00% (1523/1523)
  Class 2: 0.00% (0/1523)
  Class 3: 100.00% (1444/1444)
Epoch [51/100], Training Loss: 0.4443
Validation Loss: 0.3521, Validation Accuracy: 74.83%

Per-Class Validation Accuracy:
  Class 0: 0.00% (0/1510)
  Class 1: 100.00% (1523/1523)
  Class 2: 100.00% (1523/1523)
  Class 3: 100.00% (1444/1444)
Epoch [52/100], Training Loss: 0.3460
Validation Loss: 0.3516, Validation Accuracy: 74.83%

Per-Class Validation Accuracy:
  Class 0: 0.00% (0/1510)
  Class 1: 100.00% (1523/1523)
  Class 2: 100.00% (1523/1523)
  Class 3: 100.00% (1444/1444)
Epoch [53/100], Training Loss: 0.3456
Validation Loss: 0.3512, Validation Accuracy: 74.83%

Per-Class Validation Accuracy:
  Class 0: 0.00% (0/1510)
  Class 1: 100.00% (1523/1523)
  Class 2: 100.00% (1523/1523)
  Class 3: 100.00% (1444/1444)
Epoch [54/100], Training Loss: 0.3466
Validation Loss: 0.3512, Validation Accuracy: 74.82%

Per-Class Validation Accuracy:
  Class 0: 88.68% (1339/1510)
  Class 1: 100.00% (1523/1523)
  Class 2: 12.02% (183/1523)
  Class 3: 100.00% (1444/1444)
Epoch [55/100], Training Loss: 0.3452
Validation Loss: 0.3509, Validation Accuracy: 75.00%

Per-Class Validation Accuracy:
  Class 0: 96.75% (1461/1510)
  Class 1: 100.00% (1523/1523)
  Class 2: 4.73% (72/1523)
  Class 3: 100.00% (1444/1444)
Early stopping triggered.

	Elapsed time is 566.0909 seconds.

==========================================================================================
Total parameters: 9988
Total memory (bytes): 79904
Total memory (MB): 0.076202392578125
==========================================================================================
Validation Loss: 0.3509, Validation Accuracy: 75.00%

Per-Class Validation Accuracy:
  No Thrust: 96.75% (1461/1510)
  Chemical: 100.00% (1523/1523)
  Electric: 4.73% (72/1523)
  Impulsive: 100.00% (1444/1444)

Entering Mamba Training Loop
Epoch [1/100], Training Loss: 1.3867
Validation Loss: 1.3864, Validation Accuracy: 25.38%

Per-Class Validation Accuracy:
  Class 0: 0.00% (0/1510)
  Class 1: 0.00% (0/1523)
  Class 2: 100.00% (1523/1523)
  Class 3: 0.00% (0/1444)
Epoch [2/100], Training Loss: 1.3866
Validation Loss: 1.3868, Validation Accuracy: 24.07%

Per-Class Validation Accuracy:
  Class 0: 0.00% (0/1510)
  Class 1: 0.00% (0/1523)
  Class 2: 0.00% (0/1523)
  Class 3: 100.00% (1444/1444)
Epoch [3/100], Training Loss: 1.3865
Validation Loss: 1.3869, Validation Accuracy: 24.07%

Per-Class Validation Accuracy:
  Class 0: 0.00% (0/1510)
  Class 1: 0.00% (0/1523)
  Class 2: 0.00% (0/1523)
  Class 3: 100.00% (1444/1444)
Epoch [4/100], Training Loss: 1.3866
Validation Loss: 1.3865, Validation Accuracy: 24.07%

Per-Class Validation Accuracy:
  Class 0: 0.00% (0/1510)
  Class 1: 0.00% (0/1523)
  Class 2: 0.00% (0/1523)
  Class 3: 100.00% (1444/1444)
Epoch [5/100], Training Loss: 1.3865
Validation Loss: 1.3863, Validation Accuracy: 25.38%

Per-Class Validation Accuracy:
  Class 0: 0.00% (0/1510)
  Class 1: 100.00% (1523/1523)
  Class 2: 0.00% (0/1523)
  Class 3: 0.00% (0/1444)
Epoch [6/100], Training Loss: 1.3865
Validation Loss: 1.3863, Validation Accuracy: 24.07%

Per-Class Validation Accuracy:
  Class 0: 0.00% (0/1510)
  Class 1: 0.00% (0/1523)
  Class 2: 0.00% (0/1523)
  Class 3: 100.00% (1444/1444)
Epoch [7/100], Training Loss: 1.3865
Validation Loss: 1.3862, Validation Accuracy: 25.38%

Per-Class Validation Accuracy:
  Class 0: 0.00% (0/1510)
  Class 1: 100.00% (1523/1523)
  Class 2: 0.00% (0/1523)
  Class 3: 0.00% (0/1444)
Epoch [8/100], Training Loss: 1.3865
Validation Loss: 1.3864, Validation Accuracy: 25.38%

Per-Class Validation Accuracy:
  Class 0: 0.00% (0/1510)
  Class 1: 100.00% (1523/1523)
  Class 2: 0.00% (0/1523)
  Class 3: 0.00% (0/1444)
Epoch [9/100], Training Loss: 1.3865
Validation Loss: 1.3864, Validation Accuracy: 25.38%

Per-Class Validation Accuracy:
  Class 0: 0.00% (0/1510)
  Class 1: 0.00% (0/1523)
  Class 2: 100.00% (1523/1523)
  Class 3: 0.00% (0/1444)
Epoch [10/100], Training Loss: 1.3865
Validation Loss: 1.3866, Validation Accuracy: 24.07%

Per-Class Validation Accuracy:
  Class 0: 0.00% (0/1510)
  Class 1: 0.00% (0/1523)
  Class 2: 0.00% (0/1523)
  Class 3: 100.00% (1444/1444)
Epoch [11/100], Training Loss: 1.3865
Validation Loss: 1.3865, Validation Accuracy: 24.07%

Per-Class Validation Accuracy:
  Class 0: 0.00% (0/1510)
  Class 1: 0.00% (0/1523)
  Class 2: 0.00% (0/1523)
  Class 3: 100.00% (1444/1444)
Epoch [12/100], Training Loss: 1.3864
Validation Loss: 1.3868, Validation Accuracy: 24.07%

Per-Class Validation Accuracy:
  Class 0: 0.00% (0/1510)
  Class 1: 0.00% (0/1523)
  Class 2: 0.00% (0/1523)
  Class 3: 100.00% (1444/1444)
Epoch [13/100], Training Loss: 1.3865
Validation Loss: 1.3866, Validation Accuracy: 24.07%

Per-Class Validation Accuracy:
  Class 0: 0.00% (0/1510)
  Class 1: 0.00% (0/1523)
  Class 2: 0.00% (0/1523)
  Class 3: 100.00% (1444/1444)
Epoch [14/100], Training Loss: 1.3864
Validation Loss: 1.3865, Validation Accuracy: 24.07%

Per-Class Validation Accuracy:
  Class 0: 0.00% (0/1510)
  Class 1: 0.00% (0/1523)
  Class 2: 0.00% (0/1523)
  Class 3: 100.00% (1444/1444)
Epoch [15/100], Training Loss: 1.3864
Validation Loss: 1.3863, Validation Accuracy: 25.17%

Per-Class Validation Accuracy:
  Class 0: 100.00% (1510/1510)
  Class 1: 0.00% (0/1523)
  Class 2: 0.00% (0/1523)
  Class 3: 0.00% (0/1444)
Epoch [16/100], Training Loss: 1.3864
Validation Loss: 1.3864, Validation Accuracy: 24.07%

Per-Class Validation Accuracy:
  Class 0: 0.00% (0/1510)
  Class 1: 0.00% (0/1523)
  Class 2: 0.00% (0/1523)
  Class 3: 100.00% (1444/1444)
Epoch [17/100], Training Loss: 1.3864
Validation Loss: 1.3864, Validation Accuracy: 24.07%

Per-Class Validation Accuracy:
  Class 0: 0.00% (0/1510)
  Class 1: 0.00% (0/1523)
  Class 2: 0.00% (0/1523)
  Class 3: 100.00% (1444/1444)
Early stopping triggered.

	Elapsed time is 240.6807 seconds.

==========================================================================================
Total parameters: 5957
Total memory (bytes): 47656
Total memory (MB): 0.04544830322265625
==========================================================================================
Validation Loss: 1.3864, Validation Accuracy: 24.07%

Per-Class Validation Accuracy:
  No Thrust: 0.00% (0/1510)
  Chemical: 0.00% (0/1523)
  Electric: 0.00% (0/1523)
  Impulsive: 100.00% (1444/1444)
