GPU is available

Entering LSTM Training Loop
Epoch [1/100], Training Loss: 1.2913
Validation Loss: 1.1250, Validation Accuracy: 56.28%

Per-Class Validation Accuracy:
  Class 0: 73.82% (1142/1547)
  Class 1: 78.96% (1186/1502)
  Class 2: 0.00% (0/1482)
  Class 3: 71.41% (1049/1469)
Epoch [2/100], Training Loss: 1.1132
Validation Loss: 1.0729, Validation Accuracy: 41.58%

Per-Class Validation Accuracy:
  Class 0: 0.00% (0/1547)
  Class 1: 0.07% (1/1502)
  Class 2: 100.00% (1482/1482)
  Class 3: 68.89% (1012/1469)
Epoch [3/100], Training Loss: 1.0278
Validation Loss: 1.0575, Validation Accuracy: 42.12%

Per-Class Validation Accuracy:
  Class 0: 0.00% (0/1547)
  Class 1: 4.06% (61/1502)
  Class 2: 100.00% (1482/1482)
  Class 3: 66.98% (984/1469)
Epoch [4/100], Training Loss: 0.9497
Validation Loss: 0.9904, Validation Accuracy: 50.17%

Per-Class Validation Accuracy:
  Class 0: 26.63% (412/1547)
  Class 1: 100.00% (1502/1502)
  Class 2: 0.00% (0/1482)
  Class 3: 74.61% (1096/1469)
Epoch [5/100], Training Loss: 0.9361
Validation Loss: 1.0459, Validation Accuracy: 42.47%

Per-Class Validation Accuracy:
  Class 0: 100.00% (1547/1547)
  Class 1: 0.00% (0/1502)
  Class 2: 0.00% (0/1482)
  Class 3: 68.14% (1001/1469)
Epoch [6/100], Training Loss: 0.9003
Validation Loss: 0.8978, Validation Accuracy: 59.53%

Per-Class Validation Accuracy:
  Class 0: 65.42% (1012/1547)
  Class 1: 100.00% (1502/1502)
  Class 2: 0.00% (0/1482)
  Class 3: 72.02% (1058/1469)
Epoch [7/100], Training Loss: 0.8909
Validation Loss: 0.8830, Validation Accuracy: 57.03%

Per-Class Validation Accuracy:
  Class 0: 0.00% (0/1547)
  Class 1: 77.90% (1170/1502)
  Class 2: 80.30% (1190/1482)
  Class 3: 72.29% (1062/1469)
Epoch [8/100], Training Loss: 0.8543
Validation Loss: 0.7913, Validation Accuracy: 60.70%

Per-Class Validation Accuracy:
  Class 0: 6.40% (99/1547)
  Class 1: 100.00% (1502/1502)
  Class 2: 67.14% (995/1482)
  Class 3: 71.20% (1046/1469)
Epoch [9/100], Training Loss: 0.8698
Validation Loss: 0.9550, Validation Accuracy: 50.58%

Per-Class Validation Accuracy:
  Class 0: 100.00% (1547/1547)
  Class 1: 30.96% (465/1502)
  Class 2: 0.00% (0/1482)
  Class 3: 69.64% (1023/1469)
Epoch [10/100], Training Loss: 0.8215
Validation Loss: 0.8019, Validation Accuracy: 60.63%

Per-Class Validation Accuracy:
  Class 0: 0.00% (0/1547)
  Class 1: 96.60% (1451/1502)
  Class 2: 75.10% (1113/1482)
  Class 3: 73.11% (1074/1469)
Epoch [11/100], Training Loss: 0.8078
Validation Loss: 0.6830, Validation Accuracy: 65.43%

Per-Class Validation Accuracy:
  Class 0: 85.78% (1327/1547)
  Class 1: 99.80% (1499/1502)
  Class 2: 0.00% (0/1482)
  Class 3: 74.88% (1100/1469)
Epoch [12/100], Training Loss: 0.7532
Validation Loss: 0.7084, Validation Accuracy: 62.10%

Per-Class Validation Accuracy:
  Class 0: 0.00% (0/1547)
  Class 1: 100.00% (1502/1502)
  Class 2: 76.79% (1138/1482)
  Class 3: 73.93% (1086/1469)
Epoch [13/100], Training Loss: 1.1316
Validation Loss: 1.1307, Validation Accuracy: 49.23%

Per-Class Validation Accuracy:
  Class 0: 0.00% (0/1547)
  Class 1: 100.00% (1502/1502)
  Class 2: 29.22% (433/1482)
  Class 3: 69.37% (1019/1469)
Epoch [14/100], Training Loss: 1.1478
Validation Loss: 1.0136, Validation Accuracy: 49.18%

Per-Class Validation Accuracy:
  Class 0: 0.00% (0/1547)
  Class 1: 100.00% (1502/1502)
  Class 2: 24.70% (366/1482)
  Class 3: 73.72% (1083/1469)
Epoch [15/100], Training Loss: 0.9956
Validation Loss: 0.9948, Validation Accuracy: 66.02%

Per-Class Validation Accuracy:
  Class 0: 0.00% (0/1547)
  Class 1: 96.27% (1446/1502)
  Class 2: 96.96% (1437/1482)
  Class 3: 73.38% (1078/1469)
Epoch [16/100], Training Loss: 0.9555
Validation Loss: 0.8368, Validation Accuracy: 65.48%

Per-Class Validation Accuracy:
  Class 0: 100.00% (1547/1547)
  Class 1: 81.76% (1228/1502)
  Class 2: 0.00% (0/1482)
  Class 3: 78.56% (1154/1469)
Epoch [17/100], Training Loss: 1.1455
Validation Loss: 1.0621, Validation Accuracy: 51.95%

Per-Class Validation Accuracy:
  Class 0: 0.00% (0/1547)
  Class 1: 100.00% (1502/1502)
  Class 2: 37.58% (557/1482)
  Class 3: 72.02% (1058/1469)
Epoch [18/100], Training Loss: 0.8961
Validation Loss: 0.9584, Validation Accuracy: 48.12%

Per-Class Validation Accuracy:
  Class 0: 0.00% (0/1547)
  Class 1: 100.00% (1502/1502)
  Class 2: 16.19% (240/1482)
  Class 3: 77.94% (1145/1469)
Epoch [19/100], Training Loss: 0.7115
Validation Loss: 0.6243, Validation Accuracy: 67.62%

Per-Class Validation Accuracy:
  Class 0: 0.32% (5/1547)
  Class 1: 98.34% (1477/1502)
  Class 2: 91.23% (1352/1482)
  Class 3: 83.25% (1223/1469)
Epoch [20/100], Training Loss: 1.1265
Validation Loss: 1.0487, Validation Accuracy: 52.15%

Per-Class Validation Accuracy:
  Class 0: 34.20% (529/1547)
  Class 1: 100.00% (1502/1502)
  Class 2: 0.00% (0/1482)
  Class 3: 74.74% (1098/1469)
Epoch [21/100], Training Loss: 0.9824
Validation Loss: 0.8963, Validation Accuracy: 64.88%

Per-Class Validation Accuracy:
  Class 0: 94.12% (1456/1547)
  Class 1: 92.14% (1384/1502)
  Class 2: 0.00% (0/1482)
  Class 3: 71.68% (1053/1469)
Epoch [22/100], Training Loss: 0.8941
Validation Loss: 1.0121, Validation Accuracy: 49.88%

Per-Class Validation Accuracy:
  Class 0: 28.77% (445/1547)
  Class 1: 100.00% (1502/1502)
  Class 2: 0.00% (0/1482)
  Class 3: 71.20% (1046/1469)
Epoch [23/100], Training Loss: 0.8236
Validation Loss: 0.7419, Validation Accuracy: 64.60%

Per-Class Validation Accuracy:
  Class 0: 94.44% (1461/1547)
  Class 1: 91.41% (1373/1502)
  Class 2: 0.00% (0/1482)
  Class 3: 70.93% (1042/1469)
Epoch [24/100], Training Loss: 0.7836
Validation Loss: 0.7336, Validation Accuracy: 63.88%

Per-Class Validation Accuracy:
  Class 0: 97.48% (1508/1547)
  Class 1: 85.42% (1283/1502)
  Class 2: 0.00% (0/1482)
  Class 3: 70.93% (1042/1469)
Epoch [25/100], Training Loss: 0.7580
Validation Loss: 0.8052, Validation Accuracy: 60.60%

Per-Class Validation Accuracy:
  Class 0: 98.25% (1520/1547)
  Class 1: 70.57% (1060/1502)
  Class 2: 0.00% (0/1482)
  Class 3: 71.89% (1056/1469)
Epoch [26/100], Training Loss: 0.7052
Validation Loss: 0.6869, Validation Accuracy: 66.00%

Per-Class Validation Accuracy:
  Class 0: 57.27% (886/1547)
  Class 1: 90.15% (1354/1502)
  Class 2: 44.67% (662/1482)
  Class 3: 72.02% (1058/1469)
Epoch [27/100], Training Loss: 0.6965
Validation Loss: 0.6696, Validation Accuracy: 65.47%

Per-Class Validation Accuracy:
  Class 0: 89.59% (1386/1547)
  Class 1: 97.94% (1471/1502)
  Class 2: 0.00% (0/1482)
  Class 3: 72.91% (1071/1469)
Epoch [28/100], Training Loss: 0.6986
Validation Loss: 0.6749, Validation Accuracy: 65.98%

Per-Class Validation Accuracy:
  Class 0: 70.07% (1084/1547)
  Class 1: 91.68% (1377/1502)
  Class 2: 29.69% (440/1482)
  Class 3: 72.02% (1058/1469)
Epoch [29/100], Training Loss: 0.6917
Validation Loss: 0.6649, Validation Accuracy: 65.92%

Per-Class Validation Accuracy:
  Class 0: 88.56% (1370/1547)
  Class 1: 97.27% (1461/1502)
  Class 2: 3.04% (45/1482)
  Class 3: 73.45% (1079/1469)
Early stopping triggered.

	Elapsed time is 300.0293 seconds.

==========================================================================================
Total parameters: 9988
Total memory (bytes): 79904
Total memory (MB): 0.076202392578125
==========================================================================================
Validation Loss: 0.6649, Validation Accuracy: 65.92%

Per-Class Validation Accuracy:
  No Thrust: 88.56% (1370/1547)
  Chemical: 97.27% (1461/1502)
  Electric: 3.04% (45/1482)
  Impulsive: 73.45% (1079/1469)

Entering Mamba Training Loop
Epoch [1/100], Training Loss: 1.3866
Validation Loss: 1.3865, Validation Accuracy: 25.03%

Per-Class Validation Accuracy:
  Class 0: 0.00% (0/1547)
  Class 1: 100.00% (1502/1502)
  Class 2: 0.00% (0/1482)
  Class 3: 0.00% (0/1469)
Epoch [2/100], Training Loss: 1.3866
Validation Loss: 1.3865, Validation Accuracy: 25.03%

Per-Class Validation Accuracy:
  Class 0: 0.00% (0/1547)
  Class 1: 100.00% (1502/1502)
  Class 2: 0.00% (0/1482)
  Class 3: 0.00% (0/1469)
Epoch [3/100], Training Loss: 1.3865
Validation Loss: 1.3868, Validation Accuracy: 25.78%

Per-Class Validation Accuracy:
  Class 0: 100.00% (1547/1547)
  Class 1: 0.00% (0/1502)
  Class 2: 0.00% (0/1482)
  Class 3: 0.00% (0/1469)
Epoch [4/100], Training Loss: 1.3865
Validation Loss: 1.3864, Validation Accuracy: 25.03%

Per-Class Validation Accuracy:
  Class 0: 0.00% (0/1547)
  Class 1: 100.00% (1502/1502)
  Class 2: 0.00% (0/1482)
  Class 3: 0.00% (0/1469)
Epoch [5/100], Training Loss: 1.3865
Validation Loss: 1.3863, Validation Accuracy: 24.70%

Per-Class Validation Accuracy:
  Class 0: 0.00% (0/1547)
  Class 1: 0.00% (0/1502)
  Class 2: 100.00% (1482/1482)
  Class 3: 0.00% (0/1469)
Epoch [6/100], Training Loss: 1.3864
Validation Loss: 1.3861, Validation Accuracy: 25.78%

Per-Class Validation Accuracy:
  Class 0: 100.00% (1547/1547)
  Class 1: 0.00% (0/1502)
  Class 2: 0.00% (0/1482)
  Class 3: 0.00% (0/1469)
Epoch [7/100], Training Loss: 1.3865
Validation Loss: 1.3864, Validation Accuracy: 25.03%

Per-Class Validation Accuracy:
  Class 0: 0.00% (0/1547)
  Class 1: 100.00% (1502/1502)
  Class 2: 0.00% (0/1482)
  Class 3: 0.00% (0/1469)
Epoch [8/100], Training Loss: 1.3865
Validation Loss: 1.3863, Validation Accuracy: 25.78%

Per-Class Validation Accuracy:
  Class 0: 100.00% (1547/1547)
  Class 1: 0.00% (0/1502)
  Class 2: 0.00% (0/1482)
  Class 3: 0.00% (0/1469)
Epoch [9/100], Training Loss: 1.3865
Validation Loss: 1.3862, Validation Accuracy: 25.78%

Per-Class Validation Accuracy:
  Class 0: 100.00% (1547/1547)
  Class 1: 0.00% (0/1502)
  Class 2: 0.00% (0/1482)
  Class 3: 0.00% (0/1469)
Epoch [10/100], Training Loss: 1.3865
Validation Loss: 1.3863, Validation Accuracy: 25.78%

Per-Class Validation Accuracy:
  Class 0: 100.00% (1547/1547)
  Class 1: 0.00% (0/1502)
  Class 2: 0.00% (0/1482)
  Class 3: 0.00% (0/1469)
Epoch [11/100], Training Loss: 1.3865
Validation Loss: 1.3862, Validation Accuracy: 25.78%

Per-Class Validation Accuracy:
  Class 0: 100.00% (1547/1547)
  Class 1: 0.00% (0/1502)
  Class 2: 0.00% (0/1482)
  Class 3: 0.00% (0/1469)
Epoch [12/100], Training Loss: 1.3864
Validation Loss: 1.3862, Validation Accuracy: 25.78%

Per-Class Validation Accuracy:
  Class 0: 100.00% (1547/1547)
  Class 1: 0.00% (0/1502)
  Class 2: 0.00% (0/1482)
  Class 3: 0.00% (0/1469)
Epoch [13/100], Training Loss: 1.3864
Validation Loss: 1.3862, Validation Accuracy: 25.78%

Per-Class Validation Accuracy:
  Class 0: 100.00% (1547/1547)
  Class 1: 0.00% (0/1502)
  Class 2: 0.00% (0/1482)
  Class 3: 0.00% (0/1469)
Epoch [14/100], Training Loss: 1.3864
Validation Loss: 1.3862, Validation Accuracy: 25.78%

Per-Class Validation Accuracy:
  Class 0: 100.00% (1547/1547)
  Class 1: 0.00% (0/1502)
  Class 2: 0.00% (0/1482)
  Class 3: 0.00% (0/1469)
Epoch [15/100], Training Loss: 1.3864
Validation Loss: 1.3863, Validation Accuracy: 24.48%

Per-Class Validation Accuracy:
  Class 0: 0.00% (0/1547)
  Class 1: 0.00% (0/1502)
  Class 2: 0.00% (0/1482)
  Class 3: 100.00% (1469/1469)
Epoch [16/100], Training Loss: 1.3864
Validation Loss: 1.3862, Validation Accuracy: 25.78%

Per-Class Validation Accuracy:
  Class 0: 100.00% (1547/1547)
  Class 1: 0.00% (0/1502)
  Class 2: 0.00% (0/1482)
  Class 3: 0.00% (0/1469)
Early stopping triggered.

	Elapsed time is 231.9235 seconds.

==========================================================================================
Total parameters: 5957
Total memory (bytes): 47656
Total memory (MB): 0.04544830322265625
==========================================================================================
Validation Loss: 1.3862, Validation Accuracy: 25.78%

Per-Class Validation Accuracy:
  No Thrust: 100.00% (1547/1547)
  Chemical: 0.00% (0/1502)
  Electric: 0.00% (0/1482)
  Impulsive: 0.00% (0/1469)
