GPU is available

Entering LSTM Training Loop
Epoch [1/100], Training Loss: 1.0772
Validation Loss: 0.8860, Validation Accuracy: 54.13%

Per-Class Validation Accuracy:
  Class 0: 22.70% (348/1533)
  Class 1: 100.00% (1482/1482)
  Class 2: 6.74% (102/1514)
  Class 3: 89.46% (1316/1471)
Epoch [2/100], Training Loss: 0.9075
Validation Loss: 1.0184, Validation Accuracy: 46.38%

Per-Class Validation Accuracy:
  Class 0: 100.00% (1533/1533)
  Class 1: 0.00% (0/1482)
  Class 2: 0.00% (0/1514)
  Class 3: 84.98% (1250/1471)
Epoch [3/100], Training Loss: 0.8776
Validation Loss: 0.9081, Validation Accuracy: 61.53%

Per-Class Validation Accuracy:
  Class 0: 9.78% (150/1533)
  Class 1: 63.43% (940/1482)
  Class 2: 82.17% (1244/1514)
  Class 3: 92.32% (1358/1471)
Epoch [4/100], Training Loss: 0.8518
Validation Loss: 0.6388, Validation Accuracy: 69.77%

Per-Class Validation Accuracy:
  Class 0: 87.80% (1346/1533)
  Class 1: 100.00% (1482/1482)
  Class 2: 0.00% (0/1514)
  Class 3: 92.32% (1358/1471)
Epoch [5/100], Training Loss: 0.9294
Validation Loss: 0.7882, Validation Accuracy: 48.30%

Per-Class Validation Accuracy:
  Class 0: 3.20% (49/1533)
  Class 1: 100.00% (1482/1482)
  Class 2: 0.00% (0/1514)
  Class 3: 92.93% (1367/1471)
Epoch [6/100], Training Loss: 0.8579
Validation Loss: 0.8211, Validation Accuracy: 48.32%

Per-Class Validation Accuracy:
  Class 0: 0.07% (1/1533)
  Class 1: 100.00% (1482/1482)
  Class 2: 0.00% (0/1514)
  Class 3: 96.26% (1416/1471)
Epoch [7/100], Training Loss: 0.8202
Validation Loss: 0.8193, Validation Accuracy: 51.88%

Per-Class Validation Accuracy:
  Class 0: 0.00% (0/1533)
  Class 1: 13.77% (204/1482)
  Class 2: 100.00% (1514/1514)
  Class 3: 94.83% (1395/1471)
Epoch [8/100], Training Loss: 0.7745
Validation Loss: 0.7361, Validation Accuracy: 66.03%

Per-Class Validation Accuracy:
  Class 0: 0.00% (0/1533)
  Class 1: 71.39% (1058/1482)
  Class 2: 99.21% (1502/1514)
  Class 3: 95.31% (1402/1471)
Epoch [9/100], Training Loss: 0.8955
Validation Loss: 1.0102, Validation Accuracy: 48.75%

Per-Class Validation Accuracy:
  Class 0: 89.50% (1372/1533)
  Class 1: 23.95% (355/1482)
  Class 2: 0.00% (0/1514)
  Class 3: 81.44% (1198/1471)
Epoch [10/100], Training Loss: 0.8168
Validation Loss: 0.8515, Validation Accuracy: 52.37%

Per-Class Validation Accuracy:
  Class 0: 0.00% (0/1533)
  Class 1: 15.65% (232/1482)
  Class 2: 100.00% (1514/1514)
  Class 3: 94.90% (1396/1471)
Epoch [11/100], Training Loss: 0.7528
Validation Loss: 0.8382, Validation Accuracy: 49.70%

Per-Class Validation Accuracy:
  Class 0: 100.00% (1533/1533)
  Class 1: 0.00% (0/1482)
  Class 2: 0.00% (0/1514)
  Class 3: 98.50% (1449/1471)
Epoch [12/100], Training Loss: 0.7418
Validation Loss: 0.7956, Validation Accuracy: 72.67%

Per-Class Validation Accuracy:
  Class 0: 99.41% (1524/1533)
  Class 1: 92.38% (1369/1482)
  Class 2: 0.00% (0/1514)
  Class 3: 99.73% (1467/1471)
Epoch [13/100], Training Loss: 0.5533
Validation Loss: 0.4263, Validation Accuracy: 74.37%

Per-Class Validation Accuracy:
  Class 0: 87.61% (1343/1533)
  Class 1: 100.00% (1482/1482)
  Class 2: 11.36% (172/1514)
  Class 3: 99.59% (1465/1471)
Epoch [14/100], Training Loss: 0.5069
Validation Loss: 0.3962, Validation Accuracy: 73.75%

Per-Class Validation Accuracy:
  Class 0: 60.93% (934/1533)
  Class 1: 100.00% (1482/1482)
  Class 2: 38.04% (576/1514)
  Class 3: 97.42% (1433/1471)
Epoch [15/100], Training Loss: 0.4157
Validation Loss: 0.3827, Validation Accuracy: 74.45%

Per-Class Validation Accuracy:
  Class 0: 62.04% (951/1533)
  Class 1: 99.33% (1472/1482)
  Class 2: 37.85% (573/1514)
  Class 3: 100.00% (1471/1471)
Epoch [16/100], Training Loss: 0.4434
Validation Loss: 0.3820, Validation Accuracy: 74.78%

Per-Class Validation Accuracy:
  Class 0: 79.71% (1222/1533)
  Class 1: 99.33% (1472/1482)
  Class 2: 21.33% (323/1514)
  Class 3: 99.93% (1470/1471)
Epoch [17/100], Training Loss: 0.4007
Validation Loss: 0.3694, Validation Accuracy: 73.98%

Per-Class Validation Accuracy:
  Class 0: 42.99% (659/1533)
  Class 1: 100.00% (1482/1482)
  Class 2: 54.69% (828/1514)
  Class 3: 99.93% (1470/1471)
Epoch [18/100], Training Loss: 0.4171
Validation Loss: 0.5207, Validation Accuracy: 69.92%

Per-Class Validation Accuracy:
  Class 0: 0.00% (0/1533)
  Class 1: 100.00% (1482/1482)
  Class 2: 85.27% (1291/1514)
  Class 3: 96.67% (1422/1471)
Epoch [19/100], Training Loss: 0.4008
Validation Loss: 0.3646, Validation Accuracy: 74.45%

Per-Class Validation Accuracy:
  Class 0: 65.82% (1009/1533)
  Class 1: 100.00% (1482/1482)
  Class 2: 33.55% (508/1514)
  Class 3: 99.80% (1468/1471)
Epoch [20/100], Training Loss: 0.4581
Validation Loss: 0.4145, Validation Accuracy: 73.60%

Per-Class Validation Accuracy:
  Class 0: 99.67% (1528/1533)
  Class 1: 96.42% (1429/1482)
  Class 2: 0.20% (3/1514)
  Class 3: 98.98% (1456/1471)
Epoch [21/100], Training Loss: 0.4748
Validation Loss: 0.3881, Validation Accuracy: 73.70%

Per-Class Validation Accuracy:
  Class 0: 6.52% (100/1533)
  Class 1: 100.00% (1482/1482)
  Class 2: 91.55% (1386/1514)
  Class 3: 98.84% (1454/1471)
Epoch [22/100], Training Loss: 0.5436
Validation Loss: 0.3841, Validation Accuracy: 73.77%

Per-Class Validation Accuracy:
  Class 0: 43.97% (674/1533)
  Class 1: 100.00% (1482/1482)
  Class 2: 53.50% (810/1514)
  Class 3: 99.25% (1460/1471)
Epoch [23/100], Training Loss: 0.3934
Validation Loss: 0.3646, Validation Accuracy: 74.27%

Per-Class Validation Accuracy:
  Class 0: 0.00% (0/1533)
  Class 1: 100.00% (1482/1482)
  Class 2: 100.00% (1514/1514)
  Class 3: 99.25% (1460/1471)
Epoch [24/100], Training Loss: 0.4201
Validation Loss: 0.3584, Validation Accuracy: 74.30%

Per-Class Validation Accuracy:
  Class 0: 30.27% (464/1533)
  Class 1: 100.00% (1482/1482)
  Class 2: 68.76% (1041/1514)
  Class 3: 100.00% (1471/1471)
Epoch [25/100], Training Loss: 0.4497
Validation Loss: 0.9120, Validation Accuracy: 49.97%

Per-Class Validation Accuracy:
  Class 0: 98.17% (1505/1533)
  Class 1: 0.00% (0/1482)
  Class 2: 1.45% (22/1514)
  Class 3: 100.00% (1471/1471)
Epoch [26/100], Training Loss: 0.5128
Validation Loss: 0.4237, Validation Accuracy: 73.75%

Per-Class Validation Accuracy:
  Class 0: 31.64% (485/1533)
  Class 1: 100.00% (1482/1482)
  Class 2: 65.19% (987/1514)
  Class 3: 100.00% (1471/1471)
Epoch [27/100], Training Loss: 0.4365
Validation Loss: 0.3606, Validation Accuracy: 73.92%

Per-Class Validation Accuracy:
  Class 0: 47.10% (722/1533)
  Class 1: 100.00% (1482/1482)
  Class 2: 50.59% (766/1514)
  Class 3: 99.59% (1465/1471)
Epoch [28/100], Training Loss: 0.3892
Validation Loss: 0.3629, Validation Accuracy: 74.32%

Per-Class Validation Accuracy:
  Class 0: 13.83% (212/1533)
  Class 1: 99.93% (1481/1482)
  Class 2: 85.54% (1295/1514)
  Class 3: 100.00% (1471/1471)
Epoch [29/100], Training Loss: 0.3943
Validation Loss: 0.4152, Validation Accuracy: 72.65%

Per-Class Validation Accuracy:
  Class 0: 96.54% (1480/1533)
  Class 1: 92.78% (1375/1482)
  Class 2: 2.18% (33/1514)
  Class 3: 100.00% (1471/1471)
Epoch [30/100], Training Loss: 0.4381
Validation Loss: 0.3630, Validation Accuracy: 74.58%

Per-Class Validation Accuracy:
  Class 0: 3.46% (53/1533)
  Class 1: 100.00% (1482/1482)
  Class 2: 97.69% (1479/1514)
  Class 3: 99.32% (1461/1471)
Epoch [31/100], Training Loss: 0.3589
Validation Loss: 0.3566, Validation Accuracy: 74.18%

Per-Class Validation Accuracy:
  Class 0: 48.73% (747/1533)
  Class 1: 100.00% (1482/1482)
  Class 2: 49.60% (751/1514)
  Class 3: 100.00% (1471/1471)
Epoch [32/100], Training Loss: 0.3784
Validation Loss: 0.3607, Validation Accuracy: 74.38%

Per-Class Validation Accuracy:
  Class 0: 85.06% (1304/1533)
  Class 1: 100.00% (1482/1482)
  Class 2: 13.61% (206/1514)
  Class 3: 100.00% (1471/1471)
Epoch [33/100], Training Loss: 0.4237
Validation Loss: 0.3572, Validation Accuracy: 74.13%

Per-Class Validation Accuracy:
  Class 0: 39.92% (612/1533)
  Class 1: 100.00% (1482/1482)
  Class 2: 58.59% (887/1514)
  Class 3: 99.73% (1467/1471)
Epoch [34/100], Training Loss: 0.3717
Validation Loss: 0.3560, Validation Accuracy: 74.20%

Per-Class Validation Accuracy:
  Class 0: 46.12% (707/1533)
  Class 1: 100.00% (1482/1482)
  Class 2: 52.31% (792/1514)
  Class 3: 100.00% (1471/1471)
Epoch [35/100], Training Loss: 0.3736
Validation Loss: 0.3542, Validation Accuracy: 74.02%

Per-Class Validation Accuracy:
  Class 0: 49.84% (764/1533)
  Class 1: 100.00% (1482/1482)
  Class 2: 47.82% (724/1514)
  Class 3: 100.00% (1471/1471)
Epoch [36/100], Training Loss: 0.3653
Validation Loss: 0.3546, Validation Accuracy: 74.20%

Per-Class Validation Accuracy:
  Class 0: 54.73% (839/1533)
  Class 1: 100.00% (1482/1482)
  Class 2: 43.59% (660/1514)
  Class 3: 100.00% (1471/1471)
Epoch [37/100], Training Loss: 0.3609
Validation Loss: 0.3543, Validation Accuracy: 74.20%

Per-Class Validation Accuracy:
  Class 0: 43.44% (666/1533)
  Class 1: 100.00% (1482/1482)
  Class 2: 55.02% (833/1514)
  Class 3: 100.00% (1471/1471)
Epoch [38/100], Training Loss: 0.4343
Validation Loss: 0.3713, Validation Accuracy: 74.37%

Per-Class Validation Accuracy:
  Class 0: 30.27% (464/1533)
  Class 1: 100.00% (1482/1482)
  Class 2: 69.15% (1047/1514)
  Class 3: 99.86% (1469/1471)
Epoch [39/100], Training Loss: 0.3709
Validation Loss: 0.3575, Validation Accuracy: 74.63%

Per-Class Validation Accuracy:
  Class 0: 2.41% (37/1533)
  Class 1: 100.00% (1482/1482)
  Class 2: 98.28% (1488/1514)
  Class 3: 100.00% (1471/1471)
Epoch [40/100], Training Loss: 0.4361
Validation Loss: 0.4102, Validation Accuracy: 74.15%

Per-Class Validation Accuracy:
  Class 0: 13.05% (200/1533)
  Class 1: 100.00% (1482/1482)
  Class 2: 85.67% (1297/1514)
  Class 3: 99.93% (1470/1471)
Epoch [41/100], Training Loss: 0.3674
Validation Loss: 0.3553, Validation Accuracy: 74.32%

Per-Class Validation Accuracy:
  Class 0: 59.17% (907/1533)
  Class 1: 100.00% (1482/1482)
  Class 2: 39.56% (599/1514)
  Class 3: 100.00% (1471/1471)
Epoch [42/100], Training Loss: 0.3494
Validation Loss: 0.3543, Validation Accuracy: 74.13%

Per-Class Validation Accuracy:
  Class 0: 41.88% (642/1533)
  Class 1: 100.00% (1482/1482)
  Class 2: 56.34% (853/1514)
  Class 3: 100.00% (1471/1471)
Epoch [43/100], Training Loss: 0.3497
Validation Loss: 0.3535, Validation Accuracy: 74.67%

Per-Class Validation Accuracy:
  Class 0: 66.01% (1012/1533)
  Class 1: 100.00% (1482/1482)
  Class 2: 34.02% (515/1514)
  Class 3: 100.00% (1471/1471)
Epoch [44/100], Training Loss: 0.3550
Validation Loss: 0.3540, Validation Accuracy: 74.12%

Per-Class Validation Accuracy:
  Class 0: 46.64% (715/1533)
  Class 1: 100.00% (1482/1482)
  Class 2: 51.45% (779/1514)
  Class 3: 100.00% (1471/1471)
Epoch [45/100], Training Loss: 0.3495
Validation Loss: 0.3535, Validation Accuracy: 74.90%

Per-Class Validation Accuracy:
  Class 0: 70.06% (1074/1533)
  Class 1: 100.00% (1482/1482)
  Class 2: 30.85% (467/1514)
  Class 3: 100.00% (1471/1471)
Epoch [46/100], Training Loss: 0.3528
Validation Loss: 0.4459, Validation Accuracy: 72.73%

Per-Class Validation Accuracy:
  Class 0: 21.07% (323/1533)
  Class 1: 100.00% (1482/1482)
  Class 2: 71.86% (1088/1514)
  Class 3: 100.00% (1471/1471)
Epoch [47/100], Training Loss: 0.3578
Validation Loss: 0.3539, Validation Accuracy: 74.23%

Per-Class Validation Accuracy:
  Class 0: 33.53% (514/1533)
  Class 1: 100.00% (1482/1482)
  Class 2: 65.19% (987/1514)
  Class 3: 100.00% (1471/1471)
Epoch [48/100], Training Loss: 0.3512
Validation Loss: 0.3545, Validation Accuracy: 74.63%

Per-Class Validation Accuracy:
  Class 0: 67.58% (1036/1533)
  Class 1: 100.00% (1482/1482)
  Class 2: 32.30% (489/1514)
  Class 3: 100.00% (1471/1471)
Epoch [49/100], Training Loss: 0.3533
Validation Loss: 0.3541, Validation Accuracy: 74.18%

Per-Class Validation Accuracy:
  Class 0: 54.47% (835/1533)
  Class 1: 100.00% (1482/1482)
  Class 2: 43.79% (663/1514)
  Class 3: 100.00% (1471/1471)
Epoch [50/100], Training Loss: 0.3462
Validation Loss: 0.3534, Validation Accuracy: 74.38%

Per-Class Validation Accuracy:
  Class 0: 52.05% (798/1533)
  Class 1: 100.00% (1482/1482)
  Class 2: 47.03% (712/1514)
  Class 3: 100.00% (1471/1471)
Epoch [51/100], Training Loss: 0.3523
Validation Loss: 0.3538, Validation Accuracy: 74.40%

Per-Class Validation Accuracy:
  Class 0: 52.97% (812/1533)
  Class 1: 100.00% (1482/1482)
  Class 2: 46.17% (699/1514)
  Class 3: 100.00% (1471/1471)
Epoch [52/100], Training Loss: 0.3462
Validation Loss: 0.3531, Validation Accuracy: 74.42%

Per-Class Validation Accuracy:
  Class 0: 60.53% (928/1533)
  Class 1: 100.00% (1482/1482)
  Class 2: 38.57% (584/1514)
  Class 3: 100.00% (1471/1471)
Epoch [53/100], Training Loss: 0.3462
Validation Loss: 0.3536, Validation Accuracy: 74.13%

Per-Class Validation Accuracy:
  Class 0: 40.64% (623/1533)
  Class 1: 100.00% (1482/1482)
  Class 2: 57.60% (872/1514)
  Class 3: 100.00% (1471/1471)
Epoch [54/100], Training Loss: 0.3501
Validation Loss: 0.3535, Validation Accuracy: 74.18%

Per-Class Validation Accuracy:
  Class 0: 30.33% (465/1533)
  Class 1: 100.00% (1482/1482)
  Class 2: 68.23% (1033/1514)
  Class 3: 100.00% (1471/1471)
Epoch [55/100], Training Loss: 0.3471
Validation Loss: 0.3544, Validation Accuracy: 74.07%

Per-Class Validation Accuracy:
  Class 0: 34.51% (529/1533)
  Class 1: 100.00% (1482/1482)
  Class 2: 63.54% (962/1514)
  Class 3: 100.00% (1471/1471)
Epoch [56/100], Training Loss: 0.3508
Validation Loss: 0.3539, Validation Accuracy: 74.08%

Per-Class Validation Accuracy:
  Class 0: 34.57% (530/1533)
  Class 1: 100.00% (1482/1482)
  Class 2: 63.54% (962/1514)
  Class 3: 100.00% (1471/1471)
Epoch [57/100], Training Loss: 0.3460
Validation Loss: 0.3536, Validation Accuracy: 74.08%

Per-Class Validation Accuracy:
  Class 0: 39.01% (598/1533)
  Class 1: 100.00% (1482/1482)
  Class 2: 59.05% (894/1514)
  Class 3: 100.00% (1471/1471)
Epoch [58/100], Training Loss: 0.3489
Validation Loss: 0.3531, Validation Accuracy: 74.40%

Per-Class Validation Accuracy:
  Class 0: 54.40% (834/1533)
  Class 1: 100.00% (1482/1482)
  Class 2: 44.72% (677/1514)
  Class 3: 100.00% (1471/1471)
Epoch [59/100], Training Loss: 0.3457
Validation Loss: 0.3531, Validation Accuracy: 74.28%

Per-Class Validation Accuracy:
  Class 0: 56.16% (861/1533)
  Class 1: 100.00% (1482/1482)
  Class 2: 42.47% (643/1514)
  Class 3: 100.00% (1471/1471)
Epoch [60/100], Training Loss: 0.3459
Validation Loss: 0.3530, Validation Accuracy: 74.63%

Per-Class Validation Accuracy:
  Class 0: 65.23% (1000/1533)
  Class 1: 100.00% (1482/1482)
  Class 2: 34.68% (525/1514)
  Class 3: 100.00% (1471/1471)
Epoch [61/100], Training Loss: 0.3459
Validation Loss: 0.3533, Validation Accuracy: 74.20%

Per-Class Validation Accuracy:
  Class 0: 40.38% (619/1533)
  Class 1: 100.00% (1482/1482)
  Class 2: 58.12% (880/1514)
  Class 3: 100.00% (1471/1471)
Epoch [62/100], Training Loss: 0.3461
Validation Loss: 0.3531, Validation Accuracy: 74.18%

Per-Class Validation Accuracy:
  Class 0: 51.99% (797/1533)
  Class 1: 100.00% (1482/1482)
  Class 2: 46.30% (701/1514)
  Class 3: 100.00% (1471/1471)
Epoch [63/100], Training Loss: 0.3457
Validation Loss: 0.3529, Validation Accuracy: 74.08%

Per-Class Validation Accuracy:
  Class 0: 48.99% (751/1533)
  Class 1: 100.00% (1482/1482)
  Class 2: 48.94% (741/1514)
  Class 3: 100.00% (1471/1471)
Epoch [64/100], Training Loss: 0.3461
Validation Loss: 0.3529, Validation Accuracy: 74.23%

Per-Class Validation Accuracy:
  Class 0: 56.95% (873/1533)
  Class 1: 100.00% (1482/1482)
  Class 2: 41.48% (628/1514)
  Class 3: 100.00% (1471/1471)
Epoch [65/100], Training Loss: 0.3462
Validation Loss: 0.3530, Validation Accuracy: 74.73%

Per-Class Validation Accuracy:
  Class 0: 67.12% (1029/1533)
  Class 1: 100.00% (1482/1482)
  Class 2: 33.16% (502/1514)
  Class 3: 100.00% (1471/1471)
Epoch [66/100], Training Loss: 0.3457
Validation Loss: 0.3530, Validation Accuracy: 74.20%

Per-Class Validation Accuracy:
  Class 0: 48.14% (738/1533)
  Class 1: 100.00% (1482/1482)
  Class 2: 50.26% (761/1514)
  Class 3: 100.00% (1471/1471)
Epoch [67/100], Training Loss: 0.3460
Validation Loss: 0.3530, Validation Accuracy: 74.08%

Per-Class Validation Accuracy:
  Class 0: 48.40% (742/1533)
  Class 1: 100.00% (1482/1482)
  Class 2: 49.54% (750/1514)
  Class 3: 100.00% (1471/1471)
Epoch [68/100], Training Loss: 0.3465
Validation Loss: 0.3527, Validation Accuracy: 74.62%

Per-Class Validation Accuracy:
  Class 0: 61.38% (941/1533)
  Class 1: 100.00% (1482/1482)
  Class 2: 38.51% (583/1514)
  Class 3: 100.00% (1471/1471)
Epoch [69/100], Training Loss: 0.3456
Validation Loss: 0.3527, Validation Accuracy: 74.62%

Per-Class Validation Accuracy:
  Class 0: 62.82% (963/1533)
  Class 1: 100.00% (1482/1482)
  Class 2: 37.05% (561/1514)
  Class 3: 100.00% (1471/1471)
Epoch [70/100], Training Loss: 0.3466
Validation Loss: 0.3528, Validation Accuracy: 74.18%

Per-Class Validation Accuracy:
  Class 0: 51.99% (797/1533)
  Class 1: 100.00% (1482/1482)
  Class 2: 46.30% (701/1514)
  Class 3: 100.00% (1471/1471)
Epoch [71/100], Training Loss: 0.3456
Validation Loss: 0.3529, Validation Accuracy: 74.15%

Per-Class Validation Accuracy:
  Class 0: 51.73% (793/1533)
  Class 1: 100.00% (1482/1482)
  Class 2: 46.43% (703/1514)
  Class 3: 100.00% (1471/1471)
Epoch [72/100], Training Loss: 0.3463
Validation Loss: 0.3527, Validation Accuracy: 74.47%

Per-Class Validation Accuracy:
  Class 0: 56.56% (867/1533)
  Class 1: 100.00% (1482/1482)
  Class 2: 42.80% (648/1514)
  Class 3: 100.00% (1471/1471)
Epoch [73/100], Training Loss: 0.3456
Validation Loss: 0.3529, Validation Accuracy: 74.20%

Per-Class Validation Accuracy:
  Class 0: 48.34% (741/1533)
  Class 1: 100.00% (1482/1482)
  Class 2: 50.07% (758/1514)
  Class 3: 100.00% (1471/1471)
Epoch [74/100], Training Loss: 0.3467
Validation Loss: 0.3528, Validation Accuracy: 74.22%

Per-Class Validation Accuracy:
  Class 0: 53.56% (821/1533)
  Class 1: 100.00% (1482/1482)
  Class 2: 44.85% (679/1514)
  Class 3: 100.00% (1471/1471)
Epoch [75/100], Training Loss: 0.3455
Validation Loss: 0.3527, Validation Accuracy: 74.57%

Per-Class Validation Accuracy:
  Class 0: 63.47% (973/1533)
  Class 1: 100.00% (1482/1482)
  Class 2: 36.20% (548/1514)
  Class 3: 100.00% (1471/1471)
Epoch [76/100], Training Loss: 0.3456
Validation Loss: 0.3528, Validation Accuracy: 74.20%

Per-Class Validation Accuracy:
  Class 0: 54.60% (837/1533)
  Class 1: 100.00% (1482/1482)
  Class 2: 43.73% (662/1514)
  Class 3: 100.00% (1471/1471)
Epoch [77/100], Training Loss: 0.3456
Validation Loss: 0.3531, Validation Accuracy: 74.23%

Per-Class Validation Accuracy:
  Class 0: 40.18% (616/1533)
  Class 1: 100.00% (1482/1482)
  Class 2: 58.45% (885/1514)
  Class 3: 100.00% (1471/1471)
Epoch [78/100], Training Loss: 0.3457
Validation Loss: 0.3532, Validation Accuracy: 74.23%

Per-Class Validation Accuracy:
  Class 0: 40.18% (616/1533)
  Class 1: 100.00% (1482/1482)
  Class 2: 58.45% (885/1514)
  Class 3: 100.00% (1471/1471)
Early stopping triggered.

        Elapsed time is 792.7965 seconds.

        Elapsed time is 792.7966 seconds.

==========================================================================================
Total parameters: 10948
Total memory (bytes): 87584
Total memory (MB): 0.083526611328125
==========================================================================================
Validation Loss: 0.3532, Validation Accuracy: 74.23%

Per-Class Validation Accuracy:
  No Thrust: 40.18% (616/1533)
  Chemical: 100.00% (1482/1482)
  Electric: 58.45% (885/1514)
  Impulsive: 100.00% (1471/1471)