GPU is available

Entering Hybrid Training Loop
Epoch [1/100], Training Loss: 0.4458
Validation Loss: 0.3873, Validation Accuracy: 73.55%

Per-Class Validation Accuracy:
  Class 0: 67.95% (1043/1535)
  Class 1: 99.93% (1461/1462)
  Class 2: 27.88% (423/1517)
  Class 3: 100.00% (1486/1486)
Epoch [2/100], Training Loss: 0.3767
Validation Loss: 0.3570, Validation Accuracy: 74.40%

Per-Class Validation Accuracy:
  Class 0: 0.00% (0/1535)
  Class 1: 99.93% (1461/1462)
  Class 2: 100.00% (1517/1517)
  Class 3: 100.00% (1486/1486)
Epoch [3/100], Training Loss: 0.3509
Validation Loss: 0.3540, Validation Accuracy: 74.93%

Per-Class Validation Accuracy:
  Class 0: 4.56% (70/1535)
  Class 1: 100.00% (1462/1462)
  Class 2: 97.43% (1478/1517)
  Class 3: 100.00% (1486/1486)
Epoch [4/100], Training Loss: 0.3473
Validation Loss: 0.3530, Validation Accuracy: 75.45%

Per-Class Validation Accuracy:
  Class 0: 22.93% (352/1535)
  Class 1: 100.00% (1462/1462)
  Class 2: 80.88% (1227/1517)
  Class 3: 100.00% (1486/1486)
Epoch [5/100], Training Loss: 0.3554
Validation Loss: 0.3555, Validation Accuracy: 74.77%

Per-Class Validation Accuracy:
  Class 0: 72.38% (1111/1535)
  Class 1: 99.93% (1461/1462)
  Class 2: 28.21% (428/1517)
  Class 3: 100.00% (1486/1486)
Epoch [6/100], Training Loss: 0.3486
Validation Loss: 0.3532, Validation Accuracy: 74.53%

Per-Class Validation Accuracy:
  Class 0: 29.38% (451/1535)
  Class 1: 100.00% (1462/1462)
  Class 2: 70.73% (1073/1517)
  Class 3: 100.00% (1486/1486)
Epoch [7/100], Training Loss: 0.3608
Validation Loss: 0.3543, Validation Accuracy: 74.63%

Per-Class Validation Accuracy:
  Class 0: 86.32% (1325/1535)
  Class 1: 100.00% (1462/1462)
  Class 2: 13.51% (205/1517)
  Class 3: 100.00% (1486/1486)
Epoch [8/100], Training Loss: 0.3589
Validation Loss: 0.3537, Validation Accuracy: 75.03%

Per-Class Validation Accuracy:
  Class 0: 76.74% (1178/1535)
  Class 1: 100.00% (1462/1462)
  Class 2: 24.79% (376/1517)
  Class 3: 100.00% (1486/1486)
Epoch [9/100], Training Loss: 0.3471
Validation Loss: 0.3541, Validation Accuracy: 74.40%

Per-Class Validation Accuracy:
  Class 0: 0.00% (0/1535)
  Class 1: 99.93% (1461/1462)
  Class 2: 100.00% (1517/1517)
  Class 3: 100.00% (1486/1486)
Epoch [10/100], Training Loss: 0.3482
Validation Loss: 0.3531, Validation Accuracy: 74.70%

Per-Class Validation Accuracy:
  Class 0: 100.00% (1535/1535)
  Class 1: 99.93% (1461/1462)
  Class 2: 0.00% (0/1517)
  Class 3: 100.00% (1486/1486)
Epoch [11/100], Training Loss: 0.3461
Validation Loss: 0.3521, Validation Accuracy: 76.08%

Per-Class Validation Accuracy:
  Class 0: 38.76% (595/1535)
  Class 1: 99.93% (1461/1462)
  Class 2: 67.44% (1023/1517)
  Class 3: 100.00% (1486/1486)
Epoch [12/100], Training Loss: 0.3480
Validation Loss: 0.3525, Validation Accuracy: 75.12%

Per-Class Validation Accuracy:
  Class 0: 38.96% (598/1535)
  Class 1: 99.93% (1461/1462)
  Class 2: 63.41% (962/1517)
  Class 3: 100.00% (1486/1486)
Epoch [13/100], Training Loss: 0.3458
Validation Loss: 0.3520, Validation Accuracy: 75.37%

Per-Class Validation Accuracy:
  Class 0: 42.61% (654/1535)
  Class 1: 99.93% (1461/1462)
  Class 2: 60.71% (921/1517)
  Class 3: 100.00% (1486/1486)
Epoch [14/100], Training Loss: 0.3455
Validation Loss: 0.3539, Validation Accuracy: 74.58%

Per-Class Validation Accuracy:
  Class 0: 0.72% (11/1535)
  Class 1: 99.93% (1461/1462)
  Class 2: 100.00% (1517/1517)
  Class 3: 100.00% (1486/1486)
Epoch [15/100], Training Loss: 0.3457
Validation Loss: 0.3511, Validation Accuracy: 76.53%

Per-Class Validation Accuracy:
  Class 0: 68.86% (1057/1535)
  Class 1: 100.00% (1462/1462)
  Class 2: 38.69% (587/1517)
  Class 3: 100.00% (1486/1486)
Epoch [16/100], Training Loss: 0.3461
Validation Loss: 0.3519, Validation Accuracy: 75.98%

Per-Class Validation Accuracy:
  Class 0: 53.22% (817/1535)
  Class 1: 100.00% (1462/1462)
  Class 2: 52.34% (794/1517)
  Class 3: 100.00% (1486/1486)
Epoch [17/100], Training Loss: 0.3441
Validation Loss: 0.3508, Validation Accuracy: 75.77%

Per-Class Validation Accuracy:
  Class 0: 65.99% (1013/1535)
  Class 1: 100.00% (1462/1462)
  Class 2: 38.56% (585/1517)
  Class 3: 100.00% (1486/1486)
Epoch [18/100], Training Loss: 0.3435
Validation Loss: 0.3502, Validation Accuracy: 76.00%

Per-Class Validation Accuracy:
  Class 0: 78.18% (1200/1535)
  Class 1: 100.00% (1462/1462)
  Class 2: 27.16% (412/1517)
  Class 3: 100.00% (1486/1486)
Epoch [19/100], Training Loss: 0.3433
Validation Loss: 0.3456, Validation Accuracy: 77.52%

Per-Class Validation Accuracy:
  Class 0: 37.98% (583/1535)
  Class 1: 100.00% (1462/1462)
  Class 2: 73.83% (1120/1517)
  Class 3: 100.00% (1486/1486)
Epoch [20/100], Training Loss: 0.3406
Validation Loss: 0.3441, Validation Accuracy: 75.95%

Per-Class Validation Accuracy:
  Class 0: 92.57% (1421/1535)
  Class 1: 100.00% (1462/1462)
  Class 2: 12.39% (188/1517)
  Class 3: 100.00% (1486/1486)
Epoch [21/100], Training Loss: 0.3369
Validation Loss: 0.3425, Validation Accuracy: 79.15%

Per-Class Validation Accuracy:
  Class 0: 43.19% (663/1535)
  Class 1: 100.00% (1462/1462)
  Class 2: 75.02% (1138/1517)
  Class 3: 100.00% (1486/1486)
Epoch [22/100], Training Loss: 0.3351
Validation Loss: 0.3344, Validation Accuracy: 78.27%

Per-Class Validation Accuracy:
  Class 0: 43.52% (668/1535)
  Class 1: 100.00% (1462/1462)
  Class 2: 71.19% (1080/1517)
  Class 3: 100.00% (1486/1486)
Epoch [23/100], Training Loss: 0.3319
Validation Loss: 0.3328, Validation Accuracy: 78.95%

Per-Class Validation Accuracy:
  Class 0: 74.66% (1146/1535)
  Class 1: 100.00% (1462/1462)
  Class 2: 42.39% (643/1517)
  Class 3: 100.00% (1486/1486)
Epoch [24/100], Training Loss: 0.3285
Validation Loss: 0.3370, Validation Accuracy: 79.57%

Per-Class Validation Accuracy:
  Class 0: 30.36% (466/1535)
  Class 1: 99.93% (1461/1462)
  Class 2: 89.72% (1361/1517)
  Class 3: 100.00% (1486/1486)
Epoch [25/100], Training Loss: 0.3247
Validation Loss: 0.3219, Validation Accuracy: 80.88%

Per-Class Validation Accuracy:
  Class 0: 76.94% (1181/1535)
  Class 1: 99.93% (1461/1462)
  Class 2: 47.79% (725/1517)
  Class 3: 100.00% (1486/1486)
Epoch [26/100], Training Loss: 0.3215
Validation Loss: 0.3299, Validation Accuracy: 80.65%

Per-Class Validation Accuracy:
  Class 0: 58.24% (894/1535)
  Class 1: 99.93% (1461/1462)
  Class 2: 65.79% (998/1517)
  Class 3: 100.00% (1486/1486)
Epoch [27/100], Training Loss: 0.3208
Validation Loss: 0.3284, Validation Accuracy: 79.37%

Per-Class Validation Accuracy:
  Class 0: 84.69% (1300/1535)
  Class 1: 100.00% (1462/1462)
  Class 2: 33.88% (514/1517)
  Class 3: 100.00% (1486/1486)
Epoch [28/100], Training Loss: 0.3141
Validation Loss: 0.3231, Validation Accuracy: 80.87%

Per-Class Validation Accuracy:
  Class 0: 57.65% (885/1535)
  Class 1: 100.00% (1462/1462)
  Class 2: 67.17% (1019/1517)
  Class 3: 100.00% (1486/1486)
Epoch [29/100], Training Loss: 0.3145
Validation Loss: 0.3538, Validation Accuracy: 77.12%

Per-Class Validation Accuracy:
  Class 0: 79.87% (1226/1535)
  Class 1: 99.93% (1461/1462)
  Class 2: 29.93% (454/1517)
  Class 3: 100.00% (1486/1486)
Epoch [30/100], Training Loss: 0.3136
Validation Loss: 0.3236, Validation Accuracy: 81.73%

Per-Class Validation Accuracy:
  Class 0: 50.68% (778/1535)
  Class 1: 99.93% (1461/1462)
  Class 2: 77.72% (1179/1517)
  Class 3: 100.00% (1486/1486)
Epoch [31/100], Training Loss: 0.3137
Validation Loss: 0.3234, Validation Accuracy: 79.32%

Per-Class Validation Accuracy:
  Class 0: 77.85% (1195/1535)
  Class 1: 99.93% (1461/1462)
  Class 2: 40.67% (617/1517)
  Class 3: 100.00% (1486/1486)
Epoch [32/100], Training Loss: 0.3050
Validation Loss: 0.3020, Validation Accuracy: 82.93%

Per-Class Validation Accuracy:
  Class 0: 65.15% (1000/1535)
  Class 1: 99.93% (1461/1462)
  Class 2: 67.83% (1029/1517)
  Class 3: 100.00% (1486/1486)
Epoch [33/100], Training Loss: 0.3011
Validation Loss: 0.3086, Validation Accuracy: 80.87%

Per-Class Validation Accuracy:
  Class 0: 79.74% (1224/1535)
  Class 1: 99.93% (1461/1462)
  Class 2: 44.89% (681/1517)
  Class 3: 100.00% (1486/1486)
Epoch [34/100], Training Loss: 0.2989
Validation Loss: 0.2978, Validation Accuracy: 83.93%

Per-Class Validation Accuracy:
  Class 0: 52.38% (804/1535)
  Class 1: 99.93% (1461/1462)
  Class 2: 84.71% (1285/1517)
  Class 3: 100.00% (1486/1486)
Epoch [35/100], Training Loss: 0.2973
Validation Loss: 0.2947, Validation Accuracy: 84.00%

Per-Class Validation Accuracy:
  Class 0: 49.77% (764/1535)
  Class 1: 99.93% (1461/1462)
  Class 2: 87.61% (1329/1517)
  Class 3: 100.00% (1486/1486)
Epoch [36/100], Training Loss: 0.2944
Validation Loss: 0.2944, Validation Accuracy: 82.98%

Per-Class Validation Accuracy:
  Class 0: 67.62% (1038/1535)
  Class 1: 99.93% (1461/1462)
  Class 2: 65.52% (994/1517)
  Class 3: 100.00% (1486/1486)
Epoch [37/100], Training Loss: 0.2927
Validation Loss: 0.2907, Validation Accuracy: 84.33%

Per-Class Validation Accuracy:
  Class 0: 62.28% (956/1535)
  Class 1: 99.93% (1461/1462)
  Class 2: 76.27% (1157/1517)
  Class 3: 100.00% (1486/1486)
Epoch [38/100], Training Loss: 0.2925
Validation Loss: 0.2914, Validation Accuracy: 84.33%

Per-Class Validation Accuracy:
  Class 0: 54.40% (835/1535)
  Class 1: 99.93% (1461/1462)
  Class 2: 84.25% (1278/1517)
  Class 3: 100.00% (1486/1486)
Epoch [39/100], Training Loss: 0.2907
Validation Loss: 0.2902, Validation Accuracy: 84.55%

Per-Class Validation Accuracy:
  Class 0: 59.93% (920/1535)
  Class 1: 99.93% (1461/1462)
  Class 2: 79.50% (1206/1517)
  Class 3: 100.00% (1486/1486)
Epoch [40/100], Training Loss: 0.2894
Validation Loss: 0.3183, Validation Accuracy: 82.13%

Per-Class Validation Accuracy:
  Class 0: 53.94% (828/1535)
  Class 1: 99.93% (1461/1462)
  Class 2: 76.01% (1153/1517)
  Class 3: 100.00% (1486/1486)
Epoch [41/100], Training Loss: 0.2892
Validation Loss: 0.2813, Validation Accuracy: 85.07%

Per-Class Validation Accuracy:
  Class 0: 64.30% (987/1535)
  Class 1: 99.93% (1461/1462)
  Class 2: 77.13% (1170/1517)
  Class 3: 100.00% (1486/1486)
Epoch [42/100], Training Loss: 0.2881
Validation Loss: 0.2956, Validation Accuracy: 83.97%

Per-Class Validation Accuracy:
  Class 0: 50.36% (773/1535)
  Class 1: 99.93% (1461/1462)
  Class 2: 86.88% (1318/1517)
  Class 3: 100.00% (1486/1486)
Epoch [43/100], Training Loss: 0.2866
Validation Loss: 0.2910, Validation Accuracy: 84.42%

Per-Class Validation Accuracy:
  Class 0: 68.34% (1049/1535)
  Class 1: 99.93% (1461/1462)
  Class 2: 70.47% (1069/1517)
  Class 3: 100.00% (1486/1486)
Epoch [44/100], Training Loss: 0.2849
Validation Loss: 0.2833, Validation Accuracy: 84.52%

Per-Class Validation Accuracy:
  Class 0: 66.12% (1015/1535)
  Class 1: 99.93% (1461/1462)
  Class 2: 73.10% (1109/1517)
  Class 3: 100.00% (1486/1486)
Epoch [45/100], Training Loss: 0.2835
Validation Loss: 0.3228, Validation Accuracy: 82.33%

Per-Class Validation Accuracy:
  Class 0: 84.56% (1298/1535)
  Class 1: 99.93% (1461/1462)
  Class 2: 45.81% (695/1517)
  Class 3: 100.00% (1486/1486)
Epoch [46/100], Training Loss: 0.2859
Validation Loss: 0.2812, Validation Accuracy: 84.87%

Per-Class Validation Accuracy:
  Class 0: 63.26% (971/1535)
  Class 1: 99.93% (1461/1462)
  Class 2: 77.39% (1174/1517)
  Class 3: 100.00% (1486/1486)
Epoch [47/100], Training Loss: 0.2825
Validation Loss: 0.2915, Validation Accuracy: 82.22%

Per-Class Validation Accuracy:
  Class 0: 85.02% (1305/1535)
  Class 1: 99.93% (1461/1462)
  Class 2: 44.89% (681/1517)
  Class 3: 100.00% (1486/1486)
Epoch [48/100], Training Loss: 0.2818
Validation Loss: 0.2722, Validation Accuracy: 85.42%

Per-Class Validation Accuracy:
  Class 0: 59.02% (906/1535)
  Class 1: 99.93% (1461/1462)
  Class 2: 83.85% (1272/1517)
  Class 3: 100.00% (1486/1486)
Epoch [49/100], Training Loss: 0.2793
Validation Loss: 0.2828, Validation Accuracy: 85.20%

Per-Class Validation Accuracy:
  Class 0: 56.87% (873/1535)
  Class 1: 99.93% (1461/1462)
  Class 2: 85.17% (1292/1517)
  Class 3: 100.00% (1486/1486)
Epoch [50/100], Training Loss: 0.2807
Validation Loss: 0.2732, Validation Accuracy: 85.97%

Per-Class Validation Accuracy:
  Class 0: 64.10% (984/1535)
  Class 1: 99.93% (1461/1462)
  Class 2: 80.88% (1227/1517)
  Class 3: 100.00% (1486/1486)
Epoch [51/100], Training Loss: 0.2789
Validation Loss: 0.2743, Validation Accuracy: 84.70%

Per-Class Validation Accuracy:
  Class 0: 62.28% (956/1535)
  Class 1: 99.93% (1461/1462)
  Class 2: 77.72% (1179/1517)
  Class 3: 100.00% (1486/1486)
Epoch [52/100], Training Loss: 0.2787
Validation Loss: 0.2739, Validation Accuracy: 85.47%

Per-Class Validation Accuracy:
  Class 0: 60.78% (933/1535)
  Class 1: 99.93% (1461/1462)
  Class 2: 82.27% (1248/1517)
  Class 3: 100.00% (1486/1486)
Epoch [53/100], Training Loss: 0.2754
Validation Loss: 0.2870, Validation Accuracy: 84.25%

Per-Class Validation Accuracy:
  Class 0: 44.82% (688/1535)
  Class 1: 99.93% (1461/1462)
  Class 2: 93.61% (1420/1517)
  Class 3: 100.00% (1486/1486)
Epoch [54/100], Training Loss: 0.2773
Validation Loss: 0.3003, Validation Accuracy: 82.98%

Per-Class Validation Accuracy:
  Class 0: 59.74% (917/1535)
  Class 1: 99.93% (1461/1462)
  Class 2: 73.50% (1115/1517)
  Class 3: 100.00% (1486/1486)
Epoch [55/100], Training Loss: 0.2657
Validation Loss: 0.2708, Validation Accuracy: 85.43%

Per-Class Validation Accuracy:
  Class 0: 53.03% (814/1535)
  Class 1: 99.93% (1461/1462)
  Class 2: 89.98% (1365/1517)
  Class 3: 100.00% (1486/1486)
Epoch [56/100], Training Loss: 0.2642
Validation Loss: 0.2599, Validation Accuracy: 86.30%

Per-Class Validation Accuracy:
  Class 0: 62.28% (956/1535)
  Class 1: 99.93% (1461/1462)
  Class 2: 84.05% (1275/1517)
  Class 3: 100.00% (1486/1486)
Epoch [57/100], Training Loss: 0.2632
Validation Loss: 0.2885, Validation Accuracy: 84.63%

Per-Class Validation Accuracy:
  Class 0: 62.08% (953/1535)
  Class 1: 99.93% (1461/1462)
  Class 2: 77.65% (1178/1517)
  Class 3: 100.00% (1486/1486)
Epoch [58/100], Training Loss: 0.2624
Validation Loss: 0.2634, Validation Accuracy: 86.00%

Per-Class Validation Accuracy:
  Class 0: 59.28% (910/1535)
  Class 1: 99.93% (1461/1462)
  Class 2: 85.89% (1303/1517)
  Class 3: 100.00% (1486/1486)
Epoch [59/100], Training Loss: 0.2614
Validation Loss: 0.2601, Validation Accuracy: 86.32%

Per-Class Validation Accuracy:
  Class 0: 63.13% (969/1535)
  Class 1: 99.93% (1461/1462)
  Class 2: 83.26% (1263/1517)
  Class 3: 100.00% (1486/1486)
Epoch [60/100], Training Loss: 0.2610
Validation Loss: 0.2605, Validation Accuracy: 85.67%

Per-Class Validation Accuracy:
  Class 0: 74.14% (1138/1535)
  Class 1: 99.93% (1461/1462)
  Class 2: 69.55% (1055/1517)
  Class 3: 100.00% (1486/1486)
Epoch [61/100], Training Loss: 0.2591
Validation Loss: 0.2579, Validation Accuracy: 86.25%

Per-Class Validation Accuracy:
  Class 0: 66.25% (1017/1535)
  Class 1: 99.93% (1461/1462)
  Class 2: 79.83% (1211/1517)
  Class 3: 100.00% (1486/1486)
Epoch [62/100], Training Loss: 0.2594
Validation Loss: 0.2612, Validation Accuracy: 85.33%

Per-Class Validation Accuracy:
  Class 0: 62.54% (960/1535)
  Class 1: 99.93% (1461/1462)
  Class 2: 79.96% (1213/1517)
  Class 3: 100.00% (1486/1486)
Epoch [63/100], Training Loss: 0.2594
Validation Loss: 0.2634, Validation Accuracy: 86.35%

Per-Class Validation Accuracy:
  Class 0: 68.60% (1053/1535)
  Class 1: 99.93% (1461/1462)
  Class 2: 77.85% (1181/1517)
  Class 3: 100.00% (1486/1486)
Epoch [64/100], Training Loss: 0.2576
Validation Loss: 0.2615, Validation Accuracy: 85.90%

Per-Class Validation Accuracy:
  Class 0: 71.66% (1100/1535)
  Class 1: 99.93% (1461/1462)
  Class 2: 72.97% (1107/1517)
  Class 3: 100.00% (1486/1486)
Epoch [65/100], Training Loss: 0.2598
Validation Loss: 0.2620, Validation Accuracy: 86.03%

Per-Class Validation Accuracy:
  Class 0: 64.56% (991/1535)
  Class 1: 99.93% (1461/1462)
  Class 2: 80.69% (1224/1517)
  Class 3: 100.00% (1486/1486)
Epoch [66/100], Training Loss: 0.2564
Validation Loss: 0.2616, Validation Accuracy: 85.72%

Per-Class Validation Accuracy:
  Class 0: 67.88% (1042/1535)
  Class 1: 99.93% (1461/1462)
  Class 2: 76.07% (1154/1517)
  Class 3: 100.00% (1486/1486)
Epoch [67/100], Training Loss: 0.2562
Validation Loss: 0.2615, Validation Accuracy: 84.92%

Per-Class Validation Accuracy:
  Class 0: 80.59% (1237/1535)
  Class 1: 99.93% (1461/1462)
  Class 2: 60.05% (911/1517)
  Class 3: 100.00% (1486/1486)
Epoch [68/100], Training Loss: 0.2494
Validation Loss: 0.2535, Validation Accuracy: 86.68%

Per-Class Validation Accuracy:
  Class 0: 64.69% (993/1535)
  Class 1: 99.93% (1461/1462)
  Class 2: 83.12% (1261/1517)
  Class 3: 100.00% (1486/1486)
Epoch [69/100], Training Loss: 0.2494
Validation Loss: 0.2466, Validation Accuracy: 87.10%

Per-Class Validation Accuracy:
  Class 0: 76.03% (1167/1535)
  Class 1: 99.93% (1461/1462)
  Class 2: 73.30% (1112/1517)
  Class 3: 100.00% (1486/1486)
Epoch [70/100], Training Loss: 0.2494
Validation Loss: 0.2464, Validation Accuracy: 86.82%

Per-Class Validation Accuracy:
  Class 0: 66.91% (1027/1535)
  Class 1: 99.93% (1461/1462)
  Class 2: 81.41% (1235/1517)
  Class 3: 100.00% (1486/1486)
Epoch [71/100], Training Loss: 0.2477
Validation Loss: 0.2489, Validation Accuracy: 86.93%

Per-Class Validation Accuracy:
  Class 0: 63.39% (973/1535)
  Class 1: 99.93% (1461/1462)
  Class 2: 85.43% (1296/1517)
  Class 3: 100.00% (1486/1486)
Epoch [72/100], Training Loss: 0.2474
Validation Loss: 0.2447, Validation Accuracy: 87.05%

Per-Class Validation Accuracy:
  Class 0: 74.53% (1144/1535)
  Class 1: 99.93% (1461/1462)
  Class 2: 74.62% (1132/1517)
  Class 3: 100.00% (1486/1486)
Epoch [73/100], Training Loss: 0.2477
Validation Loss: 0.2473, Validation Accuracy: 86.87%

Per-Class Validation Accuracy:
  Class 0: 79.54% (1221/1535)
  Class 1: 99.93% (1461/1462)
  Class 2: 68.82% (1044/1517)
  Class 3: 100.00% (1486/1486)
Epoch [74/100], Training Loss: 0.2461
Validation Loss: 0.2525, Validation Accuracy: 86.82%

Per-Class Validation Accuracy:
  Class 0: 68.08% (1045/1535)
  Class 1: 99.93% (1461/1462)
  Class 2: 80.22% (1217/1517)
  Class 3: 100.00% (1486/1486)
Epoch [75/100], Training Loss: 0.2473
Validation Loss: 0.2525, Validation Accuracy: 86.43%

Per-Class Validation Accuracy:
  Class 0: 60.78% (933/1535)
  Class 1: 99.93% (1461/1462)
  Class 2: 86.09% (1306/1517)
  Class 3: 100.00% (1486/1486)
Epoch [76/100], Training Loss: 0.2468
Validation Loss: 0.2580, Validation Accuracy: 85.52%

Per-Class Validation Accuracy:
  Class 0: 67.49% (1036/1535)
  Class 1: 99.93% (1461/1462)
  Class 2: 75.68% (1148/1517)
  Class 3: 100.00% (1486/1486)
Epoch [77/100], Training Loss: 0.2458
Validation Loss: 0.2449, Validation Accuracy: 87.28%

Per-Class Validation Accuracy:
  Class 0: 72.96% (1120/1535)
  Class 1: 99.93% (1461/1462)
  Class 2: 77.13% (1170/1517)
  Class 3: 100.00% (1486/1486)
Epoch [78/100], Training Loss: 0.2462
Validation Loss: 0.2435, Validation Accuracy: 86.28%

Per-Class Validation Accuracy:
  Class 0: 71.14% (1092/1535)
  Class 1: 99.93% (1461/1462)
  Class 2: 75.02% (1138/1517)
  Class 3: 100.00% (1486/1486)
Epoch [79/100], Training Loss: 0.2450
Validation Loss: 0.2411, Validation Accuracy: 87.07%

Per-Class Validation Accuracy:
  Class 0: 71.79% (1102/1535)
  Class 1: 99.93% (1461/1462)
  Class 2: 77.46% (1175/1517)
  Class 3: 100.00% (1486/1486)
Epoch [80/100], Training Loss: 0.2448
Validation Loss: 0.2489, Validation Accuracy: 86.80%

Per-Class Validation Accuracy:
  Class 0: 75.18% (1154/1535)
  Class 1: 99.93% (1461/1462)
  Class 2: 72.97% (1107/1517)
  Class 3: 100.00% (1486/1486)
Epoch [81/100], Training Loss: 0.2460
Validation Loss: 0.2501, Validation Accuracy: 86.93%

Per-Class Validation Accuracy:
  Class 0: 65.21% (1001/1535)
  Class 1: 99.93% (1461/1462)
  Class 2: 83.59% (1268/1517)
  Class 3: 100.00% (1486/1486)
Epoch [82/100], Training Loss: 0.2447
Validation Loss: 0.2403, Validation Accuracy: 87.03%

Per-Class Validation Accuracy:
  Class 0: 66.97% (1028/1535)
  Class 1: 99.93% (1461/1462)
  Class 2: 82.20% (1247/1517)
  Class 3: 100.00% (1486/1486)
Epoch [83/100], Training Loss: 0.2436
Validation Loss: 0.2435, Validation Accuracy: 86.25%

Per-Class Validation Accuracy:
  Class 0: 73.03% (1121/1535)
  Class 1: 99.93% (1461/1462)
  Class 2: 72.97% (1107/1517)
  Class 3: 100.00% (1486/1486)
Epoch [84/100], Training Loss: 0.2438
Validation Loss: 0.2429, Validation Accuracy: 87.22%

Per-Class Validation Accuracy:
  Class 0: 71.73% (1101/1535)
  Class 1: 99.93% (1461/1462)
  Class 2: 78.11% (1185/1517)
  Class 3: 100.00% (1486/1486)
Epoch [85/100], Training Loss: 0.2439
Validation Loss: 0.2452, Validation Accuracy: 86.97%

Per-Class Validation Accuracy:
  Class 0: 67.95% (1043/1535)
  Class 1: 99.93% (1461/1462)
  Class 2: 80.95% (1228/1517)
  Class 3: 100.00% (1486/1486)
Epoch [86/100], Training Loss: 0.2433
Validation Loss: 0.2483, Validation Accuracy: 86.38%

Per-Class Validation Accuracy:
  Class 0: 57.33% (880/1535)
  Class 1: 99.93% (1461/1462)
  Class 2: 89.39% (1356/1517)
  Class 3: 100.00% (1486/1486)
Epoch [87/100], Training Loss: 0.2435
Validation Loss: 0.2417, Validation Accuracy: 87.25%

Per-Class Validation Accuracy:
  Class 0: 76.09% (1168/1535)
  Class 1: 99.93% (1461/1462)
  Class 2: 73.83% (1120/1517)
  Class 3: 100.00% (1486/1486)
Epoch [88/100], Training Loss: 0.2438
Validation Loss: 0.2420, Validation Accuracy: 86.50%

Per-Class Validation Accuracy:
  Class 0: 72.70% (1116/1535)
  Class 1: 99.93% (1461/1462)
  Class 2: 74.29% (1127/1517)
  Class 3: 100.00% (1486/1486)
Epoch [89/100], Training Loss: 0.2391
Validation Loss: 0.2390, Validation Accuracy: 87.50%

Per-Class Validation Accuracy:
  Class 0: 79.67% (1223/1535)
  Class 1: 99.93% (1461/1462)
  Class 2: 71.19% (1080/1517)
  Class 3: 100.00% (1486/1486)
Epoch [90/100], Training Loss: 0.2386
Validation Loss: 0.2413, Validation Accuracy: 87.40%

Per-Class Validation Accuracy:
  Class 0: 75.57% (1160/1535)
  Class 1: 99.93% (1461/1462)
  Class 2: 74.95% (1137/1517)
  Class 3: 100.00% (1486/1486)
Epoch [91/100], Training Loss: 0.2377
Validation Loss: 0.2400, Validation Accuracy: 87.32%

Per-Class Validation Accuracy:
  Class 0: 67.23% (1032/1535)
  Class 1: 99.93% (1461/1462)
  Class 2: 83.06% (1260/1517)
  Class 3: 100.00% (1486/1486)
Epoch [92/100], Training Loss: 0.2381
Validation Loss: 0.2389, Validation Accuracy: 86.92%

Per-Class Validation Accuracy:
  Class 0: 64.17% (985/1535)
  Class 1: 99.93% (1461/1462)
  Class 2: 84.57% (1283/1517)
  Class 3: 100.00% (1486/1486)
Epoch [93/100], Training Loss: 0.2377
Validation Loss: 0.2383, Validation Accuracy: 87.32%

Per-Class Validation Accuracy:
  Class 0: 71.66% (1100/1535)
  Class 1: 99.93% (1461/1462)
  Class 2: 78.58% (1192/1517)
  Class 3: 100.00% (1486/1486)
Epoch [94/100], Training Loss: 0.2377
Validation Loss: 0.2381, Validation Accuracy: 87.43%

Per-Class Validation Accuracy:
  Class 0: 73.81% (1133/1535)
  Class 1: 99.93% (1461/1462)
  Class 2: 76.86% (1166/1517)
  Class 3: 100.00% (1486/1486)
Epoch [95/100], Training Loss: 0.2380
Validation Loss: 0.2369, Validation Accuracy: 87.42%

Per-Class Validation Accuracy:
  Class 0: 72.77% (1117/1535)
  Class 1: 99.93% (1461/1462)
  Class 2: 77.85% (1181/1517)
  Class 3: 100.00% (1486/1486)
Epoch [96/100], Training Loss: 0.2372
Validation Loss: 0.2423, Validation Accuracy: 87.30%

Per-Class Validation Accuracy:
  Class 0: 70.68% (1085/1535)
  Class 1: 99.93% (1461/1462)
  Class 2: 79.50% (1206/1517)
  Class 3: 100.00% (1486/1486)
Epoch [97/100], Training Loss: 0.2368
Validation Loss: 0.2379, Validation Accuracy: 87.62%

Per-Class Validation Accuracy:
  Class 0: 70.42% (1081/1535)
  Class 1: 99.93% (1461/1462)
  Class 2: 81.02% (1229/1517)
  Class 3: 100.00% (1486/1486)
Epoch [98/100], Training Loss: 0.2371
Validation Loss: 0.2356, Validation Accuracy: 87.38%

Per-Class Validation Accuracy:
  Class 0: 75.83% (1164/1535)
  Class 1: 99.93% (1461/1462)
  Class 2: 74.62% (1132/1517)
  Class 3: 100.00% (1486/1486)
Epoch [99/100], Training Loss: 0.2367
Validation Loss: 0.2354, Validation Accuracy: 87.12%

Per-Class Validation Accuracy:
  Class 0: 73.16% (1123/1535)
  Class 1: 99.93% (1461/1462)
  Class 2: 76.27% (1157/1517)
  Class 3: 100.00% (1486/1486)
Epoch [100/100], Training Loss: 0.2356
Validation Loss: 0.2409, Validation Accuracy: 87.43%

Per-Class Validation Accuracy:
  Class 0: 65.86% (1011/1535)
  Class 1: 99.93% (1461/1462)
  Class 2: 84.90% (1288/1517)
  Class 3: 100.00% (1486/1486)

	Elapsed time is 2534.1111 seconds.

==========================================================================================
Total parameters: 81764
Total memory (bytes): 654112
Total memory (MB): 0.623809814453125
==========================================================================================
Validation Loss: 0.2409, Validation Accuracy: 87.43%

Per-Class Validation Accuracy:
  No Thrust: 65.86% (1011/1535)
  Chemical: 99.93% (1461/1462)
  Electric: 84.90% (1288/1517)
  Impulsive: 100.00% (1486/1486)

Entering LSTM Training Loop
Epoch [1/100], Training Loss: 0.5057
Validation Loss: 0.3835, Validation Accuracy: 73.78%

Per-Class Validation Accuracy:
  Class 0: 96.68% (1484/1535)
  Class 1: 99.93% (1461/1462)
  Class 2: 0.33% (5/1517)
  Class 3: 99.39% (1477/1486)
Epoch [2/100], Training Loss: 0.3788
Validation Loss: 0.3791, Validation Accuracy: 73.65%

Per-Class Validation Accuracy:
  Class 0: 68.21% (1047/1535)
  Class 1: 100.00% (1462/1462)
  Class 2: 27.95% (424/1517)
  Class 3: 100.00% (1486/1486)
Epoch [3/100], Training Loss: 0.3802
Validation Loss: 0.3697, Validation Accuracy: 74.73%

Per-Class Validation Accuracy:
  Class 0: 73.36% (1126/1535)
  Class 1: 99.93% (1461/1462)
  Class 2: 27.09% (411/1517)
  Class 3: 100.00% (1486/1486)
Epoch [4/100], Training Loss: 0.3516
Validation Loss: 0.3553, Validation Accuracy: 75.20%

Per-Class Validation Accuracy:
  Class 0: 88.40% (1357/1535)
  Class 1: 99.93% (1461/1462)
  Class 2: 13.71% (208/1517)
  Class 3: 100.00% (1486/1486)
Epoch [5/100], Training Loss: 0.3471
Validation Loss: 0.3542, Validation Accuracy: 75.35%

Per-Class Validation Accuracy:
  Class 0: 76.42% (1173/1535)
  Class 1: 99.93% (1461/1462)
  Class 2: 26.43% (401/1517)
  Class 3: 100.00% (1486/1486)
Epoch [6/100], Training Loss: 0.3606
Validation Loss: 0.3548, Validation Accuracy: 74.80%

Per-Class Validation Accuracy:
  Class 0: 80.33% (1233/1535)
  Class 1: 99.93% (1461/1462)
  Class 2: 20.30% (308/1517)
  Class 3: 100.00% (1486/1486)
Epoch [7/100], Training Loss: 0.3521
Validation Loss: 0.3569, Validation Accuracy: 75.55%

Per-Class Validation Accuracy:
  Class 0: 78.50% (1205/1535)
  Class 1: 99.93% (1461/1462)
  Class 2: 25.31% (384/1517)
  Class 3: 99.80% (1483/1486)
Epoch [8/100], Training Loss: 0.3480
Validation Loss: 0.3545, Validation Accuracy: 75.32%

Per-Class Validation Accuracy:
  Class 0: 61.04% (937/1535)
  Class 1: 99.93% (1461/1462)
  Class 2: 41.86% (635/1517)
  Class 3: 100.00% (1486/1486)
Epoch [9/100], Training Loss: 0.3581
Validation Loss: 0.3550, Validation Accuracy: 75.73%

Per-Class Validation Accuracy:
  Class 0: 13.36% (205/1535)
  Class 1: 99.93% (1461/1462)
  Class 2: 91.76% (1392/1517)
  Class 3: 100.00% (1486/1486)
Epoch [10/100], Training Loss: 0.3505
Validation Loss: 0.3543, Validation Accuracy: 75.58%

Per-Class Validation Accuracy:
  Class 0: 25.99% (399/1535)
  Class 1: 99.93% (1461/1462)
  Class 2: 78.38% (1189/1517)
  Class 3: 100.00% (1486/1486)
Epoch [11/100], Training Loss: 0.3615
Validation Loss: 0.3570, Validation Accuracy: 74.70%

Per-Class Validation Accuracy:
  Class 0: 100.00% (1535/1535)
  Class 1: 99.93% (1461/1462)
  Class 2: 0.00% (0/1517)
  Class 3: 100.00% (1486/1486)
Epoch [12/100], Training Loss: 0.3465
Validation Loss: 0.3547, Validation Accuracy: 75.63%

Per-Class Validation Accuracy:
  Class 0: 26.97% (414/1535)
  Class 1: 99.93% (1461/1462)
  Class 2: 77.59% (1177/1517)
  Class 3: 100.00% (1486/1486)
Epoch [13/100], Training Loss: 0.3486
Validation Loss: 0.3545, Validation Accuracy: 74.95%

Per-Class Validation Accuracy:
  Class 0: 78.70% (1208/1535)
  Class 1: 99.93% (1461/1462)
  Class 2: 22.54% (342/1517)
  Class 3: 100.00% (1486/1486)
Epoch [14/100], Training Loss: 0.3462
Validation Loss: 0.3553, Validation Accuracy: 75.63%

Per-Class Validation Accuracy:
  Class 0: 29.25% (449/1535)
  Class 1: 99.86% (1460/1462)
  Class 2: 75.35% (1143/1517)
  Class 3: 100.00% (1486/1486)
Epoch [15/100], Training Loss: 0.3472
Validation Loss: 0.3580, Validation Accuracy: 74.85%

Per-Class Validation Accuracy:
  Class 0: 63.06% (968/1535)
  Class 1: 99.93% (1461/1462)
  Class 2: 37.97% (576/1517)
  Class 3: 100.00% (1486/1486)
Early stopping triggered.

	Elapsed time is 161.1020 seconds.

==========================================================================================
Total parameters: 14788
Total memory (bytes): 118304
Total memory (MB): 0.112823486328125
==========================================================================================
Validation Loss: 0.3580, Validation Accuracy: 74.85%

Per-Class Validation Accuracy:
  No Thrust: 63.06% (968/1535)
  Chemical: 99.93% (1461/1462)
  Electric: 37.97% (576/1517)
  Impulsive: 100.00% (1486/1486)

Entering Mamba Training Loop
Epoch [1/100], Training Loss: 0.4516
Validation Loss: 0.3569, Validation Accuracy: 75.07%

Per-Class Validation Accuracy:
  Class 0: 23.13% (355/1535)
  Class 1: 100.00% (1462/1462)
  Class 2: 79.17% (1201/1517)
  Class 3: 100.00% (1486/1486)
Epoch [2/100], Training Loss: 0.3512
Validation Loss: 0.3549, Validation Accuracy: 74.97%

Per-Class Validation Accuracy:
  Class 0: 57.00% (875/1535)
  Class 1: 99.93% (1461/1462)
  Class 2: 44.56% (676/1517)
  Class 3: 100.00% (1486/1486)
Epoch [3/100], Training Loss: 0.3480
Validation Loss: 0.3552, Validation Accuracy: 74.62%

Per-Class Validation Accuracy:
  Class 0: 71.07% (1091/1535)
  Class 1: 99.93% (1461/1462)
  Class 2: 28.94% (439/1517)
  Class 3: 100.00% (1486/1486)
Epoch [4/100], Training Loss: 0.3475
Validation Loss: 0.3535, Validation Accuracy: 74.32%

Per-Class Validation Accuracy:
  Class 0: 15.18% (233/1535)
  Class 1: 99.93% (1461/1462)
  Class 2: 84.31% (1279/1517)
  Class 3: 100.00% (1486/1486)
Epoch [5/100], Training Loss: 0.3468
Validation Loss: 0.3526, Validation Accuracy: 75.55%

Per-Class Validation Accuracy:
  Class 0: 59.61% (915/1535)
  Class 1: 99.93% (1461/1462)
  Class 2: 44.23% (671/1517)
  Class 3: 100.00% (1486/1486)
Epoch [6/100], Training Loss: 0.3466
Validation Loss: 0.3525, Validation Accuracy: 75.30%

Per-Class Validation Accuracy:
  Class 0: 90.49% (1389/1535)
  Class 1: 99.93% (1461/1462)
  Class 2: 12.00% (182/1517)
  Class 3: 100.00% (1486/1486)
Epoch [7/100], Training Loss: 0.3465
Validation Loss: 0.3524, Validation Accuracy: 76.35%

Per-Class Validation Accuracy:
  Class 0: 17.92% (275/1535)
  Class 1: 99.93% (1461/1462)
  Class 2: 89.58% (1359/1517)
  Class 3: 100.00% (1486/1486)
Epoch [8/100], Training Loss: 0.3454
Validation Loss: 0.3506, Validation Accuracy: 76.32%

Per-Class Validation Accuracy:
  Class 0: 46.97% (721/1535)
  Class 1: 99.93% (1461/1462)
  Class 2: 60.05% (911/1517)
  Class 3: 100.00% (1486/1486)
Epoch [9/100], Training Loss: 0.3455
Validation Loss: 0.3507, Validation Accuracy: 76.47%

Per-Class Validation Accuracy:
  Class 0: 29.45% (452/1535)
  Class 1: 99.93% (1461/1462)
  Class 2: 78.38% (1189/1517)
  Class 3: 100.00% (1486/1486)
Epoch [10/100], Training Loss: 0.3443
Validation Loss: 0.3554, Validation Accuracy: 74.90%

Per-Class Validation Accuracy:
  Class 0: 5.41% (83/1535)
  Class 1: 99.93% (1461/1462)
  Class 2: 96.51% (1464/1517)
  Class 3: 100.00% (1486/1486)
Epoch [11/100], Training Loss: 0.3425
Validation Loss: 0.3515, Validation Accuracy: 76.07%

Per-Class Validation Accuracy:
  Class 0: 8.66% (133/1535)
  Class 1: 99.93% (1461/1462)
  Class 2: 97.82% (1484/1517)
  Class 3: 100.00% (1486/1486)
Epoch [12/100], Training Loss: 0.3409
Validation Loss: 0.3437, Validation Accuracy: 78.25%

Per-Class Validation Accuracy:
  Class 0: 26.06% (400/1535)
  Class 1: 99.93% (1461/1462)
  Class 2: 88.86% (1348/1517)
  Class 3: 100.00% (1486/1486)
Epoch [13/100], Training Loss: 0.3389
Validation Loss: 0.3456, Validation Accuracy: 78.27%

Per-Class Validation Accuracy:
  Class 0: 54.79% (841/1535)
  Class 1: 99.93% (1461/1462)
  Class 2: 59.85% (908/1517)
  Class 3: 100.00% (1486/1486)
Epoch [14/100], Training Loss: 0.3379
Validation Loss: 0.3424, Validation Accuracy: 76.93%

Per-Class Validation Accuracy:
  Class 0: 80.20% (1231/1535)
  Class 1: 99.93% (1461/1462)
  Class 2: 28.87% (438/1517)
  Class 3: 100.00% (1486/1486)
Epoch [15/100], Training Loss: 0.3333
Validation Loss: 0.3321, Validation Accuracy: 80.22%

Per-Class Validation Accuracy:
  Class 0: 56.68% (870/1535)
  Class 1: 99.93% (1461/1462)
  Class 2: 65.66% (996/1517)
  Class 3: 100.00% (1486/1486)
Epoch [16/100], Training Loss: 0.3285
Validation Loss: 0.3376, Validation Accuracy: 79.82%

Per-Class Validation Accuracy:
  Class 0: 57.52% (883/1535)
  Class 1: 99.93% (1461/1462)
  Class 2: 63.22% (959/1517)
  Class 3: 100.00% (1486/1486)
Epoch [17/100], Training Loss: 0.3211
Validation Loss: 0.3402, Validation Accuracy: 78.78%

Per-Class Validation Accuracy:
  Class 0: 35.37% (543/1535)
  Class 1: 99.93% (1461/1462)
  Class 2: 81.54% (1237/1517)
  Class 3: 100.00% (1486/1486)
Epoch [18/100], Training Loss: 0.3177
Validation Loss: 0.3186, Validation Accuracy: 82.12%

Per-Class Validation Accuracy:
  Class 0: 39.41% (605/1535)
  Class 1: 99.93% (1461/1462)
  Class 2: 90.64% (1375/1517)
  Class 3: 100.00% (1486/1486)
Epoch [19/100], Training Loss: 0.3158
Validation Loss: 0.3239, Validation Accuracy: 82.47%

Per-Class Validation Accuracy:
  Class 0: 53.22% (817/1535)
  Class 1: 99.93% (1461/1462)
  Class 2: 78.05% (1184/1517)
  Class 3: 100.00% (1486/1486)
Epoch [20/100], Training Loss: 0.3101
Validation Loss: 0.3526, Validation Accuracy: 79.12%

Per-Class Validation Accuracy:
  Class 0: 24.23% (372/1535)
  Class 1: 100.00% (1462/1462)
  Class 2: 94.07% (1427/1517)
  Class 3: 100.00% (1486/1486)
Epoch [21/100], Training Loss: 0.3074
Validation Loss: 0.3147, Validation Accuracy: 79.88%

Per-Class Validation Accuracy:
  Class 0: 87.10% (1337/1535)
  Class 1: 99.93% (1461/1462)
  Class 2: 33.55% (509/1517)
  Class 3: 100.00% (1486/1486)
Epoch [22/100], Training Loss: 0.3016
Validation Loss: 0.3004, Validation Accuracy: 82.43%

Per-Class Validation Accuracy:
  Class 0: 42.02% (645/1535)
  Class 1: 100.00% (1462/1462)
  Class 2: 89.19% (1353/1517)
  Class 3: 100.00% (1486/1486)
Epoch [23/100], Training Loss: 0.2984
Validation Loss: 0.3145, Validation Accuracy: 82.55%

Per-Class Validation Accuracy:
  Class 0: 42.08% (646/1535)
  Class 1: 100.00% (1462/1462)
  Class 2: 89.58% (1359/1517)
  Class 3: 100.00% (1486/1486)
Epoch [24/100], Training Loss: 0.2943
Validation Loss: 0.3119, Validation Accuracy: 81.22%

Per-Class Validation Accuracy:
  Class 0: 38.63% (593/1535)
  Class 1: 99.93% (1461/1462)
  Class 2: 87.87% (1333/1517)
  Class 3: 100.00% (1486/1486)
Epoch [25/100], Training Loss: 0.2933
Validation Loss: 0.2928, Validation Accuracy: 83.15%

Per-Class Validation Accuracy:
  Class 0: 57.26% (879/1535)
  Class 1: 99.93% (1461/1462)
  Class 2: 76.66% (1163/1517)
  Class 3: 100.00% (1486/1486)
Epoch [26/100], Training Loss: 0.2889
Validation Loss: 0.2674, Validation Accuracy: 85.13%

Per-Class Validation Accuracy:
  Class 0: 85.02% (1305/1535)
  Class 1: 99.93% (1461/1462)
  Class 2: 56.43% (856/1517)
  Class 3: 100.00% (1486/1486)
Epoch [27/100], Training Loss: 0.2863
Validation Loss: 0.2605, Validation Accuracy: 86.73%

Per-Class Validation Accuracy:
  Class 0: 66.58% (1022/1535)
  Class 1: 99.93% (1461/1462)
  Class 2: 81.41% (1235/1517)
  Class 3: 100.00% (1486/1486)
Epoch [28/100], Training Loss: 0.2851
Validation Loss: 0.2859, Validation Accuracy: 84.55%

Per-Class Validation Accuracy:
  Class 0: 73.49% (1128/1535)
  Class 1: 99.93% (1461/1462)
  Class 2: 65.79% (998/1517)
  Class 3: 100.00% (1486/1486)
Epoch [29/100], Training Loss: 0.2736
Validation Loss: 0.3304, Validation Accuracy: 85.70%

Per-Class Validation Accuracy:
  Class 0: 84.82% (1302/1535)
  Class 1: 99.93% (1461/1462)
  Class 2: 58.87% (893/1517)
  Class 3: 100.00% (1486/1486)
Epoch [30/100], Training Loss: 0.2709
Validation Loss: 0.2466, Validation Accuracy: 88.37%

Per-Class Validation Accuracy:
  Class 0: 77.85% (1195/1535)
  Class 1: 99.93% (1461/1462)
  Class 2: 76.47% (1160/1517)
  Class 3: 100.00% (1486/1486)
Epoch [31/100], Training Loss: 0.2647
Validation Loss: 0.2513, Validation Accuracy: 87.12%

Per-Class Validation Accuracy:
  Class 0: 80.59% (1237/1535)
  Class 1: 99.93% (1461/1462)
  Class 2: 68.75% (1043/1517)
  Class 3: 100.00% (1486/1486)
Epoch [32/100], Training Loss: 0.2562
Validation Loss: 0.2711, Validation Accuracy: 84.13%

Per-Class Validation Accuracy:
  Class 0: 40.39% (620/1535)
  Class 1: 99.93% (1461/1462)
  Class 2: 97.63% (1481/1517)
  Class 3: 100.00% (1486/1486)
Epoch [33/100], Training Loss: 0.2534
Validation Loss: 0.2813, Validation Accuracy: 83.57%

Per-Class Validation Accuracy:
  Class 0: 38.37% (589/1535)
  Class 1: 99.93% (1461/1462)
  Class 2: 97.43% (1478/1517)
  Class 3: 100.00% (1486/1486)
Epoch [34/100], Training Loss: 0.2401
Validation Loss: 0.3290, Validation Accuracy: 85.88%

Per-Class Validation Accuracy:
  Class 0: 92.96% (1427/1535)
  Class 1: 99.93% (1461/1462)
  Class 2: 51.35% (779/1517)
  Class 3: 100.00% (1486/1486)
Epoch [35/100], Training Loss: 0.2386
Validation Loss: 0.2178, Validation Accuracy: 90.80%

Per-Class Validation Accuracy:
  Class 0: 74.07% (1137/1535)
  Class 1: 99.93% (1461/1462)
  Class 2: 89.91% (1364/1517)
  Class 3: 100.00% (1486/1486)
Epoch [36/100], Training Loss: 0.2385
Validation Loss: 0.2080, Validation Accuracy: 88.95%

Per-Class Validation Accuracy:
  Class 0: 95.50% (1466/1535)
  Class 1: 99.93% (1461/1462)
  Class 2: 60.91% (924/1517)
  Class 3: 100.00% (1486/1486)
Epoch [37/100], Training Loss: 0.2357
Validation Loss: 0.3879, Validation Accuracy: 83.53%

Per-Class Validation Accuracy:
  Class 0: 81.43% (1250/1535)
  Class 1: 99.93% (1461/1462)
  Class 2: 53.72% (815/1517)
  Class 3: 100.00% (1486/1486)
Epoch [38/100], Training Loss: 0.2320
Validation Loss: 0.2240, Validation Accuracy: 87.53%

Per-Class Validation Accuracy:
  Class 0: 55.11% (846/1535)
  Class 1: 99.93% (1461/1462)
  Class 2: 96.18% (1459/1517)
  Class 3: 100.00% (1486/1486)
Epoch [39/100], Training Loss: 0.2363
Validation Loss: 0.2475, Validation Accuracy: 87.78%

Per-Class Validation Accuracy:
  Class 0: 54.92% (843/1535)
  Class 1: 99.93% (1461/1462)
  Class 2: 97.36% (1477/1517)
  Class 3: 100.00% (1486/1486)
Epoch [40/100], Training Loss: 0.2274
Validation Loss: 0.2342, Validation Accuracy: 88.60%

Per-Class Validation Accuracy:
  Class 0: 96.35% (1479/1535)
  Class 1: 99.93% (1461/1462)
  Class 2: 58.67% (890/1517)
  Class 3: 100.00% (1486/1486)
Epoch [41/100], Training Loss: 0.2239
Validation Loss: 0.1919, Validation Accuracy: 93.53%

Per-Class Validation Accuracy:
  Class 0: 94.07% (1444/1535)
  Class 1: 99.93% (1461/1462)
  Class 2: 80.49% (1221/1517)
  Class 3: 100.00% (1486/1486)
Epoch [42/100], Training Loss: 0.2146
Validation Loss: 0.1954, Validation Accuracy: 90.45%

Per-Class Validation Accuracy:
  Class 0: 77.52% (1190/1535)
  Class 1: 99.93% (1461/1462)
  Class 2: 85.04% (1290/1517)
  Class 3: 100.00% (1486/1486)
Epoch [43/100], Training Loss: 0.2298
Validation Loss: 0.2497, Validation Accuracy: 85.92%

Per-Class Validation Accuracy:
  Class 0: 45.15% (693/1535)
  Class 1: 99.93% (1461/1462)
  Class 2: 99.87% (1515/1517)
  Class 3: 100.00% (1486/1486)
Epoch [44/100], Training Loss: 0.2275
Validation Loss: 0.5140, Validation Accuracy: 79.02%

Per-Class Validation Accuracy:
  Class 0: 90.42% (1388/1535)
  Class 1: 99.93% (1461/1462)
  Class 2: 26.76% (406/1517)
  Class 3: 100.00% (1486/1486)
Epoch [45/100], Training Loss: 0.2247
Validation Loss: 0.2057, Validation Accuracy: 91.35%

Per-Class Validation Accuracy:
  Class 0: 88.47% (1358/1535)
  Class 1: 99.93% (1461/1462)
  Class 2: 77.52% (1176/1517)
  Class 3: 100.00% (1486/1486)
Epoch [46/100], Training Loss: 0.2202
Validation Loss: 0.1863, Validation Accuracy: 91.12%

Per-Class Validation Accuracy:
  Class 0: 82.74% (1270/1535)
  Class 1: 99.93% (1461/1462)
  Class 2: 82.40% (1250/1517)
  Class 3: 100.00% (1486/1486)
Epoch [47/100], Training Loss: 0.2044
Validation Loss: 0.8074, Validation Accuracy: 79.97%

Per-Class Validation Accuracy:
  Class 0: 21.76% (334/1535)
  Class 1: 99.93% (1461/1462)
  Class 2: 100.00% (1517/1517)
  Class 3: 100.00% (1486/1486)
Epoch [48/100], Training Loss: 0.2176
Validation Loss: 0.4121, Validation Accuracy: 75.93%

Per-Class Validation Accuracy:
  Class 0: 100.00% (1535/1535)
  Class 1: 99.93% (1461/1462)
  Class 2: 4.88% (74/1517)
  Class 3: 100.00% (1486/1486)
Epoch [49/100], Training Loss: 0.2093
Validation Loss: 0.3790, Validation Accuracy: 80.42%

Per-Class Validation Accuracy:
  Class 0: 98.89% (1518/1535)
  Class 1: 99.93% (1461/1462)
  Class 2: 23.73% (360/1517)
  Class 3: 100.00% (1486/1486)
Epoch [50/100], Training Loss: 0.2028
Validation Loss: 0.1827, Validation Accuracy: 92.53%

Per-Class Validation Accuracy:
  Class 0: 79.22% (1216/1535)
  Class 1: 99.86% (1460/1462)
  Class 2: 91.63% (1390/1517)
  Class 3: 100.00% (1486/1486)
Epoch [51/100], Training Loss: 0.2033
Validation Loss: 0.2580, Validation Accuracy: 85.53%

Per-Class Validation Accuracy:
  Class 0: 85.41% (1311/1535)
  Class 1: 99.93% (1461/1462)
  Class 2: 57.61% (874/1517)
  Class 3: 100.00% (1486/1486)
Epoch [52/100], Training Loss: 0.2142
Validation Loss: 0.1980, Validation Accuracy: 88.60%

Per-Class Validation Accuracy:
  Class 0: 56.48% (867/1535)
  Class 1: 99.93% (1461/1462)
  Class 2: 99.01% (1502/1517)
  Class 3: 100.00% (1486/1486)
Epoch [53/100], Training Loss: 0.2033
Validation Loss: 0.1832, Validation Accuracy: 90.72%

Per-Class Validation Accuracy:
  Class 0: 67.56% (1037/1535)
  Class 1: 99.93% (1461/1462)
  Class 2: 96.18% (1459/1517)
  Class 3: 100.00% (1486/1486)
Epoch [54/100], Training Loss: 0.2059
Validation Loss: 0.1852, Validation Accuracy: 90.28%

Per-Class Validation Accuracy:
  Class 0: 62.35% (957/1535)
  Class 1: 99.93% (1461/1462)
  Class 2: 99.74% (1513/1517)
  Class 3: 100.00% (1486/1486)
Epoch [55/100], Training Loss: 0.2016
Validation Loss: 0.2272, Validation Accuracy: 88.22%

Per-Class Validation Accuracy:
  Class 0: 57.26% (879/1535)
  Class 1: 99.93% (1461/1462)
  Class 2: 96.70% (1467/1517)
  Class 3: 100.00% (1486/1486)
Epoch [56/100], Training Loss: 0.2121
Validation Loss: 0.1709, Validation Accuracy: 94.10%

Per-Class Validation Accuracy:
  Class 0: 81.82% (1256/1535)
  Class 1: 99.93% (1461/1462)
  Class 2: 95.12% (1443/1517)
  Class 3: 100.00% (1486/1486)
Epoch [57/100], Training Loss: 0.2023
Validation Loss: 0.3582, Validation Accuracy: 84.47%

Per-Class Validation Accuracy:
  Class 0: 42.35% (650/1535)
  Class 1: 99.93% (1461/1462)
  Class 2: 96.97% (1471/1517)
  Class 3: 100.00% (1486/1486)
Epoch [58/100], Training Loss: 0.1882
Validation Loss: 0.1444, Validation Accuracy: 94.90%

Per-Class Validation Accuracy:
  Class 0: 83.32% (1279/1535)
  Class 1: 99.93% (1461/1462)
  Class 2: 96.77% (1468/1517)
  Class 3: 100.00% (1486/1486)
Epoch [59/100], Training Loss: 0.1903
Validation Loss: 0.1560, Validation Accuracy: 94.47%

Per-Class Validation Accuracy:
  Class 0: 94.07% (1444/1535)
  Class 1: 99.93% (1461/1462)
  Class 2: 84.18% (1277/1517)
  Class 3: 100.00% (1486/1486)
Epoch [60/100], Training Loss: 0.1909
Validation Loss: 0.1475, Validation Accuracy: 94.27%

Per-Class Validation Accuracy:
  Class 0: 80.52% (1236/1535)
  Class 1: 99.93% (1461/1462)
  Class 2: 97.10% (1473/1517)
  Class 3: 100.00% (1486/1486)
Epoch [61/100], Training Loss: 0.1912
Validation Loss: 0.1512, Validation Accuracy: 95.28%

Per-Class Validation Accuracy:
  Class 0: 88.14% (1353/1535)
  Class 1: 99.93% (1461/1462)
  Class 2: 93.41% (1417/1517)
  Class 3: 100.00% (1486/1486)
Epoch [62/100], Training Loss: 0.2021
Validation Loss: 0.1934, Validation Accuracy: 94.17%

Per-Class Validation Accuracy:
  Class 0: 81.17% (1246/1535)
  Class 1: 99.93% (1461/1462)
  Class 2: 96.04% (1457/1517)
  Class 3: 100.00% (1486/1486)
Epoch [63/100], Training Loss: 0.1871
Validation Loss: 0.6490, Validation Accuracy: 79.43%

Per-Class Validation Accuracy:
  Class 0: 99.61% (1529/1535)
  Class 1: 99.93% (1461/1462)
  Class 2: 19.12% (290/1517)
  Class 3: 100.00% (1486/1486)
Epoch [64/100], Training Loss: 0.1831
Validation Loss: 0.1505, Validation Accuracy: 95.05%

Per-Class Validation Accuracy:
  Class 0: 87.36% (1341/1535)
  Class 1: 99.93% (1461/1462)
  Class 2: 93.28% (1415/1517)
  Class 3: 100.00% (1486/1486)
Epoch [65/100], Training Loss: 0.1371
Validation Loss: 0.1384, Validation Accuracy: 94.90%

Per-Class Validation Accuracy:
  Class 0: 89.84% (1379/1535)
  Class 1: 99.93% (1461/1462)
  Class 2: 90.18% (1368/1517)
  Class 3: 100.00% (1486/1486)
Epoch [66/100], Training Loss: 0.1323
Validation Loss: 0.1273, Validation Accuracy: 94.00%

Per-Class Validation Accuracy:
  Class 0: 80.72% (1239/1535)
  Class 1: 99.93% (1461/1462)
  Class 2: 95.85% (1454/1517)
  Class 3: 100.00% (1486/1486)
Epoch [67/100], Training Loss: 0.1330
Validation Loss: 0.1035, Validation Accuracy: 96.72%

Per-Class Validation Accuracy:
  Class 0: 96.29% (1478/1535)
  Class 1: 99.93% (1461/1462)
  Class 2: 90.84% (1378/1517)
  Class 3: 100.00% (1486/1486)
Epoch [68/100], Training Loss: 0.1282
Validation Loss: 0.1806, Validation Accuracy: 90.98%

Per-Class Validation Accuracy:
  Class 0: 99.28% (1524/1535)
  Class 1: 99.93% (1461/1462)
  Class 2: 65.13% (988/1517)
  Class 3: 100.00% (1486/1486)
Epoch [69/100], Training Loss: 0.1289
Validation Loss: 0.0985, Validation Accuracy: 97.18%

Per-Class Validation Accuracy:
  Class 0: 98.37% (1510/1535)
  Class 1: 99.93% (1461/1462)
  Class 2: 90.57% (1374/1517)
  Class 3: 100.00% (1486/1486)
Epoch [70/100], Training Loss: 0.1247
Validation Loss: 0.1015, Validation Accuracy: 96.53%

Per-Class Validation Accuracy:
  Class 0: 98.96% (1519/1535)
  Class 1: 99.93% (1461/1462)
  Class 2: 87.41% (1326/1517)
  Class 3: 100.00% (1486/1486)
Epoch [71/100], Training Loss: 0.1235
Validation Loss: 0.2016, Validation Accuracy: 90.57%

Per-Class Validation Accuracy:
  Class 0: 99.67% (1530/1535)
  Class 1: 99.93% (1461/1462)
  Class 2: 63.09% (957/1517)
  Class 3: 100.00% (1486/1486)
Epoch [72/100], Training Loss: 0.1250
Validation Loss: 0.1093, Validation Accuracy: 94.43%

Per-Class Validation Accuracy:
  Class 0: 81.56% (1252/1535)
  Class 1: 99.93% (1461/1462)
  Class 2: 96.70% (1467/1517)
  Class 3: 100.00% (1486/1486)
Epoch [73/100], Training Loss: 0.1202
Validation Loss: 0.1056, Validation Accuracy: 95.92%

Per-Class Validation Accuracy:
  Class 0: 92.25% (1416/1535)
  Class 1: 99.93% (1461/1462)
  Class 2: 91.76% (1392/1517)
  Class 3: 100.00% (1486/1486)
Epoch [74/100], Training Loss: 0.1234
Validation Loss: 0.0900, Validation Accuracy: 96.88%

Per-Class Validation Accuracy:
  Class 0: 94.98% (1458/1535)
  Class 1: 99.93% (1461/1462)
  Class 2: 92.81% (1408/1517)
  Class 3: 100.00% (1486/1486)
Epoch [75/100], Training Loss: 0.1262
Validation Loss: 0.1708, Validation Accuracy: 90.47%

Per-Class Validation Accuracy:
  Class 0: 64.69% (993/1535)
  Class 1: 99.93% (1461/1462)
  Class 2: 98.09% (1488/1517)
  Class 3: 100.00% (1486/1486)
Epoch [76/100], Training Loss: 0.1164
Validation Loss: 0.1873, Validation Accuracy: 91.93%

Per-Class Validation Accuracy:
  Class 0: 99.93% (1534/1535)
  Class 1: 99.93% (1461/1462)
  Class 2: 68.23% (1035/1517)
  Class 3: 100.00% (1486/1486)
Epoch [77/100], Training Loss: 0.1262
Validation Loss: 0.1342, Validation Accuracy: 94.13%

Per-Class Validation Accuracy:
  Class 0: 99.93% (1534/1535)
  Class 1: 99.93% (1461/1462)
  Class 2: 76.93% (1167/1517)
  Class 3: 100.00% (1486/1486)
Epoch [78/100], Training Loss: 0.1183
Validation Loss: 0.1261, Validation Accuracy: 94.40%

Per-Class Validation Accuracy:
  Class 0: 81.89% (1257/1535)
  Class 1: 99.93% (1461/1462)
  Class 2: 96.24% (1460/1517)
  Class 3: 100.00% (1486/1486)
Epoch [79/100], Training Loss: 0.1166
Validation Loss: 0.0994, Validation Accuracy: 96.78%

Per-Class Validation Accuracy:
  Class 0: 94.59% (1452/1535)
  Class 1: 99.93% (1461/1462)
  Class 2: 92.81% (1408/1517)
  Class 3: 100.00% (1486/1486)
Epoch [80/100], Training Loss: 0.1198
Validation Loss: 0.1177, Validation Accuracy: 95.92%

Per-Class Validation Accuracy:
  Class 0: 97.07% (1490/1535)
  Class 1: 99.93% (1461/1462)
  Class 2: 86.88% (1318/1517)
  Class 3: 100.00% (1486/1486)
Epoch [81/100], Training Loss: 0.0992
Validation Loss: 0.1125, Validation Accuracy: 96.05%

Per-Class Validation Accuracy:
  Class 0: 99.02% (1520/1535)
  Class 1: 99.93% (1461/1462)
  Class 2: 85.43% (1296/1517)
  Class 3: 100.00% (1486/1486)
Epoch [82/100], Training Loss: 0.0927
Validation Loss: 0.0758, Validation Accuracy: 97.57%

Per-Class Validation Accuracy:
  Class 0: 95.96% (1473/1535)
  Class 1: 99.93% (1461/1462)
  Class 2: 94.53% (1434/1517)
  Class 3: 100.00% (1486/1486)
Epoch [83/100], Training Loss: 0.0942
Validation Loss: 0.0995, Validation Accuracy: 96.27%

Per-Class Validation Accuracy:
  Class 0: 99.80% (1532/1535)
  Class 1: 99.93% (1461/1462)
  Class 2: 85.50% (1297/1517)
  Class 3: 100.00% (1486/1486)
Epoch [84/100], Training Loss: 0.0900
Validation Loss: 0.0800, Validation Accuracy: 97.05%

Per-Class Validation Accuracy:
  Class 0: 92.57% (1421/1535)
  Class 1: 99.93% (1461/1462)
  Class 2: 95.91% (1455/1517)
  Class 3: 100.00% (1486/1486)
Epoch [85/100], Training Loss: 0.0917
Validation Loss: 0.0885, Validation Accuracy: 96.67%

Per-Class Validation Accuracy:
  Class 0: 98.11% (1506/1535)
  Class 1: 99.93% (1461/1462)
  Class 2: 88.79% (1347/1517)
  Class 3: 100.00% (1486/1486)
Epoch [86/100], Training Loss: 0.0852
Validation Loss: 0.0728, Validation Accuracy: 97.53%

Per-Class Validation Accuracy:
  Class 0: 95.37% (1464/1535)
  Class 1: 99.93% (1461/1462)
  Class 2: 94.99% (1441/1517)
  Class 3: 100.00% (1486/1486)
Epoch [87/100], Training Loss: 0.0884
Validation Loss: 0.1154, Validation Accuracy: 94.50%

Per-Class Validation Accuracy:
  Class 0: 85.99% (1320/1535)
  Class 1: 99.93% (1461/1462)
  Class 2: 92.49% (1403/1517)
  Class 3: 100.00% (1486/1486)
Epoch [88/100], Training Loss: 0.0879
Validation Loss: 0.0833, Validation Accuracy: 96.87%

Per-Class Validation Accuracy:
  Class 0: 98.96% (1519/1535)
  Class 1: 99.93% (1461/1462)
  Class 2: 88.73% (1346/1517)
  Class 3: 100.00% (1486/1486)
Epoch [89/100], Training Loss: 0.0893
Validation Loss: 0.0903, Validation Accuracy: 96.82%

Per-Class Validation Accuracy:
  Class 0: 97.13% (1491/1535)
  Class 1: 99.93% (1461/1462)
  Class 2: 90.38% (1371/1517)
  Class 3: 100.00% (1486/1486)
Epoch [90/100], Training Loss: 0.0907
Validation Loss: 0.0727, Validation Accuracy: 97.23%

Per-Class Validation Accuracy:
  Class 0: 93.29% (1432/1535)
  Class 1: 99.93% (1461/1462)
  Class 2: 95.91% (1455/1517)
  Class 3: 100.00% (1486/1486)
Epoch [91/100], Training Loss: 0.0862
Validation Loss: 0.0768, Validation Accuracy: 97.30%

Per-Class Validation Accuracy:
  Class 0: 96.48% (1481/1535)
  Class 1: 99.93% (1461/1462)
  Class 2: 92.95% (1410/1517)
  Class 3: 100.00% (1486/1486)
Epoch [92/100], Training Loss: 0.0898
Validation Loss: 0.1110, Validation Accuracy: 95.42%

Per-Class Validation Accuracy:
  Class 0: 99.93% (1534/1535)
  Class 1: 99.93% (1461/1462)
  Class 2: 82.00% (1244/1517)
  Class 3: 100.00% (1486/1486)
Epoch [93/100], Training Loss: 0.0879
Validation Loss: 0.1414, Validation Accuracy: 94.13%

Per-Class Validation Accuracy:
  Class 0: 94.92% (1457/1535)
  Class 1: 99.93% (1461/1462)
  Class 2: 82.00% (1244/1517)
  Class 3: 100.00% (1486/1486)
Epoch [94/100], Training Loss: 0.0856
Validation Loss: 0.0793, Validation Accuracy: 97.68%

Per-Class Validation Accuracy:
  Class 0: 98.70% (1515/1535)
  Class 1: 99.93% (1461/1462)
  Class 2: 92.22% (1399/1517)
  Class 3: 100.00% (1486/1486)
Epoch [95/100], Training Loss: 0.0843
Validation Loss: 0.1415, Validation Accuracy: 93.13%

Per-Class Validation Accuracy:
  Class 0: 74.98% (1151/1535)
  Class 1: 99.93% (1461/1462)
  Class 2: 98.22% (1490/1517)
  Class 3: 100.00% (1486/1486)
Epoch [96/100], Training Loss: 0.0901
Validation Loss: 0.0744, Validation Accuracy: 97.73%

Per-Class Validation Accuracy:
  Class 0: 99.02% (1520/1535)
  Class 1: 99.93% (1461/1462)
  Class 2: 92.09% (1397/1517)
  Class 3: 100.00% (1486/1486)
Epoch [97/100], Training Loss: 0.0690
Validation Loss: 0.0740, Validation Accuracy: 97.67%

Per-Class Validation Accuracy:
  Class 0: 98.18% (1507/1535)
  Class 1: 99.93% (1461/1462)
  Class 2: 92.68% (1406/1517)
  Class 3: 100.00% (1486/1486)
Epoch [98/100], Training Loss: 0.0705
Validation Loss: 0.0715, Validation Accuracy: 97.82%

Per-Class Validation Accuracy:
  Class 0: 98.24% (1508/1535)
  Class 1: 99.93% (1461/1462)
  Class 2: 93.21% (1414/1517)
  Class 3: 100.00% (1486/1486)
Epoch [99/100], Training Loss: 0.0701
Validation Loss: 0.0853, Validation Accuracy: 96.42%

Per-Class Validation Accuracy:
  Class 0: 99.28% (1524/1535)
  Class 1: 99.93% (1461/1462)
  Class 2: 86.62% (1314/1517)
  Class 3: 100.00% (1486/1486)
Epoch [100/100], Training Loss: 0.0706
Validation Loss: 0.0936, Validation Accuracy: 96.92%

Per-Class Validation Accuracy:
  Class 0: 99.09% (1521/1535)
  Class 1: 99.93% (1461/1462)
  Class 2: 88.79% (1347/1517)
  Class 3: 100.00% (1486/1486)

	Elapsed time is 1435.7774 seconds.

==========================================================================================
Total parameters: 7963
Total memory (bytes): 63704
Total memory (MB): 0.06075286865234375
==========================================================================================
Validation Loss: 0.0936, Validation Accuracy: 96.92%

Per-Class Validation Accuracy:
  No Thrust: 99.09% (1521/1535)
  Chemical: 99.93% (1461/1462)
  Electric: 88.79% (1347/1517)
  Impulsive: 100.00% (1486/1486)
