GPU is available

Entering Decision Trees Training Loop

==========================================================================================
Total parameters: NaN
Total memory (bytes): 1433564
Total memory (MB): 1.3671531677246094
==========================================================================================
Validation Loss: 0.2069, Validation Accuracy: 93.40%

Per-Class Validation Accuracy:
  No Thrust: 81.81% (1223/1495)
  Chemical: 100.00% (1464/1464)
  Electric: 91.79% (1387/1511)
  Impulsive: 100.00% (1530/1530)

Classification Report:
              precision    recall  f1-score   support

   No Thrust     0.9079    0.8181    0.8607      1495
    Chemical     1.0000    1.0000    1.0000      1464
    Electric     0.8360    0.9179    0.8751      1511
   Impulsive     1.0000    1.0000    1.0000      1530

    accuracy                         0.9340      6000
   macro avg     0.9360    0.9340    0.9339      6000
weighted avg     0.9358    0.9340    0.9338      6000


Confusion Matrix (rows = true, cols = predicted):
             P_No Thrust  P_Chemical  P_Electric  P_Impulsive
T_No Thrust         1223           0         272            0
T_Chemical             0        1464           0            0
T_Electric           124           0        1387            0
T_Impulsive            0           0           0         1530

Entering LSTM Training Loop
Epoch [1/100], Training Loss: 0.5333
Validation Loss: 0.4077, Validation Accuracy: 74.40%

Per-Class Validation Accuracy:
  Class 0: 2.14% (32/1495)
  Class 1: 99.66% (1459/1464)
  Class 2: 95.76% (1447/1511)
  Class 3: 99.74% (1526/1530)
Epoch [2/100], Training Loss: 0.3902
Validation Loss: 0.3656, Validation Accuracy: 74.65%

Per-Class Validation Accuracy:
  Class 0: 88.43% (1322/1495)
  Class 1: 100.00% (1464/1464)
  Class 2: 10.79% (163/1511)
  Class 3: 100.00% (1530/1530)
Epoch [3/100], Training Loss: 0.3575
Validation Loss: 0.3505, Validation Accuracy: 74.88%

Per-Class Validation Accuracy:
  Class 0: 95.05% (1421/1495)
  Class 1: 100.00% (1464/1464)
  Class 2: 5.16% (78/1511)
  Class 3: 100.00% (1530/1530)
Epoch [4/100], Training Loss: 0.4196
Validation Loss: 0.3497, Validation Accuracy: 74.95%

Per-Class Validation Accuracy:
  Class 0: 85.48% (1278/1495)
  Class 1: 100.00% (1464/1464)
  Class 2: 14.89% (225/1511)
  Class 3: 100.00% (1530/1530)
Epoch [5/100], Training Loss: 0.3587
Validation Loss: 0.3479, Validation Accuracy: 75.95%

Per-Class Validation Accuracy:
  Class 0: 6.96% (104/1495)
  Class 1: 100.00% (1464/1464)
  Class 2: 96.56% (1459/1511)
  Class 3: 100.00% (1530/1530)
Epoch [6/100], Training Loss: 0.3543
Validation Loss: 0.3478, Validation Accuracy: 74.78%

Per-Class Validation Accuracy:
  Class 0: 78.19% (1169/1495)
  Class 1: 100.00% (1464/1464)
  Class 2: 21.44% (324/1511)
  Class 3: 100.00% (1530/1530)
Epoch [7/100], Training Loss: 0.3518
Validation Loss: 0.3500, Validation Accuracy: 75.07%

Per-Class Validation Accuracy:
  Class 0: 0.00% (0/1495)
  Class 1: 100.00% (1464/1464)
  Class 2: 99.93% (1510/1511)
  Class 3: 100.00% (1530/1530)
Epoch [8/100], Training Loss: 0.3517
Validation Loss: 0.3480, Validation Accuracy: 75.08%

Per-Class Validation Accuracy:
  Class 0: 0.00% (0/1495)
  Class 1: 100.00% (1464/1464)
  Class 2: 100.00% (1511/1511)
  Class 3: 100.00% (1530/1530)
Epoch [9/100], Training Loss: 0.3681
Validation Loss: 0.3492, Validation Accuracy: 75.27%

Per-Class Validation Accuracy:
  Class 0: 25.22% (377/1495)
  Class 1: 100.00% (1464/1464)
  Class 2: 75.78% (1145/1511)
  Class 3: 100.00% (1530/1530)
Epoch [10/100], Training Loss: 0.3521
Validation Loss: 0.3524, Validation Accuracy: 75.72%

Per-Class Validation Accuracy:
  Class 0: 29.57% (442/1495)
  Class 1: 100.00% (1464/1464)
  Class 2: 73.26% (1107/1511)
  Class 3: 100.00% (1530/1530)
Epoch [11/100], Training Loss: 0.3483
Validation Loss: 0.3491, Validation Accuracy: 75.12%

Per-Class Validation Accuracy:
  Class 0: 64.75% (968/1495)
  Class 1: 100.00% (1464/1464)
  Class 2: 36.07% (545/1511)
  Class 3: 100.00% (1530/1530)
Epoch [12/100], Training Loss: 0.3534
Validation Loss: 0.3508, Validation Accuracy: 75.08%

Per-Class Validation Accuracy:
  Class 0: 0.00% (0/1495)
  Class 1: 100.00% (1464/1464)
  Class 2: 100.00% (1511/1511)
  Class 3: 100.00% (1530/1530)
Epoch [13/100], Training Loss: 0.3484
Validation Loss: 0.3473, Validation Accuracy: 76.13%

Per-Class Validation Accuracy:
  Class 0: 56.19% (840/1495)
  Class 1: 100.00% (1464/1464)
  Class 2: 48.58% (734/1511)
  Class 3: 100.00% (1530/1530)
Epoch [14/100], Training Loss: 0.3483
Validation Loss: 0.3476, Validation Accuracy: 75.95%

Per-Class Validation Accuracy:
  Class 0: 22.54% (337/1495)
  Class 1: 100.00% (1464/1464)
  Class 2: 81.14% (1226/1511)
  Class 3: 100.00% (1530/1530)
Epoch [15/100], Training Loss: 0.3468
Validation Loss: 0.3474, Validation Accuracy: 75.47%

Per-Class Validation Accuracy:
  Class 0: 71.44% (1068/1495)
  Class 1: 100.00% (1464/1464)
  Class 2: 30.84% (466/1511)
  Class 3: 100.00% (1530/1530)
Epoch [16/100], Training Loss: 0.3466
Validation Loss: 0.3468, Validation Accuracy: 76.10%

Per-Class Validation Accuracy:
  Class 0: 15.85% (237/1495)
  Class 1: 100.00% (1464/1464)
  Class 2: 88.35% (1335/1511)
  Class 3: 100.00% (1530/1530)
Epoch [17/100], Training Loss: 0.3464
Validation Loss: 0.3477, Validation Accuracy: 75.47%

Per-Class Validation Accuracy:
  Class 0: 29.63% (443/1495)
  Class 1: 100.00% (1464/1464)
  Class 2: 72.20% (1091/1511)
  Class 3: 100.00% (1530/1530)
Epoch [18/100], Training Loss: 0.3478
Validation Loss: 0.3467, Validation Accuracy: 75.27%

Per-Class Validation Accuracy:
  Class 0: 58.33% (872/1495)
  Class 1: 100.00% (1464/1464)
  Class 2: 43.02% (650/1511)
  Class 3: 100.00% (1530/1530)
Epoch [19/100], Training Loss: 0.3462
Validation Loss: 0.3470, Validation Accuracy: 75.25%

Per-Class Validation Accuracy:
  Class 0: 20.87% (312/1495)
  Class 1: 100.00% (1464/1464)
  Class 2: 80.01% (1209/1511)
  Class 3: 100.00% (1530/1530)
Epoch [20/100], Training Loss: 0.3464
Validation Loss: 0.3468, Validation Accuracy: 75.55%

Per-Class Validation Accuracy:
  Class 0: 48.23% (721/1495)
  Class 1: 100.00% (1464/1464)
  Class 2: 54.14% (818/1511)
  Class 3: 100.00% (1530/1530)
Epoch [21/100], Training Loss: 0.3533
Validation Loss: 0.3475, Validation Accuracy: 75.18%

Per-Class Validation Accuracy:
  Class 0: 67.22% (1005/1495)
  Class 1: 100.00% (1464/1464)
  Class 2: 33.88% (512/1511)
  Class 3: 100.00% (1530/1530)
Epoch [22/100], Training Loss: 0.3463
Validation Loss: 0.3473, Validation Accuracy: 75.28%

Per-Class Validation Accuracy:
  Class 0: 67.83% (1014/1495)
  Class 1: 100.00% (1464/1464)
  Class 2: 33.69% (509/1511)
  Class 3: 100.00% (1530/1530)
Epoch [23/100], Training Loss: 0.3464
Validation Loss: 0.3466, Validation Accuracy: 75.47%

Per-Class Validation Accuracy:
  Class 0: 37.19% (556/1495)
  Class 1: 100.00% (1464/1464)
  Class 2: 64.73% (978/1511)
  Class 3: 100.00% (1530/1530)
Epoch [24/100], Training Loss: 0.3473
Validation Loss: 0.3468, Validation Accuracy: 75.30%

Per-Class Validation Accuracy:
  Class 0: 58.19% (870/1495)
  Class 1: 100.00% (1464/1464)
  Class 2: 43.28% (654/1511)
  Class 3: 100.00% (1530/1530)
Epoch [25/100], Training Loss: 0.3461
Validation Loss: 0.3473, Validation Accuracy: 75.28%

Per-Class Validation Accuracy:
  Class 0: 63.34% (947/1495)
  Class 1: 100.00% (1464/1464)
  Class 2: 38.12% (576/1511)
  Class 3: 100.00% (1530/1530)
Epoch [26/100], Training Loss: 0.3460
Validation Loss: 0.3464, Validation Accuracy: 76.02%

Per-Class Validation Accuracy:
  Class 0: 31.71% (474/1495)
  Class 1: 100.00% (1464/1464)
  Class 2: 72.34% (1093/1511)
  Class 3: 100.00% (1530/1530)
Epoch [27/100], Training Loss: 0.3482
Validation Loss: 0.3466, Validation Accuracy: 76.13%

Per-Class Validation Accuracy:
  Class 0: 24.75% (370/1495)
  Class 1: 100.00% (1464/1464)
  Class 2: 79.68% (1204/1511)
  Class 3: 100.00% (1530/1530)
Epoch [28/100], Training Loss: 0.3456
Validation Loss: 0.3460, Validation Accuracy: 76.18%

Per-Class Validation Accuracy:
  Class 0: 57.32% (857/1495)
  Class 1: 100.00% (1464/1464)
  Class 2: 47.65% (720/1511)
  Class 3: 100.00% (1530/1530)
Epoch [29/100], Training Loss: 0.3456
Validation Loss: 0.3468, Validation Accuracy: 75.85%

Per-Class Validation Accuracy:
  Class 0: 71.51% (1069/1495)
  Class 1: 100.00% (1464/1464)
  Class 2: 32.30% (488/1511)
  Class 3: 100.00% (1530/1530)
Epoch [30/100], Training Loss: 0.3459
Validation Loss: 0.3461, Validation Accuracy: 75.43%

Per-Class Validation Accuracy:
  Class 0: 50.64% (757/1495)
  Class 1: 100.00% (1464/1464)
  Class 2: 51.29% (775/1511)
  Class 3: 100.00% (1530/1530)
Epoch [31/100], Training Loss: 0.3460
Validation Loss: 0.3459, Validation Accuracy: 76.18%

Per-Class Validation Accuracy:
  Class 0: 43.34% (648/1495)
  Class 1: 100.00% (1464/1464)
  Class 2: 61.48% (929/1511)
  Class 3: 100.00% (1530/1530)
Epoch [32/100], Training Loss: 0.3458
Validation Loss: 0.3462, Validation Accuracy: 75.83%

Per-Class Validation Accuracy:
  Class 0: 23.61% (353/1495)
  Class 1: 100.00% (1464/1464)
  Class 2: 79.62% (1203/1511)
  Class 3: 100.00% (1530/1530)
Epoch [33/100], Training Loss: 0.3452
Validation Loss: 0.3449, Validation Accuracy: 76.17%

Per-Class Validation Accuracy:
  Class 0: 35.12% (525/1495)
  Class 1: 100.00% (1464/1464)
  Class 2: 69.56% (1051/1511)
  Class 3: 100.00% (1530/1530)
Epoch [34/100], Training Loss: 0.3456
Validation Loss: 0.3463, Validation Accuracy: 76.23%

Per-Class Validation Accuracy:
  Class 0: 19.87% (297/1495)
  Class 1: 100.00% (1464/1464)
  Class 2: 84.91% (1283/1511)
  Class 3: 100.00% (1530/1530)
Epoch [35/100], Training Loss: 0.3469
Validation Loss: 0.3459, Validation Accuracy: 75.67%

Per-Class Validation Accuracy:
  Class 0: 35.92% (537/1495)
  Class 1: 100.00% (1464/1464)
  Class 2: 66.78% (1009/1511)
  Class 3: 100.00% (1530/1530)
Epoch [36/100], Training Loss: 0.3444
Validation Loss: 0.3446, Validation Accuracy: 76.58%

Per-Class Validation Accuracy:
  Class 0: 35.85% (536/1495)
  Class 1: 100.00% (1464/1464)
  Class 2: 70.48% (1065/1511)
  Class 3: 100.00% (1530/1530)
Epoch [37/100], Training Loss: 0.3442
Validation Loss: 0.3473, Validation Accuracy: 75.13%

Per-Class Validation Accuracy:
  Class 0: 14.45% (216/1495)
  Class 1: 100.00% (1464/1464)
  Class 2: 85.90% (1298/1511)
  Class 3: 100.00% (1530/1530)
Epoch [38/100], Training Loss: 0.3443
Validation Loss: 0.3444, Validation Accuracy: 77.02%

Per-Class Validation Accuracy:
  Class 0: 48.29% (722/1495)
  Class 1: 100.00% (1464/1464)
  Class 2: 59.89% (905/1511)
  Class 3: 100.00% (1530/1530)
Epoch [39/100], Training Loss: 0.3437
Validation Loss: 0.3443, Validation Accuracy: 76.38%

Per-Class Validation Accuracy:
  Class 0: 20.47% (306/1495)
  Class 1: 100.00% (1464/1464)
  Class 2: 84.91% (1283/1511)
  Class 3: 100.00% (1530/1530)
Epoch [40/100], Training Loss: 0.3487
Validation Loss: 0.3465, Validation Accuracy: 76.27%

Per-Class Validation Accuracy:
  Class 0: 56.25% (841/1495)
  Class 1: 100.00% (1464/1464)
  Class 2: 49.04% (741/1511)
  Class 3: 100.00% (1530/1530)
Epoch [41/100], Training Loss: 0.3436
Validation Loss: 0.3440, Validation Accuracy: 76.38%

Per-Class Validation Accuracy:
  Class 0: 18.26% (273/1495)
  Class 1: 100.00% (1464/1464)
  Class 2: 87.09% (1316/1511)
  Class 3: 100.00% (1530/1530)
Epoch [42/100], Training Loss: 0.3428
Validation Loss: 0.3417, Validation Accuracy: 76.57%

Per-Class Validation Accuracy:
  Class 0: 24.28% (363/1495)
  Class 1: 100.00% (1464/1464)
  Class 2: 81.87% (1237/1511)
  Class 3: 100.00% (1530/1530)
Epoch [43/100], Training Loss: 0.3436
Validation Loss: 0.3450, Validation Accuracy: 76.40%

Per-Class Validation Accuracy:
  Class 0: 71.17% (1064/1495)
  Class 1: 100.00% (1464/1464)
  Class 2: 34.81% (526/1511)
  Class 3: 100.00% (1530/1530)
Epoch [44/100], Training Loss: 0.3431
Validation Loss: 0.3439, Validation Accuracy: 76.38%

Per-Class Validation Accuracy:
  Class 0: 22.61% (338/1495)
  Class 1: 100.00% (1464/1464)
  Class 2: 82.79% (1251/1511)
  Class 3: 100.00% (1530/1530)
Epoch [45/100], Training Loss: 0.3432
Validation Loss: 0.3417, Validation Accuracy: 77.08%

Per-Class Validation Accuracy:
  Class 0: 29.97% (448/1495)
  Class 1: 100.00% (1464/1464)
  Class 2: 78.29% (1183/1511)
  Class 3: 100.00% (1530/1530)
Epoch [46/100], Training Loss: 0.3422
Validation Loss: 0.3415, Validation Accuracy: 76.75%

Per-Class Validation Accuracy:
  Class 0: 56.99% (852/1495)
  Class 1: 100.00% (1464/1464)
  Class 2: 50.23% (759/1511)
  Class 3: 100.00% (1530/1530)
Epoch [47/100], Training Loss: 0.3412
Validation Loss: 0.3420, Validation Accuracy: 76.68%

Per-Class Validation Accuracy:
  Class 0: 29.16% (436/1495)
  Class 1: 100.00% (1464/1464)
  Class 2: 77.50% (1171/1511)
  Class 3: 100.00% (1530/1530)
Epoch [48/100], Training Loss: 0.3411
Validation Loss: 0.3418, Validation Accuracy: 77.53%

Per-Class Validation Accuracy:
  Class 0: 33.11% (495/1495)
  Class 1: 100.00% (1464/1464)
  Class 2: 76.97% (1163/1511)
  Class 3: 100.00% (1530/1530)
Epoch [49/100], Training Loss: 0.3405
Validation Loss: 0.3392, Validation Accuracy: 75.52%

Per-Class Validation Accuracy:
  Class 0: 99.00% (1480/1495)
  Class 1: 100.00% (1464/1464)
  Class 2: 3.77% (57/1511)
  Class 3: 100.00% (1530/1530)
Epoch [50/100], Training Loss: 0.3407
Validation Loss: 0.3436, Validation Accuracy: 76.73%

Per-Class Validation Accuracy:
  Class 0: 26.09% (390/1495)
  Class 1: 100.00% (1464/1464)
  Class 2: 80.74% (1220/1511)
  Class 3: 100.00% (1530/1530)
Epoch [51/100], Training Loss: 0.3392
Validation Loss: 0.3378, Validation Accuracy: 77.75%

Per-Class Validation Accuracy:
  Class 0: 46.15% (690/1495)
  Class 1: 100.00% (1464/1464)
  Class 2: 64.92% (981/1511)
  Class 3: 100.00% (1530/1530)
Epoch [52/100], Training Loss: 0.3392
Validation Loss: 0.3381, Validation Accuracy: 78.47%

Per-Class Validation Accuracy:
  Class 0: 26.56% (397/1495)
  Class 1: 100.00% (1464/1464)
  Class 2: 87.16% (1317/1511)
  Class 3: 100.00% (1530/1530)
Epoch [53/100], Training Loss: 0.3398
Validation Loss: 0.3408, Validation Accuracy: 76.68%

Per-Class Validation Accuracy:
  Class 0: 9.43% (141/1495)
  Class 1: 100.00% (1464/1464)
  Class 2: 97.02% (1466/1511)
  Class 3: 100.00% (1530/1530)
Epoch [54/100], Training Loss: 0.3390
Validation Loss: 0.3405, Validation Accuracy: 77.22%

Per-Class Validation Accuracy:
  Class 0: 74.78% (1118/1495)
  Class 1: 100.00% (1464/1464)
  Class 2: 34.48% (521/1511)
  Class 3: 100.00% (1530/1530)
Epoch [55/100], Training Loss: 0.3388
Validation Loss: 0.3383, Validation Accuracy: 77.22%

Per-Class Validation Accuracy:
  Class 0: 18.66% (279/1495)
  Class 1: 100.00% (1464/1464)
  Class 2: 90.01% (1360/1511)
  Class 3: 100.00% (1530/1530)
Epoch [56/100], Training Loss: 0.3377
Validation Loss: 0.3392, Validation Accuracy: 77.18%

Per-Class Validation Accuracy:
  Class 0: 39.40% (589/1495)
  Class 1: 100.00% (1464/1464)
  Class 2: 69.36% (1048/1511)
  Class 3: 100.00% (1530/1530)
Epoch [57/100], Training Loss: 0.3377
Validation Loss: 0.3414, Validation Accuracy: 77.10%

Per-Class Validation Accuracy:
  Class 0: 40.47% (605/1495)
  Class 1: 100.00% (1464/1464)
  Class 2: 67.97% (1027/1511)
  Class 3: 100.00% (1530/1530)
Epoch [58/100], Training Loss: 0.3335
Validation Loss: 0.3535, Validation Accuracy: 77.38%

Per-Class Validation Accuracy:
  Class 0: 63.28% (946/1495)
  Class 1: 100.00% (1464/1464)
  Class 2: 46.53% (703/1511)
  Class 3: 100.00% (1530/1530)
Epoch [59/100], Training Loss: 0.3315
Validation Loss: 0.3655, Validation Accuracy: 76.02%

Per-Class Validation Accuracy:
  Class 0: 93.85% (1403/1495)
  Class 1: 100.00% (1464/1464)
  Class 2: 10.85% (164/1511)
  Class 3: 100.00% (1530/1530)
Epoch [60/100], Training Loss: 0.3274
Validation Loss: 0.3400, Validation Accuracy: 77.38%

Per-Class Validation Accuracy:
  Class 0: 27.02% (404/1495)
  Class 1: 100.00% (1464/1464)
  Class 2: 82.40% (1245/1511)
  Class 3: 100.00% (1530/1530)
Epoch [61/100], Training Loss: 0.3245
Validation Loss: 0.3193, Validation Accuracy: 80.73%

Per-Class Validation Accuracy:
  Class 0: 47.16% (705/1495)
  Class 1: 100.00% (1464/1464)
  Class 2: 75.78% (1145/1511)
  Class 3: 100.00% (1530/1530)
Epoch [62/100], Training Loss: 0.3227
Validation Loss: 0.3784, Validation Accuracy: 76.42%

Per-Class Validation Accuracy:
  Class 0: 30.90% (462/1495)
  Class 1: 100.00% (1464/1464)
  Class 2: 74.72% (1129/1511)
  Class 3: 100.00% (1530/1530)
Epoch [63/100], Training Loss: 0.3217
Validation Loss: 0.3228, Validation Accuracy: 80.65%

Per-Class Validation Accuracy:
  Class 0: 60.67% (907/1495)
  Class 1: 100.00% (1464/1464)
  Class 2: 62.08% (938/1511)
  Class 3: 100.00% (1530/1530)
Epoch [64/100], Training Loss: 0.3202
Validation Loss: 0.3239, Validation Accuracy: 81.20%

Per-Class Validation Accuracy:
  Class 0: 31.97% (478/1495)
  Class 1: 100.00% (1464/1464)
  Class 2: 92.65% (1400/1511)
  Class 3: 100.00% (1530/1530)
Epoch [65/100], Training Loss: 0.3195
Validation Loss: 0.3110, Validation Accuracy: 80.87%

Per-Class Validation Accuracy:
  Class 0: 54.45% (814/1495)
  Class 1: 100.00% (1464/1464)
  Class 2: 69.09% (1044/1511)
  Class 3: 100.00% (1530/1530)
Epoch [66/100], Training Loss: 0.3180
Validation Loss: 0.3198, Validation Accuracy: 80.78%

Per-Class Validation Accuracy:
  Class 0: 39.60% (592/1495)
  Class 1: 100.00% (1464/1464)
  Class 2: 83.45% (1261/1511)
  Class 3: 100.00% (1530/1530)
Epoch [67/100], Training Loss: 0.3173
Validation Loss: 0.3480, Validation Accuracy: 77.58%

Per-Class Validation Accuracy:
  Class 0: 74.72% (1117/1495)
  Class 1: 100.00% (1464/1464)
  Class 2: 36.00% (544/1511)
  Class 3: 100.00% (1530/1530)
Epoch [68/100], Training Loss: 0.3152
Validation Loss: 0.3223, Validation Accuracy: 80.12%

Per-Class Validation Accuracy:
  Class 0: 35.05% (524/1495)
  Class 1: 100.00% (1464/1464)
  Class 2: 85.31% (1289/1511)
  Class 3: 100.00% (1530/1530)
Epoch [69/100], Training Loss: 0.3166
Validation Loss: 0.3131, Validation Accuracy: 81.18%

Per-Class Validation Accuracy:
  Class 0: 27.63% (413/1495)
  Class 1: 100.00% (1464/1464)
  Class 2: 96.89% (1464/1511)
  Class 3: 100.00% (1530/1530)
Epoch [70/100], Training Loss: 0.3158
Validation Loss: 0.3056, Validation Accuracy: 82.88%

Per-Class Validation Accuracy:
  Class 0: 53.58% (801/1495)
  Class 1: 100.00% (1464/1464)
  Class 2: 77.96% (1178/1511)
  Class 3: 100.00% (1530/1530)
Epoch [71/100], Training Loss: 0.3114
Validation Loss: 0.3049, Validation Accuracy: 81.93%

Per-Class Validation Accuracy:
  Class 0: 64.75% (968/1495)
  Class 1: 100.00% (1464/1464)
  Class 2: 63.14% (954/1511)
  Class 3: 100.00% (1530/1530)
Epoch [72/100], Training Loss: 0.3122
Validation Loss: 0.3229, Validation Accuracy: 80.07%

Per-Class Validation Accuracy:
  Class 0: 76.39% (1142/1495)
  Class 1: 100.00% (1464/1464)
  Class 2: 44.21% (668/1511)
  Class 3: 100.00% (1530/1530)
Epoch [73/100], Training Loss: 0.3117
Validation Loss: 0.3046, Validation Accuracy: 81.47%

Per-Class Validation Accuracy:
  Class 0: 75.99% (1136/1495)
  Class 1: 100.00% (1464/1464)
  Class 2: 50.17% (758/1511)
  Class 3: 100.00% (1530/1530)
Epoch [74/100], Training Loss: 0.3106
Validation Loss: 0.3013, Validation Accuracy: 83.42%

Per-Class Validation Accuracy:
  Class 0: 56.12% (839/1495)
  Class 1: 100.00% (1464/1464)
  Class 2: 77.56% (1172/1511)
  Class 3: 100.00% (1530/1530)
Epoch [75/100], Training Loss: 0.3122
Validation Loss: 0.3137, Validation Accuracy: 80.82%

Per-Class Validation Accuracy:
  Class 0: 65.89% (985/1495)
  Class 1: 100.00% (1464/1464)
  Class 2: 57.58% (870/1511)
  Class 3: 100.00% (1530/1530)
Epoch [76/100], Training Loss: 0.3089
Validation Loss: 0.3129, Validation Accuracy: 81.52%

Per-Class Validation Accuracy:
  Class 0: 42.21% (631/1495)
  Class 1: 100.00% (1464/1464)
  Class 2: 83.79% (1266/1511)
  Class 3: 100.00% (1530/1530)
Epoch [77/100], Training Loss: 0.3072
Validation Loss: 0.3032, Validation Accuracy: 82.60%

Per-Class Validation Accuracy:
  Class 0: 61.74% (923/1495)
  Class 1: 100.00% (1464/1464)
  Class 2: 68.76% (1039/1511)
  Class 3: 100.00% (1530/1530)
Epoch [78/100], Training Loss: 0.3078
Validation Loss: 0.3401, Validation Accuracy: 78.82%

Per-Class Validation Accuracy:
  Class 0: 35.18% (526/1495)
  Class 1: 100.00% (1464/1464)
  Class 2: 80.01% (1209/1511)
  Class 3: 100.00% (1530/1530)
Epoch [79/100], Training Loss: 0.3061
Validation Loss: 0.3027, Validation Accuracy: 82.20%

Per-Class Validation Accuracy:
  Class 0: 42.01% (628/1495)
  Class 1: 100.00% (1464/1464)
  Class 2: 86.70% (1310/1511)
  Class 3: 100.00% (1530/1530)
Epoch [80/100], Training Loss: 0.3081
Validation Loss: 0.3054, Validation Accuracy: 82.62%

Per-Class Validation Accuracy:
  Class 0: 45.22% (676/1495)
  Class 1: 100.00% (1464/1464)
  Class 2: 85.18% (1287/1511)
  Class 3: 100.00% (1530/1530)
Epoch [81/100], Training Loss: 0.2936
Validation Loss: 0.2952, Validation Accuracy: 83.13%

Per-Class Validation Accuracy:
  Class 0: 58.80% (879/1495)
  Class 1: 100.00% (1464/1464)
  Class 2: 73.79% (1115/1511)
  Class 3: 100.00% (1530/1530)
Epoch [82/100], Training Loss: 0.2912
Validation Loss: 0.3095, Validation Accuracy: 82.90%

Per-Class Validation Accuracy:
  Class 0: 46.76% (699/1495)
  Class 1: 100.00% (1464/1464)
  Class 2: 84.78% (1281/1511)
  Class 3: 100.00% (1530/1530)
Epoch [83/100], Training Loss: 0.2872
Validation Loss: 0.2895, Validation Accuracy: 83.60%

Per-Class Validation Accuracy:
  Class 0: 48.43% (724/1495)
  Class 1: 100.00% (1464/1464)
  Class 2: 85.90% (1298/1511)
  Class 3: 100.00% (1530/1530)
Epoch [84/100], Training Loss: 0.2878
Validation Loss: 0.2903, Validation Accuracy: 83.27%

Per-Class Validation Accuracy:
  Class 0: 72.78% (1088/1495)
  Class 1: 100.00% (1464/1464)
  Class 2: 60.49% (914/1511)
  Class 3: 100.00% (1530/1530)
Epoch [85/100], Training Loss: 0.2878
Validation Loss: 0.2827, Validation Accuracy: 83.75%

Per-Class Validation Accuracy:
  Class 0: 57.12% (854/1495)
  Class 1: 100.00% (1464/1464)
  Class 2: 77.90% (1177/1511)
  Class 3: 100.00% (1530/1530)
Epoch [86/100], Training Loss: 0.2861
Validation Loss: 0.3239, Validation Accuracy: 80.92%

Per-Class Validation Accuracy:
  Class 0: 38.53% (576/1495)
  Class 1: 100.00% (1464/1464)
  Class 2: 85.04% (1285/1511)
  Class 3: 100.00% (1530/1530)
Epoch [87/100], Training Loss: 0.2844
Validation Loss: 0.2757, Validation Accuracy: 85.18%

Per-Class Validation Accuracy:
  Class 0: 51.10% (764/1495)
  Class 1: 100.00% (1464/1464)
  Class 2: 89.54% (1353/1511)
  Class 3: 100.00% (1530/1530)
Epoch [88/100], Training Loss: 0.2839
Validation Loss: 0.2883, Validation Accuracy: 83.35%

Per-Class Validation Accuracy:
  Class 0: 66.69% (997/1495)
  Class 1: 100.00% (1464/1464)
  Class 2: 66.84% (1010/1511)
  Class 3: 100.00% (1530/1530)
Epoch [89/100], Training Loss: 0.2807
Validation Loss: 0.2902, Validation Accuracy: 83.68%

Per-Class Validation Accuracy:
  Class 0: 49.03% (733/1495)
  Class 1: 100.00% (1464/1464)
  Class 2: 85.64% (1294/1511)
  Class 3: 100.00% (1530/1530)
Epoch [90/100], Training Loss: 0.2792
Validation Loss: 0.2715, Validation Accuracy: 85.50%

Per-Class Validation Accuracy:
  Class 0: 57.53% (860/1495)
  Class 1: 100.00% (1464/1464)
  Class 2: 84.45% (1276/1511)
  Class 3: 100.00% (1530/1530)
Epoch [91/100], Training Loss: 0.2810
Validation Loss: 0.3004, Validation Accuracy: 82.70%

Per-Class Validation Accuracy:
  Class 0: 41.14% (615/1495)
  Class 1: 100.00% (1464/1464)
  Class 2: 89.54% (1353/1511)
  Class 3: 100.00% (1530/1530)
Epoch [92/100], Training Loss: 0.2811
Validation Loss: 0.2906, Validation Accuracy: 83.48%

Per-Class Validation Accuracy:
  Class 0: 73.24% (1095/1495)
  Class 1: 100.00% (1464/1464)
  Class 2: 60.89% (920/1511)
  Class 3: 100.00% (1530/1530)
Epoch [93/100], Training Loss: 0.2788
Validation Loss: 0.2692, Validation Accuracy: 85.00%

Per-Class Validation Accuracy:
  Class 0: 68.23% (1020/1495)
  Class 1: 100.00% (1464/1464)
  Class 2: 71.87% (1086/1511)
  Class 3: 100.00% (1530/1530)
Epoch [94/100], Training Loss: 0.2796
Validation Loss: 0.2767, Validation Accuracy: 84.78%

Per-Class Validation Accuracy:
  Class 0: 54.52% (815/1495)
  Class 1: 100.00% (1464/1464)
  Class 2: 84.58% (1278/1511)
  Class 3: 100.00% (1530/1530)
Epoch [95/100], Training Loss: 0.2776
Validation Loss: 0.3015, Validation Accuracy: 83.93%

Per-Class Validation Accuracy:
  Class 0: 59.73% (893/1495)
  Class 1: 100.00% (1464/1464)
  Class 2: 76.04% (1149/1511)
  Class 3: 100.00% (1530/1530)
Epoch [96/100], Training Loss: 0.2767
Validation Loss: 0.2846, Validation Accuracy: 84.20%

Per-Class Validation Accuracy:
  Class 0: 52.78% (789/1495)
  Class 1: 100.00% (1464/1464)
  Class 2: 83.98% (1269/1511)
  Class 3: 100.00% (1530/1530)
Epoch [97/100], Training Loss: 0.2770
Validation Loss: 0.2755, Validation Accuracy: 85.03%

Per-Class Validation Accuracy:
  Class 0: 65.08% (973/1495)
  Class 1: 100.00% (1464/1464)
  Class 2: 75.12% (1135/1511)
  Class 3: 100.00% (1530/1530)
Epoch [98/100], Training Loss: 0.2754
Validation Loss: 0.2723, Validation Accuracy: 85.63%

Per-Class Validation Accuracy:
  Class 0: 66.96% (1001/1495)
  Class 1: 100.00% (1464/1464)
  Class 2: 75.65% (1143/1511)
  Class 3: 100.00% (1530/1530)
Epoch [99/100], Training Loss: 0.2763
Validation Loss: 0.2680, Validation Accuracy: 85.90%

Per-Class Validation Accuracy:
  Class 0: 66.09% (988/1495)
  Class 1: 100.00% (1464/1464)
  Class 2: 77.56% (1172/1511)
  Class 3: 100.00% (1530/1530)
Epoch [100/100], Training Loss: 0.2761
Validation Loss: 0.2745, Validation Accuracy: 84.12%

Per-Class Validation Accuracy:
  Class 0: 73.04% (1092/1495)
  Class 1: 100.00% (1464/1464)
  Class 2: 63.60% (961/1511)
  Class 3: 100.00% (1530/1530)

	Elapsed time is 1088.0411 seconds.

==========================================================================================
Total parameters: 14788
Total memory (bytes): 118304
Total memory (MB): 0.112823486328125
==========================================================================================
Validation Loss: 0.2745, Validation Accuracy: 84.12%

Per-Class Validation Accuracy:
  No Thrust: 73.04% (1092/1495)
  Chemical: 100.00% (1464/1464)
  Electric: 63.60% (961/1511)
  Impulsive: 100.00% (1530/1530)

Classification Report:
              precision    recall  f1-score   support

   No Thrust     0.6650    0.7304    0.6962      1495
    Chemical     1.0000    1.0000    1.0000      1464
    Electric     0.7045    0.6360    0.6685      1511
   Impulsive     1.0000    1.0000    1.0000      1530

    accuracy                         0.8412      6000
   macro avg     0.8424    0.8416    0.8412      6000
weighted avg     0.8421    0.8412    0.8408      6000


Confusion Matrix (rows = true, cols = predicted):
             P_No Thrust  P_Chemical  P_Electric  P_Impulsive
T_No Thrust         1092           0         403            0
T_Chemical             0        1464           0            0
T_Electric           550           0         961            0
T_Impulsive            0           0           0         1530

Entering Mamba Training Loop
Epoch [1/100], Training Loss: 0.4527
Validation Loss: 0.3518, Validation Accuracy: 75.08%

Per-Class Validation Accuracy:
  Class 0: 0.00% (0/1495)
  Class 1: 100.00% (1464/1464)
  Class 2: 100.00% (1511/1511)
  Class 3: 100.00% (1530/1530)
Epoch [2/100], Training Loss: 0.3509
Validation Loss: 0.3473, Validation Accuracy: 75.82%

Per-Class Validation Accuracy:
  Class 0: 45.08% (674/1495)
  Class 1: 100.00% (1464/1464)
  Class 2: 58.31% (881/1511)
  Class 3: 100.00% (1530/1530)
Epoch [3/100], Training Loss: 0.3488
Validation Loss: 0.3475, Validation Accuracy: 75.30%

Per-Class Validation Accuracy:
  Class 0: 5.35% (80/1495)
  Class 1: 100.00% (1464/1464)
  Class 2: 95.57% (1444/1511)
  Class 3: 100.00% (1530/1530)
Epoch [4/100], Training Loss: 0.3476
Validation Loss: 0.3478, Validation Accuracy: 75.32%

Per-Class Validation Accuracy:
  Class 0: 9.77% (146/1495)
  Class 1: 100.00% (1464/1464)
  Class 2: 91.26% (1379/1511)
  Class 3: 100.00% (1530/1530)
Epoch [5/100], Training Loss: 0.3476
Validation Loss: 0.3475, Validation Accuracy: 75.83%

Per-Class Validation Accuracy:
  Class 0: 5.02% (75/1495)
  Class 1: 100.00% (1464/1464)
  Class 2: 98.01% (1481/1511)
  Class 3: 100.00% (1530/1530)
Epoch [6/100], Training Loss: 0.3469
Validation Loss: 0.3469, Validation Accuracy: 77.50%

Per-Class Validation Accuracy:
  Class 0: 47.83% (715/1495)
  Class 1: 100.00% (1464/1464)
  Class 2: 62.28% (941/1511)
  Class 3: 100.00% (1530/1530)
Epoch [7/100], Training Loss: 0.3463
Validation Loss: 0.3472, Validation Accuracy: 75.75%

Per-Class Validation Accuracy:
  Class 0: 59.73% (893/1495)
  Class 1: 100.00% (1464/1464)
  Class 2: 43.55% (658/1511)
  Class 3: 100.00% (1530/1530)
Epoch [8/100], Training Loss: 0.3459
Validation Loss: 0.3447, Validation Accuracy: 76.03%

Per-Class Validation Accuracy:
  Class 0: 30.84% (461/1495)
  Class 1: 100.00% (1464/1464)
  Class 2: 73.26% (1107/1511)
  Class 3: 100.00% (1530/1530)
Epoch [9/100], Training Loss: 0.3443
Validation Loss: 0.3515, Validation Accuracy: 75.40%

Per-Class Validation Accuracy:
  Class 0: 1.27% (19/1495)
  Class 1: 100.00% (1464/1464)
  Class 2: 100.00% (1511/1511)
  Class 3: 100.00% (1530/1530)
Epoch [10/100], Training Loss: 0.3419
Validation Loss: 0.3378, Validation Accuracy: 78.52%

Per-Class Validation Accuracy:
  Class 0: 63.88% (955/1495)
  Class 1: 100.00% (1464/1464)
  Class 2: 50.43% (762/1511)
  Class 3: 100.00% (1530/1530)
Epoch [11/100], Training Loss: 0.3328
Validation Loss: 0.3456, Validation Accuracy: 77.57%

Per-Class Validation Accuracy:
  Class 0: 71.24% (1065/1495)
  Class 1: 100.00% (1464/1464)
  Class 2: 39.38% (595/1511)
  Class 3: 100.00% (1530/1530)
Epoch [12/100], Training Loss: 0.3260
Validation Loss: 0.3072, Validation Accuracy: 84.13%

Per-Class Validation Accuracy:
  Class 0: 43.95% (657/1495)
  Class 1: 100.00% (1464/1464)
  Class 2: 92.46% (1397/1511)
  Class 3: 100.00% (1530/1530)
Epoch [13/100], Training Loss: 0.3140
Validation Loss: 0.3201, Validation Accuracy: 79.78%

Per-Class Validation Accuracy:
  Class 0: 23.81% (356/1495)
  Class 1: 100.00% (1464/1464)
  Class 2: 95.10% (1437/1511)
  Class 3: 100.00% (1530/1530)
Epoch [14/100], Training Loss: 0.3185
Validation Loss: 0.3459, Validation Accuracy: 75.65%

Per-Class Validation Accuracy:
  Class 0: 99.87% (1493/1495)
  Class 1: 100.00% (1464/1464)
  Class 2: 3.44% (52/1511)
  Class 3: 100.00% (1530/1530)
Epoch [15/100], Training Loss: 0.3055
Validation Loss: 0.2909, Validation Accuracy: 83.32%

Per-Class Validation Accuracy:
  Class 0: 65.42% (978/1495)
  Class 1: 100.00% (1464/1464)
  Class 2: 67.97% (1027/1511)
  Class 3: 100.00% (1530/1530)
Epoch [16/100], Training Loss: 0.3034
Validation Loss: 0.2927, Validation Accuracy: 82.17%

Per-Class Validation Accuracy:
  Class 0: 48.16% (720/1495)
  Class 1: 100.00% (1464/1464)
  Class 2: 80.48% (1216/1511)
  Class 3: 100.00% (1530/1530)
Epoch [17/100], Training Loss: 0.2949
Validation Loss: 0.2751, Validation Accuracy: 88.72%

Per-Class Validation Accuracy:
  Class 0: 75.38% (1127/1495)
  Class 1: 100.00% (1464/1464)
  Class 2: 79.55% (1202/1511)
  Class 3: 100.00% (1530/1530)
Epoch [18/100], Training Loss: 0.2918
Validation Loss: 0.3162, Validation Accuracy: 79.52%

Per-Class Validation Accuracy:
  Class 0: 80.87% (1209/1495)
  Class 1: 100.00% (1464/1464)
  Class 2: 37.59% (568/1511)
  Class 3: 100.00% (1530/1530)
Epoch [19/100], Training Loss: 0.2851
Validation Loss: 0.3072, Validation Accuracy: 81.92%

Per-Class Validation Accuracy:
  Class 0: 35.85% (536/1495)
  Class 1: 100.00% (1464/1464)
  Class 2: 91.66% (1385/1511)
  Class 3: 100.00% (1530/1530)
Epoch [20/100], Training Loss: 0.2860
Validation Loss: 0.3184, Validation Accuracy: 79.72%

Per-Class Validation Accuracy:
  Class 0: 81.67% (1221/1495)
  Class 1: 100.00% (1464/1464)
  Class 2: 37.59% (568/1511)
  Class 3: 100.00% (1530/1530)
Epoch [21/100], Training Loss: 0.2865
Validation Loss: 0.3083, Validation Accuracy: 81.73%

Per-Class Validation Accuracy:
  Class 0: 64.95% (971/1495)
  Class 1: 100.00% (1464/1464)
  Class 2: 62.14% (939/1511)
  Class 3: 100.00% (1530/1530)
Epoch [22/100], Training Loss: 0.2812
Validation Loss: 0.2749, Validation Accuracy: 84.75%

Per-Class Validation Accuracy:
  Class 0: 43.48% (650/1495)
  Class 1: 100.00% (1464/1464)
  Class 2: 95.37% (1441/1511)
  Class 3: 100.00% (1530/1530)
Epoch [23/100], Training Loss: 0.2804
Validation Loss: 0.2961, Validation Accuracy: 82.65%

Per-Class Validation Accuracy:
  Class 0: 80.74% (1207/1495)
  Class 1: 99.93% (1463/1464)
  Class 2: 50.23% (759/1511)
  Class 3: 100.00% (1530/1530)
Epoch [24/100], Training Loss: 0.2803
Validation Loss: 0.2839, Validation Accuracy: 84.25%

Per-Class Validation Accuracy:
  Class 0: 91.04% (1361/1495)
  Class 1: 100.00% (1464/1464)
  Class 2: 46.33% (700/1511)
  Class 3: 100.00% (1530/1530)
Epoch [25/100], Training Loss: 0.2769
Validation Loss: 0.2708, Validation Accuracy: 84.32%

Per-Class Validation Accuracy:
  Class 0: 53.98% (807/1495)
  Class 1: 100.00% (1464/1464)
  Class 2: 83.26% (1258/1511)
  Class 3: 100.00% (1530/1530)
Epoch [26/100], Training Loss: 0.2759
Validation Loss: 0.2666, Validation Accuracy: 87.92%

Per-Class Validation Accuracy:
  Class 0: 73.85% (1104/1495)
  Class 1: 100.00% (1464/1464)
  Class 2: 77.90% (1177/1511)
  Class 3: 100.00% (1530/1530)
Epoch [27/100], Training Loss: 0.2702
Validation Loss: 0.2509, Validation Accuracy: 86.55%

Per-Class Validation Accuracy:
  Class 0: 59.40% (888/1495)
  Class 1: 100.00% (1464/1464)
  Class 2: 86.76% (1311/1511)
  Class 3: 100.00% (1530/1530)
Epoch [28/100], Training Loss: 0.2706
Validation Loss: 0.2484, Validation Accuracy: 87.48%

Per-Class Validation Accuracy:
  Class 0: 70.97% (1061/1495)
  Class 1: 100.00% (1464/1464)
  Class 2: 79.02% (1194/1511)
  Class 3: 100.00% (1530/1530)
Epoch [29/100], Training Loss: 0.2663
Validation Loss: 0.2352, Validation Accuracy: 89.10%

Per-Class Validation Accuracy:
  Class 0: 87.02% (1301/1495)
  Class 1: 99.93% (1463/1464)
  Class 2: 69.62% (1052/1511)
  Class 3: 100.00% (1530/1530)
Epoch [30/100], Training Loss: 0.2690
Validation Loss: 0.4889, Validation Accuracy: 79.77%

Per-Class Validation Accuracy:
  Class 0: 20.20% (302/1495)
  Class 1: 100.00% (1464/1464)
  Class 2: 98.61% (1490/1511)
  Class 3: 100.00% (1530/1530)
Epoch [31/100], Training Loss: 0.2614
Validation Loss: 0.2562, Validation Accuracy: 85.17%

Per-Class Validation Accuracy:
  Class 0: 41.20% (616/1495)
  Class 1: 99.93% (1463/1464)
  Class 2: 99.34% (1501/1511)
  Class 3: 100.00% (1530/1530)
Epoch [32/100], Training Loss: 0.2559
Validation Loss: 0.2440, Validation Accuracy: 88.88%

Per-Class Validation Accuracy:
  Class 0: 83.21% (1244/1495)
  Class 1: 100.00% (1464/1464)
  Class 2: 72.47% (1095/1511)
  Class 3: 100.00% (1530/1530)
Epoch [33/100], Training Loss: 0.2591
Validation Loss: 0.2477, Validation Accuracy: 89.12%

Per-Class Validation Accuracy:
  Class 0: 60.47% (904/1495)
  Class 1: 100.00% (1464/1464)
  Class 2: 95.90% (1449/1511)
  Class 3: 100.00% (1530/1530)
Epoch [34/100], Training Loss: 0.2603
Validation Loss: 0.2565, Validation Accuracy: 85.20%

Per-Class Validation Accuracy:
  Class 0: 58.26% (871/1495)
  Class 1: 100.00% (1464/1464)
  Class 2: 82.53% (1247/1511)
  Class 3: 100.00% (1530/1530)
Epoch [35/100], Training Loss: 0.2573
Validation Loss: 0.3524, Validation Accuracy: 79.63%

Per-Class Validation Accuracy:
  Class 0: 37.26% (557/1495)
  Class 1: 100.00% (1464/1464)
  Class 2: 81.20% (1227/1511)
  Class 3: 100.00% (1530/1530)
Epoch [36/100], Training Loss: 0.2325
Validation Loss: 0.2331, Validation Accuracy: 87.87%

Per-Class Validation Accuracy:
  Class 0: 65.62% (981/1495)
  Class 1: 100.00% (1464/1464)
  Class 2: 85.84% (1297/1511)
  Class 3: 100.00% (1530/1530)
Epoch [37/100], Training Loss: 0.2133
Validation Loss: 0.2387, Validation Accuracy: 86.25%

Per-Class Validation Accuracy:
  Class 0: 95.38% (1426/1495)
  Class 1: 100.00% (1464/1464)
  Class 2: 49.97% (755/1511)
  Class 3: 100.00% (1530/1530)
Epoch [38/100], Training Loss: 0.1944
Validation Loss: 0.2304, Validation Accuracy: 87.53%

Per-Class Validation Accuracy:
  Class 0: 93.85% (1403/1495)
  Class 1: 100.00% (1464/1464)
  Class 2: 56.59% (855/1511)
  Class 3: 100.00% (1530/1530)
Epoch [39/100], Training Loss: 0.1848
Validation Loss: 0.1946, Validation Accuracy: 89.97%

Per-Class Validation Accuracy:
  Class 0: 60.80% (909/1495)
  Class 1: 100.00% (1464/1464)
  Class 2: 98.94% (1495/1511)
  Class 3: 100.00% (1530/1530)
Epoch [40/100], Training Loss: 0.1719
Validation Loss: 0.1697, Validation Accuracy: 91.73%

Per-Class Validation Accuracy:
  Class 0: 76.12% (1138/1495)
  Class 1: 100.00% (1464/1464)
  Class 2: 90.80% (1372/1511)
  Class 3: 100.00% (1530/1530)
Epoch [41/100], Training Loss: 0.1699
Validation Loss: 0.2159, Validation Accuracy: 88.45%

Per-Class Validation Accuracy:
  Class 0: 54.92% (821/1495)
  Class 1: 100.00% (1464/1464)
  Class 2: 98.74% (1492/1511)
  Class 3: 100.00% (1530/1530)
Epoch [42/100], Training Loss: 0.1664
Validation Loss: 0.1612, Validation Accuracy: 91.38%

Per-Class Validation Accuracy:
  Class 0: 69.36% (1037/1495)
  Class 1: 100.00% (1464/1464)
  Class 2: 96.10% (1452/1511)
  Class 3: 100.00% (1530/1530)
Epoch [43/100], Training Loss: 0.1640
Validation Loss: 0.2056, Validation Accuracy: 91.50%

Per-Class Validation Accuracy:
  Class 0: 68.36% (1022/1495)
  Class 1: 100.00% (1464/1464)
  Class 2: 97.55% (1474/1511)
  Class 3: 100.00% (1530/1530)
Epoch [44/100], Training Loss: 0.1664
Validation Loss: 0.1385, Validation Accuracy: 93.25%

Per-Class Validation Accuracy:
  Class 0: 87.49% (1308/1495)
  Class 1: 100.00% (1464/1464)
  Class 2: 85.57% (1293/1511)
  Class 3: 100.00% (1530/1530)
Epoch [45/100], Training Loss: 0.1586
Validation Loss: 0.1138, Validation Accuracy: 95.35%

Per-Class Validation Accuracy:
  Class 0: 88.29% (1320/1495)
  Class 1: 100.00% (1464/1464)
  Class 2: 93.12% (1407/1511)
  Class 3: 100.00% (1530/1530)
Epoch [46/100], Training Loss: 0.1596
Validation Loss: 0.1171, Validation Accuracy: 94.58%

Per-Class Validation Accuracy:
  Class 0: 88.29% (1320/1495)
  Class 1: 100.00% (1464/1464)
  Class 2: 90.07% (1361/1511)
  Class 3: 100.00% (1530/1530)
Epoch [47/100], Training Loss: 0.1566
Validation Loss: 0.1121, Validation Accuracy: 95.42%

Per-Class Validation Accuracy:
  Class 0: 92.11% (1377/1495)
  Class 1: 100.00% (1464/1464)
  Class 2: 89.61% (1354/1511)
  Class 3: 100.00% (1530/1530)
Epoch [48/100], Training Loss: 0.1588
Validation Loss: 0.1575, Validation Accuracy: 91.87%

Per-Class Validation Accuracy:
  Class 0: 88.09% (1317/1495)
  Class 1: 100.00% (1464/1464)
  Class 2: 79.48% (1201/1511)
  Class 3: 100.00% (1530/1530)
Epoch [49/100], Training Loss: 0.1576
Validation Loss: 0.1490, Validation Accuracy: 91.95%

Per-Class Validation Accuracy:
  Class 0: 90.84% (1358/1495)
  Class 1: 100.00% (1464/1464)
  Class 2: 77.10% (1165/1511)
  Class 3: 100.00% (1530/1530)
Epoch [50/100], Training Loss: 0.1554
Validation Loss: 0.1826, Validation Accuracy: 91.07%

Per-Class Validation Accuracy:
  Class 0: 66.89% (1000/1495)
  Class 1: 100.00% (1464/1464)
  Class 2: 97.29% (1470/1511)
  Class 3: 100.00% (1530/1530)
Epoch [51/100], Training Loss: 0.1571
Validation Loss: 0.1125, Validation Accuracy: 95.02%

Per-Class Validation Accuracy:
  Class 0: 92.51% (1383/1495)
  Class 1: 100.00% (1464/1464)
  Class 2: 87.62% (1324/1511)
  Class 3: 100.00% (1530/1530)
Epoch [52/100], Training Loss: 0.1537
Validation Loss: 0.1097, Validation Accuracy: 95.77%

Per-Class Validation Accuracy:
  Class 0: 87.96% (1315/1495)
  Class 1: 100.00% (1464/1464)
  Class 2: 95.10% (1437/1511)
  Class 3: 100.00% (1530/1530)
Epoch [53/100], Training Loss: 0.1735
Validation Loss: 0.1943, Validation Accuracy: 90.42%

Per-Class Validation Accuracy:
  Class 0: 97.32% (1455/1495)
  Class 1: 99.93% (1463/1464)
  Class 2: 64.66% (977/1511)
  Class 3: 100.00% (1530/1530)
Epoch [54/100], Training Loss: 0.1471
Validation Loss: 0.1173, Validation Accuracy: 95.33%

Per-Class Validation Accuracy:
  Class 0: 88.63% (1325/1495)
  Class 1: 99.93% (1463/1464)
  Class 2: 92.79% (1402/1511)
  Class 3: 100.00% (1530/1530)
Epoch [55/100], Training Loss: 0.1499
Validation Loss: 0.1781, Validation Accuracy: 90.30%

Per-Class Validation Accuracy:
  Class 0: 97.19% (1453/1495)
  Class 1: 99.93% (1463/1464)
  Class 2: 64.33% (972/1511)
  Class 3: 100.00% (1530/1530)
Epoch [56/100], Training Loss: 0.1465
Validation Loss: 0.1054, Validation Accuracy: 95.38%

Per-Class Validation Accuracy:
  Class 0: 90.57% (1354/1495)
  Class 1: 99.93% (1463/1464)
  Class 2: 91.07% (1376/1511)
  Class 3: 100.00% (1530/1530)
Epoch [57/100], Training Loss: 0.1457
Validation Loss: 0.1155, Validation Accuracy: 94.95%

Per-Class Validation Accuracy:
  Class 0: 87.69% (1311/1495)
  Class 1: 99.93% (1463/1464)
  Class 2: 92.19% (1393/1511)
  Class 3: 100.00% (1530/1530)
Epoch [58/100], Training Loss: 0.1553
Validation Loss: 0.2513, Validation Accuracy: 89.80%

Per-Class Validation Accuracy:
  Class 0: 62.14% (929/1495)
  Class 1: 99.93% (1463/1464)
  Class 2: 97.02% (1466/1511)
  Class 3: 100.00% (1530/1530)
Epoch [59/100], Training Loss: 0.1584
Validation Loss: 0.1665, Validation Accuracy: 91.77%

Per-Class Validation Accuracy:
  Class 0: 82.27% (1230/1495)
  Class 1: 99.93% (1463/1464)
  Class 2: 84.91% (1283/1511)
  Class 3: 100.00% (1530/1530)
Epoch [60/100], Training Loss: 0.1546
Validation Loss: 0.1079, Validation Accuracy: 95.22%

Per-Class Validation Accuracy:
  Class 0: 84.48% (1263/1495)
  Class 1: 100.00% (1464/1464)
  Class 2: 96.36% (1456/1511)
  Class 3: 100.00% (1530/1530)
Epoch [61/100], Training Loss: 0.1466
Validation Loss: 0.1775, Validation Accuracy: 91.98%

Per-Class Validation Accuracy:
  Class 0: 70.64% (1056/1495)
  Class 1: 100.00% (1464/1464)
  Class 2: 97.22% (1469/1511)
  Class 3: 100.00% (1530/1530)
Epoch [62/100], Training Loss: 0.1479
Validation Loss: 0.1065, Validation Accuracy: 94.72%

Per-Class Validation Accuracy:
  Class 0: 80.87% (1209/1495)
  Class 1: 100.00% (1464/1464)
  Class 2: 97.95% (1480/1511)
  Class 3: 100.00% (1530/1530)
Epoch [63/100], Training Loss: 0.1140
Validation Loss: 0.1541, Validation Accuracy: 93.53%

Per-Class Validation Accuracy:
  Class 0: 94.25% (1409/1495)
  Class 1: 99.93% (1463/1464)
  Class 2: 80.08% (1210/1511)
  Class 3: 100.00% (1530/1530)
Epoch [64/100], Training Loss: 0.1138
Validation Loss: 0.1031, Validation Accuracy: 95.42%

Per-Class Validation Accuracy:
  Class 0: 86.15% (1288/1495)
  Class 1: 100.00% (1464/1464)
  Class 2: 95.50% (1443/1511)
  Class 3: 100.00% (1530/1530)
Epoch [65/100], Training Loss: 0.1112
Validation Loss: 0.1244, Validation Accuracy: 94.52%

Per-Class Validation Accuracy:
  Class 0: 85.35% (1276/1495)
  Class 1: 100.00% (1464/1464)
  Class 2: 92.72% (1401/1511)
  Class 3: 100.00% (1530/1530)
Epoch [66/100], Training Loss: 0.1072
Validation Loss: 0.0882, Validation Accuracy: 96.47%

Per-Class Validation Accuracy:
  Class 0: 97.32% (1455/1495)
  Class 1: 99.93% (1463/1464)
  Class 2: 88.68% (1340/1511)
  Class 3: 100.00% (1530/1530)
Epoch [67/100], Training Loss: 0.1102
Validation Loss: 0.1188, Validation Accuracy: 94.23%

Per-Class Validation Accuracy:
  Class 0: 89.97% (1345/1495)
  Class 1: 99.93% (1463/1464)
  Class 2: 87.09% (1316/1511)
  Class 3: 100.00% (1530/1530)
Epoch [68/100], Training Loss: 0.1109
Validation Loss: 0.1633, Validation Accuracy: 91.98%

Per-Class Validation Accuracy:
  Class 0: 97.79% (1462/1495)
  Class 1: 99.93% (1463/1464)
  Class 2: 70.42% (1064/1511)
  Class 3: 100.00% (1530/1530)
Epoch [69/100], Training Loss: 0.1111
Validation Loss: 0.1559, Validation Accuracy: 93.00%

Per-Class Validation Accuracy:
  Class 0: 97.12% (1452/1495)
  Class 1: 99.93% (1463/1464)
  Class 2: 75.12% (1135/1511)
  Class 3: 100.00% (1530/1530)
Epoch [70/100], Training Loss: 0.1065
Validation Loss: 0.2927, Validation Accuracy: 87.48%

Per-Class Validation Accuracy:
  Class 0: 95.79% (1432/1495)
  Class 1: 99.93% (1463/1464)
  Class 2: 54.53% (824/1511)
  Class 3: 100.00% (1530/1530)
Epoch [71/100], Training Loss: 0.1163
Validation Loss: 0.0945, Validation Accuracy: 95.45%

Per-Class Validation Accuracy:
  Class 0: 89.90% (1344/1495)
  Class 1: 99.93% (1463/1464)
  Class 2: 91.99% (1390/1511)
  Class 3: 100.00% (1530/1530)
Epoch [72/100], Training Loss: 0.1029
Validation Loss: 0.0875, Validation Accuracy: 95.97%

Per-Class Validation Accuracy:
  Class 0: 98.26% (1469/1495)
  Class 1: 100.00% (1464/1464)
  Class 2: 85.70% (1295/1511)
  Class 3: 100.00% (1530/1530)
Epoch [73/100], Training Loss: 0.1142
Validation Loss: 0.1287, Validation Accuracy: 93.33%

Per-Class Validation Accuracy:
  Class 0: 75.38% (1127/1495)
  Class 1: 100.00% (1464/1464)
  Class 2: 97.88% (1479/1511)
  Class 3: 100.00% (1530/1530)
Epoch [74/100], Training Loss: 0.1037
Validation Loss: 0.1382, Validation Accuracy: 93.25%

Per-Class Validation Accuracy:
  Class 0: 77.19% (1154/1495)
  Class 1: 100.00% (1464/1464)
  Class 2: 95.76% (1447/1511)
  Class 3: 100.00% (1530/1530)
Epoch [75/100], Training Loss: 0.1021
Validation Loss: 0.1148, Validation Accuracy: 94.63%

Per-Class Validation Accuracy:
  Class 0: 97.46% (1457/1495)
  Class 1: 100.00% (1464/1464)
  Class 2: 81.20% (1227/1511)
  Class 3: 100.00% (1530/1530)
Epoch [76/100], Training Loss: 0.1085
Validation Loss: 0.0791, Validation Accuracy: 96.13%

Per-Class Validation Accuracy:
  Class 0: 87.76% (1312/1495)
  Class 1: 100.00% (1464/1464)
  Class 2: 96.76% (1462/1511)
  Class 3: 100.00% (1530/1530)
Epoch [77/100], Training Loss: 0.1073
Validation Loss: 0.0942, Validation Accuracy: 95.88%

Per-Class Validation Accuracy:
  Class 0: 86.42% (1292/1495)
  Class 1: 100.00% (1464/1464)
  Class 2: 97.09% (1467/1511)
  Class 3: 100.00% (1530/1530)
Epoch [78/100], Training Loss: 0.1040
Validation Loss: 0.1117, Validation Accuracy: 95.48%

Per-Class Validation Accuracy:
  Class 0: 95.99% (1435/1495)
  Class 1: 100.00% (1464/1464)
  Class 2: 86.04% (1300/1511)
  Class 3: 100.00% (1530/1530)
Epoch [79/100], Training Loss: 0.0986
Validation Loss: 0.0777, Validation Accuracy: 96.72%

Per-Class Validation Accuracy:
  Class 0: 94.45% (1412/1495)
  Class 1: 100.00% (1464/1464)
  Class 2: 92.46% (1397/1511)
  Class 3: 100.00% (1530/1530)
Epoch [80/100], Training Loss: 0.1093
Validation Loss: 0.0902, Validation Accuracy: 96.18%

Per-Class Validation Accuracy:
  Class 0: 93.44% (1397/1495)
  Class 1: 100.00% (1464/1464)
  Class 2: 91.33% (1380/1511)
  Class 3: 100.00% (1530/1530)
Epoch [81/100], Training Loss: 0.0996
Validation Loss: 0.0730, Validation Accuracy: 96.92%

Per-Class Validation Accuracy:
  Class 0: 92.78% (1387/1495)
  Class 1: 100.00% (1464/1464)
  Class 2: 94.90% (1434/1511)
  Class 3: 100.00% (1530/1530)
Epoch [82/100], Training Loss: 0.1023
Validation Loss: 0.0758, Validation Accuracy: 97.15%

Per-Class Validation Accuracy:
  Class 0: 94.38% (1411/1495)
  Class 1: 100.00% (1464/1464)
  Class 2: 94.24% (1424/1511)
  Class 3: 100.00% (1530/1530)
Epoch [83/100], Training Loss: 0.1060
Validation Loss: 0.0766, Validation Accuracy: 96.53%

Per-Class Validation Accuracy:
  Class 0: 88.76% (1327/1495)
  Class 1: 100.00% (1464/1464)
  Class 2: 97.35% (1471/1511)
  Class 3: 100.00% (1530/1530)
Epoch [84/100], Training Loss: 0.0992
Validation Loss: 0.0738, Validation Accuracy: 96.65%

Per-Class Validation Accuracy:
  Class 0: 97.46% (1457/1495)
  Class 1: 100.00% (1464/1464)
  Class 2: 89.21% (1348/1511)
  Class 3: 100.00% (1530/1530)
Epoch [85/100], Training Loss: 0.0962
Validation Loss: 0.0924, Validation Accuracy: 95.18%

Per-Class Validation Accuracy:
  Class 0: 82.81% (1238/1495)
  Class 1: 100.00% (1464/1464)
  Class 2: 97.88% (1479/1511)
  Class 3: 100.00% (1530/1530)
Epoch [86/100], Training Loss: 0.1022
Validation Loss: 0.1126, Validation Accuracy: 95.37%

Per-Class Validation Accuracy:
  Class 0: 92.24% (1379/1495)
  Class 1: 100.00% (1464/1464)
  Class 2: 89.28% (1349/1511)
  Class 3: 100.00% (1530/1530)
Epoch [87/100], Training Loss: 0.0959
Validation Loss: 0.1001, Validation Accuracy: 96.38%

Per-Class Validation Accuracy:
  Class 0: 97.39% (1456/1495)
  Class 1: 100.00% (1464/1464)
  Class 2: 88.22% (1333/1511)
  Class 3: 100.00% (1530/1530)
Epoch [88/100], Training Loss: 0.0767
Validation Loss: 0.0754, Validation Accuracy: 96.93%

Per-Class Validation Accuracy:
  Class 0: 98.86% (1478/1495)
  Class 1: 100.00% (1464/1464)
  Class 2: 88.95% (1344/1511)
  Class 3: 100.00% (1530/1530)
Epoch [89/100], Training Loss: 0.0813
Validation Loss: 0.0972, Validation Accuracy: 96.05%

Per-Class Validation Accuracy:
  Class 0: 98.86% (1478/1495)
  Class 1: 100.00% (1464/1464)
  Class 2: 85.44% (1291/1511)
  Class 3: 100.00% (1530/1530)
Epoch [90/100], Training Loss: 0.0743
Validation Loss: 0.0771, Validation Accuracy: 96.63%

Per-Class Validation Accuracy:
  Class 0: 92.44% (1382/1495)
  Class 1: 99.93% (1463/1464)
  Class 2: 94.18% (1423/1511)
  Class 3: 100.00% (1530/1530)
Epoch [91/100], Training Loss: 0.0777
Validation Loss: 0.0823, Validation Accuracy: 96.08%

Per-Class Validation Accuracy:
  Class 0: 87.56% (1309/1495)
  Class 1: 100.00% (1464/1464)
  Class 2: 96.76% (1462/1511)
  Class 3: 100.00% (1530/1530)
Early stopping triggered.

	Elapsed time is 1211.7527 seconds.

==========================================================================================
Total parameters: 7963
Total memory (bytes): 63704
Total memory (MB): 0.06075286865234375
==========================================================================================
Validation Loss: 0.0823, Validation Accuracy: 96.08%

Per-Class Validation Accuracy:
  No Thrust: 87.56% (1309/1495)
  Chemical: 100.00% (1464/1464)
  Electric: 96.76% (1462/1511)
  Impulsive: 100.00% (1530/1530)

Classification Report:
              precision    recall  f1-score   support

   No Thrust     0.9639    0.8756    0.9176      1495
    Chemical     1.0000    1.0000    1.0000      1464
    Electric     0.8871    0.9676    0.9256      1511
   Impulsive     1.0000    1.0000    1.0000      1530

    accuracy                         0.9608      6000
   macro avg     0.9628    0.9608    0.9608      6000
weighted avg     0.9626    0.9608    0.9607      6000


Confusion Matrix (rows = true, cols = predicted):
             P_No Thrust  P_Chemical  P_Electric  P_Impulsive
T_No Thrust         1309           0         186            0
T_Chemical             0        1464           0            0
T_Electric            49           0        1462            0
T_Impulsive            0           0           0         1530
