GPU is available

Entering Decision Trees Training Loop

	Elapsed time is 1.9360 seconds.

==========================================================================================
Total parameters: NaN
Total memory (bytes): 1435354
Total memory (MB): 1.3688602447509766
==========================================================================================
Validation Loss: 0.2084, Validation Accuracy: 93.12%

Per-Class Validation Accuracy:
  No Thrust: 84.08% (1215/1445)
  Chemical: 100.00% (1449/1449)
  Electric: 88.33% (1385/1568)
  Impulsive: 100.00% (1538/1538)

Classification Report:
              precision    recall  f1-score   support

   No Thrust     0.8691    0.8408    0.8547      1445
    Chemical     1.0000    1.0000    1.0000      1449
    Electric     0.8576    0.8833    0.8702      1568
   Impulsive     1.0000    1.0000    1.0000      1538

    accuracy                         0.9312      6000
   macro avg     0.9317    0.9310    0.9312      6000
weighted avg     0.9313    0.9312    0.9311      6000


Confusion Matrix (rows = true, cols = predicted):
             P_No Thrust  P_Chemical  P_Electric  P_Impulsive
T_No Thrust         1215           0         230            0
T_Chemical             0        1449           0            0
T_Electric           183           0        1385            0
T_Impulsive            0           0           0         1538

Entering Nearest Neighbor Training Loop

	Elapsed time is 2.9966 seconds.

==========================================================================================
Total parameters: NaN (non-parametric model)
Total memory (bytes): 6319266049
Total memory (MB): 6026.5217
==========================================================================================
Validation Loss: NaN, Validation Accuracy: 71.63%

Per-Class Validation Accuracy:
  No Thrust: 43.46% (628/1445)
  Chemical: 100.00% (1449/1449)
  Electric: 43.56% (683/1568)
  Impulsive: 100.00% (1538/1538)

Classification Report:
              precision    recall  f1-score   support

   No Thrust     0.4151    0.4346    0.4246      1445
    Chemical     1.0000    1.0000    1.0000      1449
    Electric     0.4553    0.4356    0.4452      1568
   Impulsive     1.0000    1.0000    1.0000      1538

    accuracy                         0.7163      6000
   macro avg     0.7176    0.7175    0.7175      6000
weighted avg     0.7168    0.7163    0.7165      6000


Confusion Matrix (rows = true, cols = predicted):
             P_No Thrust  P_Chemical  P_Electric  P_Impulsive
T_No Thrust          628           0         817            0
T_Chemical             0        1449           0            0
T_Electric           885           0         683            0
T_Impulsive            0           0           0         1538

Entering LSTM Training Loop
Epoch [1/100], Training Loss: 0.5155
Validation Loss: 0.3770, Validation Accuracy: 73.13%

Per-Class Validation Accuracy:
  Class 0: 88.79% (1283/1445)
  Class 1: 100.00% (1449/1449)
  Class 2: 8.04% (126/1568)
  Class 3: 99.48% (1530/1538)
Epoch [2/100], Training Loss: 0.3761
Validation Loss: 0.3557, Validation Accuracy: 74.85%

Per-Class Validation Accuracy:
  Class 0: 67.54% (976/1445)
  Class 1: 100.00% (1449/1449)
  Class 2: 34.31% (538/1568)
  Class 3: 99.35% (1528/1538)
Epoch [3/100], Training Loss: 0.4106
Validation Loss: 0.4604, Validation Accuracy: 72.83%

Per-Class Validation Accuracy:
  Class 0: 0.00% (0/1445)
  Class 1: 100.00% (1449/1449)
  Class 2: 88.20% (1383/1568)
  Class 3: 100.00% (1538/1538)
Epoch [4/100], Training Loss: 0.3685
Validation Loss: 0.3483, Validation Accuracy: 75.77%

Per-Class Validation Accuracy:
  Class 0: 16.12% (233/1445)
  Class 1: 100.00% (1449/1449)
  Class 2: 84.57% (1326/1568)
  Class 3: 100.00% (1538/1538)
Epoch [5/100], Training Loss: 0.3582
Validation Loss: 0.3486, Validation Accuracy: 75.18%

Per-Class Validation Accuracy:
  Class 0: 63.81% (922/1445)
  Class 1: 100.00% (1449/1449)
  Class 2: 38.39% (602/1568)
  Class 3: 100.00% (1538/1538)
Epoch [6/100], Training Loss: 0.3474
Validation Loss: 0.3502, Validation Accuracy: 74.83%

Per-Class Validation Accuracy:
  Class 0: 76.33% (1103/1445)
  Class 1: 100.00% (1449/1449)
  Class 2: 25.51% (400/1568)
  Class 3: 100.00% (1538/1538)
Epoch [7/100], Training Loss: 0.3469
Validation Loss: 0.3473, Validation Accuracy: 77.10%

Per-Class Validation Accuracy:
  Class 0: 29.83% (431/1445)
  Class 1: 100.00% (1449/1449)
  Class 2: 77.04% (1208/1568)
  Class 3: 100.00% (1538/1538)
Epoch [8/100], Training Loss: 0.3875
Validation Loss: 0.3548, Validation Accuracy: 75.03%

Per-Class Validation Accuracy:
  Class 0: 21.31% (308/1445)
  Class 1: 100.00% (1449/1449)
  Class 2: 76.98% (1207/1568)
  Class 3: 100.00% (1538/1538)
Epoch [9/100], Training Loss: 0.3474
Validation Loss: 0.3473, Validation Accuracy: 76.42%

Per-Class Validation Accuracy:
  Class 0: 2.21% (32/1445)
  Class 1: 100.00% (1449/1449)
  Class 2: 99.87% (1566/1568)
  Class 3: 100.00% (1538/1538)
Epoch [10/100], Training Loss: 0.3721
Validation Loss: 0.3486, Validation Accuracy: 75.28%

Per-Class Validation Accuracy:
  Class 0: 64.98% (939/1445)
  Class 1: 100.00% (1449/1449)
  Class 2: 37.69% (591/1568)
  Class 3: 100.00% (1538/1538)
Epoch [11/100], Training Loss: 0.3468
Validation Loss: 0.3485, Validation Accuracy: 75.27%

Per-Class Validation Accuracy:
  Class 0: 79.24% (1145/1445)
  Class 1: 100.00% (1449/1449)
  Class 2: 24.49% (384/1568)
  Class 3: 100.00% (1538/1538)
Epoch [12/100], Training Loss: 0.3482
Validation Loss: 0.3479, Validation Accuracy: 75.92%

Per-Class Validation Accuracy:
  Class 0: 0.00% (0/1445)
  Class 1: 100.00% (1449/1449)
  Class 2: 100.00% (1568/1568)
  Class 3: 100.00% (1538/1538)
Epoch [13/100], Training Loss: 0.3468
Validation Loss: 0.3482, Validation Accuracy: 75.02%

Per-Class Validation Accuracy:
  Class 0: 21.04% (304/1445)
  Class 1: 100.00% (1449/1449)
  Class 2: 77.17% (1210/1568)
  Class 3: 100.00% (1538/1538)
Epoch [14/100], Training Loss: 0.3573
Validation Loss: 0.3506, Validation Accuracy: 75.55%

Per-Class Validation Accuracy:
  Class 0: 10.52% (152/1445)
  Class 1: 100.00% (1449/1449)
  Class 2: 88.90% (1394/1568)
  Class 3: 100.00% (1538/1538)
Epoch [15/100], Training Loss: 0.3469
Validation Loss: 0.3481, Validation Accuracy: 75.53%

Per-Class Validation Accuracy:
  Class 0: 11.49% (166/1445)
  Class 1: 100.00% (1449/1449)
  Class 2: 87.95% (1379/1568)
  Class 3: 100.00% (1538/1538)
Epoch [16/100], Training Loss: 0.3522
Validation Loss: 0.3483, Validation Accuracy: 75.80%

Per-Class Validation Accuracy:
  Class 0: 53.84% (778/1445)
  Class 1: 100.00% (1449/1449)
  Class 2: 49.94% (783/1568)
  Class 3: 100.00% (1538/1538)
Epoch [17/100], Training Loss: 0.3464
Validation Loss: 0.3496, Validation Accuracy: 74.45%

Per-Class Validation Accuracy:
  Class 0: 86.99% (1257/1445)
  Class 1: 100.00% (1449/1449)
  Class 2: 14.22% (223/1568)
  Class 3: 100.00% (1538/1538)
Epoch [18/100], Training Loss: 0.3462
Validation Loss: 0.3483, Validation Accuracy: 74.62%

Per-Class Validation Accuracy:
  Class 0: 79.17% (1144/1445)
  Class 1: 100.00% (1449/1449)
  Class 2: 22.07% (346/1568)
  Class 3: 100.00% (1538/1538)
Epoch [19/100], Training Loss: 0.3460
Validation Loss: 0.3485, Validation Accuracy: 74.58%

Per-Class Validation Accuracy:
  Class 0: 80.62% (1165/1445)
  Class 1: 100.00% (1449/1449)
  Class 2: 20.60% (323/1568)
  Class 3: 100.00% (1538/1538)
Early stopping triggered.

	Elapsed time is 203.4265 seconds.

==========================================================================================
Total parameters: 14788
Total memory (bytes): 118304
Total memory (MB): 0.112823486328125
==========================================================================================
Validation Loss: 0.3485, Validation Accuracy: 74.58%

Per-Class Validation Accuracy:
  No Thrust: 80.62% (1165/1445)
  Chemical: 100.00% (1449/1449)
  Electric: 20.60% (323/1568)
  Impulsive: 100.00% (1538/1538)

Classification Report:
              precision    recall  f1-score   support

   No Thrust     0.4834    0.8062    0.6044      1445
    Chemical     1.0000    1.0000    1.0000      1449
    Electric     0.5357    0.2060    0.2976      1568
   Impulsive     1.0000    1.0000    1.0000      1538

    accuracy                         0.7458      6000
   macro avg     0.7548    0.7531    0.7255      6000
weighted avg     0.7542    0.7458    0.7212      6000


Confusion Matrix (rows = true, cols = predicted):
             P_No Thrust  P_Chemical  P_Electric  P_Impulsive
T_No Thrust         1165           0         280            0
T_Chemical             0        1449           0            0
T_Electric          1245           0         323            0
T_Impulsive            0           0           0         1538

Entering Mamba Training Loop
Epoch [1/100], Training Loss: 0.4583
Validation Loss: 0.3503, Validation Accuracy: 75.78%

Per-Class Validation Accuracy:
  Class 0: 52.39% (757/1445)
  Class 1: 100.00% (1449/1449)
  Class 2: 51.21% (803/1568)
  Class 3: 100.00% (1538/1538)
Epoch [2/100], Training Loss: 0.3558
Validation Loss: 0.3500, Validation Accuracy: 75.17%

Per-Class Validation Accuracy:
  Class 0: 22.21% (321/1445)
  Class 1: 100.00% (1449/1449)
  Class 2: 76.66% (1202/1568)
  Class 3: 100.00% (1538/1538)
Epoch [3/100], Training Loss: 0.3506
Validation Loss: 0.3509, Validation Accuracy: 75.12%

Per-Class Validation Accuracy:
  Class 0: 22.77% (329/1445)
  Class 1: 100.00% (1449/1449)
  Class 2: 75.96% (1191/1568)
  Class 3: 100.00% (1538/1538)
Epoch [4/100], Training Loss: 0.3489
Validation Loss: 0.3534, Validation Accuracy: 75.60%

Per-Class Validation Accuracy:
  Class 0: 10.31% (149/1445)
  Class 1: 100.00% (1449/1449)
  Class 2: 89.29% (1400/1568)
  Class 3: 100.00% (1538/1538)
Epoch [5/100], Training Loss: 0.3480
Validation Loss: 0.3497, Validation Accuracy: 74.30%

Per-Class Validation Accuracy:
  Class 0: 88.79% (1283/1445)
  Class 1: 100.00% (1449/1449)
  Class 2: 11.99% (188/1568)
  Class 3: 100.00% (1538/1538)
Epoch [6/100], Training Loss: 0.3495
Validation Loss: 0.3471, Validation Accuracy: 76.47%

Per-Class Validation Accuracy:
  Class 0: 45.88% (663/1445)
  Class 1: 100.00% (1449/1449)
  Class 2: 59.82% (938/1568)
  Class 3: 100.00% (1538/1538)
Epoch [7/100], Training Loss: 0.3471
Validation Loss: 0.3505, Validation Accuracy: 73.87%

Per-Class Validation Accuracy:
  Class 0: 100.00% (1445/1445)
  Class 1: 100.00% (1449/1449)
  Class 2: 0.00% (0/1568)
  Class 3: 100.00% (1538/1538)
Epoch [8/100], Training Loss: 0.3468
Validation Loss: 0.3472, Validation Accuracy: 75.80%

Per-Class Validation Accuracy:
  Class 0: 58.27% (842/1445)
  Class 1: 100.00% (1449/1449)
  Class 2: 45.85% (719/1568)
  Class 3: 100.00% (1538/1538)
Epoch [9/100], Training Loss: 0.3465
Validation Loss: 0.3463, Validation Accuracy: 76.17%

Per-Class Validation Accuracy:
  Class 0: 58.06% (839/1445)
  Class 1: 100.00% (1449/1449)
  Class 2: 47.45% (744/1568)
  Class 3: 100.00% (1538/1538)
Epoch [10/100], Training Loss: 0.3460
Validation Loss: 0.3508, Validation Accuracy: 74.08%

Per-Class Validation Accuracy:
  Class 0: 99.24% (1434/1445)
  Class 1: 100.00% (1449/1449)
  Class 2: 1.53% (24/1568)
  Class 3: 100.00% (1538/1538)
Epoch [11/100], Training Loss: 0.3474
Validation Loss: 0.3462, Validation Accuracy: 76.78%

Per-Class Validation Accuracy:
  Class 0: 55.78% (806/1445)
  Class 1: 100.00% (1449/1449)
  Class 2: 51.91% (814/1568)
  Class 3: 100.00% (1538/1538)
Epoch [12/100], Training Loss: 0.3451
Validation Loss: 0.3476, Validation Accuracy: 75.65%

Per-Class Validation Accuracy:
  Class 0: 72.39% (1046/1445)
  Class 1: 100.00% (1449/1449)
  Class 2: 32.27% (506/1568)
  Class 3: 100.00% (1538/1538)
Epoch [13/100], Training Loss: 0.3453
Validation Loss: 0.3471, Validation Accuracy: 75.53%

Per-Class Validation Accuracy:
  Class 0: 73.08% (1056/1445)
  Class 1: 100.00% (1449/1449)
  Class 2: 31.19% (489/1568)
  Class 3: 100.00% (1538/1538)
Epoch [14/100], Training Loss: 0.3460
Validation Loss: 0.3461, Validation Accuracy: 75.88%

Per-Class Validation Accuracy:
  Class 0: 81.66% (1180/1445)
  Class 1: 100.00% (1449/1449)
  Class 2: 24.62% (386/1568)
  Class 3: 100.00% (1538/1538)
Epoch [15/100], Training Loss: 0.3443
Validation Loss: 0.3443, Validation Accuracy: 78.73%

Per-Class Validation Accuracy:
  Class 0: 73.22% (1058/1445)
  Class 1: 100.00% (1449/1449)
  Class 2: 43.30% (679/1568)
  Class 3: 100.00% (1538/1538)
Epoch [16/100], Training Loss: 0.3439
Validation Loss: 0.3442, Validation Accuracy: 77.75%

Per-Class Validation Accuracy:
  Class 0: 60.42% (873/1445)
  Class 1: 100.00% (1449/1449)
  Class 2: 51.34% (805/1568)
  Class 3: 100.00% (1538/1538)
Epoch [17/100], Training Loss: 0.3445
Validation Loss: 0.3469, Validation Accuracy: 73.92%

Per-Class Validation Accuracy:
  Class 0: 98.27% (1420/1445)
  Class 1: 100.00% (1449/1449)
  Class 2: 1.79% (28/1568)
  Class 3: 100.00% (1538/1538)
Epoch [18/100], Training Loss: 0.3419
Validation Loss: 0.3396, Validation Accuracy: 77.83%

Per-Class Validation Accuracy:
  Class 0: 42.28% (611/1445)
  Class 1: 100.00% (1449/1449)
  Class 2: 68.37% (1072/1568)
  Class 3: 100.00% (1538/1538)
Epoch [19/100], Training Loss: 0.3403
Validation Loss: 0.3466, Validation Accuracy: 75.93%

Per-Class Validation Accuracy:
  Class 0: 83.74% (1210/1445)
  Class 1: 100.00% (1449/1449)
  Class 2: 22.90% (359/1568)
  Class 3: 100.00% (1538/1538)
Epoch [20/100], Training Loss: 0.3397
Validation Loss: 0.3331, Validation Accuracy: 80.12%

Per-Class Validation Accuracy:
  Class 0: 31.49% (455/1445)
  Class 1: 100.00% (1449/1449)
  Class 2: 87.05% (1365/1568)
  Class 3: 100.00% (1538/1538)
Epoch [21/100], Training Loss: 0.3343
Validation Loss: 0.3298, Validation Accuracy: 80.82%

Per-Class Validation Accuracy:
  Class 0: 25.40% (367/1445)
  Class 1: 100.00% (1449/1449)
  Class 2: 95.34% (1495/1568)
  Class 3: 100.00% (1538/1538)
Epoch [22/100], Training Loss: 0.3307
Validation Loss: 0.3217, Validation Accuracy: 79.47%

Per-Class Validation Accuracy:
  Class 0: 70.45% (1018/1445)
  Class 1: 100.00% (1449/1449)
  Class 2: 48.66% (763/1568)
  Class 3: 100.00% (1538/1538)
Epoch [23/100], Training Loss: 0.5997
Validation Loss: 0.3302, Validation Accuracy: 81.28%

Per-Class Validation Accuracy:
  Class 0: 55.36% (800/1445)
  Class 1: 100.00% (1449/1449)
  Class 2: 69.52% (1090/1568)
  Class 3: 100.00% (1538/1538)
Epoch [24/100], Training Loss: 0.3261
Validation Loss: 0.3116, Validation Accuracy: 82.83%

Per-Class Validation Accuracy:
  Class 0: 46.09% (666/1445)
  Class 1: 100.00% (1449/1449)
  Class 2: 83.99% (1317/1568)
  Class 3: 100.00% (1538/1538)
Epoch [25/100], Training Loss: 0.3187
Validation Loss: 0.3332, Validation Accuracy: 80.37%

Per-Class Validation Accuracy:
  Class 0: 48.65% (703/1445)
  Class 1: 100.00% (1449/1449)
  Class 2: 72.19% (1132/1568)
  Class 3: 100.00% (1538/1538)
Epoch [26/100], Training Loss: 0.3133
Validation Loss: 0.3133, Validation Accuracy: 79.82%

Per-Class Validation Accuracy:
  Class 0: 91.42% (1321/1445)
  Class 1: 100.00% (1449/1449)
  Class 2: 30.68% (481/1568)
  Class 3: 100.00% (1538/1538)
Epoch [27/100], Training Loss: 0.3112
Validation Loss: 0.3011, Validation Accuracy: 82.92%

Per-Class Validation Accuracy:
  Class 0: 57.44% (830/1445)
  Class 1: 100.00% (1449/1449)
  Class 2: 73.85% (1158/1568)
  Class 3: 100.00% (1538/1538)
Epoch [28/100], Training Loss: 0.3099
Validation Loss: 0.2971, Validation Accuracy: 83.28%

Per-Class Validation Accuracy:
  Class 0: 60.48% (874/1445)
  Class 1: 100.00% (1449/1449)
  Class 2: 72.45% (1136/1568)
  Class 3: 100.00% (1538/1538)
Epoch [29/100], Training Loss: 0.3064
Validation Loss: 0.3565, Validation Accuracy: 77.62%

Per-Class Validation Accuracy:
  Class 0: 81.59% (1179/1445)
  Class 1: 100.00% (1449/1449)
  Class 2: 31.31% (491/1568)
  Class 3: 100.00% (1538/1538)
Epoch [30/100], Training Loss: 0.3032
Validation Loss: 0.3103, Validation Accuracy: 79.03%

Per-Class Validation Accuracy:
  Class 0: 77.79% (1124/1445)
  Class 1: 100.00% (1449/1449)
  Class 2: 40.24% (631/1568)
  Class 3: 100.00% (1538/1538)
Epoch [31/100], Training Loss: 0.3003
Validation Loss: 0.2774, Validation Accuracy: 84.77%

Per-Class Validation Accuracy:
  Class 0: 51.35% (742/1445)
  Class 1: 100.00% (1449/1449)
  Class 2: 86.54% (1357/1568)
  Class 3: 100.00% (1538/1538)
Epoch [32/100], Training Loss: 0.2985
Validation Loss: 0.2844, Validation Accuracy: 85.43%

Per-Class Validation Accuracy:
  Class 0: 66.30% (958/1445)
  Class 1: 100.00% (1449/1449)
  Class 2: 75.32% (1181/1568)
  Class 3: 100.00% (1538/1538)
Epoch [33/100], Training Loss: 0.2940
Validation Loss: 0.3248, Validation Accuracy: 77.33%

Per-Class Validation Accuracy:
  Class 0: 86.16% (1245/1445)
  Class 1: 100.00% (1449/1449)
  Class 2: 26.02% (408/1568)
  Class 3: 100.00% (1538/1538)
Epoch [34/100], Training Loss: 0.2888
Validation Loss: 0.2909, Validation Accuracy: 82.32%

Per-Class Validation Accuracy:
  Class 0: 92.73% (1340/1445)
  Class 1: 100.00% (1449/1449)
  Class 2: 39.03% (612/1568)
  Class 3: 100.00% (1538/1538)
Epoch [35/100], Training Loss: 0.2862
Validation Loss: 0.2834, Validation Accuracy: 83.42%

Per-Class Validation Accuracy:
  Class 0: 89.27% (1290/1445)
  Class 1: 100.00% (1449/1449)
  Class 2: 46.43% (728/1568)
  Class 3: 100.00% (1538/1538)
Epoch [36/100], Training Loss: 0.2843
Validation Loss: 0.2647, Validation Accuracy: 87.28%

Per-Class Validation Accuracy:
  Class 0: 65.74% (950/1445)
  Class 1: 100.00% (1449/1449)
  Class 2: 82.91% (1300/1568)
  Class 3: 100.00% (1538/1538)
Epoch [37/100], Training Loss: 0.2842
Validation Loss: 0.2984, Validation Accuracy: 82.80%

Per-Class Validation Accuracy:
  Class 0: 80.00% (1156/1445)
  Class 1: 100.00% (1449/1449)
  Class 2: 52.61% (825/1568)
  Class 3: 100.00% (1538/1538)
Epoch [38/100], Training Loss: 0.3142
Validation Loss: 0.2804, Validation Accuracy: 84.68%

Per-Class Validation Accuracy:
  Class 0: 83.11% (1201/1445)
  Class 1: 100.00% (1449/1449)
  Class 2: 56.95% (893/1568)
  Class 3: 100.00% (1538/1538)
Epoch [39/100], Training Loss: 0.2785
Validation Loss: 0.2704, Validation Accuracy: 85.27%

Per-Class Validation Accuracy:
  Class 0: 66.37% (959/1445)
  Class 1: 100.00% (1449/1449)
  Class 2: 74.62% (1170/1568)
  Class 3: 100.00% (1538/1538)
Epoch [40/100], Training Loss: 0.2793
Validation Loss: 0.2677, Validation Accuracy: 86.43%

Per-Class Validation Accuracy:
  Class 0: 54.05% (781/1445)
  Class 1: 100.00% (1449/1449)
  Class 2: 90.43% (1418/1568)
  Class 3: 100.00% (1538/1538)
Epoch [41/100], Training Loss: 0.2746
Validation Loss: 0.2593, Validation Accuracy: 85.77%

Per-Class Validation Accuracy:
  Class 0: 71.14% (1028/1445)
  Class 1: 100.00% (1449/1449)
  Class 2: 72.13% (1131/1568)
  Class 3: 100.00% (1538/1538)
Epoch [42/100], Training Loss: 0.2729
Validation Loss: 0.2533, Validation Accuracy: 86.48%

Per-Class Validation Accuracy:
  Class 0: 87.34% (1262/1445)
  Class 1: 100.00% (1449/1449)
  Class 2: 59.95% (940/1568)
  Class 3: 100.00% (1538/1538)
Epoch [43/100], Training Loss: 0.2694
Validation Loss: 0.2795, Validation Accuracy: 83.08%

Per-Class Validation Accuracy:
  Class 0: 79.38% (1147/1445)
  Class 1: 100.00% (1449/1449)
  Class 2: 54.27% (851/1568)
  Class 3: 100.00% (1538/1538)
Epoch [44/100], Training Loss: 0.2734
Validation Loss: 0.2618, Validation Accuracy: 86.53%

Per-Class Validation Accuracy:
  Class 0: 52.18% (754/1445)
  Class 1: 100.00% (1449/1449)
  Class 2: 92.54% (1451/1568)
  Class 3: 100.00% (1538/1538)
Epoch [45/100], Training Loss: 2.3408
Validation Loss: 0.3037, Validation Accuracy: 83.97%

Per-Class Validation Accuracy:
  Class 0: 55.85% (807/1445)
  Class 1: 100.00% (1449/1449)
  Class 2: 79.34% (1244/1568)
  Class 3: 100.00% (1538/1538)
Epoch [46/100], Training Loss: 0.2752
Validation Loss: 0.2663, Validation Accuracy: 85.68%

Per-Class Validation Accuracy:
  Class 0: 75.29% (1088/1445)
  Class 1: 100.00% (1449/1449)
  Class 2: 67.98% (1066/1568)
  Class 3: 100.00% (1538/1538)
Epoch [47/100], Training Loss: 0.2614
Validation Loss: 0.2525, Validation Accuracy: 86.32%

Per-Class Validation Accuracy:
  Class 0: 53.49% (773/1445)
  Class 1: 100.00% (1449/1449)
  Class 2: 90.50% (1419/1568)
  Class 3: 100.00% (1538/1538)
Epoch [48/100], Training Loss: 0.2596
Validation Loss: 0.2497, Validation Accuracy: 87.87%

Per-Class Validation Accuracy:
  Class 0: 55.64% (804/1445)
  Class 1: 100.00% (1449/1449)
  Class 2: 94.45% (1481/1568)
  Class 3: 100.00% (1538/1538)
Epoch [49/100], Training Loss: 0.2524
Validation Loss: 0.3101, Validation Accuracy: 79.52%

Per-Class Validation Accuracy:
  Class 0: 91.70% (1325/1445)
  Class 1: 100.00% (1449/1449)
  Class 2: 29.27% (459/1568)
  Class 3: 100.00% (1538/1538)
Epoch [50/100], Training Loss: 0.2512
Validation Loss: 0.2388, Validation Accuracy: 87.98%

Per-Class Validation Accuracy:
  Class 0: 64.22% (928/1445)
  Class 1: 100.00% (1449/1449)
  Class 2: 86.99% (1364/1568)
  Class 3: 100.00% (1538/1538)
Epoch [51/100], Training Loss: 0.2449
Validation Loss: 0.2252, Validation Accuracy: 88.65%

Per-Class Validation Accuracy:
  Class 0: 83.46% (1206/1445)
  Class 1: 100.00% (1449/1449)
  Class 2: 71.81% (1126/1568)
  Class 3: 100.00% (1538/1538)
Epoch [52/100], Training Loss: 0.2462
Validation Loss: 0.2226, Validation Accuracy: 89.55%

Per-Class Validation Accuracy:
  Class 0: 73.01% (1055/1445)
  Class 1: 100.00% (1449/1449)
  Class 2: 84.89% (1331/1568)
  Class 3: 100.00% (1538/1538)
Epoch [53/100], Training Loss: 0.2474
Validation Loss: 0.2315, Validation Accuracy: 87.97%

Per-Class Validation Accuracy:
  Class 0: 75.36% (1089/1445)
  Class 1: 100.00% (1449/1449)
  Class 2: 76.66% (1202/1568)
  Class 3: 100.00% (1538/1538)
Epoch [54/100], Training Loss: 0.2543
Validation Loss: 0.2163, Validation Accuracy: 90.15%

Per-Class Validation Accuracy:
  Class 0: 78.06% (1128/1445)
  Class 1: 100.00% (1449/1449)
  Class 2: 82.53% (1294/1568)
  Class 3: 100.00% (1538/1538)
Epoch [55/100], Training Loss: 0.2469
Validation Loss: 0.2866, Validation Accuracy: 82.27%

Per-Class Validation Accuracy:
  Class 0: 84.50% (1221/1445)
  Class 1: 100.00% (1449/1449)
  Class 2: 46.43% (728/1568)
  Class 3: 100.00% (1538/1538)
Epoch [56/100], Training Loss: 0.2460
Validation Loss: 0.2235, Validation Accuracy: 89.13%

Per-Class Validation Accuracy:
  Class 0: 81.52% (1178/1445)
  Class 1: 100.00% (1449/1449)
  Class 2: 75.45% (1183/1568)
  Class 3: 100.00% (1538/1538)
Epoch [57/100], Training Loss: 0.2422
Validation Loss: 0.2167, Validation Accuracy: 89.63%

Per-Class Validation Accuracy:
  Class 0: 69.76% (1008/1445)
  Class 1: 100.00% (1449/1449)
  Class 2: 88.20% (1383/1568)
  Class 3: 100.00% (1538/1538)
Epoch [58/100], Training Loss: 0.2450
Validation Loss: 0.2833, Validation Accuracy: 82.57%

Per-Class Validation Accuracy:
  Class 0: 96.54% (1395/1445)
  Class 1: 100.00% (1449/1449)
  Class 2: 36.48% (572/1568)
  Class 3: 100.00% (1538/1538)
Epoch [59/100], Training Loss: 0.2361
Validation Loss: 0.2074, Validation Accuracy: 91.55%

Per-Class Validation Accuracy:
  Class 0: 88.10% (1273/1445)
  Class 1: 100.00% (1449/1449)
  Class 2: 78.64% (1233/1568)
  Class 3: 100.00% (1538/1538)
Epoch [60/100], Training Loss: 0.2298
Validation Loss: 0.2038, Validation Accuracy: 90.08%

Per-Class Validation Accuracy:
  Class 0: 80.97% (1170/1445)
  Class 1: 100.00% (1449/1449)
  Class 2: 79.59% (1248/1568)
  Class 3: 100.00% (1538/1538)
Epoch [61/100], Training Loss: 0.2235
Validation Loss: 0.2414, Validation Accuracy: 87.20%

Per-Class Validation Accuracy:
  Class 0: 69.27% (1001/1445)
  Class 1: 100.00% (1449/1449)
  Class 2: 79.34% (1244/1568)
  Class 3: 100.00% (1538/1538)
Epoch [62/100], Training Loss: 0.2268
Validation Loss: 0.2172, Validation Accuracy: 90.20%

Per-Class Validation Accuracy:
  Class 0: 80.48% (1163/1445)
  Class 1: 100.00% (1449/1449)
  Class 2: 80.48% (1262/1568)
  Class 3: 100.00% (1538/1538)
Epoch [63/100], Training Loss: 0.2199
Validation Loss: 0.2362, Validation Accuracy: 87.30%

Per-Class Validation Accuracy:
  Class 0: 67.06% (969/1445)
  Class 1: 100.00% (1449/1449)
  Class 2: 81.76% (1282/1568)
  Class 3: 100.00% (1538/1538)
Epoch [64/100], Training Loss: 0.2497
Validation Loss: 0.2112, Validation Accuracy: 88.92%

Per-Class Validation Accuracy:
  Class 0: 58.48% (845/1445)
  Class 1: 100.00% (1449/1449)
  Class 2: 95.85% (1503/1568)
  Class 3: 100.00% (1538/1538)
Epoch [65/100], Training Loss: 0.2174
Validation Loss: 0.1993, Validation Accuracy: 89.33%

Per-Class Validation Accuracy:
  Class 0: 89.90% (1299/1445)
  Class 1: 100.00% (1449/1449)
  Class 2: 68.49% (1074/1568)
  Class 3: 100.00% (1538/1538)
Epoch [66/100], Training Loss: 0.2176
Validation Loss: 0.2094, Validation Accuracy: 89.22%

Per-Class Validation Accuracy:
  Class 0: 73.22% (1058/1445)
  Class 1: 100.00% (1449/1449)
  Class 2: 83.42% (1308/1568)
  Class 3: 100.00% (1538/1538)
Epoch [67/100], Training Loss: 0.2154
Validation Loss: 0.2093, Validation Accuracy: 89.45%

Per-Class Validation Accuracy:
  Class 0: 69.48% (1004/1445)
  Class 1: 100.00% (1449/1449)
  Class 2: 87.76% (1376/1568)
  Class 3: 100.00% (1538/1538)
Epoch [68/100], Training Loss: 0.2166
Validation Loss: 0.1987, Validation Accuracy: 91.12%

Per-Class Validation Accuracy:
  Class 0: 95.22% (1376/1445)
  Class 1: 100.00% (1449/1449)
  Class 2: 70.41% (1104/1568)
  Class 3: 100.00% (1538/1538)
Epoch [69/100], Training Loss: 0.5545
Validation Loss: 0.3073, Validation Accuracy: 84.37%

Per-Class Validation Accuracy:
  Class 0: 89.76% (1297/1445)
  Class 1: 100.00% (1449/1449)
  Class 2: 49.62% (778/1568)
  Class 3: 100.00% (1538/1538)
Epoch [70/100], Training Loss: 0.2013
Validation Loss: 0.1633, Validation Accuracy: 92.90%

Per-Class Validation Accuracy:
  Class 0: 91.49% (1322/1445)
  Class 1: 100.00% (1449/1449)
  Class 2: 80.68% (1265/1568)
  Class 3: 100.00% (1538/1538)
Epoch [71/100], Training Loss: 0.1838
Validation Loss: 0.1671, Validation Accuracy: 91.52%

Per-Class Validation Accuracy:
  Class 0: 73.63% (1064/1445)
  Class 1: 100.00% (1449/1449)
  Class 2: 91.84% (1440/1568)
  Class 3: 100.00% (1538/1538)
Epoch [72/100], Training Loss: 0.1773
Validation Loss: 0.1499, Validation Accuracy: 93.20%

Per-Class Validation Accuracy:
  Class 0: 85.40% (1234/1445)
  Class 1: 100.00% (1449/1449)
  Class 2: 87.44% (1371/1568)
  Class 3: 100.00% (1538/1538)
Epoch [73/100], Training Loss: 0.1858
Validation Loss: 0.2502, Validation Accuracy: 87.73%

Per-Class Validation Accuracy:
  Class 0: 60.48% (874/1445)
  Class 1: 100.00% (1449/1449)
  Class 2: 89.48% (1403/1568)
  Class 3: 100.00% (1538/1538)
Epoch [74/100], Training Loss: 0.1859
Validation Loss: 0.1560, Validation Accuracy: 93.63%

Per-Class Validation Accuracy:
  Class 0: 89.69% (1296/1445)
  Class 1: 100.00% (1449/1449)
  Class 2: 85.14% (1335/1568)
  Class 3: 100.00% (1538/1538)
Epoch [75/100], Training Loss: 0.1861
Validation Loss: 0.1409, Validation Accuracy: 93.72%

Per-Class Validation Accuracy:
  Class 0: 91.70% (1325/1445)
  Class 1: 100.00% (1449/1449)
  Class 2: 83.61% (1311/1568)
  Class 3: 100.00% (1538/1538)
Epoch [76/100], Training Loss: 0.1865
Validation Loss: 0.1684, Validation Accuracy: 91.90%

Per-Class Validation Accuracy:
  Class 0: 69.48% (1004/1445)
  Class 1: 100.00% (1449/1449)
  Class 2: 97.13% (1523/1568)
  Class 3: 100.00% (1538/1538)
Epoch [77/100], Training Loss: 0.1917
Validation Loss: 0.1908, Validation Accuracy: 89.90%

Per-Class Validation Accuracy:
  Class 0: 99.03% (1431/1445)
  Class 1: 100.00% (1449/1449)
  Class 2: 62.24% (976/1568)
  Class 3: 100.00% (1538/1538)
Epoch [78/100], Training Loss: 0.1937
Validation Loss: 0.1937, Validation Accuracy: 89.87%

Per-Class Validation Accuracy:
  Class 0: 81.73% (1181/1445)
  Class 1: 100.00% (1449/1449)
  Class 2: 78.06% (1224/1568)
  Class 3: 100.00% (1538/1538)
Epoch [79/100], Training Loss: 0.1880
Validation Loss: 0.1843, Validation Accuracy: 92.15%

Per-Class Validation Accuracy:
  Class 0: 91.56% (1323/1445)
  Class 1: 100.00% (1449/1449)
  Class 2: 77.74% (1219/1568)
  Class 3: 100.00% (1538/1538)
Epoch [80/100], Training Loss: 0.1900
Validation Loss: 0.1519, Validation Accuracy: 93.82%

Per-Class Validation Accuracy:
  Class 0: 88.10% (1273/1445)
  Class 1: 100.00% (1449/1449)
  Class 2: 87.31% (1369/1568)
  Class 3: 100.00% (1538/1538)
Epoch [81/100], Training Loss: 0.1882
Validation Loss: 0.1734, Validation Accuracy: 90.68%

Per-Class Validation Accuracy:
  Class 0: 95.99% (1387/1445)
  Class 1: 100.00% (1449/1449)
  Class 2: 68.05% (1067/1568)
  Class 3: 100.00% (1538/1538)
Epoch [82/100], Training Loss: 0.1532
Validation Loss: 0.1511, Validation Accuracy: 92.97%

Per-Class Validation Accuracy:
  Class 0: 93.91% (1357/1445)
  Class 1: 100.00% (1449/1449)
  Class 2: 78.70% (1234/1568)
  Class 3: 100.00% (1538/1538)
Epoch [83/100], Training Loss: 0.1436
Validation Loss: 0.1559, Validation Accuracy: 93.13%

Per-Class Validation Accuracy:
  Class 0: 79.65% (1151/1445)
  Class 1: 100.00% (1449/1449)
  Class 2: 92.47% (1450/1568)
  Class 3: 100.00% (1538/1538)
Epoch [84/100], Training Loss: 0.1414
Validation Loss: 0.1191, Validation Accuracy: 95.00%

Per-Class Validation Accuracy:
  Class 0: 88.03% (1272/1445)
  Class 1: 100.00% (1449/1449)
  Class 2: 91.90% (1441/1568)
  Class 3: 100.00% (1538/1538)
Epoch [85/100], Training Loss: 0.1337
Validation Loss: 0.1809, Validation Accuracy: 92.12%

Per-Class Validation Accuracy:
  Class 0: 74.95% (1083/1445)
  Class 1: 100.00% (1449/1449)
  Class 2: 92.92% (1457/1568)
  Class 3: 100.00% (1538/1538)
Epoch [86/100], Training Loss: 0.1419
Validation Loss: 0.1227, Validation Accuracy: 94.28%

Per-Class Validation Accuracy:
  Class 0: 95.50% (1380/1445)
  Class 1: 100.00% (1449/1449)
  Class 2: 82.27% (1290/1568)
  Class 3: 100.00% (1538/1538)
Epoch [87/100], Training Loss: 0.1364
Validation Loss: 0.1204, Validation Accuracy: 94.22%

Per-Class Validation Accuracy:
  Class 0: 79.17% (1144/1445)
  Class 1: 100.00% (1449/1449)
  Class 2: 97.07% (1522/1568)
  Class 3: 100.00% (1538/1538)
Epoch [88/100], Training Loss: 0.1331
Validation Loss: 0.1345, Validation Accuracy: 94.60%

Per-Class Validation Accuracy:
  Class 0: 97.30% (1406/1445)
  Class 1: 100.00% (1449/1449)
  Class 2: 81.82% (1283/1568)
  Class 3: 100.00% (1538/1538)
Epoch [89/100], Training Loss: 0.1353
Validation Loss: 0.1250, Validation Accuracy: 93.63%

Per-Class Validation Accuracy:
  Class 0: 95.78% (1384/1445)
  Class 1: 100.00% (1449/1449)
  Class 2: 79.53% (1247/1568)
  Class 3: 100.00% (1538/1538)
Epoch [90/100], Training Loss: 0.1266
Validation Loss: 0.1111, Validation Accuracy: 94.57%

Per-Class Validation Accuracy:
  Class 0: 98.13% (1418/1445)
  Class 1: 100.00% (1449/1449)
  Class 2: 80.93% (1269/1568)
  Class 3: 100.00% (1538/1538)
Epoch [91/100], Training Loss: 0.1340
Validation Loss: 0.1146, Validation Accuracy: 94.30%

Per-Class Validation Accuracy:
  Class 0: 97.85% (1414/1445)
  Class 1: 100.00% (1449/1449)
  Class 2: 80.17% (1257/1568)
  Class 3: 100.00% (1538/1538)
Epoch [92/100], Training Loss: 0.1283
Validation Loss: 0.1126, Validation Accuracy: 95.32%

Per-Class Validation Accuracy:
  Class 0: 98.62% (1425/1445)
  Class 1: 100.00% (1449/1449)
  Class 2: 83.35% (1307/1568)
  Class 3: 100.00% (1538/1538)
Epoch [93/100], Training Loss: 0.1297
Validation Loss: 0.1441, Validation Accuracy: 93.82%

Per-Class Validation Accuracy:
  Class 0: 94.95% (1372/1445)
  Class 1: 100.00% (1449/1449)
  Class 2: 80.99% (1270/1568)
  Class 3: 100.00% (1538/1538)
Epoch [94/100], Training Loss: 0.1301
Validation Loss: 0.1070, Validation Accuracy: 96.38%

Per-Class Validation Accuracy:
  Class 0: 97.99% (1416/1445)
  Class 1: 100.00% (1449/1449)
  Class 2: 88.01% (1380/1568)
  Class 3: 100.00% (1538/1538)
Epoch [95/100], Training Loss: 0.1325
Validation Loss: 0.1119, Validation Accuracy: 94.62%

Per-Class Validation Accuracy:
  Class 0: 83.88% (1212/1445)
  Class 1: 100.00% (1449/1449)
  Class 2: 94.26% (1478/1568)
  Class 3: 100.00% (1538/1538)
Epoch [96/100], Training Loss: 0.1299
Validation Loss: 0.1154, Validation Accuracy: 95.78%

Per-Class Validation Accuracy:
  Class 0: 97.16% (1404/1445)
  Class 1: 100.00% (1449/1449)
  Class 2: 86.48% (1356/1568)
  Class 3: 100.00% (1538/1538)
Epoch [97/100], Training Loss: 3.7690
Validation Loss: 0.1155, Validation Accuracy: 95.05%

Per-Class Validation Accuracy:
  Class 0: 96.89% (1400/1445)
  Class 1: 100.00% (1449/1449)
  Class 2: 83.93% (1316/1568)
  Class 3: 100.00% (1538/1538)
Epoch [98/100], Training Loss: 0.1048
Validation Loss: 0.0972, Validation Accuracy: 94.95%

Per-Class Validation Accuracy:
  Class 0: 82.15% (1187/1445)
  Class 1: 100.00% (1449/1449)
  Class 2: 97.13% (1523/1568)
  Class 3: 100.00% (1538/1538)
Epoch [99/100], Training Loss: 0.1031
Validation Loss: 0.1360, Validation Accuracy: 92.67%

Per-Class Validation Accuracy:
  Class 0: 72.11% (1042/1445)
  Class 1: 100.00% (1449/1449)
  Class 2: 97.64% (1531/1568)
  Class 3: 100.00% (1538/1538)
Epoch [100/100], Training Loss: 0.1065
Validation Loss: 0.1177, Validation Accuracy: 95.30%

Per-Class Validation Accuracy:
  Class 0: 96.19% (1390/1445)
  Class 1: 100.00% (1449/1449)
  Class 2: 85.52% (1341/1568)
  Class 3: 100.00% (1538/1538)

	Elapsed time is 1294.3080 seconds.

==========================================================================================
Total parameters: 7963
Total memory (bytes): 63704
Total memory (MB): 0.06075286865234375
==========================================================================================
Validation Loss: 0.1177, Validation Accuracy: 95.30%

Per-Class Validation Accuracy:
  No Thrust: 96.19% (1390/1445)
  Chemical: 100.00% (1449/1449)
  Electric: 85.52% (1341/1568)
  Impulsive: 100.00% (1538/1538)

Classification Report:
              precision    recall  f1-score   support

   No Thrust     0.8596    0.9619    0.9079      1445
    Chemical     1.0000    1.0000    1.0000      1449
    Electric     0.9606    0.8552    0.9049      1568
   Impulsive     1.0000    1.0000    1.0000      1538

    accuracy                         0.9530      6000
   macro avg     0.9551    0.9543    0.9532      6000
weighted avg     0.9559    0.9530    0.9530      6000


Confusion Matrix (rows = true, cols = predicted):
             P_No Thrust  P_Chemical  P_Electric  P_Impulsive
T_No Thrust         1390           0          55            0
T_Chemical             0        1449           0            0
T_Electric           227           0        1341            0
T_Impulsive            0           0           0         1538
