GPU is available

Entering LSTM Training Loop
Epoch [1/100], Training Loss: 1.3846
Validation Loss: 1.3935, Validation Accuracy: 25.00%

Per-Class Validation Accuracy:
  Class 0: 0.00% (0/15)
  Class 1: 42.86% (6/14)
  Class 2: 0.00% (0/22)
  Class 3: 100.00% (9/9)
Epoch [2/100], Training Loss: 1.3673
Validation Loss: 1.3994, Validation Accuracy: 15.00%

Per-Class Validation Accuracy:
  Class 0: 0.00% (0/15)
  Class 1: 0.00% (0/14)
  Class 2: 0.00% (0/22)
  Class 3: 100.00% (9/9)
Epoch [3/100], Training Loss: 1.3387
Validation Loss: 1.3769, Validation Accuracy: 15.00%

Per-Class Validation Accuracy:
  Class 0: 0.00% (0/15)
  Class 1: 0.00% (0/14)
  Class 2: 0.00% (0/22)
  Class 3: 100.00% (9/9)
Epoch [4/100], Training Loss: 1.2734
Validation Loss: 1.2875, Validation Accuracy: 36.67%

Per-Class Validation Accuracy:
  Class 0: 0.00% (0/15)
  Class 1: 92.86% (13/14)
  Class 2: 0.00% (0/22)
  Class 3: 100.00% (9/9)
Epoch [5/100], Training Loss: 1.1265
Validation Loss: 1.1150, Validation Accuracy: 38.33%

Per-Class Validation Accuracy:
  Class 0: 0.00% (0/15)
  Class 1: 100.00% (14/14)
  Class 2: 0.00% (0/22)
  Class 3: 100.00% (9/9)
Epoch [6/100], Training Loss: 0.9821
Validation Loss: 1.1134, Validation Accuracy: 38.33%

Per-Class Validation Accuracy:
  Class 0: 0.00% (0/15)
  Class 1: 100.00% (14/14)
  Class 2: 0.00% (0/22)
  Class 3: 100.00% (9/9)
Epoch [7/100], Training Loss: 0.9694
Validation Loss: 1.0744, Validation Accuracy: 36.67%

Per-Class Validation Accuracy:
  Class 0: 86.67% (13/15)
  Class 1: 0.00% (0/14)
  Class 2: 0.00% (0/22)
  Class 3: 100.00% (9/9)
Epoch [8/100], Training Loss: 0.9732
Validation Loss: 1.0337, Validation Accuracy: 36.67%

Per-Class Validation Accuracy:
  Class 0: 0.00% (0/15)
  Class 1: 100.00% (14/14)
  Class 2: 0.00% (0/22)
  Class 3: 88.89% (8/9)
Epoch [9/100], Training Loss: 0.9668
Validation Loss: 1.0278, Validation Accuracy: 36.67%

Per-Class Validation Accuracy:
  Class 0: 0.00% (0/15)
  Class 1: 100.00% (14/14)
  Class 2: 0.00% (0/22)
  Class 3: 88.89% (8/9)
Epoch [10/100], Training Loss: 0.9099
Validation Loss: 1.0614, Validation Accuracy: 40.00%

Per-Class Validation Accuracy:
  Class 0: 6.67% (1/15)
  Class 1: 100.00% (14/14)
  Class 2: 0.00% (0/22)
  Class 3: 100.00% (9/9)
Epoch [11/100], Training Loss: 0.9011
Validation Loss: 1.0256, Validation Accuracy: 38.33%

Per-Class Validation Accuracy:
  Class 0: 6.67% (1/15)
  Class 1: 92.86% (13/14)
  Class 2: 0.00% (0/22)
  Class 3: 100.00% (9/9)
Epoch [12/100], Training Loss: 0.8850
Validation Loss: 1.0057, Validation Accuracy: 36.67%

Per-Class Validation Accuracy:
  Class 0: 0.00% (0/15)
  Class 1: 100.00% (14/14)
  Class 2: 0.00% (0/22)
  Class 3: 88.89% (8/9)
Epoch [13/100], Training Loss: 0.8697
Validation Loss: 1.0172, Validation Accuracy: 38.33%

Per-Class Validation Accuracy:
  Class 0: 6.67% (1/15)
  Class 1: 92.86% (13/14)
  Class 2: 0.00% (0/22)
  Class 3: 100.00% (9/9)
Epoch [14/100], Training Loss: 0.8594
Validation Loss: 1.0291, Validation Accuracy: 40.00%

Per-Class Validation Accuracy:
  Class 0: 6.67% (1/15)
  Class 1: 100.00% (14/14)
  Class 2: 0.00% (0/22)
  Class 3: 100.00% (9/9)
Epoch [15/100], Training Loss: 0.8477
Validation Loss: 1.0025, Validation Accuracy: 36.67%

Per-Class Validation Accuracy:
  Class 0: 0.00% (0/15)
  Class 1: 100.00% (14/14)
  Class 2: 0.00% (0/22)
  Class 3: 88.89% (8/9)
Epoch [16/100], Training Loss: 0.8596
Validation Loss: 1.0081, Validation Accuracy: 25.00%

Per-Class Validation Accuracy:
  Class 0: 13.33% (2/15)
  Class 1: 35.71% (5/14)
  Class 2: 0.00% (0/22)
  Class 3: 88.89% (8/9)
Epoch [17/100], Training Loss: 0.8632
Validation Loss: 0.9972, Validation Accuracy: 31.67%

Per-Class Validation Accuracy:
  Class 0: 13.33% (2/15)
  Class 1: 64.29% (9/14)
  Class 2: 0.00% (0/22)
  Class 3: 88.89% (8/9)
Epoch [18/100], Training Loss: 0.8305
Validation Loss: 1.0052, Validation Accuracy: 36.67%

Per-Class Validation Accuracy:
  Class 0: 6.67% (1/15)
  Class 1: 85.71% (12/14)
  Class 2: 0.00% (0/22)
  Class 3: 100.00% (9/9)
Epoch [19/100], Training Loss: 0.8379
Validation Loss: 1.0303, Validation Accuracy: 38.33%

Per-Class Validation Accuracy:
  Class 0: 6.67% (1/15)
  Class 1: 92.86% (13/14)
  Class 2: 0.00% (0/22)
  Class 3: 100.00% (9/9)
Epoch [20/100], Training Loss: 0.8451
Validation Loss: 1.0035, Validation Accuracy: 38.33%

Per-Class Validation Accuracy:
  Class 0: 0.00% (0/15)
  Class 1: 100.00% (14/14)
  Class 2: 0.00% (0/22)
  Class 3: 100.00% (9/9)
Epoch [21/100], Training Loss: 0.8454
Validation Loss: 0.9832, Validation Accuracy: 26.67%

Per-Class Validation Accuracy:
  Class 0: 46.67% (7/15)
  Class 1: 0.00% (0/14)
  Class 2: 0.00% (0/22)
  Class 3: 100.00% (9/9)
Epoch [22/100], Training Loss: 0.8416
Validation Loss: 0.9831, Validation Accuracy: 38.33%

Per-Class Validation Accuracy:
  Class 0: 6.67% (1/15)
  Class 1: 92.86% (13/14)
  Class 2: 0.00% (0/22)
  Class 3: 100.00% (9/9)
Epoch [23/100], Training Loss: 0.8339
Validation Loss: 0.9876, Validation Accuracy: 38.33%

Per-Class Validation Accuracy:
  Class 0: 0.00% (0/15)
  Class 1: 100.00% (14/14)
  Class 2: 0.00% (0/22)
  Class 3: 100.00% (9/9)
Epoch [24/100], Training Loss: 0.8013
Validation Loss: 1.0090, Validation Accuracy: 40.00%

Per-Class Validation Accuracy:
  Class 0: 6.67% (1/15)
  Class 1: 100.00% (14/14)
  Class 2: 0.00% (0/22)
  Class 3: 100.00% (9/9)
Epoch [25/100], Training Loss: 0.8085
Validation Loss: 0.9771, Validation Accuracy: 36.67%

Per-Class Validation Accuracy:
  Class 0: 13.33% (2/15)
  Class 1: 78.57% (11/14)
  Class 2: 0.00% (0/22)
  Class 3: 100.00% (9/9)
Epoch [26/100], Training Loss: 0.8063
Validation Loss: 0.9805, Validation Accuracy: 40.00%

Per-Class Validation Accuracy:
  Class 0: 6.67% (1/15)
  Class 1: 100.00% (14/14)
  Class 2: 0.00% (0/22)
  Class 3: 100.00% (9/9)
Epoch [27/100], Training Loss: 0.8161
Validation Loss: 1.0069, Validation Accuracy: 38.33%

Per-Class Validation Accuracy:
  Class 0: 0.00% (0/15)
  Class 1: 100.00% (14/14)
  Class 2: 0.00% (0/22)
  Class 3: 100.00% (9/9)
Epoch [28/100], Training Loss: 0.8085
Validation Loss: 0.9936, Validation Accuracy: 38.33%

Per-Class Validation Accuracy:
  Class 0: 0.00% (0/15)
  Class 1: 100.00% (14/14)
  Class 2: 0.00% (0/22)
  Class 3: 100.00% (9/9)
Epoch [29/100], Training Loss: 0.7971
Validation Loss: 0.9976, Validation Accuracy: 40.00%

Per-Class Validation Accuracy:
  Class 0: 6.67% (1/15)
  Class 1: 100.00% (14/14)
  Class 2: 0.00% (0/22)
  Class 3: 100.00% (9/9)
Epoch [30/100], Training Loss: 0.7914
Validation Loss: 0.9824, Validation Accuracy: 40.00%

Per-Class Validation Accuracy:
  Class 0: 6.67% (1/15)
  Class 1: 100.00% (14/14)
  Class 2: 0.00% (0/22)
  Class 3: 100.00% (9/9)
Epoch [31/100], Training Loss: 0.7972
Validation Loss: 0.9828, Validation Accuracy: 38.33%

Per-Class Validation Accuracy:
  Class 0: 0.00% (0/15)
  Class 1: 100.00% (14/14)
  Class 2: 0.00% (0/22)
  Class 3: 100.00% (9/9)
Epoch [32/100], Training Loss: 0.7935
Validation Loss: 0.9732, Validation Accuracy: 36.67%

Per-Class Validation Accuracy:
  Class 0: 0.00% (0/15)
  Class 1: 92.86% (13/14)
  Class 2: 0.00% (0/22)
  Class 3: 100.00% (9/9)
Epoch [33/100], Training Loss: 0.7837
Validation Loss: 0.9872, Validation Accuracy: 38.33%

Per-Class Validation Accuracy:
  Class 0: 0.00% (0/15)
  Class 1: 100.00% (14/14)
  Class 2: 0.00% (0/22)
  Class 3: 100.00% (9/9)
Epoch [34/100], Training Loss: 0.7877
Validation Loss: 0.9689, Validation Accuracy: 31.67%

Per-Class Validation Accuracy:
  Class 0: 66.67% (10/15)
  Class 1: 0.00% (0/14)
  Class 2: 0.00% (0/22)
  Class 3: 100.00% (9/9)
Epoch [35/100], Training Loss: 0.7910
Validation Loss: 0.9732, Validation Accuracy: 38.33%

Per-Class Validation Accuracy:
  Class 0: 6.67% (1/15)
  Class 1: 92.86% (13/14)
  Class 2: 0.00% (0/22)
  Class 3: 100.00% (9/9)
Epoch [36/100], Training Loss: 0.7955
Validation Loss: 1.0184, Validation Accuracy: 38.33%

Per-Class Validation Accuracy:
  Class 0: 0.00% (0/15)
  Class 1: 100.00% (14/14)
  Class 2: 0.00% (0/22)
  Class 3: 100.00% (9/9)
Epoch [37/100], Training Loss: 0.7823
Validation Loss: 1.0009, Validation Accuracy: 38.33%

Per-Class Validation Accuracy:
  Class 0: 0.00% (0/15)
  Class 1: 100.00% (14/14)
  Class 2: 0.00% (0/22)
  Class 3: 100.00% (9/9)
Epoch [38/100], Training Loss: 0.7817
Validation Loss: 0.9689, Validation Accuracy: 36.67%

Per-Class Validation Accuracy:
  Class 0: 0.00% (0/15)
  Class 1: 92.86% (13/14)
  Class 2: 0.00% (0/22)
  Class 3: 100.00% (9/9)
Epoch [39/100], Training Loss: 0.7695
Validation Loss: 0.9702, Validation Accuracy: 40.00%

Per-Class Validation Accuracy:
  Class 0: 13.33% (2/15)
  Class 1: 92.86% (13/14)
  Class 2: 0.00% (0/22)
  Class 3: 100.00% (9/9)
Epoch [40/100], Training Loss: 0.7677
Validation Loss: 0.9712, Validation Accuracy: 33.33%

Per-Class Validation Accuracy:
  Class 0: 46.67% (7/15)
  Class 1: 28.57% (4/14)
  Class 2: 0.00% (0/22)
  Class 3: 100.00% (9/9)
Epoch [41/100], Training Loss: 0.7871
Validation Loss: 0.9731, Validation Accuracy: 36.67%

Per-Class Validation Accuracy:
  Class 0: 0.00% (0/15)
  Class 1: 92.86% (13/14)
  Class 2: 0.00% (0/22)
  Class 3: 100.00% (9/9)
Epoch [42/100], Training Loss: 0.7694
Validation Loss: 0.9753, Validation Accuracy: 40.00%

Per-Class Validation Accuracy:
  Class 0: 13.33% (2/15)
  Class 1: 92.86% (13/14)
  Class 2: 0.00% (0/22)
  Class 3: 100.00% (9/9)
Epoch [43/100], Training Loss: 0.7759
Validation Loss: 0.9976, Validation Accuracy: 38.33%

Per-Class Validation Accuracy:
  Class 0: 0.00% (0/15)
  Class 1: 100.00% (14/14)
  Class 2: 0.00% (0/22)
  Class 3: 100.00% (9/9)
Epoch [44/100], Training Loss: 0.7750
Validation Loss: 0.9739, Validation Accuracy: 38.33%

Per-Class Validation Accuracy:
  Class 0: 6.67% (1/15)
  Class 1: 92.86% (13/14)
  Class 2: 0.00% (0/22)
  Class 3: 100.00% (9/9)
Epoch [45/100], Training Loss: 0.7601
Validation Loss: 0.9714, Validation Accuracy: 36.67%

Per-Class Validation Accuracy:
  Class 0: 13.33% (2/15)
  Class 1: 78.57% (11/14)
  Class 2: 0.00% (0/22)
  Class 3: 100.00% (9/9)
Epoch [46/100], Training Loss: 0.7800
Validation Loss: 0.9832, Validation Accuracy: 38.33%

Per-Class Validation Accuracy:
  Class 0: 0.00% (0/15)
  Class 1: 100.00% (14/14)
  Class 2: 0.00% (0/22)
  Class 3: 100.00% (9/9)
Epoch [47/100], Training Loss: 0.7662
Validation Loss: 0.9680, Validation Accuracy: 40.00%

Per-Class Validation Accuracy:
  Class 0: 13.33% (2/15)
  Class 1: 92.86% (13/14)
  Class 2: 0.00% (0/22)
  Class 3: 100.00% (9/9)
Epoch [48/100], Training Loss: 0.7669
Validation Loss: 0.9727, Validation Accuracy: 40.00%

Per-Class Validation Accuracy:
  Class 0: 13.33% (2/15)
  Class 1: 92.86% (13/14)
  Class 2: 0.00% (0/22)
  Class 3: 100.00% (9/9)
Epoch [49/100], Training Loss: 0.7737
Validation Loss: 0.9686, Validation Accuracy: 36.67%

Per-Class Validation Accuracy:
  Class 0: 13.33% (2/15)
  Class 1: 78.57% (11/14)
  Class 2: 0.00% (0/22)
  Class 3: 100.00% (9/9)
Epoch [50/100], Training Loss: 0.7761
Validation Loss: 0.9701, Validation Accuracy: 40.00%

Per-Class Validation Accuracy:
  Class 0: 13.33% (2/15)
  Class 1: 92.86% (13/14)
  Class 2: 0.00% (0/22)
  Class 3: 100.00% (9/9)
Epoch [51/100], Training Loss: 0.7760
Validation Loss: 0.9788, Validation Accuracy: 38.33%

Per-Class Validation Accuracy:
  Class 0: 0.00% (0/15)
  Class 1: 100.00% (14/14)
  Class 2: 0.00% (0/22)
  Class 3: 100.00% (9/9)
Epoch [52/100], Training Loss: 0.7716
Validation Loss: 0.9728, Validation Accuracy: 40.00%

Per-Class Validation Accuracy:
  Class 0: 13.33% (2/15)
  Class 1: 92.86% (13/14)
  Class 2: 0.00% (0/22)
  Class 3: 100.00% (9/9)
Epoch [53/100], Training Loss: 0.7648
Validation Loss: 0.9709, Validation Accuracy: 40.00%

Per-Class Validation Accuracy:
  Class 0: 13.33% (2/15)
  Class 1: 92.86% (13/14)
  Class 2: 0.00% (0/22)
  Class 3: 100.00% (9/9)
Epoch [54/100], Training Loss: 0.7687
Validation Loss: 0.9688, Validation Accuracy: 40.00%

Per-Class Validation Accuracy:
  Class 0: 13.33% (2/15)
  Class 1: 92.86% (13/14)
  Class 2: 0.00% (0/22)
  Class 3: 100.00% (9/9)
Epoch [55/100], Training Loss: 0.7630
Validation Loss: 0.9728, Validation Accuracy: 38.33%

Per-Class Validation Accuracy:
  Class 0: 6.67% (1/15)
  Class 1: 92.86% (13/14)
  Class 2: 0.00% (0/22)
  Class 3: 100.00% (9/9)
Epoch [56/100], Training Loss: 0.7559
Validation Loss: 0.9701, Validation Accuracy: 40.00%

Per-Class Validation Accuracy:
  Class 0: 13.33% (2/15)
  Class 1: 92.86% (13/14)
  Class 2: 0.00% (0/22)
  Class 3: 100.00% (9/9)
Epoch [57/100], Training Loss: 0.7671
Validation Loss: 0.9699, Validation Accuracy: 40.00%

Per-Class Validation Accuracy:
  Class 0: 13.33% (2/15)
  Class 1: 92.86% (13/14)
  Class 2: 0.00% (0/22)
  Class 3: 100.00% (9/9)
Early stopping triggered.

	Elapsed time is 3.1343 seconds.

==========================================================================================
Total parameters: 14788
Total memory (bytes): 118304
Total memory (MB): 0.112823486328125
==========================================================================================
Validation Loss: 0.9699, Validation Accuracy: 40.00%

Per-Class Validation Accuracy:
  No Thrust: 13.33% (2/15)
  Chemical: 92.86% (13/14)
  Electric: 0.00% (0/22)
  Impulsive: 100.00% (9/9)

Entering Mamba Training Loop
Epoch [1/100], Training Loss: 1.3855
Validation Loss: 1.3971, Validation Accuracy: 23.33%

Per-Class Validation Accuracy:
  Class 0: 0.00% (0/15)
  Class 1: 100.00% (14/14)
  Class 2: 0.00% (0/22)
  Class 3: 0.00% (0/9)
Epoch [2/100], Training Loss: 1.3757
Validation Loss: 1.3927, Validation Accuracy: 23.33%

Per-Class Validation Accuracy:
  Class 0: 0.00% (0/15)
  Class 1: 100.00% (14/14)
  Class 2: 0.00% (0/22)
  Class 3: 0.00% (0/9)
Epoch [3/100], Training Loss: 1.3625
Validation Loss: 1.3818, Validation Accuracy: 31.67%

Per-Class Validation Accuracy:
  Class 0: 0.00% (0/15)
  Class 1: 100.00% (14/14)
  Class 2: 0.00% (0/22)
  Class 3: 55.56% (5/9)
Epoch [4/100], Training Loss: 1.3193
Validation Loss: 1.3412, Validation Accuracy: 38.33%

Per-Class Validation Accuracy:
  Class 0: 0.00% (0/15)
  Class 1: 100.00% (14/14)
  Class 2: 0.00% (0/22)
  Class 3: 100.00% (9/9)
Epoch [5/100], Training Loss: 1.0961
Validation Loss: 1.1159, Validation Accuracy: 33.33%

Per-Class Validation Accuracy:
  Class 0: 73.33% (11/15)
  Class 1: 0.00% (0/14)
  Class 2: 0.00% (0/22)
  Class 3: 100.00% (9/9)
Epoch [6/100], Training Loss: 0.8132
Validation Loss: 1.1061, Validation Accuracy: 38.33%

Per-Class Validation Accuracy:
  Class 0: 0.00% (0/15)
  Class 1: 100.00% (14/14)
  Class 2: 0.00% (0/22)
  Class 3: 100.00% (9/9)
Epoch [7/100], Training Loss: 0.7931
Validation Loss: 0.9483, Validation Accuracy: 51.67%

Per-Class Validation Accuracy:
  Class 0: 0.00% (0/15)
  Class 1: 57.14% (8/14)
  Class 2: 63.64% (14/22)
  Class 3: 100.00% (9/9)
Epoch [8/100], Training Loss: 0.7796
Validation Loss: 0.9797, Validation Accuracy: 48.33%

Per-Class Validation Accuracy:
  Class 0: 60.00% (9/15)
  Class 1: 78.57% (11/14)
  Class 2: 0.00% (0/22)
  Class 3: 100.00% (9/9)
Epoch [9/100], Training Loss: 0.7621
Validation Loss: 0.9712, Validation Accuracy: 40.00%

Per-Class Validation Accuracy:
  Class 0: 6.67% (1/15)
  Class 1: 100.00% (14/14)
  Class 2: 0.00% (0/22)
  Class 3: 100.00% (9/9)
Epoch [10/100], Training Loss: 0.7598
Validation Loss: 0.9525, Validation Accuracy: 40.00%

Per-Class Validation Accuracy:
  Class 0: 66.67% (10/15)
  Class 1: 35.71% (5/14)
  Class 2: 0.00% (0/22)
  Class 3: 100.00% (9/9)
Epoch [11/100], Training Loss: 0.7546
Validation Loss: 0.9521, Validation Accuracy: 51.67%

Per-Class Validation Accuracy:
  Class 0: 53.33% (8/15)
  Class 1: 100.00% (14/14)
  Class 2: 0.00% (0/22)
  Class 3: 100.00% (9/9)
Epoch [12/100], Training Loss: 0.7552
Validation Loss: 0.9918, Validation Accuracy: 48.33%

Per-Class Validation Accuracy:
  Class 0: 40.00% (6/15)
  Class 1: 100.00% (14/14)
  Class 2: 0.00% (0/22)
  Class 3: 100.00% (9/9)
Epoch [13/100], Training Loss: 0.7584
Validation Loss: 0.9136, Validation Accuracy: 45.00%

Per-Class Validation Accuracy:
  Class 0: 53.33% (8/15)
  Class 1: 71.43% (10/14)
  Class 2: 0.00% (0/22)
  Class 3: 100.00% (9/9)
Epoch [14/100], Training Loss: 0.7379
Validation Loss: 0.9513, Validation Accuracy: 48.33%

Per-Class Validation Accuracy:
  Class 0: 60.00% (9/15)
  Class 1: 78.57% (11/14)
  Class 2: 0.00% (0/22)
  Class 3: 100.00% (9/9)
Epoch [15/100], Training Loss: 0.7293
Validation Loss: 0.9640, Validation Accuracy: 48.33%

Per-Class Validation Accuracy:
  Class 0: 60.00% (9/15)
  Class 1: 78.57% (11/14)
  Class 2: 0.00% (0/22)
  Class 3: 100.00% (9/9)
Epoch [16/100], Training Loss: 0.7264
Validation Loss: 0.9130, Validation Accuracy: 43.33%

Per-Class Validation Accuracy:
  Class 0: 53.33% (8/15)
  Class 1: 64.29% (9/14)
  Class 2: 0.00% (0/22)
  Class 3: 100.00% (9/9)
Epoch [17/100], Training Loss: 0.7108
Validation Loss: 0.9331, Validation Accuracy: 45.00%

Per-Class Validation Accuracy:
  Class 0: 60.00% (9/15)
  Class 1: 64.29% (9/14)
  Class 2: 0.00% (0/22)
  Class 3: 100.00% (9/9)
Epoch [18/100], Training Loss: 0.7198
Validation Loss: 0.9156, Validation Accuracy: 43.33%

Per-Class Validation Accuracy:
  Class 0: 13.33% (2/15)
  Class 1: 78.57% (11/14)
  Class 2: 18.18% (4/22)
  Class 3: 100.00% (9/9)
Epoch [19/100], Training Loss: 0.7325
Validation Loss: 0.9497, Validation Accuracy: 38.33%

Per-Class Validation Accuracy:
  Class 0: 73.33% (11/15)
  Class 1: 21.43% (3/14)
  Class 2: 0.00% (0/22)
  Class 3: 100.00% (9/9)
Epoch [20/100], Training Loss: 0.7179
Validation Loss: 0.8984, Validation Accuracy: 43.33%

Per-Class Validation Accuracy:
  Class 0: 33.33% (5/15)
  Class 1: 64.29% (9/14)
  Class 2: 13.64% (3/22)
  Class 3: 100.00% (9/9)
Epoch [21/100], Training Loss: 0.7181
Validation Loss: 0.9067, Validation Accuracy: 35.00%

Per-Class Validation Accuracy:
  Class 0: 60.00% (9/15)
  Class 1: 21.43% (3/14)
  Class 2: 0.00% (0/22)
  Class 3: 100.00% (9/9)
Epoch [22/100], Training Loss: 0.7027
Validation Loss: 0.8977, Validation Accuracy: 46.67%

Per-Class Validation Accuracy:
  Class 0: 33.33% (5/15)
  Class 1: 85.71% (12/14)
  Class 2: 9.09% (2/22)
  Class 3: 100.00% (9/9)
Epoch [23/100], Training Loss: 0.7024
Validation Loss: 0.9402, Validation Accuracy: 36.67%

Per-Class Validation Accuracy:
  Class 0: 66.67% (10/15)
  Class 1: 21.43% (3/14)
  Class 2: 0.00% (0/22)
  Class 3: 100.00% (9/9)
Epoch [24/100], Training Loss: 0.6867
Validation Loss: 0.9449, Validation Accuracy: 51.67%

Per-Class Validation Accuracy:
  Class 0: 53.33% (8/15)
  Class 1: 100.00% (14/14)
  Class 2: 0.00% (0/22)
  Class 3: 100.00% (9/9)
Epoch [25/100], Training Loss: 0.7085
Validation Loss: 0.9178, Validation Accuracy: 38.33%

Per-Class Validation Accuracy:
  Class 0: 73.33% (11/15)
  Class 1: 21.43% (3/14)
  Class 2: 0.00% (0/22)
  Class 3: 100.00% (9/9)
Epoch [26/100], Training Loss: 0.6959
Validation Loss: 0.8792, Validation Accuracy: 45.00%

Per-Class Validation Accuracy:
  Class 0: 20.00% (3/15)
  Class 1: 78.57% (11/14)
  Class 2: 18.18% (4/22)
  Class 3: 100.00% (9/9)
Epoch [27/100], Training Loss: 0.6844
Validation Loss: 0.8860, Validation Accuracy: 48.33%

Per-Class Validation Accuracy:
  Class 0: 60.00% (9/15)
  Class 1: 78.57% (11/14)
  Class 2: 0.00% (0/22)
  Class 3: 100.00% (9/9)
Epoch [28/100], Training Loss: 0.6962
Validation Loss: 0.9258, Validation Accuracy: 45.00%

Per-Class Validation Accuracy:
  Class 0: 73.33% (11/15)
  Class 1: 50.00% (7/14)
  Class 2: 0.00% (0/22)
  Class 3: 100.00% (9/9)
Epoch [29/100], Training Loss: 0.7242
Validation Loss: 0.9076, Validation Accuracy: 41.67%

Per-Class Validation Accuracy:
  Class 0: 13.33% (2/15)
  Class 1: 14.29% (2/14)
  Class 2: 54.55% (12/22)
  Class 3: 100.00% (9/9)
Epoch [30/100], Training Loss: 0.7152
Validation Loss: 0.8963, Validation Accuracy: 48.33%

Per-Class Validation Accuracy:
  Class 0: 33.33% (5/15)
  Class 1: 100.00% (14/14)
  Class 2: 4.55% (1/22)
  Class 3: 100.00% (9/9)
Epoch [31/100], Training Loss: 0.7049
Validation Loss: 0.9152, Validation Accuracy: 50.00%

Per-Class Validation Accuracy:
  Class 0: 60.00% (9/15)
  Class 1: 85.71% (12/14)
  Class 2: 0.00% (0/22)
  Class 3: 100.00% (9/9)
Epoch [32/100], Training Loss: 0.6854
Validation Loss: 0.9010, Validation Accuracy: 50.00%

Per-Class Validation Accuracy:
  Class 0: 60.00% (9/15)
  Class 1: 85.71% (12/14)
  Class 2: 0.00% (0/22)
  Class 3: 100.00% (9/9)
Epoch [33/100], Training Loss: 0.6801
Validation Loss: 0.8789, Validation Accuracy: 46.67%

Per-Class Validation Accuracy:
  Class 0: 53.33% (8/15)
  Class 1: 78.57% (11/14)
  Class 2: 0.00% (0/22)
  Class 3: 100.00% (9/9)
Epoch [34/100], Training Loss: 0.7003
Validation Loss: 0.9139, Validation Accuracy: 48.33%

Per-Class Validation Accuracy:
  Class 0: 66.67% (10/15)
  Class 1: 71.43% (10/14)
  Class 2: 0.00% (0/22)
  Class 3: 100.00% (9/9)
Epoch [35/100], Training Loss: 0.6853
Validation Loss: 0.8686, Validation Accuracy: 46.67%

Per-Class Validation Accuracy:
  Class 0: 20.00% (3/15)
  Class 1: 78.57% (11/14)
  Class 2: 22.73% (5/22)
  Class 3: 100.00% (9/9)
Epoch [36/100], Training Loss: 0.6902
Validation Loss: 0.9070, Validation Accuracy: 50.00%

Per-Class Validation Accuracy:
  Class 0: 66.67% (10/15)
  Class 1: 78.57% (11/14)
  Class 2: 0.00% (0/22)
  Class 3: 100.00% (9/9)
Epoch [37/100], Training Loss: 0.6812
Validation Loss: 0.8692, Validation Accuracy: 45.00%

Per-Class Validation Accuracy:
  Class 0: 26.67% (4/15)
  Class 1: 78.57% (11/14)
  Class 2: 13.64% (3/22)
  Class 3: 100.00% (9/9)
Epoch [38/100], Training Loss: 0.6840
Validation Loss: 0.8984, Validation Accuracy: 50.00%

Per-Class Validation Accuracy:
  Class 0: 73.33% (11/15)
  Class 1: 71.43% (10/14)
  Class 2: 0.00% (0/22)
  Class 3: 100.00% (9/9)
Epoch [39/100], Training Loss: 0.6708
Validation Loss: 0.8761, Validation Accuracy: 46.67%

Per-Class Validation Accuracy:
  Class 0: 33.33% (5/15)
  Class 1: 85.71% (12/14)
  Class 2: 9.09% (2/22)
  Class 3: 100.00% (9/9)
Epoch [40/100], Training Loss: 0.6784
Validation Loss: 0.8891, Validation Accuracy: 51.67%

Per-Class Validation Accuracy:
  Class 0: 66.67% (10/15)
  Class 1: 85.71% (12/14)
  Class 2: 0.00% (0/22)
  Class 3: 100.00% (9/9)
Epoch [41/100], Training Loss: 0.6927
Validation Loss: 0.9066, Validation Accuracy: 51.67%

Per-Class Validation Accuracy:
  Class 0: 66.67% (10/15)
  Class 1: 85.71% (12/14)
  Class 2: 0.00% (0/22)
  Class 3: 100.00% (9/9)
Epoch [42/100], Training Loss: 0.6680
Validation Loss: 0.8713, Validation Accuracy: 46.67%

Per-Class Validation Accuracy:
  Class 0: 26.67% (4/15)
  Class 1: 85.71% (12/14)
  Class 2: 13.64% (3/22)
  Class 3: 100.00% (9/9)
Epoch [43/100], Training Loss: 0.6695
Validation Loss: 0.8793, Validation Accuracy: 48.33%

Per-Class Validation Accuracy:
  Class 0: 60.00% (9/15)
  Class 1: 78.57% (11/14)
  Class 2: 0.00% (0/22)
  Class 3: 100.00% (9/9)
Epoch [44/100], Training Loss: 0.6584
Validation Loss: 0.8806, Validation Accuracy: 48.33%

Per-Class Validation Accuracy:
  Class 0: 40.00% (6/15)
  Class 1: 85.71% (12/14)
  Class 2: 9.09% (2/22)
  Class 3: 100.00% (9/9)
Epoch [45/100], Training Loss: 0.6558
Validation Loss: 0.8756, Validation Accuracy: 46.67%

Per-Class Validation Accuracy:
  Class 0: 46.67% (7/15)
  Class 1: 78.57% (11/14)
  Class 2: 4.55% (1/22)
  Class 3: 100.00% (9/9)
Early stopping triggered.

	Elapsed time is 5.3724 seconds.

==========================================================================================
Total parameters: 7963
Total memory (bytes): 63704
Total memory (MB): 0.06075286865234375
==========================================================================================
Validation Loss: 0.8756, Validation Accuracy: 46.67%

Per-Class Validation Accuracy:
  No Thrust: 46.67% (7/15)
  Chemical: 78.57% (11/14)
  Electric: 4.55% (1/22)
  Impulsive: 100.00% (9/9)
