GPU is available

Entering LSTM Training Loop
Epoch [1/100], Training Loss: 0.8684
Validation Loss: 0.8117, Validation Accuracy: 50.05%

Per-Class Validation Accuracy:
  Class 0: 94.73% (1403/1481)
  Class 1: 0.00% (0/1435)
  Class 2: 3.89% (60/1544)
  Class 3: 100.00% (1540/1540)
Epoch [2/100], Training Loss: 0.8163
Validation Loss: 0.8010, Validation Accuracy: 53.52%

Per-Class Validation Accuracy:
  Class 0: 56.25% (833/1481)
  Class 1: 58.40% (838/1435)
  Class 2: 0.00% (0/1544)
  Class 3: 100.00% (1540/1540)
Epoch [3/100], Training Loss: 0.8042
Validation Loss: 0.7814, Validation Accuracy: 54.50%

Per-Class Validation Accuracy:
  Class 0: 12.96% (192/1481)
  Class 1: 52.54% (754/1435)
  Class 2: 50.78% (784/1544)
  Class 3: 100.00% (1540/1540)
Epoch [4/100], Training Loss: 0.7783
Validation Loss: 0.7545, Validation Accuracy: 57.17%

Per-Class Validation Accuracy:
  Class 0: 23.43% (347/1481)
  Class 1: 76.86% (1103/1435)
  Class 2: 28.50% (440/1544)
  Class 3: 100.00% (1540/1540)
Epoch [5/100], Training Loss: 0.7560
Validation Loss: 0.7506, Validation Accuracy: 60.38%

Per-Class Validation Accuracy:
  Class 0: 0.00% (0/1481)
  Class 1: 77.42% (1111/1435)
  Class 2: 62.95% (972/1544)
  Class 3: 100.00% (1540/1540)
Epoch [6/100], Training Loss: 0.7392
Validation Loss: 0.7582, Validation Accuracy: 61.83%

Per-Class Validation Accuracy:
  Class 0: 8.85% (131/1481)
  Class 1: 93.94% (1348/1435)
  Class 2: 44.75% (691/1544)
  Class 3: 100.00% (1540/1540)
Epoch [7/100], Training Loss: 0.7089
Validation Loss: 0.6913, Validation Accuracy: 59.52%

Per-Class Validation Accuracy:
  Class 0: 19.99% (296/1481)
  Class 1: 100.00% (1435/1435)
  Class 2: 19.43% (300/1544)
  Class 3: 100.00% (1540/1540)
Epoch [8/100], Training Loss: 0.6618
Validation Loss: 0.6395, Validation Accuracy: 60.30%

Per-Class Validation Accuracy:
  Class 0: 91.36% (1353/1481)
  Class 1: 45.57% (654/1435)
  Class 2: 4.60% (71/1544)
  Class 3: 100.00% (1540/1540)
Epoch [9/100], Training Loss: 0.6028
Validation Loss: 0.5407, Validation Accuracy: 72.03%

Per-Class Validation Accuracy:
  Class 0: 45.10% (668/1481)
  Class 1: 91.15% (1308/1435)
  Class 2: 52.20% (806/1544)
  Class 3: 100.00% (1540/1540)
Epoch [10/100], Training Loss: 0.5618
Validation Loss: 0.5041, Validation Accuracy: 72.22%

Per-Class Validation Accuracy:
  Class 0: 26.13% (387/1481)
  Class 1: 91.92% (1319/1435)
  Class 2: 70.40% (1087/1544)
  Class 3: 100.00% (1540/1540)
Epoch [11/100], Training Loss: 0.5275
Validation Loss: 0.4659, Validation Accuracy: 73.78%

Per-Class Validation Accuracy:
  Class 0: 38.83% (575/1481)
  Class 1: 98.54% (1414/1435)
  Class 2: 58.16% (898/1544)
  Class 3: 100.00% (1540/1540)
Epoch [12/100], Training Loss: 0.4862
Validation Loss: 0.5369, Validation Accuracy: 65.42%

Per-Class Validation Accuracy:
  Class 0: 52.40% (776/1481)
  Class 1: 100.00% (1435/1435)
  Class 2: 11.27% (174/1544)
  Class 3: 100.00% (1540/1540)
Epoch [13/100], Training Loss: 0.4606
Validation Loss: 0.4125, Validation Accuracy: 74.78%

Per-Class Validation Accuracy:
  Class 0: 17.08% (253/1481)
  Class 1: 100.00% (1435/1435)
  Class 2: 81.54% (1259/1544)
  Class 3: 100.00% (1540/1540)
Epoch [14/100], Training Loss: 0.4304
Validation Loss: 0.4165, Validation Accuracy: 74.05%

Per-Class Validation Accuracy:
  Class 0: 10.20% (151/1481)
  Class 1: 99.72% (1431/1435)
  Class 2: 85.56% (1321/1544)
  Class 3: 100.00% (1540/1540)
Epoch [15/100], Training Loss: 0.4256
Validation Loss: 0.3902, Validation Accuracy: 74.40%

Per-Class Validation Accuracy:
  Class 0: 84.54% (1252/1481)
  Class 1: 99.44% (1427/1435)
  Class 2: 15.87% (245/1544)
  Class 3: 100.00% (1540/1540)
Epoch [16/100], Training Loss: 0.4178
Validation Loss: 0.3891, Validation Accuracy: 74.95%

Per-Class Validation Accuracy:
  Class 0: 21.20% (314/1481)
  Class 1: 98.26% (1410/1435)
  Class 2: 79.86% (1233/1544)
  Class 3: 100.00% (1540/1540)
Epoch [17/100], Training Loss: 0.4065
Validation Loss: 0.4052, Validation Accuracy: 72.75%

Per-Class Validation Accuracy:
  Class 0: 71.17% (1054/1481)
  Class 1: 99.93% (1434/1435)
  Class 2: 21.83% (337/1544)
  Class 3: 100.00% (1540/1540)
Epoch [18/100], Training Loss: 0.3969
Validation Loss: 0.4028, Validation Accuracy: 73.60%

Per-Class Validation Accuracy:
  Class 0: 88.12% (1305/1481)
  Class 1: 97.77% (1403/1435)
  Class 2: 10.88% (168/1544)
  Class 3: 100.00% (1540/1540)
Epoch [19/100], Training Loss: 0.4014
Validation Loss: 0.3710, Validation Accuracy: 74.43%

Per-Class Validation Accuracy:
  Class 0: 78.19% (1158/1481)
  Class 1: 99.93% (1434/1435)
  Class 2: 21.63% (334/1544)
  Class 3: 100.00% (1540/1540)
Epoch [20/100], Training Loss: 0.3901
Validation Loss: 0.3950, Validation Accuracy: 72.58%

Per-Class Validation Accuracy:
  Class 0: 89.60% (1327/1481)
  Class 1: 94.56% (1357/1435)
  Class 2: 8.48% (131/1544)
  Class 3: 100.00% (1540/1540)
Epoch [21/100], Training Loss: 0.3931
Validation Loss: 0.5162, Validation Accuracy: 71.45%

Per-Class Validation Accuracy:
  Class 0: 66.98% (992/1481)
  Class 1: 100.00% (1435/1435)
  Class 2: 20.73% (320/1544)
  Class 3: 100.00% (1540/1540)
Epoch [22/100], Training Loss: 0.3863
Validation Loss: 0.3649, Validation Accuracy: 75.37%

Per-Class Validation Accuracy:
  Class 0: 59.62% (883/1481)
  Class 1: 100.00% (1435/1435)
  Class 2: 43.01% (664/1544)
  Class 3: 100.00% (1540/1540)
Epoch [23/100], Training Loss: 0.3800
Validation Loss: 0.3768, Validation Accuracy: 74.32%

Per-Class Validation Accuracy:
  Class 0: 62.39% (924/1481)
  Class 1: 97.49% (1399/1435)
  Class 2: 38.60% (596/1544)
  Class 3: 100.00% (1540/1540)
Epoch [24/100], Training Loss: 0.3824
Validation Loss: 0.3810, Validation Accuracy: 74.82%

Per-Class Validation Accuracy:
  Class 0: 65.56% (971/1481)
  Class 1: 98.40% (1412/1435)
  Class 2: 36.66% (566/1544)
  Class 3: 100.00% (1540/1540)
Epoch [25/100], Training Loss: 0.3830
Validation Loss: 0.3662, Validation Accuracy: 74.17%

Per-Class Validation Accuracy:
  Class 0: 98.92% (1465/1481)
  Class 1: 100.00% (1435/1435)
  Class 2: 0.65% (10/1544)
  Class 3: 100.00% (1540/1540)
Epoch [26/100], Training Loss: 0.3781
Validation Loss: 0.3624, Validation Accuracy: 74.67%

Per-Class Validation Accuracy:
  Class 0: 20.93% (310/1481)
  Class 1: 99.93% (1434/1435)
  Class 2: 77.46% (1196/1544)
  Class 3: 100.00% (1540/1540)
Epoch [27/100], Training Loss: 0.3815
Validation Loss: 0.3653, Validation Accuracy: 74.52%

Per-Class Validation Accuracy:
  Class 0: 23.97% (355/1481)
  Class 1: 99.86% (1433/1435)
  Class 2: 74.03% (1143/1544)
  Class 3: 100.00% (1540/1540)
Epoch [28/100], Training Loss: 0.3827
Validation Loss: 0.3632, Validation Accuracy: 76.40%

Per-Class Validation Accuracy:
  Class 0: 45.64% (676/1481)
  Class 1: 99.37% (1426/1435)
  Class 2: 61.01% (942/1544)
  Class 3: 100.00% (1540/1540)
Epoch [29/100], Training Loss: 0.3770
Validation Loss: 0.3628, Validation Accuracy: 74.00%

Per-Class Validation Accuracy:
  Class 0: 73.06% (1082/1481)
  Class 1: 99.86% (1433/1435)
  Class 2: 24.94% (385/1544)
  Class 3: 100.00% (1540/1540)
Epoch [30/100], Training Loss: 0.3802
Validation Loss: 0.3712, Validation Accuracy: 75.35%

Per-Class Validation Accuracy:
  Class 0: 74.54% (1104/1481)
  Class 1: 100.00% (1435/1435)
  Class 2: 28.63% (442/1544)
  Class 3: 100.00% (1540/1540)
Epoch [31/100], Training Loss: 0.3746
Validation Loss: 0.3592, Validation Accuracy: 75.82%

Per-Class Validation Accuracy:
  Class 0: 18.10% (268/1481)
  Class 1: 100.00% (1435/1435)
  Class 2: 84.59% (1306/1544)
  Class 3: 100.00% (1540/1540)
Epoch [32/100], Training Loss: 0.3742
Validation Loss: 0.3674, Validation Accuracy: 74.43%

Per-Class Validation Accuracy:
  Class 0: 77.25% (1144/1481)
  Class 1: 100.00% (1435/1435)
  Class 2: 22.47% (347/1544)
  Class 3: 100.00% (1540/1540)
Epoch [33/100], Training Loss: 0.3737
Validation Loss: 0.3621, Validation Accuracy: 74.48%

Per-Class Validation Accuracy:
  Class 0: 93.72% (1388/1481)
  Class 1: 99.79% (1432/1435)
  Class 2: 7.06% (109/1544)
  Class 3: 100.00% (1540/1540)
Epoch [34/100], Training Loss: 0.3748
Validation Loss: 0.3622, Validation Accuracy: 75.98%

Per-Class Validation Accuracy:
  Class 0: 31.40% (465/1481)
  Class 1: 100.00% (1435/1435)
  Class 2: 72.47% (1119/1544)
  Class 3: 100.00% (1540/1540)
Epoch [35/100], Training Loss: 0.3718
Validation Loss: 0.3646, Validation Accuracy: 74.07%

Per-Class Validation Accuracy:
  Class 0: 86.63% (1283/1481)
  Class 1: 99.44% (1427/1435)
  Class 2: 12.56% (194/1544)
  Class 3: 100.00% (1540/1540)
Epoch [36/100], Training Loss: 0.3715
Validation Loss: 0.3596, Validation Accuracy: 74.20%

Per-Class Validation Accuracy:
  Class 0: 90.34% (1338/1481)
  Class 1: 100.00% (1435/1435)
  Class 2: 9.00% (139/1544)
  Class 3: 100.00% (1540/1540)
Epoch [37/100], Training Loss: 0.3715
Validation Loss: 0.3587, Validation Accuracy: 76.58%

Per-Class Validation Accuracy:
  Class 0: 23.23% (344/1481)
  Class 1: 99.72% (1431/1435)
  Class 2: 82.90% (1280/1544)
  Class 3: 100.00% (1540/1540)
Epoch [38/100], Training Loss: 0.3723
Validation Loss: 0.3917, Validation Accuracy: 73.27%

Per-Class Validation Accuracy:
  Class 0: 7.29% (108/1481)
  Class 1: 92.96% (1334/1435)
  Class 2: 91.58% (1414/1544)
  Class 3: 100.00% (1540/1540)
Epoch [39/100], Training Loss: 0.3654
Validation Loss: 0.3573, Validation Accuracy: 75.20%

Per-Class Validation Accuracy:
  Class 0: 76.37% (1131/1481)
  Class 1: 100.00% (1435/1435)
  Class 2: 26.30% (406/1544)
  Class 3: 100.00% (1540/1540)
Epoch [40/100], Training Loss: 0.3683
Validation Loss: 0.3636, Validation Accuracy: 75.05%

Per-Class Validation Accuracy:
  Class 0: 4.66% (69/1481)
  Class 1: 99.93% (1434/1435)
  Class 2: 94.56% (1460/1544)
  Class 3: 100.00% (1540/1540)
Epoch [41/100], Training Loss: 0.3641
Validation Loss: 0.3788, Validation Accuracy: 73.83%

Per-Class Validation Accuracy:
  Class 0: 20.80% (308/1481)
  Class 1: 100.00% (1435/1435)
  Class 2: 74.29% (1147/1544)
  Class 3: 100.00% (1540/1540)
Epoch [42/100], Training Loss: 0.3701
Validation Loss: 0.3571, Validation Accuracy: 74.10%

Per-Class Validation Accuracy:
  Class 0: 67.05% (993/1481)
  Class 1: 100.00% (1435/1435)
  Class 2: 30.96% (478/1544)
  Class 3: 100.00% (1540/1540)
Epoch [43/100], Training Loss: 0.3660
Validation Loss: 0.3576, Validation Accuracy: 75.70%

Per-Class Validation Accuracy:
  Class 0: 18.10% (268/1481)
  Class 1: 100.00% (1435/1435)
  Class 2: 84.13% (1299/1544)
  Class 3: 100.00% (1540/1540)
Epoch [44/100], Training Loss: 0.3664
Validation Loss: 0.3749, Validation Accuracy: 74.17%

Per-Class Validation Accuracy:
  Class 0: 22.42% (332/1481)
  Class 1: 100.00% (1435/1435)
  Class 2: 74.03% (1143/1544)
  Class 3: 100.00% (1540/1540)
Epoch [45/100], Training Loss: 0.3592
Validation Loss: 0.3579, Validation Accuracy: 75.13%

Per-Class Validation Accuracy:
  Class 0: 21.74% (322/1481)
  Class 1: 99.86% (1433/1435)
  Class 2: 78.56% (1213/1544)
  Class 3: 100.00% (1540/1540)
Epoch [46/100], Training Loss: 0.3632
Validation Loss: 0.3549, Validation Accuracy: 74.93%

Per-Class Validation Accuracy:
  Class 0: 71.30% (1056/1481)
  Class 1: 100.00% (1435/1435)
  Class 2: 30.12% (465/1544)
  Class 3: 100.00% (1540/1540)
Epoch [47/100], Training Loss: 0.3598
Validation Loss: 0.3540, Validation Accuracy: 75.75%

Per-Class Validation Accuracy:
  Class 0: 13.71% (203/1481)
  Class 1: 100.00% (1435/1435)
  Class 2: 88.54% (1367/1544)
  Class 3: 100.00% (1540/1540)
Epoch [48/100], Training Loss: 0.3579
Validation Loss: 0.3625, Validation Accuracy: 74.85%

Per-Class Validation Accuracy:
  Class 0: 26.67% (395/1481)
  Class 1: 100.00% (1435/1435)
  Class 2: 72.60% (1121/1544)
  Class 3: 100.00% (1540/1540)
Epoch [49/100], Training Loss: 0.3569
Validation Loss: 0.3539, Validation Accuracy: 74.85%

Per-Class Validation Accuracy:
  Class 0: 72.05% (1067/1481)
  Class 1: 100.00% (1435/1435)
  Class 2: 29.08% (449/1544)
  Class 3: 100.00% (1540/1540)
Epoch [50/100], Training Loss: 0.3659
Validation Loss: 0.3542, Validation Accuracy: 75.00%

Per-Class Validation Accuracy:
  Class 0: 34.03% (504/1481)
  Class 1: 100.00% (1435/1435)
  Class 2: 66.13% (1021/1544)
  Class 3: 100.00% (1540/1540)
Epoch [51/100], Training Loss: 0.3551
Validation Loss: 0.3519, Validation Accuracy: 76.02%

Per-Class Validation Accuracy:
  Class 0: 69.68% (1032/1481)
  Class 1: 100.00% (1435/1435)
  Class 2: 35.88% (554/1544)
  Class 3: 100.00% (1540/1540)
Epoch [52/100], Training Loss: 0.3582
Validation Loss: 0.3520, Validation Accuracy: 74.40%

Per-Class Validation Accuracy:
  Class 0: 91.42% (1354/1481)
  Class 1: 100.00% (1435/1435)
  Class 2: 8.74% (135/1544)
  Class 3: 100.00% (1540/1540)
Epoch [53/100], Training Loss: 0.3584
Validation Loss: 0.3536, Validation Accuracy: 75.45%

Per-Class Validation Accuracy:
  Class 0: 23.57% (349/1481)
  Class 1: 100.00% (1435/1435)
  Class 2: 77.91% (1203/1544)
  Class 3: 100.00% (1540/1540)
Epoch [54/100], Training Loss: 0.3617
Validation Loss: 0.3526, Validation Accuracy: 76.00%

Per-Class Validation Accuracy:
  Class 0: 56.52% (837/1481)
  Class 1: 100.00% (1435/1435)
  Class 2: 48.45% (748/1544)
  Class 3: 100.00% (1540/1540)
Epoch [55/100], Training Loss: 0.3534
Validation Loss: 0.3513, Validation Accuracy: 75.28%

Per-Class Validation Accuracy:
  Class 0: 21.54% (319/1481)
  Class 1: 100.00% (1435/1435)
  Class 2: 79.21% (1223/1544)
  Class 3: 100.00% (1540/1540)
Epoch [56/100], Training Loss: 0.3525
Validation Loss: 0.3509, Validation Accuracy: 74.50%

Per-Class Validation Accuracy:
  Class 0: 98.99% (1466/1481)
  Class 1: 100.00% (1435/1435)
  Class 2: 1.88% (29/1544)
  Class 3: 100.00% (1540/1540)
Epoch [57/100], Training Loss: 0.3576
Validation Loss: 0.3548, Validation Accuracy: 76.23%

Per-Class Validation Accuracy:
  Class 0: 13.37% (198/1481)
  Class 1: 100.00% (1435/1435)
  Class 2: 90.74% (1401/1544)
  Class 3: 100.00% (1540/1540)
Epoch [58/100], Training Loss: 0.3577
Validation Loss: 0.3513, Validation Accuracy: 74.37%

Per-Class Validation Accuracy:
  Class 0: 89.20% (1321/1481)
  Class 1: 100.00% (1435/1435)
  Class 2: 10.75% (166/1544)
  Class 3: 100.00% (1540/1540)
Epoch [59/100], Training Loss: 0.3519
Validation Loss: 0.3546, Validation Accuracy: 73.93%

Per-Class Validation Accuracy:
  Class 0: 96.62% (1431/1481)
  Class 1: 100.00% (1435/1435)
  Class 2: 1.94% (30/1544)
  Class 3: 100.00% (1540/1540)
Epoch [60/100], Training Loss: 0.3527
Validation Loss: 0.3529, Validation Accuracy: 74.28%

Per-Class Validation Accuracy:
  Class 0: 72.11% (1068/1481)
  Class 1: 100.00% (1435/1435)
  Class 2: 26.81% (414/1544)
  Class 3: 100.00% (1540/1540)
Epoch [61/100], Training Loss: 0.3547
Validation Loss: 0.3594, Validation Accuracy: 77.42%

Per-Class Validation Accuracy:
  Class 0: 44.97% (666/1481)
  Class 1: 98.68% (1416/1435)
  Class 2: 66.26% (1023/1544)
  Class 3: 100.00% (1540/1540)
Epoch [62/100], Training Loss: 0.3533
Validation Loss: 0.3500, Validation Accuracy: 76.42%

Per-Class Validation Accuracy:
  Class 0: 44.36% (657/1481)
  Class 1: 100.00% (1435/1435)
  Class 2: 61.72% (953/1544)
  Class 3: 100.00% (1540/1540)
Epoch [63/100], Training Loss: 0.3521
Validation Loss: 0.3526, Validation Accuracy: 74.43%

Per-Class Validation Accuracy:
  Class 0: 88.45% (1310/1481)
  Class 1: 100.00% (1435/1435)
  Class 2: 11.72% (181/1544)
  Class 3: 100.00% (1540/1540)
Epoch [64/100], Training Loss: 0.3546
Validation Loss: 0.3540, Validation Accuracy: 73.87%

Per-Class Validation Accuracy:
  Class 0: 90.14% (1335/1481)
  Class 1: 100.00% (1435/1435)
  Class 2: 7.90% (122/1544)
  Class 3: 100.00% (1540/1540)
Epoch [65/100], Training Loss: 0.3570
Validation Loss: 0.3508, Validation Accuracy: 74.75%

Per-Class Validation Accuracy:
  Class 0: 98.11% (1453/1481)
  Class 1: 100.00% (1435/1435)
  Class 2: 3.69% (57/1544)
  Class 3: 100.00% (1540/1540)
Epoch [66/100], Training Loss: 0.3483
Validation Loss: 0.3502, Validation Accuracy: 75.57%

Per-Class Validation Accuracy:
  Class 0: 95.41% (1413/1481)
  Class 1: 100.00% (1435/1435)
  Class 2: 9.46% (146/1544)
  Class 3: 100.00% (1540/1540)
Epoch [67/100], Training Loss: 0.3531
Validation Loss: 0.3497, Validation Accuracy: 75.88%

Per-Class Validation Accuracy:
  Class 0: 78.33% (1160/1481)
  Class 1: 100.00% (1435/1435)
  Class 2: 27.07% (418/1544)
  Class 3: 100.00% (1540/1540)
Epoch [68/100], Training Loss: 0.3508
Validation Loss: 0.3491, Validation Accuracy: 75.75%

Per-Class Validation Accuracy:
  Class 0: 23.70% (351/1481)
  Class 1: 100.00% (1435/1435)
  Class 2: 78.95% (1219/1544)
  Class 3: 100.00% (1540/1540)
Epoch [69/100], Training Loss: 0.3512
Validation Loss: 0.3508, Validation Accuracy: 74.73%

Per-Class Validation Accuracy:
  Class 0: 9.86% (146/1481)
  Class 1: 100.00% (1435/1435)
  Class 2: 88.28% (1363/1544)
  Class 3: 100.00% (1540/1540)
Epoch [70/100], Training Loss: 0.3494
Validation Loss: 0.3500, Validation Accuracy: 76.55%

Per-Class Validation Accuracy:
  Class 0: 49.29% (730/1481)
  Class 1: 100.00% (1435/1435)
  Class 2: 57.51% (888/1544)
  Class 3: 100.00% (1540/1540)
Epoch [71/100], Training Loss: 0.3490
Validation Loss: 0.3501, Validation Accuracy: 75.08%

Per-Class Validation Accuracy:
  Class 0: 11.28% (167/1481)
  Class 1: 100.00% (1435/1435)
  Class 2: 88.28% (1363/1544)
  Class 3: 100.00% (1540/1540)
Epoch [72/100], Training Loss: 0.3503
Validation Loss: 0.3495, Validation Accuracy: 74.22%

Per-Class Validation Accuracy:
  Class 0: 67.39% (998/1481)
  Class 1: 100.00% (1435/1435)
  Class 2: 31.09% (480/1544)
  Class 3: 100.00% (1540/1540)
Epoch [73/100], Training Loss: 0.3511
Validation Loss: 0.3504, Validation Accuracy: 75.20%

Per-Class Validation Accuracy:
  Class 0: 14.38% (213/1481)
  Class 1: 100.00% (1435/1435)
  Class 2: 85.75% (1324/1544)
  Class 3: 100.00% (1540/1540)
Epoch [74/100], Training Loss: 0.3514
Validation Loss: 0.3493, Validation Accuracy: 77.28%

Per-Class Validation Accuracy:
  Class 0: 11.61% (172/1481)
  Class 1: 100.00% (1435/1435)
  Class 2: 96.50% (1490/1544)
  Class 3: 100.00% (1540/1540)
Epoch [75/100], Training Loss: 0.3471
Validation Loss: 0.3527, Validation Accuracy: 74.13%

Per-Class Validation Accuracy:
  Class 0: 98.58% (1460/1481)
  Class 1: 100.00% (1435/1435)
  Class 2: 0.84% (13/1544)
  Class 3: 100.00% (1540/1540)
Epoch [76/100], Training Loss: 0.3487
Validation Loss: 0.3499, Validation Accuracy: 76.08%

Per-Class Validation Accuracy:
  Class 0: 55.84% (827/1481)
  Class 1: 100.00% (1435/1435)
  Class 2: 49.42% (763/1544)
  Class 3: 100.00% (1540/1540)
Epoch [77/100], Training Loss: 0.3469
Validation Loss: 0.3500, Validation Accuracy: 75.08%

Per-Class Validation Accuracy:
  Class 0: 92.23% (1366/1481)
  Class 1: 100.00% (1435/1435)
  Class 2: 10.62% (164/1544)
  Class 3: 100.00% (1540/1540)
Epoch [78/100], Training Loss: 0.3477
Validation Loss: 0.3519, Validation Accuracy: 74.13%

Per-Class Validation Accuracy:
  Class 0: 83.93% (1243/1481)
  Class 1: 100.00% (1435/1435)
  Class 2: 14.90% (230/1544)
  Class 3: 100.00% (1540/1540)
Early stopping triggered.

	Elapsed time is 418.1204 seconds.

==========================================================================================
Total parameters: 14788
Total memory (bytes): 118304
Total memory (MB): 0.112823486328125
==========================================================================================
Validation Loss: 0.3519, Validation Accuracy: 74.13%

Per-Class Validation Accuracy:
  No Thrust: 83.93% (1243/1481)
  Chemical: 100.00% (1435/1435)
  Electric: 14.90% (230/1544)
  Impulsive: 100.00% (1540/1540)

Classification Report:
              precision    recall  f1-score   support

   No Thrust     0.4861    0.8393    0.6157      1481
    Chemical     1.0000    1.0000    1.0000      1435
    Electric     0.4915    0.1490    0.2286      1544
   Impulsive     1.0000    1.0000    1.0000      1540

    accuracy                         0.7413      6000
   macro avg     0.7444    0.7471    0.7111      6000
weighted avg     0.7423    0.7413    0.7066      6000


Confusion Matrix (rows = true, cols = predicted):
             P_No Thrust  P_Chemical  P_Electric  P_Impulsive
T_No Thrust         1243           0         238            0
T_Chemical             0        1435           0            0
T_Electric          1314           0         230            0
T_Impulsive            0           0           0         1540

Entering Mamba Training Loop
Epoch [1/100], Training Loss: 0.8385
Validation Loss: 0.7775, Validation Accuracy: 58.83%

Per-Class Validation Accuracy:
  Class 0: 47.06% (697/1481)
  Class 1: 90.10% (1293/1435)
  Class 2: 0.00% (0/1544)
  Class 3: 100.00% (1540/1540)
Epoch [2/100], Training Loss: 0.5036
Validation Loss: 0.4266, Validation Accuracy: 73.80%

Per-Class Validation Accuracy:
  Class 0: 62.05% (919/1481)
  Class 1: 94.49% (1356/1435)
  Class 2: 39.70% (613/1544)
  Class 3: 100.00% (1540/1540)
Epoch [3/100], Training Loss: 0.3942
Validation Loss: 0.3669, Validation Accuracy: 74.32%

Per-Class Validation Accuracy:
  Class 0: 67.93% (1006/1481)
  Class 1: 99.58% (1429/1435)
  Class 2: 31.35% (484/1544)
  Class 3: 100.00% (1540/1540)
Epoch [4/100], Training Loss: 0.3707
Validation Loss: 0.3816, Validation Accuracy: 74.37%

Per-Class Validation Accuracy:
  Class 0: 69.28% (1026/1481)
  Class 1: 98.54% (1414/1435)
  Class 2: 31.22% (482/1544)
  Class 3: 100.00% (1540/1540)
Epoch [5/100], Training Loss: 0.3704
Validation Loss: 0.3538, Validation Accuracy: 75.17%

Per-Class Validation Accuracy:
  Class 0: 63.40% (939/1481)
  Class 1: 100.00% (1435/1435)
  Class 2: 38.60% (596/1544)
  Class 3: 100.00% (1540/1540)
Epoch [6/100], Training Loss: 0.3592
Validation Loss: 0.3533, Validation Accuracy: 75.33%

Per-Class Validation Accuracy:
  Class 0: 10.40% (154/1481)
  Class 1: 100.00% (1435/1435)
  Class 2: 90.09% (1391/1544)
  Class 3: 100.00% (1540/1540)
Epoch [7/100], Training Loss: 0.3620
Validation Loss: 0.3755, Validation Accuracy: 74.78%

Per-Class Validation Accuracy:
  Class 0: 24.11% (357/1481)
  Class 1: 97.98% (1406/1435)
  Class 2: 76.68% (1184/1544)
  Class 3: 100.00% (1540/1540)
Epoch [8/100], Training Loss: 0.3581
Validation Loss: 0.3536, Validation Accuracy: 76.13%

Per-Class Validation Accuracy:
  Class 0: 16.07% (238/1481)
  Class 1: 100.00% (1435/1435)
  Class 2: 87.76% (1355/1544)
  Class 3: 100.00% (1540/1540)
Epoch [9/100], Training Loss: 0.3557
Validation Loss: 0.3520, Validation Accuracy: 75.20%

Per-Class Validation Accuracy:
  Class 0: 74.75% (1107/1481)
  Class 1: 100.00% (1435/1435)
  Class 2: 27.85% (430/1544)
  Class 3: 100.00% (1540/1540)
Epoch [10/100], Training Loss: 0.3608
Validation Loss: 0.3532, Validation Accuracy: 75.30%

Per-Class Validation Accuracy:
  Class 0: 29.03% (430/1481)
  Class 1: 100.00% (1435/1435)
  Class 2: 72.09% (1113/1544)
  Class 3: 100.00% (1540/1540)
Epoch [11/100], Training Loss: 0.3527
Validation Loss: 0.3522, Validation Accuracy: 74.52%

Per-Class Validation Accuracy:
  Class 0: 88.72% (1314/1481)
  Class 1: 100.00% (1435/1435)
  Class 2: 11.79% (182/1544)
  Class 3: 100.00% (1540/1540)
Epoch [12/100], Training Loss: 0.3539
Validation Loss: 0.3535, Validation Accuracy: 75.05%

Per-Class Validation Accuracy:
  Class 0: 53.27% (789/1481)
  Class 1: 100.00% (1435/1435)
  Class 2: 47.86% (739/1544)
  Class 3: 100.00% (1540/1540)
Epoch [13/100], Training Loss: 0.3544
Validation Loss: 0.3519, Validation Accuracy: 74.67%

Per-Class Validation Accuracy:
  Class 0: 31.47% (466/1481)
  Class 1: 100.00% (1435/1435)
  Class 2: 67.29% (1039/1544)
  Class 3: 100.00% (1540/1540)
Epoch [14/100], Training Loss: 0.3513
Validation Loss: 0.3510, Validation Accuracy: 76.35%

Per-Class Validation Accuracy:
  Class 0: 43.75% (648/1481)
  Class 1: 100.00% (1435/1435)
  Class 2: 62.05% (958/1544)
  Class 3: 100.00% (1540/1540)
Epoch [15/100], Training Loss: 0.3524
Validation Loss: 0.3835, Validation Accuracy: 74.63%

Per-Class Validation Accuracy:
  Class 0: 24.71% (366/1481)
  Class 1: 97.98% (1406/1435)
  Class 2: 75.52% (1166/1544)
  Class 3: 100.00% (1540/1540)
Epoch [16/100], Training Loss: 0.3514
Validation Loss: 0.3503, Validation Accuracy: 74.65%

Per-Class Validation Accuracy:
  Class 0: 73.67% (1091/1481)
  Class 1: 100.00% (1435/1435)
  Class 2: 26.75% (413/1544)
  Class 3: 100.00% (1540/1540)
Epoch [17/100], Training Loss: 0.3505
Validation Loss: 0.3495, Validation Accuracy: 75.98%

Per-Class Validation Accuracy:
  Class 0: 41.46% (614/1481)
  Class 1: 100.00% (1435/1435)
  Class 2: 62.82% (970/1544)
  Class 3: 100.00% (1540/1540)
Epoch [18/100], Training Loss: 0.3507
Validation Loss: 0.3549, Validation Accuracy: 74.87%

Per-Class Validation Accuracy:
  Class 0: 73.80% (1093/1481)
  Class 1: 100.00% (1435/1435)
  Class 2: 27.46% (424/1544)
  Class 3: 100.00% (1540/1540)
Epoch [19/100], Training Loss: 0.3517
Validation Loss: 0.3516, Validation Accuracy: 75.47%

Per-Class Validation Accuracy:
  Class 0: 20.93% (310/1481)
  Class 1: 100.00% (1435/1435)
  Class 2: 80.51% (1243/1544)
  Class 3: 100.00% (1540/1540)
Epoch [20/100], Training Loss: 0.3511
Validation Loss: 0.3537, Validation Accuracy: 74.33%

Per-Class Validation Accuracy:
  Class 0: 68.06% (1008/1481)
  Class 1: 100.00% (1435/1435)
  Class 2: 30.89% (477/1544)
  Class 3: 100.00% (1540/1540)
Epoch [21/100], Training Loss: 0.3488
Validation Loss: 0.3509, Validation Accuracy: 75.25%

Per-Class Validation Accuracy:
  Class 0: 67.66% (1002/1481)
  Class 1: 100.00% (1435/1435)
  Class 2: 34.84% (538/1544)
  Class 3: 100.00% (1540/1540)
Epoch [22/100], Training Loss: 0.3516
Validation Loss: 0.3489, Validation Accuracy: 76.23%

Per-Class Validation Accuracy:
  Class 0: 40.38% (598/1481)
  Class 1: 100.00% (1435/1435)
  Class 2: 64.83% (1001/1544)
  Class 3: 100.00% (1540/1540)
Epoch [23/100], Training Loss: 0.3490
Validation Loss: 0.3502, Validation Accuracy: 75.02%

Per-Class Validation Accuracy:
  Class 0: 80.22% (1188/1481)
  Class 1: 100.00% (1435/1435)
  Class 2: 21.89% (338/1544)
  Class 3: 100.00% (1540/1540)
Epoch [24/100], Training Loss: 0.3539
Validation Loss: 0.3508, Validation Accuracy: 75.77%

Per-Class Validation Accuracy:
  Class 0: 3.98% (59/1481)
  Class 1: 100.00% (1435/1435)
  Class 2: 97.93% (1512/1544)
  Class 3: 100.00% (1540/1540)
Epoch [25/100], Training Loss: 0.3479
Validation Loss: 0.3558, Validation Accuracy: 75.40%

Per-Class Validation Accuracy:
  Class 0: 2.09% (31/1481)
  Class 1: 100.00% (1435/1435)
  Class 2: 98.32% (1518/1544)
  Class 3: 100.00% (1540/1540)
Epoch [26/100], Training Loss: 0.3495
Validation Loss: 0.3492, Validation Accuracy: 76.30%

Per-Class Validation Accuracy:
  Class 0: 26.67% (395/1481)
  Class 1: 100.00% (1435/1435)
  Class 2: 78.24% (1208/1544)
  Class 3: 100.00% (1540/1540)
Epoch [27/100], Training Loss: 0.3480
Validation Loss: 0.3485, Validation Accuracy: 76.78%

Per-Class Validation Accuracy:
  Class 0: 36.73% (544/1481)
  Class 1: 100.00% (1435/1435)
  Class 2: 70.47% (1088/1544)
  Class 3: 100.00% (1540/1540)
Epoch [28/100], Training Loss: 0.3482
Validation Loss: 0.3492, Validation Accuracy: 75.93%

Per-Class Validation Accuracy:
  Class 0: 38.56% (571/1481)
  Class 1: 100.00% (1435/1435)
  Class 2: 65.41% (1010/1544)
  Class 3: 100.00% (1540/1540)
Epoch [29/100], Training Loss: 0.3495
Validation Loss: 0.3488, Validation Accuracy: 76.28%

Per-Class Validation Accuracy:
  Class 0: 42.74% (633/1481)
  Class 1: 100.00% (1435/1435)
  Class 2: 62.76% (969/1544)
  Class 3: 100.00% (1540/1540)
Epoch [30/100], Training Loss: 0.3491
Validation Loss: 0.3513, Validation Accuracy: 74.60%

Per-Class Validation Accuracy:
  Class 0: 94.40% (1398/1481)
  Class 1: 100.00% (1435/1435)
  Class 2: 6.67% (103/1544)
  Class 3: 100.00% (1540/1540)
Epoch [31/100], Training Loss: 0.3482
Validation Loss: 0.3491, Validation Accuracy: 76.25%

Per-Class Validation Accuracy:
  Class 0: 10.74% (159/1481)
  Class 1: 100.00% (1435/1435)
  Class 2: 93.33% (1441/1544)
  Class 3: 100.00% (1540/1540)
Epoch [32/100], Training Loss: 0.3508
Validation Loss: 0.3485, Validation Accuracy: 76.95%

Per-Class Validation Accuracy:
  Class 0: 35.38% (524/1481)
  Class 1: 100.00% (1435/1435)
  Class 2: 72.41% (1118/1544)
  Class 3: 100.00% (1540/1540)
Epoch [33/100], Training Loss: 0.3487
Validation Loss: 0.3500, Validation Accuracy: 75.60%

Per-Class Validation Accuracy:
  Class 0: 1.76% (26/1481)
  Class 1: 100.00% (1435/1435)
  Class 2: 99.42% (1535/1544)
  Class 3: 100.00% (1540/1540)
Epoch [34/100], Training Loss: 0.3465
Validation Loss: 0.3484, Validation Accuracy: 75.72%

Per-Class Validation Accuracy:
  Class 0: 36.06% (534/1481)
  Class 1: 100.00% (1435/1435)
  Class 2: 66.97% (1034/1544)
  Class 3: 100.00% (1540/1540)
Epoch [35/100], Training Loss: 0.3468
Validation Loss: 0.3483, Validation Accuracy: 75.83%

Per-Class Validation Accuracy:
  Class 0: 2.77% (41/1481)
  Class 1: 100.00% (1435/1435)
  Class 2: 99.35% (1534/1544)
  Class 3: 100.00% (1540/1540)
Epoch [36/100], Training Loss: 0.3468
Validation Loss: 0.3490, Validation Accuracy: 75.77%

Per-Class Validation Accuracy:
  Class 0: 58.00% (859/1481)
  Class 1: 100.00% (1435/1435)
  Class 2: 46.11% (712/1544)
  Class 3: 100.00% (1540/1540)
Epoch [37/100], Training Loss: 0.3472
Validation Loss: 0.3486, Validation Accuracy: 75.28%

Per-Class Validation Accuracy:
  Class 0: 78.73% (1166/1481)
  Class 1: 100.00% (1435/1435)
  Class 2: 24.35% (376/1544)
  Class 3: 100.00% (1540/1540)
Epoch [38/100], Training Loss: 0.3464
Validation Loss: 0.3491, Validation Accuracy: 76.17%

Per-Class Validation Accuracy:
  Class 0: 6.68% (99/1481)
  Class 1: 100.00% (1435/1435)
  Class 2: 96.89% (1496/1544)
  Class 3: 100.00% (1540/1540)
Epoch [39/100], Training Loss: 0.3468
Validation Loss: 0.3518, Validation Accuracy: 74.30%

Per-Class Validation Accuracy:
  Class 0: 93.11% (1379/1481)
  Class 1: 100.00% (1435/1435)
  Class 2: 6.74% (104/1544)
  Class 3: 100.00% (1540/1540)
Epoch [40/100], Training Loss: 0.3468
Validation Loss: 0.3477, Validation Accuracy: 76.35%

Per-Class Validation Accuracy:
  Class 0: 7.70% (114/1481)
  Class 1: 100.00% (1435/1435)
  Class 2: 96.63% (1492/1544)
  Class 3: 100.00% (1540/1540)
Epoch [41/100], Training Loss: 0.3465
Validation Loss: 0.3488, Validation Accuracy: 75.32%

Per-Class Validation Accuracy:
  Class 0: 0.00% (0/1481)
  Class 1: 100.00% (1435/1435)
  Class 2: 100.00% (1544/1544)
  Class 3: 100.00% (1540/1540)
Epoch [42/100], Training Loss: 0.3467
Validation Loss: 0.3482, Validation Accuracy: 75.73%

Per-Class Validation Accuracy:
  Class 0: 76.84% (1138/1481)
  Class 1: 100.00% (1435/1435)
  Class 2: 27.91% (431/1544)
  Class 3: 100.00% (1540/1540)
Epoch [43/100], Training Loss: 0.3466
Validation Loss: 0.3504, Validation Accuracy: 74.82%

Per-Class Validation Accuracy:
  Class 0: 78.06% (1156/1481)
  Class 1: 100.00% (1435/1435)
  Class 2: 23.19% (358/1544)
  Class 3: 100.00% (1540/1540)
Epoch [44/100], Training Loss: 0.3469
Validation Loss: 0.3486, Validation Accuracy: 74.67%

Per-Class Validation Accuracy:
  Class 0: 84.54% (1252/1481)
  Class 1: 100.00% (1435/1435)
  Class 2: 16.39% (253/1544)
  Class 3: 100.00% (1540/1540)
Epoch [45/100], Training Loss: 0.3464
Validation Loss: 0.3482, Validation Accuracy: 75.70%

Per-Class Validation Accuracy:
  Class 0: 60.30% (893/1481)
  Class 1: 100.00% (1435/1435)
  Class 2: 43.65% (674/1544)
  Class 3: 100.00% (1540/1540)
Epoch [46/100], Training Loss: 0.3463
Validation Loss: 0.3468, Validation Accuracy: 77.85%

Per-Class Validation Accuracy:
  Class 0: 44.56% (660/1481)
  Class 1: 100.00% (1435/1435)
  Class 2: 67.10% (1036/1544)
  Class 3: 100.00% (1540/1540)
Epoch [47/100], Training Loss: 0.3464
Validation Loss: 0.3482, Validation Accuracy: 76.08%

Per-Class Validation Accuracy:
  Class 0: 34.17% (506/1481)
  Class 1: 100.00% (1435/1435)
  Class 2: 70.21% (1084/1544)
  Class 3: 100.00% (1540/1540)
Epoch [48/100], Training Loss: 0.3465
Validation Loss: 0.3487, Validation Accuracy: 78.22%

Per-Class Validation Accuracy:
  Class 0: 25.52% (378/1481)
  Class 1: 100.00% (1435/1435)
  Class 2: 86.79% (1340/1544)
  Class 3: 100.00% (1540/1540)
Epoch [49/100], Training Loss: 0.3468
Validation Loss: 0.3479, Validation Accuracy: 77.13%

Per-Class Validation Accuracy:
  Class 0: 48.95% (725/1481)
  Class 1: 100.00% (1435/1435)
  Class 2: 60.10% (928/1544)
  Class 3: 100.00% (1540/1540)
Epoch [50/100], Training Loss: 0.3464
Validation Loss: 0.3468, Validation Accuracy: 77.33%

Per-Class Validation Accuracy:
  Class 0: 69.07% (1023/1481)
  Class 1: 100.00% (1435/1435)
  Class 2: 41.58% (642/1544)
  Class 3: 100.00% (1540/1540)
Epoch [51/100], Training Loss: 0.3462
Validation Loss: 0.3483, Validation Accuracy: 75.85%

Per-Class Validation Accuracy:
  Class 0: 2.23% (33/1481)
  Class 1: 100.00% (1435/1435)
  Class 2: 99.94% (1543/1544)
  Class 3: 100.00% (1540/1540)
Epoch [52/100], Training Loss: 0.3465
Validation Loss: 0.3478, Validation Accuracy: 76.10%

Per-Class Validation Accuracy:
  Class 0: 83.25% (1233/1481)
  Class 1: 100.00% (1435/1435)
  Class 2: 23.19% (358/1544)
  Class 3: 100.00% (1540/1540)
Epoch [53/100], Training Loss: 0.3452
Validation Loss: 0.3459, Validation Accuracy: 78.33%

Per-Class Validation Accuracy:
  Class 0: 38.56% (571/1481)
  Class 1: 100.00% (1435/1435)
  Class 2: 74.74% (1154/1544)
  Class 3: 100.00% (1540/1540)
Epoch [54/100], Training Loss: 0.3448
Validation Loss: 0.3493, Validation Accuracy: 75.53%

Per-Class Validation Accuracy:
  Class 0: 72.79% (1078/1481)
  Class 1: 100.00% (1435/1435)
  Class 2: 31.02% (479/1544)
  Class 3: 100.00% (1540/1540)
Epoch [55/100], Training Loss: 0.3443
Validation Loss: 0.3461, Validation Accuracy: 76.47%

Per-Class Validation Accuracy:
  Class 0: 72.65% (1076/1481)
  Class 1: 100.00% (1435/1435)
  Class 2: 34.78% (537/1544)
  Class 3: 100.00% (1540/1540)
Epoch [56/100], Training Loss: 0.3441
Validation Loss: 0.3448, Validation Accuracy: 78.05%

Per-Class Validation Accuracy:
  Class 0: 53.68% (795/1481)
  Class 1: 100.00% (1435/1435)
  Class 2: 59.13% (913/1544)
  Class 3: 100.00% (1540/1540)
Epoch [57/100], Training Loss: 0.3439
Validation Loss: 0.3459, Validation Accuracy: 76.28%

Per-Class Validation Accuracy:
  Class 0: 10.94% (162/1481)
  Class 1: 100.00% (1435/1435)
  Class 2: 93.26% (1440/1544)
  Class 3: 100.00% (1540/1540)
Epoch [58/100], Training Loss: 0.3438
Validation Loss: 0.3435, Validation Accuracy: 77.53%

Per-Class Validation Accuracy:
  Class 0: 38.08% (564/1481)
  Class 1: 100.00% (1435/1435)
  Class 2: 72.09% (1113/1544)
  Class 3: 100.00% (1540/1540)
Epoch [59/100], Training Loss: 0.3432
Validation Loss: 0.3458, Validation Accuracy: 75.77%

Per-Class Validation Accuracy:
  Class 0: 83.66% (1239/1481)
  Class 1: 100.00% (1435/1435)
  Class 2: 21.50% (332/1544)
  Class 3: 100.00% (1540/1540)
Epoch [60/100], Training Loss: 0.3428
Validation Loss: 0.3423, Validation Accuracy: 78.75%

Per-Class Validation Accuracy:
  Class 0: 46.19% (684/1481)
  Class 1: 100.00% (1435/1435)
  Class 2: 69.04% (1066/1544)
  Class 3: 100.00% (1540/1540)
Epoch [61/100], Training Loss: 0.3434
Validation Loss: 0.3445, Validation Accuracy: 77.17%

Per-Class Validation Accuracy:
  Class 0: 78.19% (1158/1481)
  Class 1: 100.00% (1435/1435)
  Class 2: 32.19% (497/1544)
  Class 3: 100.00% (1540/1540)
Epoch [62/100], Training Loss: 0.3435
Validation Loss: 0.3427, Validation Accuracy: 78.48%

Per-Class Validation Accuracy:
  Class 0: 50.98% (755/1481)
  Class 1: 100.00% (1435/1435)
  Class 2: 63.41% (979/1544)
  Class 3: 100.00% (1540/1540)
Epoch [63/100], Training Loss: 0.3430
Validation Loss: 0.3435, Validation Accuracy: 77.62%

Per-Class Validation Accuracy:
  Class 0: 81.84% (1212/1481)
  Class 1: 100.00% (1435/1435)
  Class 2: 30.44% (470/1544)
  Class 3: 100.00% (1540/1540)
Epoch [64/100], Training Loss: 0.3429
Validation Loss: 0.3412, Validation Accuracy: 78.75%

Per-Class Validation Accuracy:
  Class 0: 36.73% (544/1481)
  Class 1: 100.00% (1435/1435)
  Class 2: 78.11% (1206/1544)
  Class 3: 100.00% (1540/1540)
Epoch [65/100], Training Loss: 0.3429
Validation Loss: 0.3423, Validation Accuracy: 77.75%

Per-Class Validation Accuracy:
  Class 0: 63.61% (942/1481)
  Class 1: 100.00% (1435/1435)
  Class 2: 48.45% (748/1544)
  Class 3: 100.00% (1540/1540)
Epoch [66/100], Training Loss: 0.3424
Validation Loss: 0.3406, Validation Accuracy: 78.67%

Per-Class Validation Accuracy:
  Class 0: 51.92% (769/1481)
  Class 1: 100.00% (1435/1435)
  Class 2: 63.21% (976/1544)
  Class 3: 100.00% (1540/1540)
Epoch [67/100], Training Loss: 0.3424
Validation Loss: 0.3453, Validation Accuracy: 75.82%

Per-Class Validation Accuracy:
  Class 0: 78.53% (1163/1481)
  Class 1: 100.00% (1435/1435)
  Class 2: 26.62% (411/1544)
  Class 3: 100.00% (1540/1540)
Epoch [68/100], Training Loss: 0.3418
Validation Loss: 0.3451, Validation Accuracy: 77.25%

Per-Class Validation Accuracy:
  Class 0: 73.73% (1092/1481)
  Class 1: 100.00% (1435/1435)
  Class 2: 36.79% (568/1544)
  Class 3: 100.00% (1540/1540)
Epoch [69/100], Training Loss: 0.3423
Validation Loss: 0.3419, Validation Accuracy: 77.42%

Per-Class Validation Accuracy:
  Class 0: 24.38% (361/1481)
  Class 1: 100.00% (1435/1435)
  Class 2: 84.78% (1309/1544)
  Class 3: 100.00% (1540/1540)
Epoch [70/100], Training Loss: 0.3422
Validation Loss: 0.3405, Validation Accuracy: 78.67%

Per-Class Validation Accuracy:
  Class 0: 29.98% (444/1481)
  Class 1: 100.00% (1435/1435)
  Class 2: 84.26% (1301/1544)
  Class 3: 100.00% (1540/1540)
Epoch [71/100], Training Loss: 0.3419
Validation Loss: 0.3499, Validation Accuracy: 75.05%

Per-Class Validation Accuracy:
  Class 0: 87.24% (1292/1481)
  Class 1: 100.00% (1435/1435)
  Class 2: 15.28% (236/1544)
  Class 3: 100.00% (1540/1540)
Epoch [72/100], Training Loss: 0.3420
Validation Loss: 0.3412, Validation Accuracy: 77.73%

Per-Class Validation Accuracy:
  Class 0: 27.08% (401/1481)
  Class 1: 100.00% (1435/1435)
  Class 2: 83.42% (1288/1544)
  Class 3: 100.00% (1540/1540)
Epoch [73/100], Training Loss: 0.3419
Validation Loss: 0.3454, Validation Accuracy: 77.12%

Per-Class Validation Accuracy:
  Class 0: 26.60% (394/1481)
  Class 1: 100.00% (1435/1435)
  Class 2: 81.48% (1258/1544)
  Class 3: 100.00% (1540/1540)
Epoch [74/100], Training Loss: 0.3418
Validation Loss: 0.3408, Validation Accuracy: 79.03%

Per-Class Validation Accuracy:
  Class 0: 49.97% (740/1481)
  Class 1: 100.00% (1435/1435)
  Class 2: 66.52% (1027/1544)
  Class 3: 100.00% (1540/1540)
Epoch [75/100], Training Loss: 0.3415
Validation Loss: 0.3396, Validation Accuracy: 79.38%

Per-Class Validation Accuracy:
  Class 0: 40.45% (599/1481)
  Class 1: 100.00% (1435/1435)
  Class 2: 77.01% (1189/1544)
  Class 3: 100.00% (1540/1540)
Epoch [76/100], Training Loss: 0.3417
Validation Loss: 0.3454, Validation Accuracy: 75.78%

Per-Class Validation Accuracy:
  Class 0: 68.40% (1013/1481)
  Class 1: 100.00% (1435/1435)
  Class 2: 36.20% (559/1544)
  Class 3: 100.00% (1540/1540)
Epoch [77/100], Training Loss: 0.3413
Validation Loss: 0.3406, Validation Accuracy: 78.35%

Per-Class Validation Accuracy:
  Class 0: 65.23% (966/1481)
  Class 1: 100.00% (1435/1435)
  Class 2: 49.22% (760/1544)
  Class 3: 100.00% (1540/1540)
Epoch [78/100], Training Loss: 0.3409
Validation Loss: 0.3430, Validation Accuracy: 76.82%

Per-Class Validation Accuracy:
  Class 0: 89.47% (1325/1481)
  Class 1: 100.00% (1435/1435)
  Class 2: 20.01% (309/1544)
  Class 3: 100.00% (1540/1540)
Epoch [79/100], Training Loss: 0.3412
Validation Loss: 0.3436, Validation Accuracy: 76.13%

Per-Class Validation Accuracy:
  Class 0: 90.48% (1340/1481)
  Class 1: 100.00% (1435/1435)
  Class 2: 16.39% (253/1544)
  Class 3: 100.00% (1540/1540)
Epoch [80/100], Training Loss: 0.3413
Validation Loss: 0.3381, Validation Accuracy: 79.57%

Per-Class Validation Accuracy:
  Class 0: 50.57% (749/1481)
  Class 1: 100.00% (1435/1435)
  Class 2: 68.01% (1050/1544)
  Class 3: 100.00% (1540/1540)
Epoch [81/100], Training Loss: 0.3407
Validation Loss: 0.3441, Validation Accuracy: 75.65%

Per-Class Validation Accuracy:
  Class 0: 92.37% (1368/1481)
  Class 1: 100.00% (1435/1435)
  Class 2: 12.69% (196/1544)
  Class 3: 100.00% (1540/1540)
Epoch [82/100], Training Loss: 0.3410
Validation Loss: 0.3399, Validation Accuracy: 78.78%

Per-Class Validation Accuracy:
  Class 0: 52.19% (773/1481)
  Class 1: 100.00% (1435/1435)
  Class 2: 63.41% (979/1544)
  Class 3: 100.00% (1540/1540)
Epoch [83/100], Training Loss: 0.3407
Validation Loss: 0.3391, Validation Accuracy: 79.00%

Per-Class Validation Accuracy:
  Class 0: 51.65% (765/1481)
  Class 1: 100.00% (1435/1435)
  Class 2: 64.77% (1000/1544)
  Class 3: 100.00% (1540/1540)
Epoch [84/100], Training Loss: 0.3415
Validation Loss: 0.3417, Validation Accuracy: 77.03%

Per-Class Validation Accuracy:
  Class 0: 79.41% (1176/1481)
  Class 1: 100.00% (1435/1435)
  Class 2: 30.51% (471/1544)
  Class 3: 100.00% (1540/1540)
Epoch [85/100], Training Loss: 0.3410
Validation Loss: 0.3394, Validation Accuracy: 78.35%

Per-Class Validation Accuracy:
  Class 0: 74.95% (1110/1481)
  Class 1: 100.00% (1435/1435)
  Class 2: 39.90% (616/1544)
  Class 3: 100.00% (1540/1540)
Epoch [86/100], Training Loss: 0.3404
Validation Loss: 0.3390, Validation Accuracy: 79.03%

Per-Class Validation Accuracy:
  Class 0: 46.46% (688/1481)
  Class 1: 100.00% (1435/1435)
  Class 2: 69.88% (1079/1544)
  Class 3: 100.00% (1540/1540)
Epoch [87/100], Training Loss: 0.3386
Validation Loss: 0.3369, Validation Accuracy: 78.68%

Per-Class Validation Accuracy:
  Class 0: 43.28% (641/1481)
  Class 1: 100.00% (1435/1435)
  Class 2: 71.57% (1105/1544)
  Class 3: 100.00% (1540/1540)
Epoch [88/100], Training Loss: 0.3382
Validation Loss: 0.3363, Validation Accuracy: 79.18%

Per-Class Validation Accuracy:
  Class 0: 52.40% (776/1481)
  Class 1: 100.00% (1435/1435)
  Class 2: 64.77% (1000/1544)
  Class 3: 100.00% (1540/1540)
Epoch [89/100], Training Loss: 0.3379
Validation Loss: 0.3396, Validation Accuracy: 77.48%

Per-Class Validation Accuracy:
  Class 0: 47.94% (710/1481)
  Class 1: 100.00% (1435/1435)
  Class 2: 62.44% (964/1544)
  Class 3: 100.00% (1540/1540)
Epoch [90/100], Training Loss: 0.3374
Validation Loss: 0.3425, Validation Accuracy: 76.68%

Per-Class Validation Accuracy:
  Class 0: 89.13% (1320/1481)
  Class 1: 100.00% (1435/1435)
  Class 2: 19.82% (306/1544)
  Class 3: 100.00% (1540/1540)
Epoch [91/100], Training Loss: 0.3375
Validation Loss: 0.3362, Validation Accuracy: 78.33%

Per-Class Validation Accuracy:
  Class 0: 59.15% (876/1481)
  Class 1: 100.00% (1435/1435)
  Class 2: 54.99% (849/1544)
  Class 3: 100.00% (1540/1540)
Epoch [92/100], Training Loss: 0.3378
Validation Loss: 0.3388, Validation Accuracy: 78.32%

Per-Class Validation Accuracy:
  Class 0: 27.14% (402/1481)
  Class 1: 100.00% (1435/1435)
  Class 2: 85.62% (1322/1544)
  Class 3: 100.00% (1540/1540)
Epoch [93/100], Training Loss: 0.3372
Validation Loss: 0.3417, Validation Accuracy: 76.83%

Per-Class Validation Accuracy:
  Class 0: 87.31% (1293/1481)
  Class 1: 100.00% (1435/1435)
  Class 2: 22.15% (342/1544)
  Class 3: 100.00% (1540/1540)
Epoch [94/100], Training Loss: 0.3379
Validation Loss: 0.3375, Validation Accuracy: 79.20%

Per-Class Validation Accuracy:
  Class 0: 51.99% (770/1481)
  Class 1: 100.00% (1435/1435)
  Class 2: 65.22% (1007/1544)
  Class 3: 100.00% (1540/1540)
Epoch [95/100], Training Loss: 0.3371
Validation Loss: 0.3410, Validation Accuracy: 76.90%

Per-Class Validation Accuracy:
  Class 0: 68.74% (1018/1481)
  Class 1: 100.00% (1435/1435)
  Class 2: 40.22% (621/1544)
  Class 3: 100.00% (1540/1540)
Epoch [96/100], Training Loss: 0.3373
Validation Loss: 0.3500, Validation Accuracy: 76.10%

Per-Class Validation Accuracy:
  Class 0: 80.15% (1187/1481)
  Class 1: 100.00% (1435/1435)
  Class 2: 26.17% (404/1544)
  Class 3: 100.00% (1540/1540)
Epoch [97/100], Training Loss: 0.3371
Validation Loss: 0.3352, Validation Accuracy: 79.32%

Per-Class Validation Accuracy:
  Class 0: 39.84% (590/1481)
  Class 1: 100.00% (1435/1435)
  Class 2: 77.33% (1194/1544)
  Class 3: 100.00% (1540/1540)
Epoch [98/100], Training Loss: 0.3372
Validation Loss: 0.3375, Validation Accuracy: 78.22%

Per-Class Validation Accuracy:
  Class 0: 66.31% (982/1481)
  Class 1: 100.00% (1435/1435)
  Class 2: 47.67% (736/1544)
  Class 3: 100.00% (1540/1540)
Epoch [99/100], Training Loss: 0.3366
Validation Loss: 0.3354, Validation Accuracy: 79.58%

Per-Class Validation Accuracy:
  Class 0: 69.41% (1028/1481)
  Class 1: 100.00% (1435/1435)
  Class 2: 50.00% (772/1544)
  Class 3: 100.00% (1540/1540)
Epoch [100/100], Training Loss: 0.3370
Validation Loss: 0.3356, Validation Accuracy: 79.58%

Per-Class Validation Accuracy:
  Class 0: 59.69% (884/1481)
  Class 1: 100.00% (1435/1435)
  Class 2: 59.33% (916/1544)
  Class 3: 100.00% (1540/1540)

	Elapsed time is 1222.4172 seconds.

==========================================================================================
Total parameters: 7963
Total memory (bytes): 63704
Total memory (MB): 0.06075286865234375
==========================================================================================
Validation Loss: 0.3356, Validation Accuracy: 79.58%

Per-Class Validation Accuracy:
  No Thrust: 59.69% (884/1481)
  Chemical: 100.00% (1435/1435)
  Electric: 59.33% (916/1544)
  Impulsive: 100.00% (1540/1540)

Classification Report:
              precision    recall  f1-score   support

   No Thrust     0.5847    0.5969    0.5907      1481
    Chemical     1.0000    1.0000    1.0000      1435
    Electric     0.6054    0.5933    0.5993      1544
   Impulsive     1.0000    1.0000    1.0000      1540

    accuracy                         0.7958      6000
   macro avg     0.7975    0.7975    0.7975      6000
weighted avg     0.7959    0.7958    0.7959      6000


Confusion Matrix (rows = true, cols = predicted):
             P_No Thrust  P_Chemical  P_Electric  P_Impulsive
T_No Thrust          884           0         597            0
T_Chemical             0        1435           0            0
T_Electric           628           0         916            0
T_Impulsive            0           0           0         1540
