GPU is available

Entering Decision Trees Training Loop

	Elapsed time is 0.6184 seconds.

==========================================================================================
Total parameters: NaN
Total memory (bytes): 1408691
Total memory (MB): 1.3434324264526367
==========================================================================================
Validation Loss: 0.3512, Validation Accuracy: 72.80%

Per-Class Validation Accuracy:
  No Thrust: 48.53% (728/1500)
  Chemical: 100.00% (1525/1525)
  Electric: 42.93% (647/1507)
  Impulsive: 100.00% (1468/1468)

Classification Report:
              precision    recall  f1-score   support

   No Thrust     0.4584    0.4853    0.4715      1500
    Chemical     1.0000    1.0000    1.0000      1525
    Electric     0.4560    0.4293    0.4422      1507
   Impulsive     1.0000    1.0000    1.0000      1468

    accuracy                         0.7280      6000
   macro avg     0.7286    0.7287    0.7284      6000
weighted avg     0.7280    0.7280    0.7278      6000


Confusion Matrix (rows = true, cols = predicted):
             P_No Thrust  P_Chemical  P_Electric  P_Impulsive
T_No Thrust          728           0         772            0
T_Chemical             0        1525           0            0
T_Electric           860           0         647            0
T_Impulsive            0           0           0         1468

Entering Nearest Neighbor Training Loop

	Elapsed time is 0.6940 seconds.

==========================================================================================
Total parameters: NaN (non-parametric model)
Total memory (bytes): 6276930064
Total memory (MB): 5986.1470
==========================================================================================
Validation Loss: NaN, Validation Accuracy: 51.35%

Per-Class Validation Accuracy:
  No Thrust: 13.33% (200/1500)
  Chemical: 78.75% (1201/1525)
  Electric: 14.07% (212/1507)
  Impulsive: 100.00% (1468/1468)

Classification Report:
              precision    recall  f1-score   support

   No Thrust     0.1305    0.1333    0.1319      1500
    Chemical     0.8983    0.7875    0.8393      1525
    Electric     0.1276    0.1407    0.1338      1507
   Impulsive     1.0000    1.0000    1.0000      1468

    accuracy                         0.5135      6000
   macro avg     0.5391    0.5154    0.5262      6000
weighted avg     0.5376    0.5135    0.5246      6000


Confusion Matrix (rows = true, cols = predicted):
             P_No Thrust  P_Chemical  P_Electric  P_Impulsive
T_No Thrust          200          67        1233            0
T_Chemical           107        1201         217            0
T_Electric          1226          69         212            0
T_Impulsive            0           0           0         1468

Entering LSTM Training Loop
Epoch [1/100], Training Loss: 0.8654
Validation Loss: 0.8230, Validation Accuracy: 49.78%

Per-Class Validation Accuracy:
  Class 0: 4.80% (72/1500)
  Class 1: 0.00% (0/1525)
  Class 2: 96.02% (1447/1507)
  Class 3: 100.00% (1468/1468)
Epoch [2/100], Training Loss: 0.8126
Validation Loss: 0.8122, Validation Accuracy: 52.32%

Per-Class Validation Accuracy:
  Class 0: 8.93% (134/1500)
  Class 1: 99.15% (1512/1525)
  Class 2: 1.66% (25/1507)
  Class 3: 100.00% (1468/1468)
Epoch [3/100], Training Loss: 0.7973
Validation Loss: 0.7899, Validation Accuracy: 53.70%

Per-Class Validation Accuracy:
  Class 0: 95.13% (1427/1500)
  Class 1: 21.44% (327/1525)
  Class 2: 0.00% (0/1507)
  Class 3: 100.00% (1468/1468)
Epoch [4/100], Training Loss: 0.7690
Validation Loss: 0.7597, Validation Accuracy: 57.40%

Per-Class Validation Accuracy:
  Class 0: 18.47% (277/1500)
  Class 1: 70.36% (1073/1525)
  Class 2: 41.54% (626/1507)
  Class 3: 100.00% (1468/1468)
Epoch [5/100], Training Loss: 0.7472
Validation Loss: 0.7608, Validation Accuracy: 57.07%

Per-Class Validation Accuracy:
  Class 0: 12.27% (184/1500)
  Class 1: 99.93% (1524/1525)
  Class 2: 16.46% (248/1507)
  Class 3: 100.00% (1468/1468)
Epoch [6/100], Training Loss: 0.7272
Validation Loss: 0.7036, Validation Accuracy: 62.67%

Per-Class Validation Accuracy:
  Class 0: 15.60% (234/1500)
  Class 1: 77.25% (1178/1525)
  Class 2: 58.39% (880/1507)
  Class 3: 100.00% (1468/1468)
Epoch [7/100], Training Loss: 0.7021
Validation Loss: 0.6695, Validation Accuracy: 63.07%

Per-Class Validation Accuracy:
  Class 0: 66.07% (991/1500)
  Class 1: 64.13% (978/1525)
  Class 2: 23.03% (347/1507)
  Class 3: 100.00% (1468/1468)
Epoch [8/100], Training Loss: 0.6510
Validation Loss: 0.6707, Validation Accuracy: 59.58%

Per-Class Validation Accuracy:
  Class 0: 20.93% (314/1500)
  Class 1: 100.00% (1525/1525)
  Class 2: 17.78% (268/1507)
  Class 3: 100.00% (1468/1468)
Epoch [9/100], Training Loss: 0.5912
Validation Loss: 0.5509, Validation Accuracy: 70.63%

Per-Class Validation Accuracy:
  Class 0: 0.00% (0/1500)
  Class 1: 85.05% (1297/1525)
  Class 2: 97.74% (1473/1507)
  Class 3: 100.00% (1468/1468)
Epoch [10/100], Training Loss: 0.5454
Validation Loss: 0.5165, Validation Accuracy: 72.45%

Per-Class Validation Accuracy:
  Class 0: 98.93% (1484/1500)
  Class 1: 91.48% (1395/1525)
  Class 2: 0.00% (0/1507)
  Class 3: 100.00% (1468/1468)
Epoch [11/100], Training Loss: 0.5110
Validation Loss: 0.4644, Validation Accuracy: 73.55%

Per-Class Validation Accuracy:
  Class 0: 91.53% (1373/1500)
  Class 1: 97.31% (1484/1525)
  Class 2: 5.84% (88/1507)
  Class 3: 100.00% (1468/1468)
Epoch [12/100], Training Loss: 0.4681
Validation Loss: 0.4281, Validation Accuracy: 73.95%

Per-Class Validation Accuracy:
  Class 0: 32.40% (486/1500)
  Class 1: 97.64% (1489/1525)
  Class 2: 65.96% (994/1507)
  Class 3: 100.00% (1468/1468)
Epoch [13/100], Training Loss: 0.4470
Validation Loss: 0.4017, Validation Accuracy: 74.73%

Per-Class Validation Accuracy:
  Class 0: 10.87% (163/1500)
  Class 1: 99.67% (1520/1525)
  Class 2: 88.45% (1333/1507)
  Class 3: 100.00% (1468/1468)
Epoch [14/100], Training Loss: 0.4280
Validation Loss: 0.4501, Validation Accuracy: 71.28%

Per-Class Validation Accuracy:
  Class 0: 6.60% (99/1500)
  Class 1: 100.00% (1525/1525)
  Class 2: 78.63% (1185/1507)
  Class 3: 100.00% (1468/1468)
Epoch [15/100], Training Loss: 0.4218
Validation Loss: 0.4265, Validation Accuracy: 72.25%

Per-Class Validation Accuracy:
  Class 0: 26.40% (396/1500)
  Class 1: 100.00% (1525/1525)
  Class 2: 62.77% (946/1507)
  Class 3: 100.00% (1468/1468)
Epoch [16/100], Training Loss: 0.4166
Validation Loss: 0.3918, Validation Accuracy: 74.63%

Per-Class Validation Accuracy:
  Class 0: 99.13% (1487/1500)
  Class 1: 98.89% (1508/1525)
  Class 2: 1.00% (15/1507)
  Class 3: 100.00% (1468/1468)
Epoch [17/100], Training Loss: 0.4038
Validation Loss: 0.4025, Validation Accuracy: 72.53%

Per-Class Validation Accuracy:
  Class 0: 50.47% (757/1500)
  Class 1: 100.00% (1525/1525)
  Class 2: 39.95% (602/1507)
  Class 3: 100.00% (1468/1468)
Epoch [18/100], Training Loss: 0.4056
Validation Loss: 0.3796, Validation Accuracy: 74.62%

Per-Class Validation Accuracy:
  Class 0: 68.87% (1033/1500)
  Class 1: 100.00% (1525/1525)
  Class 2: 29.93% (451/1507)
  Class 3: 100.00% (1468/1468)
Epoch [19/100], Training Loss: 0.3852
Validation Loss: 0.3689, Validation Accuracy: 75.28%

Per-Class Validation Accuracy:
  Class 0: 59.87% (898/1500)
  Class 1: 99.93% (1524/1525)
  Class 2: 41.61% (627/1507)
  Class 3: 100.00% (1468/1468)
Epoch [20/100], Training Loss: 0.3982
Validation Loss: 0.3788, Validation Accuracy: 74.23%

Per-Class Validation Accuracy:
  Class 0: 24.20% (363/1500)
  Class 1: 100.00% (1525/1525)
  Class 2: 72.86% (1098/1507)
  Class 3: 100.00% (1468/1468)
Epoch [21/100], Training Loss: 0.3880
Validation Loss: 0.3704, Validation Accuracy: 75.38%

Per-Class Validation Accuracy:
  Class 0: 73.73% (1106/1500)
  Class 1: 100.00% (1525/1525)
  Class 2: 28.14% (424/1507)
  Class 3: 100.00% (1468/1468)
Epoch [22/100], Training Loss: 0.3834
Validation Loss: 0.3667, Validation Accuracy: 74.52%

Per-Class Validation Accuracy:
  Class 0: 62.13% (932/1500)
  Class 1: 100.00% (1525/1525)
  Class 2: 36.23% (546/1507)
  Class 3: 100.00% (1468/1468)
Epoch [23/100], Training Loss: 0.3828
Validation Loss: 0.3602, Validation Accuracy: 75.07%

Per-Class Validation Accuracy:
  Class 0: 14.47% (217/1500)
  Class 1: 100.00% (1525/1525)
  Class 2: 85.87% (1294/1507)
  Class 3: 100.00% (1468/1468)
Epoch [24/100], Training Loss: 0.3864
Validation Loss: 0.3898, Validation Accuracy: 74.23%

Per-Class Validation Accuracy:
  Class 0: 22.20% (333/1500)
  Class 1: 100.00% (1525/1525)
  Class 2: 74.85% (1128/1507)
  Class 3: 100.00% (1468/1468)
Epoch [25/100], Training Loss: 0.3778
Validation Loss: 0.3587, Validation Accuracy: 76.50%

Per-Class Validation Accuracy:
  Class 0: 61.20% (918/1500)
  Class 1: 100.00% (1525/1525)
  Class 2: 45.06% (679/1507)
  Class 3: 100.00% (1468/1468)
Epoch [26/100], Training Loss: 0.3806
Validation Loss: 0.3990, Validation Accuracy: 74.50%

Per-Class Validation Accuracy:
  Class 0: 57.20% (858/1500)
  Class 1: 95.87% (1462/1525)
  Class 2: 45.26% (682/1507)
  Class 3: 100.00% (1468/1468)
Epoch [27/100], Training Loss: 0.3776
Validation Loss: 0.3663, Validation Accuracy: 74.22%

Per-Class Validation Accuracy:
  Class 0: 65.73% (986/1500)
  Class 1: 100.00% (1525/1525)
  Class 2: 31.45% (474/1507)
  Class 3: 100.00% (1468/1468)
Epoch [28/100], Training Loss: 0.3803
Validation Loss: 0.3766, Validation Accuracy: 74.93%

Per-Class Validation Accuracy:
  Class 0: 90.87% (1363/1500)
  Class 1: 99.48% (1517/1525)
  Class 2: 9.82% (148/1507)
  Class 3: 100.00% (1468/1468)
Epoch [29/100], Training Loss: 0.3784
Validation Loss: 0.4592, Validation Accuracy: 71.07%

Per-Class Validation Accuracy:
  Class 0: 9.07% (136/1500)
  Class 1: 100.00% (1525/1525)
  Class 2: 75.32% (1135/1507)
  Class 3: 100.00% (1468/1468)
Epoch [30/100], Training Loss: 0.3731
Validation Loss: 0.3635, Validation Accuracy: 74.98%

Per-Class Validation Accuracy:
  Class 0: 22.80% (342/1500)
  Class 1: 99.08% (1511/1525)
  Class 2: 78.17% (1178/1507)
  Class 3: 100.00% (1468/1468)
Epoch [31/100], Training Loss: 0.3768
Validation Loss: 0.3622, Validation Accuracy: 75.73%

Per-Class Validation Accuracy:
  Class 0: 65.27% (979/1500)
  Class 1: 100.00% (1525/1525)
  Class 2: 37.96% (572/1507)
  Class 3: 100.00% (1468/1468)
Epoch [32/100], Training Loss: 0.3584
Validation Loss: 0.3557, Validation Accuracy: 75.90%

Per-Class Validation Accuracy:
  Class 0: 28.93% (434/1500)
  Class 1: 100.00% (1525/1525)
  Class 2: 74.78% (1127/1507)
  Class 3: 100.00% (1468/1468)
Epoch [33/100], Training Loss: 0.3600
Validation Loss: 0.3542, Validation Accuracy: 76.03%

Per-Class Validation Accuracy:
  Class 0: 69.80% (1047/1500)
  Class 1: 100.00% (1525/1525)
  Class 2: 34.64% (522/1507)
  Class 3: 100.00% (1468/1468)
Epoch [34/100], Training Loss: 0.3605
Validation Loss: 0.3559, Validation Accuracy: 74.87%

Per-Class Validation Accuracy:
  Class 0: 79.40% (1191/1500)
  Class 1: 100.00% (1525/1525)
  Class 2: 20.44% (308/1507)
  Class 3: 100.00% (1468/1468)
Epoch [35/100], Training Loss: 0.3610
Validation Loss: 0.3553, Validation Accuracy: 75.12%

Per-Class Validation Accuracy:
  Class 0: 15.80% (237/1500)
  Class 1: 100.00% (1525/1525)
  Class 2: 84.74% (1277/1507)
  Class 3: 100.00% (1468/1468)
Epoch [36/100], Training Loss: 0.3560
Validation Loss: 0.3720, Validation Accuracy: 74.77%

Per-Class Validation Accuracy:
  Class 0: 17.53% (263/1500)
  Class 1: 100.00% (1525/1525)
  Class 2: 81.62% (1230/1507)
  Class 3: 100.00% (1468/1468)
Epoch [37/100], Training Loss: 0.3574
Validation Loss: 0.3660, Validation Accuracy: 74.05%

Per-Class Validation Accuracy:
  Class 0: 31.80% (477/1500)
  Class 1: 98.23% (1498/1525)
  Class 2: 66.36% (1000/1507)
  Class 3: 100.00% (1468/1468)
Epoch [38/100], Training Loss: 0.3586
Validation Loss: 0.3552, Validation Accuracy: 75.22%

Per-Class Validation Accuracy:
  Class 0: 82.93% (1244/1500)
  Class 1: 100.00% (1525/1525)
  Class 2: 18.31% (276/1507)
  Class 3: 100.00% (1468/1468)
Epoch [39/100], Training Loss: 0.3569
Validation Loss: 0.3505, Validation Accuracy: 77.03%

Per-Class Validation Accuracy:
  Class 0: 43.67% (655/1500)
  Class 1: 100.00% (1525/1525)
  Class 2: 64.63% (974/1507)
  Class 3: 100.00% (1468/1468)
Epoch [40/100], Training Loss: 0.3558
Validation Loss: 0.3553, Validation Accuracy: 75.87%

Per-Class Validation Accuracy:
  Class 0: 37.07% (556/1500)
  Class 1: 99.80% (1522/1525)
  Class 2: 66.76% (1006/1507)
  Class 3: 100.00% (1468/1468)
Epoch [41/100], Training Loss: 0.3564
Validation Loss: 0.3527, Validation Accuracy: 75.83%

Per-Class Validation Accuracy:
  Class 0: 76.73% (1151/1500)
  Class 1: 100.00% (1525/1525)
  Class 2: 26.94% (406/1507)
  Class 3: 100.00% (1468/1468)
Epoch [42/100], Training Loss: 0.3566
Validation Loss: 0.3522, Validation Accuracy: 74.83%

Per-Class Validation Accuracy:
  Class 0: 28.00% (420/1500)
  Class 1: 100.00% (1525/1525)
  Class 2: 71.47% (1077/1507)
  Class 3: 100.00% (1468/1468)
Epoch [43/100], Training Loss: 0.3549
Validation Loss: 0.3523, Validation Accuracy: 77.18%

Per-Class Validation Accuracy:
  Class 0: 44.87% (673/1500)
  Class 1: 100.00% (1525/1525)
  Class 2: 64.03% (965/1507)
  Class 3: 100.00% (1468/1468)
Epoch [44/100], Training Loss: 0.3548
Validation Loss: 0.3514, Validation Accuracy: 75.32%

Per-Class Validation Accuracy:
  Class 0: 29.20% (438/1500)
  Class 1: 100.00% (1525/1525)
  Class 2: 72.20% (1088/1507)
  Class 3: 100.00% (1468/1468)
Epoch [45/100], Training Loss: 0.3560
Validation Loss: 0.3529, Validation Accuracy: 75.58%

Per-Class Validation Accuracy:
  Class 0: 77.60% (1164/1500)
  Class 1: 99.93% (1524/1525)
  Class 2: 25.15% (379/1507)
  Class 3: 100.00% (1468/1468)
Epoch [46/100], Training Loss: 0.3503
Validation Loss: 0.3502, Validation Accuracy: 76.05%

Per-Class Validation Accuracy:
  Class 0: 86.60% (1299/1500)
  Class 1: 100.00% (1525/1525)
  Class 2: 17.98% (271/1507)
  Class 3: 100.00% (1468/1468)
Epoch [47/100], Training Loss: 0.3507
Validation Loss: 0.3536, Validation Accuracy: 75.37%

Per-Class Validation Accuracy:
  Class 0: 97.20% (1458/1500)
  Class 1: 100.00% (1525/1525)
  Class 2: 4.71% (71/1507)
  Class 3: 100.00% (1468/1468)
Epoch [48/100], Training Loss: 0.3512
Validation Loss: 0.3498, Validation Accuracy: 76.77%

Per-Class Validation Accuracy:
  Class 0: 73.00% (1095/1500)
  Class 1: 100.00% (1525/1525)
  Class 2: 34.37% (518/1507)
  Class 3: 100.00% (1468/1468)
Epoch [49/100], Training Loss: 0.3505
Validation Loss: 0.3486, Validation Accuracy: 76.35%

Per-Class Validation Accuracy:
  Class 0: 63.80% (957/1500)
  Class 1: 100.00% (1525/1525)
  Class 2: 41.87% (631/1507)
  Class 3: 100.00% (1468/1468)
Epoch [50/100], Training Loss: 0.3524
Validation Loss: 0.3489, Validation Accuracy: 77.10%

Per-Class Validation Accuracy:
  Class 0: 59.67% (895/1500)
  Class 1: 100.00% (1525/1525)
  Class 2: 48.97% (738/1507)
  Class 3: 100.00% (1468/1468)
Epoch [51/100], Training Loss: 0.3502
Validation Loss: 0.3516, Validation Accuracy: 75.05%

Per-Class Validation Accuracy:
  Class 0: 94.33% (1415/1500)
  Class 1: 100.00% (1525/1525)
  Class 2: 6.30% (95/1507)
  Class 3: 100.00% (1468/1468)
Epoch [52/100], Training Loss: 0.3503
Validation Loss: 0.3512, Validation Accuracy: 74.95%

Per-Class Validation Accuracy:
  Class 0: 35.40% (531/1500)
  Class 1: 100.00% (1525/1525)
  Class 2: 64.57% (973/1507)
  Class 3: 100.00% (1468/1468)
Epoch [53/100], Training Loss: 0.3502
Validation Loss: 0.3503, Validation Accuracy: 74.83%

Per-Class Validation Accuracy:
  Class 0: 93.60% (1404/1500)
  Class 1: 100.00% (1525/1525)
  Class 2: 6.17% (93/1507)
  Class 3: 100.00% (1468/1468)
Epoch [54/100], Training Loss: 0.3528
Validation Loss: 0.3487, Validation Accuracy: 74.97%

Per-Class Validation Accuracy:
  Class 0: 87.47% (1312/1500)
  Class 1: 100.00% (1525/1525)
  Class 2: 12.81% (193/1507)
  Class 3: 100.00% (1468/1468)
Epoch [55/100], Training Loss: 0.3494
Validation Loss: 0.3524, Validation Accuracy: 76.20%

Per-Class Validation Accuracy:
  Class 0: 78.40% (1176/1500)
  Class 1: 99.67% (1520/1525)
  Class 2: 27.07% (408/1507)
  Class 3: 100.00% (1468/1468)
Epoch [56/100], Training Loss: 0.3480
Validation Loss: 0.3503, Validation Accuracy: 76.55%

Per-Class Validation Accuracy:
  Class 0: 35.67% (535/1500)
  Class 1: 100.00% (1525/1525)
  Class 2: 70.67% (1065/1507)
  Class 3: 100.00% (1468/1468)
Epoch [57/100], Training Loss: 0.3483
Validation Loss: 0.3488, Validation Accuracy: 75.50%

Per-Class Validation Accuracy:
  Class 0: 76.87% (1153/1500)
  Class 1: 100.00% (1525/1525)
  Class 2: 25.48% (384/1507)
  Class 3: 100.00% (1468/1468)
Epoch [58/100], Training Loss: 0.3481
Validation Loss: 0.3490, Validation Accuracy: 74.95%

Per-Class Validation Accuracy:
  Class 0: 83.67% (1255/1500)
  Class 1: 100.00% (1525/1525)
  Class 2: 16.52% (249/1507)
  Class 3: 100.00% (1468/1468)
Epoch [59/100], Training Loss: 0.3490
Validation Loss: 0.3480, Validation Accuracy: 76.07%

Per-Class Validation Accuracy:
  Class 0: 62.53% (938/1500)
  Class 1: 100.00% (1525/1525)
  Class 2: 42.00% (633/1507)
  Class 3: 100.00% (1468/1468)
Epoch [60/100], Training Loss: 0.3482
Validation Loss: 0.3475, Validation Accuracy: 76.57%

Per-Class Validation Accuracy:
  Class 0: 54.20% (813/1500)
  Class 1: 100.00% (1525/1525)
  Class 2: 52.29% (788/1507)
  Class 3: 100.00% (1468/1468)
Epoch [61/100], Training Loss: 0.3479
Validation Loss: 0.3479, Validation Accuracy: 75.20%

Per-Class Validation Accuracy:
  Class 0: 38.33% (575/1500)
  Class 1: 100.00% (1525/1525)
  Class 2: 62.64% (944/1507)
  Class 3: 100.00% (1468/1468)
Epoch [62/100], Training Loss: 0.3483
Validation Loss: 0.3478, Validation Accuracy: 75.65%

Per-Class Validation Accuracy:
  Class 0: 85.53% (1283/1500)
  Class 1: 100.00% (1525/1525)
  Class 2: 17.45% (263/1507)
  Class 3: 100.00% (1468/1468)
Epoch [63/100], Training Loss: 0.3479
Validation Loss: 0.3483, Validation Accuracy: 75.35%

Per-Class Validation Accuracy:
  Class 0: 24.73% (371/1500)
  Class 1: 100.00% (1525/1525)
  Class 2: 76.78% (1157/1507)
  Class 3: 100.00% (1468/1468)
Epoch [64/100], Training Loss: 0.3487
Validation Loss: 0.3486, Validation Accuracy: 76.23%

Per-Class Validation Accuracy:
  Class 0: 26.13% (392/1500)
  Class 1: 100.00% (1525/1525)
  Class 2: 78.90% (1189/1507)
  Class 3: 100.00% (1468/1468)
Epoch [65/100], Training Loss: 0.3481
Validation Loss: 0.3477, Validation Accuracy: 75.58%

Per-Class Validation Accuracy:
  Class 0: 56.80% (852/1500)
  Class 1: 100.00% (1525/1525)
  Class 2: 45.79% (690/1507)
  Class 3: 100.00% (1468/1468)
Epoch [66/100], Training Loss: 0.3478
Validation Loss: 0.3475, Validation Accuracy: 75.53%

Per-Class Validation Accuracy:
  Class 0: 63.67% (955/1500)
  Class 1: 100.00% (1525/1525)
  Class 2: 38.75% (584/1507)
  Class 3: 100.00% (1468/1468)
Epoch [67/100], Training Loss: 0.3484
Validation Loss: 0.3544, Validation Accuracy: 74.97%

Per-Class Validation Accuracy:
  Class 0: 92.47% (1387/1500)
  Class 1: 100.00% (1525/1525)
  Class 2: 7.83% (118/1507)
  Class 3: 100.00% (1468/1468)
Epoch [68/100], Training Loss: 0.3480
Validation Loss: 0.3471, Validation Accuracy: 76.40%

Per-Class Validation Accuracy:
  Class 0: 75.47% (1132/1500)
  Class 1: 100.00% (1525/1525)
  Class 2: 30.46% (459/1507)
  Class 3: 100.00% (1468/1468)
Epoch [69/100], Training Loss: 0.3477
Validation Loss: 0.3469, Validation Accuracy: 76.95%

Per-Class Validation Accuracy:
  Class 0: 41.20% (618/1500)
  Class 1: 100.00% (1525/1525)
  Class 2: 66.76% (1006/1507)
  Class 3: 100.00% (1468/1468)
Epoch [70/100], Training Loss: 0.3477
Validation Loss: 0.3475, Validation Accuracy: 75.32%

Per-Class Validation Accuracy:
  Class 0: 21.60% (324/1500)
  Class 1: 100.00% (1525/1525)
  Class 2: 79.76% (1202/1507)
  Class 3: 100.00% (1468/1468)
Epoch [71/100], Training Loss: 0.3482
Validation Loss: 0.3513, Validation Accuracy: 75.10%

Per-Class Validation Accuracy:
  Class 0: 44.27% (664/1500)
  Class 1: 99.74% (1521/1525)
  Class 2: 56.60% (853/1507)
  Class 3: 100.00% (1468/1468)
Epoch [72/100], Training Loss: 0.3475
Validation Loss: 0.3494, Validation Accuracy: 75.02%

Per-Class Validation Accuracy:
  Class 0: 3.60% (54/1500)
  Class 1: 100.00% (1525/1525)
  Class 2: 96.48% (1454/1507)
  Class 3: 100.00% (1468/1468)
Epoch [73/100], Training Loss: 0.3480
Validation Loss: 0.3469, Validation Accuracy: 76.87%

Per-Class Validation Accuracy:
  Class 0: 48.20% (723/1500)
  Class 1: 100.00% (1525/1525)
  Class 2: 59.46% (896/1507)
  Class 3: 100.00% (1468/1468)
Epoch [74/100], Training Loss: 0.3474
Validation Loss: 0.3472, Validation Accuracy: 75.88%

Per-Class Validation Accuracy:
  Class 0: 23.60% (354/1500)
  Class 1: 100.00% (1525/1525)
  Class 2: 80.03% (1206/1507)
  Class 3: 100.00% (1468/1468)
Epoch [75/100], Training Loss: 0.3479
Validation Loss: 0.3486, Validation Accuracy: 74.92%

Per-Class Validation Accuracy:
  Class 0: 93.67% (1405/1500)
  Class 1: 100.00% (1525/1525)
  Class 2: 6.44% (97/1507)
  Class 3: 100.00% (1468/1468)
Epoch [76/100], Training Loss: 0.3477
Validation Loss: 0.3471, Validation Accuracy: 76.13%

Per-Class Validation Accuracy:
  Class 0: 62.87% (943/1500)
  Class 1: 100.00% (1525/1525)
  Class 2: 41.94% (632/1507)
  Class 3: 100.00% (1468/1468)
Epoch [77/100], Training Loss: 0.3477
Validation Loss: 0.3465, Validation Accuracy: 76.87%

Per-Class Validation Accuracy:
  Class 0: 56.60% (849/1500)
  Class 1: 100.00% (1525/1525)
  Class 2: 51.09% (770/1507)
  Class 3: 100.00% (1468/1468)
Epoch [78/100], Training Loss: 0.3478
Validation Loss: 0.3470, Validation Accuracy: 75.73%

Per-Class Validation Accuracy:
  Class 0: 79.80% (1197/1500)
  Class 1: 100.00% (1525/1525)
  Class 2: 23.49% (354/1507)
  Class 3: 100.00% (1468/1468)
Epoch [79/100], Training Loss: 0.3474
Validation Loss: 0.3466, Validation Accuracy: 76.63%

Per-Class Validation Accuracy:
  Class 0: 38.60% (579/1500)
  Class 1: 100.00% (1525/1525)
  Class 2: 68.08% (1026/1507)
  Class 3: 100.00% (1468/1468)
Epoch [80/100], Training Loss: 0.3475
Validation Loss: 0.3476, Validation Accuracy: 76.27%

Per-Class Validation Accuracy:
  Class 0: 75.87% (1138/1500)
  Class 1: 100.00% (1525/1525)
  Class 2: 29.53% (445/1507)
  Class 3: 100.00% (1468/1468)
Epoch [81/100], Training Loss: 0.3472
Validation Loss: 0.3481, Validation Accuracy: 77.18%

Per-Class Validation Accuracy:
  Class 0: 51.27% (769/1500)
  Class 1: 100.00% (1525/1525)
  Class 2: 57.66% (869/1507)
  Class 3: 100.00% (1468/1468)
Epoch [82/100], Training Loss: 0.3474
Validation Loss: 0.3494, Validation Accuracy: 74.78%

Per-Class Validation Accuracy:
  Class 0: 94.13% (1412/1500)
  Class 1: 100.00% (1525/1525)
  Class 2: 5.44% (82/1507)
  Class 3: 100.00% (1468/1468)
Epoch [83/100], Training Loss: 0.3471
Validation Loss: 0.3471, Validation Accuracy: 75.35%

Per-Class Validation Accuracy:
  Class 0: 84.67% (1270/1500)
  Class 1: 100.00% (1525/1525)
  Class 2: 17.12% (258/1507)
  Class 3: 100.00% (1468/1468)
Epoch [84/100], Training Loss: 0.3463
Validation Loss: 0.3468, Validation Accuracy: 76.05%

Per-Class Validation Accuracy:
  Class 0: 28.13% (422/1500)
  Class 1: 100.00% (1525/1525)
  Class 2: 76.18% (1148/1507)
  Class 3: 100.00% (1468/1468)
Epoch [85/100], Training Loss: 0.3464
Validation Loss: 0.3465, Validation Accuracy: 76.53%

Per-Class Validation Accuracy:
  Class 0: 66.93% (1004/1500)
  Class 1: 100.00% (1525/1525)
  Class 2: 39.48% (595/1507)
  Class 3: 100.00% (1468/1468)
Epoch [86/100], Training Loss: 0.3466
Validation Loss: 0.3474, Validation Accuracy: 75.52%

Per-Class Validation Accuracy:
  Class 0: 87.13% (1307/1500)
  Class 1: 100.00% (1525/1525)
  Class 2: 15.33% (231/1507)
  Class 3: 100.00% (1468/1468)
Epoch [87/100], Training Loss: 0.3462
Validation Loss: 0.3461, Validation Accuracy: 77.33%

Per-Class Validation Accuracy:
  Class 0: 55.60% (834/1500)
  Class 1: 100.00% (1525/1525)
  Class 2: 53.95% (813/1507)
  Class 3: 100.00% (1468/1468)
Epoch [88/100], Training Loss: 0.3463
Validation Loss: 0.3475, Validation Accuracy: 76.13%

Per-Class Validation Accuracy:
  Class 0: 42.13% (632/1500)
  Class 1: 100.00% (1525/1525)
  Class 2: 62.57% (943/1507)
  Class 3: 100.00% (1468/1468)
Epoch [89/100], Training Loss: 0.3463
Validation Loss: 0.3461, Validation Accuracy: 77.90%

Per-Class Validation Accuracy:
  Class 0: 59.47% (892/1500)
  Class 1: 100.00% (1525/1525)
  Class 2: 52.36% (789/1507)
  Class 3: 100.00% (1468/1468)
Epoch [90/100], Training Loss: 0.3465
Validation Loss: 0.3488, Validation Accuracy: 76.02%

Per-Class Validation Accuracy:
  Class 0: 24.93% (374/1500)
  Class 1: 100.00% (1525/1525)
  Class 2: 79.23% (1194/1507)
  Class 3: 100.00% (1468/1468)
Epoch [91/100], Training Loss: 0.3462
Validation Loss: 0.3465, Validation Accuracy: 76.83%

Per-Class Validation Accuracy:
  Class 0: 62.33% (935/1500)
  Class 1: 100.00% (1525/1525)
  Class 2: 45.26% (682/1507)
  Class 3: 100.00% (1468/1468)
Epoch [92/100], Training Loss: 0.3462
Validation Loss: 0.3477, Validation Accuracy: 76.35%

Per-Class Validation Accuracy:
  Class 0: 80.80% (1212/1500)
  Class 1: 100.00% (1525/1525)
  Class 2: 24.95% (376/1507)
  Class 3: 100.00% (1468/1468)
Epoch [93/100], Training Loss: 0.3463
Validation Loss: 0.3461, Validation Accuracy: 77.32%

Per-Class Validation Accuracy:
  Class 0: 67.33% (1010/1500)
  Class 1: 100.00% (1525/1525)
  Class 2: 42.20% (636/1507)
  Class 3: 100.00% (1468/1468)
Epoch [94/100], Training Loss: 0.3461
Validation Loss: 0.3466, Validation Accuracy: 75.50%

Per-Class Validation Accuracy:
  Class 0: 73.13% (1097/1500)
  Class 1: 100.00% (1525/1525)
  Class 2: 29.20% (440/1507)
  Class 3: 100.00% (1468/1468)
Epoch [95/100], Training Loss: 0.3462
Validation Loss: 0.3459, Validation Accuracy: 77.80%

Per-Class Validation Accuracy:
  Class 0: 67.47% (1012/1500)
  Class 1: 100.00% (1525/1525)
  Class 2: 43.99% (663/1507)
  Class 3: 100.00% (1468/1468)
Epoch [96/100], Training Loss: 0.3461
Validation Loss: 0.3461, Validation Accuracy: 77.27%

Per-Class Validation Accuracy:
  Class 0: 44.00% (660/1500)
  Class 1: 100.00% (1525/1525)
  Class 2: 65.23% (983/1507)
  Class 3: 100.00% (1468/1468)
Epoch [97/100], Training Loss: 0.3463
Validation Loss: 0.3465, Validation Accuracy: 76.67%

Per-Class Validation Accuracy:
  Class 0: 44.00% (660/1500)
  Class 1: 100.00% (1525/1525)
  Class 2: 62.84% (947/1507)
  Class 3: 100.00% (1468/1468)
Epoch [98/100], Training Loss: 0.3460
Validation Loss: 0.3462, Validation Accuracy: 77.25%

Per-Class Validation Accuracy:
  Class 0: 62.13% (932/1500)
  Class 1: 100.00% (1525/1525)
  Class 2: 47.11% (710/1507)
  Class 3: 100.00% (1468/1468)
Epoch [99/100], Training Loss: 0.3462
Validation Loss: 0.3464, Validation Accuracy: 76.63%

Per-Class Validation Accuracy:
  Class 0: 74.67% (1120/1500)
  Class 1: 100.00% (1525/1525)
  Class 2: 32.18% (485/1507)
  Class 3: 100.00% (1468/1468)
Epoch [100/100], Training Loss: 0.3462
Validation Loss: 0.3460, Validation Accuracy: 77.57%

Per-Class Validation Accuracy:
  Class 0: 57.13% (857/1500)
  Class 1: 100.00% (1525/1525)
  Class 2: 53.35% (804/1507)
  Class 3: 100.00% (1468/1468)

	Elapsed time is 718.4939 seconds.

==========================================================================================
Total parameters: 14788
Total memory (bytes): 118304
Total memory (MB): 0.112823486328125
==========================================================================================
Validation Loss: 0.3460, Validation Accuracy: 77.57%

Per-Class Validation Accuracy:
  No Thrust: 57.13% (857/1500)
  Chemical: 100.00% (1525/1525)
  Electric: 53.35% (804/1507)
  Impulsive: 100.00% (1468/1468)

Classification Report:
              precision    recall  f1-score   support

   No Thrust     0.5494    0.5713    0.5601      1500
    Chemical     1.0000    1.0000    1.0000      1525
    Electric     0.5556    0.5335    0.5443      1507
   Impulsive     1.0000    1.0000    1.0000      1468

    accuracy                         0.7757      6000
   macro avg     0.7762    0.7762    0.7761      6000
weighted avg     0.7757    0.7757    0.7756      6000


Confusion Matrix (rows = true, cols = predicted):
             P_No Thrust  P_Chemical  P_Electric  P_Impulsive
T_No Thrust          857           0         643            0
T_Chemical             0        1525           0            0
T_Electric           703           0         804            0
T_Impulsive            0           0           0         1468

Entering Mamba Training Loop
Epoch [1/100], Training Loss: 0.8391
Validation Loss: 0.7962, Validation Accuracy: 53.35%

Per-Class Validation Accuracy:
  Class 0: 69.60% (1044/1500)
  Class 1: 35.15% (536/1525)
  Class 2: 10.15% (153/1507)
  Class 3: 100.00% (1468/1468)
Epoch [2/100], Training Loss: 0.6021
Validation Loss: 0.4918, Validation Accuracy: 69.52%

Per-Class Validation Accuracy:
  Class 0: 35.87% (538/1500)
  Class 1: 94.36% (1439/1525)
  Class 2: 48.18% (726/1507)
  Class 3: 100.00% (1468/1468)
Epoch [3/100], Training Loss: 0.4469
Validation Loss: 0.4243, Validation Accuracy: 72.65%

Per-Class Validation Accuracy:
  Class 0: 64.07% (961/1500)
  Class 1: 100.00% (1525/1525)
  Class 2: 26.87% (405/1507)
  Class 3: 100.00% (1468/1468)
Epoch [4/100], Training Loss: 0.3806
Validation Loss: 0.3640, Validation Accuracy: 75.70%

Per-Class Validation Accuracy:
  Class 0: 58.93% (884/1500)
  Class 1: 100.00% (1525/1525)
  Class 2: 44.13% (665/1507)
  Class 3: 100.00% (1468/1468)
Epoch [5/100], Training Loss: 0.3702
Validation Loss: 0.3557, Validation Accuracy: 75.30%

Per-Class Validation Accuracy:
  Class 0: 59.40% (891/1500)
  Class 1: 100.00% (1525/1525)
  Class 2: 42.07% (634/1507)
  Class 3: 100.00% (1468/1468)
Epoch [6/100], Training Loss: 0.3615
Validation Loss: 0.3565, Validation Accuracy: 74.13%

Per-Class Validation Accuracy:
  Class 0: 50.87% (763/1500)
  Class 1: 100.00% (1525/1525)
  Class 2: 45.92% (692/1507)
  Class 3: 100.00% (1468/1468)
Epoch [7/100], Training Loss: 0.3645
Validation Loss: 0.3535, Validation Accuracy: 74.65%

Per-Class Validation Accuracy:
  Class 0: 24.27% (364/1500)
  Class 1: 100.00% (1525/1525)
  Class 2: 74.45% (1122/1507)
  Class 3: 100.00% (1468/1468)
Epoch [8/100], Training Loss: 0.3574
Validation Loss: 0.3491, Validation Accuracy: 75.17%

Per-Class Validation Accuracy:
  Class 0: 84.93% (1274/1500)
  Class 1: 100.00% (1525/1525)
  Class 2: 16.12% (243/1507)
  Class 3: 100.00% (1468/1468)
Epoch [9/100], Training Loss: 0.3568
Validation Loss: 0.3553, Validation Accuracy: 75.67%

Per-Class Validation Accuracy:
  Class 0: 62.33% (935/1500)
  Class 1: 100.00% (1525/1525)
  Class 2: 40.61% (612/1507)
  Class 3: 100.00% (1468/1468)
Epoch [10/100], Training Loss: 0.3638
Validation Loss: 0.3495, Validation Accuracy: 75.40%

Per-Class Validation Accuracy:
  Class 0: 4.93% (74/1500)
  Class 1: 100.00% (1525/1525)
  Class 2: 96.68% (1457/1507)
  Class 3: 100.00% (1468/1468)
Epoch [11/100], Training Loss: 0.3604
Validation Loss: 0.3496, Validation Accuracy: 74.92%

Per-Class Validation Accuracy:
  Class 0: 71.93% (1079/1500)
  Class 1: 100.00% (1525/1525)
  Class 2: 28.07% (423/1507)
  Class 3: 100.00% (1468/1468)
Epoch [12/100], Training Loss: 0.3525
Validation Loss: 0.3497, Validation Accuracy: 75.67%

Per-Class Validation Accuracy:
  Class 0: 22.20% (333/1500)
  Class 1: 100.00% (1525/1525)
  Class 2: 80.56% (1214/1507)
  Class 3: 100.00% (1468/1468)
Epoch [13/100], Training Loss: 0.3537
Validation Loss: 0.3706, Validation Accuracy: 75.13%

Per-Class Validation Accuracy:
  Class 0: 55.80% (837/1500)
  Class 1: 100.00% (1525/1525)
  Class 2: 44.99% (678/1507)
  Class 3: 100.00% (1468/1468)
Epoch [14/100], Training Loss: 0.3600
Validation Loss: 0.3517, Validation Accuracy: 75.25%

Per-Class Validation Accuracy:
  Class 0: 71.73% (1076/1500)
  Class 1: 100.00% (1525/1525)
  Class 2: 29.60% (446/1507)
  Class 3: 100.00% (1468/1468)
Epoch [15/100], Training Loss: 0.3497
Validation Loss: 0.3481, Validation Accuracy: 75.47%

Per-Class Validation Accuracy:
  Class 0: 66.53% (998/1500)
  Class 1: 100.00% (1525/1525)
  Class 2: 35.63% (537/1507)
  Class 3: 100.00% (1468/1468)
Epoch [16/100], Training Loss: 0.3498
Validation Loss: 0.3469, Validation Accuracy: 75.57%

Per-Class Validation Accuracy:
  Class 0: 35.93% (539/1500)
  Class 1: 100.00% (1525/1525)
  Class 2: 66.49% (1002/1507)
  Class 3: 100.00% (1468/1468)
Epoch [17/100], Training Loss: 0.3498
Validation Loss: 0.3479, Validation Accuracy: 74.83%

Per-Class Validation Accuracy:
  Class 0: 25.80% (387/1500)
  Class 1: 100.00% (1525/1525)
  Class 2: 73.66% (1110/1507)
  Class 3: 100.00% (1468/1468)
Epoch [18/100], Training Loss: 0.3511
Validation Loss: 0.3492, Validation Accuracy: 75.00%

Per-Class Validation Accuracy:
  Class 0: 91.33% (1370/1500)
  Class 1: 100.00% (1525/1525)
  Class 2: 9.09% (137/1507)
  Class 3: 100.00% (1468/1468)
Epoch [19/100], Training Loss: 0.3490
Validation Loss: 0.3467, Validation Accuracy: 76.68%

Per-Class Validation Accuracy:
  Class 0: 45.13% (677/1500)
  Class 1: 100.00% (1525/1525)
  Class 2: 61.78% (931/1507)
  Class 3: 100.00% (1468/1468)
Epoch [20/100], Training Loss: 0.3496
Validation Loss: 0.3489, Validation Accuracy: 75.52%

Per-Class Validation Accuracy:
  Class 0: 57.40% (861/1500)
  Class 1: 100.00% (1525/1525)
  Class 2: 44.92% (677/1507)
  Class 3: 100.00% (1468/1468)
Epoch [21/100], Training Loss: 0.3488
Validation Loss: 0.3475, Validation Accuracy: 76.18%

Per-Class Validation Accuracy:
  Class 0: 27.33% (410/1500)
  Class 1: 100.00% (1525/1525)
  Class 2: 77.50% (1168/1507)
  Class 3: 100.00% (1468/1468)
Epoch [22/100], Training Loss: 0.3486
Validation Loss: 0.3474, Validation Accuracy: 76.47%

Per-Class Validation Accuracy:
  Class 0: 64.67% (970/1500)
  Class 1: 100.00% (1525/1525)
  Class 2: 41.47% (625/1507)
  Class 3: 100.00% (1468/1468)
Epoch [23/100], Training Loss: 0.3617
Validation Loss: 0.3545, Validation Accuracy: 75.08%

Per-Class Validation Accuracy:
  Class 0: 3.20% (48/1500)
  Class 1: 100.00% (1525/1525)
  Class 2: 97.15% (1464/1507)
  Class 3: 100.00% (1468/1468)
Epoch [24/100], Training Loss: 0.3486
Validation Loss: 0.3481, Validation Accuracy: 75.23%

Per-Class Validation Accuracy:
  Class 0: 35.40% (531/1500)
  Class 1: 100.00% (1525/1525)
  Class 2: 65.69% (990/1507)
  Class 3: 100.00% (1468/1468)
Epoch [25/100], Training Loss: 0.3491
Validation Loss: 0.3461, Validation Accuracy: 75.80%

Per-Class Validation Accuracy:
  Class 0: 50.67% (760/1500)
  Class 1: 100.00% (1525/1525)
  Class 2: 52.75% (795/1507)
  Class 3: 100.00% (1468/1468)
Epoch [26/100], Training Loss: 0.3485
Validation Loss: 0.3491, Validation Accuracy: 75.23%

Per-Class Validation Accuracy:
  Class 0: 59.47% (892/1500)
  Class 1: 100.00% (1525/1525)
  Class 2: 41.74% (629/1507)
  Class 3: 100.00% (1468/1468)
Epoch [27/100], Training Loss: 0.3479
Validation Loss: 0.3519, Validation Accuracy: 74.72%

Per-Class Validation Accuracy:
  Class 0: 88.80% (1332/1500)
  Class 1: 100.00% (1525/1525)
  Class 2: 10.48% (158/1507)
  Class 3: 100.00% (1468/1468)
Epoch [28/100], Training Loss: 0.3491
Validation Loss: 0.3476, Validation Accuracy: 74.72%

Per-Class Validation Accuracy:
  Class 0: 90.27% (1354/1500)
  Class 1: 100.00% (1525/1525)
  Class 2: 9.02% (136/1507)
  Class 3: 100.00% (1468/1468)
Epoch [29/100], Training Loss: 0.3503
Validation Loss: 0.3472, Validation Accuracy: 76.00%

Per-Class Validation Accuracy:
  Class 0: 5.07% (76/1500)
  Class 1: 100.00% (1525/1525)
  Class 2: 98.94% (1491/1507)
  Class 3: 100.00% (1468/1468)
Epoch [30/100], Training Loss: 0.3479
Validation Loss: 0.3486, Validation Accuracy: 76.03%

Per-Class Validation Accuracy:
  Class 0: 35.53% (533/1500)
  Class 1: 100.00% (1525/1525)
  Class 2: 68.75% (1036/1507)
  Class 3: 100.00% (1468/1468)
Epoch [31/100], Training Loss: 0.3484
Validation Loss: 0.3490, Validation Accuracy: 74.60%

Per-Class Validation Accuracy:
  Class 0: 21.53% (323/1500)
  Class 1: 100.00% (1525/1525)
  Class 2: 76.97% (1160/1507)
  Class 3: 100.00% (1468/1468)
Epoch [32/100], Training Loss: 0.3471
Validation Loss: 0.3541, Validation Accuracy: 75.97%

Per-Class Validation Accuracy:
  Class 0: 52.27% (784/1500)
  Class 1: 100.00% (1525/1525)
  Class 2: 51.96% (783/1507)
  Class 3: 99.86% (1466/1468)
Epoch [33/100], Training Loss: 0.3469
Validation Loss: 0.3458, Validation Accuracy: 76.92%

Per-Class Validation Accuracy:
  Class 0: 25.60% (384/1500)
  Class 1: 100.00% (1525/1525)
  Class 2: 82.15% (1238/1507)
  Class 3: 100.00% (1468/1468)
Epoch [34/100], Training Loss: 0.3466
Validation Loss: 0.3473, Validation Accuracy: 74.92%

Per-Class Validation Accuracy:
  Class 0: 29.67% (445/1500)
  Class 1: 100.00% (1525/1525)
  Class 2: 70.14% (1057/1507)
  Class 3: 100.00% (1468/1468)
Epoch [35/100], Training Loss: 0.3464
Validation Loss: 0.3470, Validation Accuracy: 75.53%

Per-Class Validation Accuracy:
  Class 0: 56.67% (850/1500)
  Class 1: 100.00% (1525/1525)
  Class 2: 45.72% (689/1507)
  Class 3: 100.00% (1468/1468)
Epoch [36/100], Training Loss: 0.3467
Validation Loss: 0.3459, Validation Accuracy: 76.57%

Per-Class Validation Accuracy:
  Class 0: 51.47% (772/1500)
  Class 1: 100.00% (1525/1525)
  Class 2: 55.01% (829/1507)
  Class 3: 100.00% (1468/1468)
Epoch [37/100], Training Loss: 0.3465
Validation Loss: 0.3460, Validation Accuracy: 76.58%

Per-Class Validation Accuracy:
  Class 0: 16.93% (254/1500)
  Class 1: 100.00% (1525/1525)
  Class 2: 89.45% (1348/1507)
  Class 3: 100.00% (1468/1468)
Epoch [38/100], Training Loss: 0.3468
Validation Loss: 0.3453, Validation Accuracy: 77.00%

Per-Class Validation Accuracy:
  Class 0: 22.93% (344/1500)
  Class 1: 100.00% (1525/1525)
  Class 2: 85.14% (1283/1507)
  Class 3: 100.00% (1468/1468)
Epoch [39/100], Training Loss: 0.3466
Validation Loss: 0.3444, Validation Accuracy: 76.72%

Per-Class Validation Accuracy:
  Class 0: 51.93% (779/1500)
  Class 1: 100.00% (1525/1525)
  Class 2: 55.14% (831/1507)
  Class 3: 100.00% (1468/1468)
Epoch [40/100], Training Loss: 0.3470
Validation Loss: 0.3485, Validation Accuracy: 74.97%

Per-Class Validation Accuracy:
  Class 0: 78.00% (1170/1500)
  Class 1: 100.00% (1525/1525)
  Class 2: 22.23% (335/1507)
  Class 3: 100.00% (1468/1468)
Epoch [41/100], Training Loss: 0.3465
Validation Loss: 0.3457, Validation Accuracy: 76.47%

Per-Class Validation Accuracy:
  Class 0: 63.27% (949/1500)
  Class 1: 100.00% (1525/1525)
  Class 2: 42.87% (646/1507)
  Class 3: 100.00% (1468/1468)
Epoch [42/100], Training Loss: 0.3461
Validation Loss: 0.3466, Validation Accuracy: 75.43%

Per-Class Validation Accuracy:
  Class 0: 24.93% (374/1500)
  Class 1: 100.00% (1525/1525)
  Class 2: 76.91% (1159/1507)
  Class 3: 100.00% (1468/1468)
Epoch [43/100], Training Loss: 0.3467
Validation Loss: 0.3466, Validation Accuracy: 74.87%

Per-Class Validation Accuracy:
  Class 0: 95.00% (1425/1500)
  Class 1: 100.00% (1525/1525)
  Class 2: 4.91% (74/1507)
  Class 3: 100.00% (1468/1468)
Epoch [44/100], Training Loss: 0.3465
Validation Loss: 0.3466, Validation Accuracy: 75.17%

Per-Class Validation Accuracy:
  Class 0: 95.13% (1427/1500)
  Class 1: 100.00% (1525/1525)
  Class 2: 5.97% (90/1507)
  Class 3: 100.00% (1468/1468)
Epoch [45/100], Training Loss: 0.3468
Validation Loss: 0.3455, Validation Accuracy: 75.23%

Per-Class Validation Accuracy:
  Class 0: 80.27% (1204/1500)
  Class 1: 100.00% (1525/1525)
  Class 2: 21.04% (317/1507)
  Class 3: 100.00% (1468/1468)
Epoch [46/100], Training Loss: 0.3451
Validation Loss: 0.3475, Validation Accuracy: 75.10%

Per-Class Validation Accuracy:
  Class 0: 7.67% (115/1500)
  Class 1: 100.00% (1525/1525)
  Class 2: 92.77% (1398/1507)
  Class 3: 100.00% (1468/1468)
Epoch [47/100], Training Loss: 0.3446
Validation Loss: 0.3455, Validation Accuracy: 76.37%

Per-Class Validation Accuracy:
  Class 0: 78.40% (1176/1500)
  Class 1: 100.00% (1525/1525)
  Class 2: 27.41% (413/1507)
  Class 3: 100.00% (1468/1468)
Epoch [48/100], Training Loss: 0.3448
Validation Loss: 0.3437, Validation Accuracy: 77.00%

Per-Class Validation Accuracy:
  Class 0: 47.13% (707/1500)
  Class 1: 100.00% (1525/1525)
  Class 2: 61.05% (920/1507)
  Class 3: 100.00% (1468/1468)
Epoch [49/100], Training Loss: 0.3443
Validation Loss: 0.3474, Validation Accuracy: 75.67%

Per-Class Validation Accuracy:
  Class 0: 9.47% (142/1500)
  Class 1: 100.00% (1525/1525)
  Class 2: 93.23% (1405/1507)
  Class 3: 100.00% (1468/1468)
Epoch [50/100], Training Loss: 0.3441
Validation Loss: 0.3437, Validation Accuracy: 76.90%

Per-Class Validation Accuracy:
  Class 0: 39.80% (597/1500)
  Class 1: 100.00% (1525/1525)
  Class 2: 67.95% (1024/1507)
  Class 3: 100.00% (1468/1468)
Epoch [51/100], Training Loss: 0.3433
Validation Loss: 0.3482, Validation Accuracy: 75.03%

Per-Class Validation Accuracy:
  Class 0: 91.60% (1374/1500)
  Class 1: 100.00% (1525/1525)
  Class 2: 8.96% (135/1507)
  Class 3: 100.00% (1468/1468)
Epoch [52/100], Training Loss: 0.3433
Validation Loss: 0.3426, Validation Accuracy: 76.87%

Per-Class Validation Accuracy:
  Class 0: 51.13% (767/1500)
  Class 1: 100.00% (1525/1525)
  Class 2: 56.54% (852/1507)
  Class 3: 100.00% (1468/1468)
Epoch [53/100], Training Loss: 0.3434
Validation Loss: 0.3451, Validation Accuracy: 76.20%

Per-Class Validation Accuracy:
  Class 0: 80.60% (1209/1500)
  Class 1: 100.00% (1525/1525)
  Class 2: 24.55% (370/1507)
  Class 3: 100.00% (1468/1468)
Epoch [54/100], Training Loss: 0.3428
Validation Loss: 0.3415, Validation Accuracy: 77.10%

Per-Class Validation Accuracy:
  Class 0: 53.20% (798/1500)
  Class 1: 100.00% (1525/1525)
  Class 2: 55.41% (835/1507)
  Class 3: 100.00% (1468/1468)
Epoch [55/100], Training Loss: 0.3432
Validation Loss: 0.3446, Validation Accuracy: 76.22%

Per-Class Validation Accuracy:
  Class 0: 27.67% (415/1500)
  Class 1: 100.00% (1525/1525)
  Class 2: 77.31% (1165/1507)
  Class 3: 100.00% (1468/1468)
Epoch [56/100], Training Loss: 0.3429
Validation Loss: 0.3440, Validation Accuracy: 76.35%

Per-Class Validation Accuracy:
  Class 0: 15.60% (234/1500)
  Class 1: 100.00% (1525/1525)
  Class 2: 89.85% (1354/1507)
  Class 3: 100.00% (1468/1468)
Epoch [57/100], Training Loss: 0.3434
Validation Loss: 0.3415, Validation Accuracy: 77.90%

Per-Class Validation Accuracy:
  Class 0: 42.13% (632/1500)
  Class 1: 100.00% (1525/1525)
  Class 2: 69.61% (1049/1507)
  Class 3: 100.00% (1468/1468)
Epoch [58/100], Training Loss: 0.3427
Validation Loss: 0.3432, Validation Accuracy: 76.32%

Per-Class Validation Accuracy:
  Class 0: 72.47% (1087/1500)
  Class 1: 100.00% (1525/1525)
  Class 2: 33.11% (499/1507)
  Class 3: 100.00% (1468/1468)
Epoch [59/100], Training Loss: 0.3426
Validation Loss: 0.3414, Validation Accuracy: 77.07%

Per-Class Validation Accuracy:
  Class 0: 45.47% (682/1500)
  Class 1: 100.00% (1525/1525)
  Class 2: 62.97% (949/1507)
  Class 3: 100.00% (1468/1468)
Epoch [60/100], Training Loss: 0.3436
Validation Loss: 0.3421, Validation Accuracy: 77.50%

Per-Class Validation Accuracy:
  Class 0: 67.13% (1007/1500)
  Class 1: 100.00% (1525/1525)
  Class 2: 43.13% (650/1507)
  Class 3: 100.00% (1468/1468)
Epoch [61/100], Training Loss: 0.3421
Validation Loss: 0.3418, Validation Accuracy: 76.98%

Per-Class Validation Accuracy:
  Class 0: 74.73% (1121/1500)
  Class 1: 100.00% (1525/1525)
  Class 2: 33.51% (505/1507)
  Class 3: 100.00% (1468/1468)
Epoch [62/100], Training Loss: 0.3420
Validation Loss: 0.3416, Validation Accuracy: 77.03%

Per-Class Validation Accuracy:
  Class 0: 43.20% (648/1500)
  Class 1: 100.00% (1525/1525)
  Class 2: 65.10% (981/1507)
  Class 3: 100.00% (1468/1468)
Epoch [63/100], Training Loss: 0.3420
Validation Loss: 0.3416, Validation Accuracy: 76.97%

Per-Class Validation Accuracy:
  Class 0: 32.27% (484/1500)
  Class 1: 100.00% (1525/1525)
  Class 2: 75.71% (1141/1507)
  Class 3: 100.00% (1468/1468)
Epoch [64/100], Training Loss: 0.3424
Validation Loss: 0.3424, Validation Accuracy: 76.45%

Per-Class Validation Accuracy:
  Class 0: 74.33% (1115/1500)
  Class 1: 100.00% (1525/1525)
  Class 2: 31.79% (479/1507)
  Class 3: 100.00% (1468/1468)
Epoch [65/100], Training Loss: 0.3421
Validation Loss: 0.3407, Validation Accuracy: 77.90%

Per-Class Validation Accuracy:
  Class 0: 57.40% (861/1500)
  Class 1: 100.00% (1525/1525)
  Class 2: 54.41% (820/1507)
  Class 3: 100.00% (1468/1468)
Epoch [66/100], Training Loss: 0.3423
Validation Loss: 0.3470, Validation Accuracy: 75.57%

Per-Class Validation Accuracy:
  Class 0: 91.67% (1375/1500)
  Class 1: 100.00% (1525/1525)
  Class 2: 11.02% (166/1507)
  Class 3: 100.00% (1468/1468)
Epoch [67/100], Training Loss: 0.3420
Validation Loss: 0.3410, Validation Accuracy: 76.92%

Per-Class Validation Accuracy:
  Class 0: 70.40% (1056/1500)
  Class 1: 100.00% (1525/1525)
  Class 2: 37.56% (566/1507)
  Class 3: 100.00% (1468/1468)
Epoch [68/100], Training Loss: 0.3420
Validation Loss: 0.3424, Validation Accuracy: 76.88%

Per-Class Validation Accuracy:
  Class 0: 84.07% (1261/1500)
  Class 1: 100.00% (1525/1525)
  Class 2: 23.82% (359/1507)
  Class 3: 100.00% (1468/1468)
Epoch [69/100], Training Loss: 0.3422
Validation Loss: 0.3456, Validation Accuracy: 76.15%

Per-Class Validation Accuracy:
  Class 0: 17.47% (262/1500)
  Class 1: 100.00% (1525/1525)
  Class 2: 87.19% (1314/1507)
  Class 3: 100.00% (1468/1468)
Epoch [70/100], Training Loss: 0.3418
Validation Loss: 0.3414, Validation Accuracy: 77.05%

Per-Class Validation Accuracy:
  Class 0: 71.93% (1079/1500)
  Class 1: 100.00% (1525/1525)
  Class 2: 36.56% (551/1507)
  Class 3: 100.00% (1468/1468)
Epoch [71/100], Training Loss: 0.3418
Validation Loss: 0.3415, Validation Accuracy: 77.30%

Per-Class Validation Accuracy:
  Class 0: 55.47% (832/1500)
  Class 1: 100.00% (1525/1525)
  Class 2: 53.95% (813/1507)
  Class 3: 100.00% (1468/1468)
Epoch [72/100], Training Loss: 0.3403
Validation Loss: 0.3404, Validation Accuracy: 77.07%

Per-Class Validation Accuracy:
  Class 0: 75.27% (1129/1500)
  Class 1: 100.00% (1525/1525)
  Class 2: 33.31% (502/1507)
  Class 3: 100.00% (1468/1468)
Epoch [73/100], Training Loss: 0.3396
Validation Loss: 0.3394, Validation Accuracy: 77.72%

Per-Class Validation Accuracy:
  Class 0: 34.00% (510/1500)
  Class 1: 100.00% (1525/1525)
  Class 2: 76.97% (1160/1507)
  Class 3: 100.00% (1468/1468)
Epoch [74/100], Training Loss: 0.3395
Validation Loss: 0.3399, Validation Accuracy: 77.33%

Per-Class Validation Accuracy:
  Class 0: 55.13% (827/1500)
  Class 1: 100.00% (1525/1525)
  Class 2: 54.41% (820/1507)
  Class 3: 100.00% (1468/1468)
Epoch [75/100], Training Loss: 0.3391
Validation Loss: 0.3446, Validation Accuracy: 75.90%

Per-Class Validation Accuracy:
  Class 0: 18.33% (275/1500)
  Class 1: 100.00% (1525/1525)
  Class 2: 85.34% (1286/1507)
  Class 3: 100.00% (1468/1468)
Epoch [76/100], Training Loss: 0.3390
Validation Loss: 0.3416, Validation Accuracy: 76.45%

Per-Class Validation Accuracy:
  Class 0: 40.53% (608/1500)
  Class 1: 100.00% (1525/1525)
  Class 2: 65.43% (986/1507)
  Class 3: 100.00% (1468/1468)
Epoch [77/100], Training Loss: 0.3390
Validation Loss: 0.3394, Validation Accuracy: 77.72%

Per-Class Validation Accuracy:
  Class 0: 64.27% (964/1500)
  Class 1: 100.00% (1525/1525)
  Class 2: 46.85% (706/1507)
  Class 3: 100.00% (1468/1468)
Epoch [78/100], Training Loss: 0.3395
Validation Loss: 0.3399, Validation Accuracy: 78.17%

Per-Class Validation Accuracy:
  Class 0: 68.67% (1030/1500)
  Class 1: 100.00% (1525/1525)
  Class 2: 44.26% (667/1507)
  Class 3: 100.00% (1468/1468)
Epoch [79/100], Training Loss: 0.3385
Validation Loss: 0.3395, Validation Accuracy: 78.17%

Per-Class Validation Accuracy:
  Class 0: 70.73% (1061/1500)
  Class 1: 100.00% (1525/1525)
  Class 2: 42.20% (636/1507)
  Class 3: 100.00% (1468/1468)
Epoch [80/100], Training Loss: 0.3376
Validation Loss: 0.3387, Validation Accuracy: 78.12%

Per-Class Validation Accuracy:
  Class 0: 61.40% (921/1500)
  Class 1: 100.00% (1525/1525)
  Class 2: 51.29% (773/1507)
  Class 3: 100.00% (1468/1468)
Epoch [81/100], Training Loss: 0.3375
Validation Loss: 0.3385, Validation Accuracy: 77.88%

Per-Class Validation Accuracy:
  Class 0: 51.33% (770/1500)
  Class 1: 100.00% (1525/1525)
  Class 2: 60.38% (910/1507)
  Class 3: 100.00% (1468/1468)
Epoch [82/100], Training Loss: 0.3375
Validation Loss: 0.3383, Validation Accuracy: 77.92%

Per-Class Validation Accuracy:
  Class 0: 49.60% (744/1500)
  Class 1: 100.00% (1525/1525)
  Class 2: 62.24% (938/1507)
  Class 3: 100.00% (1468/1468)
Epoch [83/100], Training Loss: 0.3375
Validation Loss: 0.3385, Validation Accuracy: 77.88%

Per-Class Validation Accuracy:
  Class 0: 52.33% (785/1500)
  Class 1: 100.00% (1525/1525)
  Class 2: 59.39% (895/1507)
  Class 3: 100.00% (1468/1468)
Epoch [84/100], Training Loss: 0.3372
Validation Loss: 0.3396, Validation Accuracy: 77.67%

Per-Class Validation Accuracy:
  Class 0: 57.07% (856/1500)
  Class 1: 100.00% (1525/1525)
  Class 2: 53.82% (811/1507)
  Class 3: 100.00% (1468/1468)
Epoch [85/100], Training Loss: 0.3375
Validation Loss: 0.3418, Validation Accuracy: 76.82%

Per-Class Validation Accuracy:
  Class 0: 50.40% (756/1500)
  Class 1: 100.00% (1525/1525)
  Class 2: 57.07% (860/1507)
  Class 3: 100.00% (1468/1468)
Epoch [86/100], Training Loss: 0.3373
Validation Loss: 0.3381, Validation Accuracy: 78.13%

Per-Class Validation Accuracy:
  Class 0: 48.47% (727/1500)
  Class 1: 100.00% (1525/1525)
  Class 2: 64.23% (968/1507)
  Class 3: 100.00% (1468/1468)
Epoch [87/100], Training Loss: 0.3370
Validation Loss: 0.3393, Validation Accuracy: 77.58%

Per-Class Validation Accuracy:
  Class 0: 32.33% (485/1500)
  Class 1: 100.00% (1525/1525)
  Class 2: 78.10% (1177/1507)
  Class 3: 100.00% (1468/1468)
Epoch [88/100], Training Loss: 0.3372
Validation Loss: 0.3386, Validation Accuracy: 78.33%

Per-Class Validation Accuracy:
  Class 0: 65.47% (982/1500)
  Class 1: 100.00% (1525/1525)
  Class 2: 48.11% (725/1507)
  Class 3: 100.00% (1468/1468)
Epoch [89/100], Training Loss: 0.3371
Validation Loss: 0.3380, Validation Accuracy: 78.32%

Per-Class Validation Accuracy:
  Class 0: 53.73% (806/1500)
  Class 1: 100.00% (1525/1525)
  Class 2: 59.72% (900/1507)
  Class 3: 100.00% (1468/1468)
Epoch [90/100], Training Loss: 0.3367
Validation Loss: 0.3396, Validation Accuracy: 77.23%

Per-Class Validation Accuracy:
  Class 0: 47.87% (718/1500)
  Class 1: 100.00% (1525/1525)
  Class 2: 61.25% (923/1507)
  Class 3: 100.00% (1468/1468)
Epoch [91/100], Training Loss: 0.3368
Validation Loss: 0.3412, Validation Accuracy: 77.50%

Per-Class Validation Accuracy:
  Class 0: 64.13% (962/1500)
  Class 1: 100.00% (1525/1525)
  Class 2: 46.12% (695/1507)
  Class 3: 100.00% (1468/1468)
Epoch [92/100], Training Loss: 0.3370
Validation Loss: 0.3417, Validation Accuracy: 76.73%

Per-Class Validation Accuracy:
  Class 0: 78.93% (1184/1500)
  Class 1: 100.00% (1525/1525)
  Class 2: 28.33% (427/1507)
  Class 3: 100.00% (1468/1468)
Epoch [93/100], Training Loss: 0.3371
Validation Loss: 0.3383, Validation Accuracy: 77.90%

Per-Class Validation Accuracy:
  Class 0: 46.87% (703/1500)
  Class 1: 100.00% (1525/1525)
  Class 2: 64.90% (978/1507)
  Class 3: 100.00% (1468/1468)
Epoch [94/100], Training Loss: 0.3369
Validation Loss: 0.3383, Validation Accuracy: 78.50%

Per-Class Validation Accuracy:
  Class 0: 59.13% (887/1500)
  Class 1: 100.00% (1525/1525)
  Class 2: 55.08% (830/1507)
  Class 3: 100.00% (1468/1468)
Epoch [95/100], Training Loss: 0.3370
Validation Loss: 0.3387, Validation Accuracy: 78.28%

Per-Class Validation Accuracy:
  Class 0: 52.93% (794/1500)
  Class 1: 100.00% (1525/1525)
  Class 2: 60.38% (910/1507)
  Class 3: 100.00% (1468/1468)
Epoch [96/100], Training Loss: 0.3362
Validation Loss: 0.3381, Validation Accuracy: 77.93%

Per-Class Validation Accuracy:
  Class 0: 44.20% (663/1500)
  Class 1: 100.00% (1525/1525)
  Class 2: 67.68% (1020/1507)
  Class 3: 100.00% (1468/1468)
Epoch [97/100], Training Loss: 0.3362
Validation Loss: 0.3396, Validation Accuracy: 77.35%

Per-Class Validation Accuracy:
  Class 0: 36.87% (553/1500)
  Class 1: 100.00% (1525/1525)
  Class 2: 72.66% (1095/1507)
  Class 3: 100.00% (1468/1468)
Epoch [98/100], Training Loss: 0.3363
Validation Loss: 0.3382, Validation Accuracy: 77.90%

Per-Class Validation Accuracy:
  Class 0: 42.67% (640/1500)
  Class 1: 100.00% (1525/1525)
  Class 2: 69.08% (1041/1507)
  Class 3: 100.00% (1468/1468)
Epoch [99/100], Training Loss: 0.3361
Validation Loss: 0.3384, Validation Accuracy: 78.17%

Per-Class Validation Accuracy:
  Class 0: 61.07% (916/1500)
  Class 1: 100.00% (1525/1525)
  Class 2: 51.82% (781/1507)
  Class 3: 100.00% (1468/1468)
Early stopping triggered.

	Elapsed time is 1695.9773 seconds.

==========================================================================================
Total parameters: 7963
Total memory (bytes): 63704
Total memory (MB): 0.06075286865234375
==========================================================================================
Validation Loss: 0.3384, Validation Accuracy: 78.17%

Per-Class Validation Accuracy:
  No Thrust: 61.07% (916/1500)
  Chemical: 100.00% (1525/1525)
  Electric: 51.82% (781/1507)
  Impulsive: 100.00% (1468/1468)

Classification Report:
              precision    recall  f1-score   support

   No Thrust     0.5579    0.6107    0.5831      1500
    Chemical     1.0000    1.0000    1.0000      1525
    Electric     0.5722    0.5182    0.5439      1507
   Impulsive     1.0000    1.0000    1.0000      1468

    accuracy                         0.7817      6000
   macro avg     0.7825    0.7822    0.7817      6000
weighted avg     0.7820    0.7817    0.7812      6000


Confusion Matrix (rows = true, cols = predicted):
             P_No Thrust  P_Chemical  P_Electric  P_Impulsive
T_No Thrust          916           0         584            0
T_Chemical             0        1525           0            0
T_Electric           726           0         781            0
T_Impulsive            0           0           0         1468
