Processing datasets for vleo with 10 minutes and 800 random systems.
GPU is available
Training data location: C:/Users/hu650776/GMAT-Thrust-Data/data/classification/vleo/10min-800
Test data location: C:/Users/hu650776/GMAT-Thrust-Data/data/classification/vleo/10min-800

Entering Decision Trees Training Loop

	Elapsed time is 0.2263 seconds.

==========================================================================================
Total parameters: NaN
Total memory (bytes): 347600
Total memory (MB): 0.3314971923828125
==========================================================================================

Decision Trees Validation
Validation Loss: 0.3000, Validation Accuracy: 91.88%

Per-Class Validation Accuracy:
  No Thrust: 83.75% (134/160)
  Chemical: 100.00% (160/160)
  Electric: 99.38% (159/160)
  Impulsive: 84.38% (135/160)

Classification Report:
              precision    recall  f1-score   support

   No Thrust     0.8481    0.8375    0.8428       160
    Chemical     1.0000    1.0000    1.0000       160
    Electric     0.9938    0.9938    0.9938       160
   Impulsive     0.8333    0.8438    0.8385       160

    accuracy                         0.9187       640
   macro avg     0.9188    0.9187    0.9188       640
weighted avg     0.9188    0.9187    0.9188       640


Confusion Matrix (rows = true, cols = predicted):
             P_No Thrust  P_Chemical  P_Electric  P_Impulsive
T_No Thrust          134           0           0           26
T_Chemical             0         160           0            0
T_Electric             0           0         159            1
T_Impulsive           24           0           1          135

Decision Trees Inference Time	Elapsed time is 0.0149 seconds.

Entering LSTM Training Loop
Epoch [1/100], Training Loss: 1.3927
Validation Loss: 1.3826, Validation Accuracy: 35.00%

Per-Class Validation Accuracy:
  No Thrust: 0.00% (0/160)
  Chemical: 0.00% (0/160)
  Electric: 60.00% (96/160)
  Impulsive: 80.00% (128/160)
Epoch [2/100], Training Loss: 1.3884
Validation Loss: 1.3680, Validation Accuracy: 43.75%

Per-Class Validation Accuracy:
  No Thrust: 0.00% (0/160)
  Chemical: 40.62% (65/160)
  Electric: 45.62% (73/160)
  Impulsive: 88.75% (142/160)
Epoch [3/100], Training Loss: 1.3658
Validation Loss: 1.1988, Validation Accuracy: 39.84%

Per-Class Validation Accuracy:
  No Thrust: 75.00% (120/160)
  Chemical: 0.00% (0/160)
  Electric: 65.00% (104/160)
  Impulsive: 19.38% (31/160)
Epoch [4/100], Training Loss: 1.2526
Validation Loss: 1.0315, Validation Accuracy: 45.62%

Per-Class Validation Accuracy:
  No Thrust: 95.62% (153/160)
  Chemical: 83.75% (134/160)
  Electric: 0.62% (1/160)
  Impulsive: 2.50% (4/160)
Epoch [5/100], Training Loss: 1.0796
Validation Loss: 0.9156, Validation Accuracy: 51.25%

Per-Class Validation Accuracy:
  No Thrust: 82.50% (132/160)
  Chemical: 100.00% (160/160)
  Electric: 3.12% (5/160)
  Impulsive: 19.38% (31/160)
Epoch [6/100], Training Loss: 0.9817
Validation Loss: 0.8468, Validation Accuracy: 53.75%

Per-Class Validation Accuracy:
  No Thrust: 82.50% (132/160)
  Chemical: 100.00% (160/160)
  Electric: 9.38% (15/160)
  Impulsive: 23.12% (37/160)
Epoch [7/100], Training Loss: 0.9258
Validation Loss: 0.7872, Validation Accuracy: 68.12%

Per-Class Validation Accuracy:
  No Thrust: 94.38% (151/160)
  Chemical: 100.00% (160/160)
  Electric: 58.12% (93/160)
  Impulsive: 20.00% (32/160)
Epoch [8/100], Training Loss: 0.8525
Validation Loss: 0.6738, Validation Accuracy: 76.41%

Per-Class Validation Accuracy:
  No Thrust: 91.88% (147/160)
  Chemical: 100.00% (160/160)
  Electric: 83.75% (134/160)
  Impulsive: 30.00% (48/160)
Epoch [9/100], Training Loss: 0.7528
Validation Loss: 0.5784, Validation Accuracy: 74.53%

Per-Class Validation Accuracy:
  No Thrust: 90.62% (145/160)
  Chemical: 100.00% (160/160)
  Electric: 88.12% (141/160)
  Impulsive: 19.38% (31/160)
Epoch [10/100], Training Loss: 0.6849
Validation Loss: 0.5297, Validation Accuracy: 73.28%

Per-Class Validation Accuracy:
  No Thrust: 90.62% (145/160)
  Chemical: 100.00% (160/160)
  Electric: 96.88% (155/160)
  Impulsive: 5.62% (9/160)
Epoch [11/100], Training Loss: 0.6530
Validation Loss: 0.4957, Validation Accuracy: 77.66%

Per-Class Validation Accuracy:
  No Thrust: 85.62% (137/160)
  Chemical: 100.00% (160/160)
  Electric: 96.88% (155/160)
  Impulsive: 28.12% (45/160)
Epoch [12/100], Training Loss: 0.5951
Validation Loss: 0.5758, Validation Accuracy: 74.53%

Per-Class Validation Accuracy:
  No Thrust: 83.75% (134/160)
  Chemical: 100.00% (160/160)
  Electric: 97.50% (156/160)
  Impulsive: 16.88% (27/160)
Epoch [13/100], Training Loss: 0.5361
Validation Loss: 0.5463, Validation Accuracy: 72.66%

Per-Class Validation Accuracy:
  No Thrust: 85.00% (136/160)
  Chemical: 100.00% (160/160)
  Electric: 90.00% (144/160)
  Impulsive: 15.62% (25/160)
Epoch [14/100], Training Loss: 0.5594
Validation Loss: 0.5113, Validation Accuracy: 75.62%

Per-Class Validation Accuracy:
  No Thrust: 70.62% (113/160)
  Chemical: 100.00% (160/160)
  Electric: 96.88% (155/160)
  Impulsive: 35.00% (56/160)
Epoch [15/100], Training Loss: 0.6056
Validation Loss: 0.5488, Validation Accuracy: 73.75%

Per-Class Validation Accuracy:
  No Thrust: 74.38% (119/160)
  Chemical: 100.00% (160/160)
  Electric: 96.25% (154/160)
  Impulsive: 24.38% (39/160)
Epoch [16/100], Training Loss: 0.5596
Validation Loss: 0.5528, Validation Accuracy: 74.22%

Per-Class Validation Accuracy:
  No Thrust: 68.75% (110/160)
  Chemical: 100.00% (160/160)
  Electric: 100.00% (160/160)
  Impulsive: 28.12% (45/160)
Epoch [17/100], Training Loss: 0.5939
Validation Loss: 0.5235, Validation Accuracy: 73.59%

Per-Class Validation Accuracy:
  No Thrust: 80.00% (128/160)
  Chemical: 100.00% (160/160)
  Electric: 100.00% (160/160)
  Impulsive: 14.38% (23/160)
Epoch [18/100], Training Loss: 0.5086
Validation Loss: 0.5428, Validation Accuracy: 74.69%

Per-Class Validation Accuracy:
  No Thrust: 55.62% (89/160)
  Chemical: 100.00% (160/160)
  Electric: 100.00% (160/160)
  Impulsive: 43.12% (69/160)
Epoch [19/100], Training Loss: 0.5061
Validation Loss: 0.5032, Validation Accuracy: 75.62%

Per-Class Validation Accuracy:
  No Thrust: 79.38% (127/160)
  Chemical: 100.00% (160/160)
  Electric: 100.00% (160/160)
  Impulsive: 23.12% (37/160)
Epoch [20/100], Training Loss: 0.4910
Validation Loss: 0.4933, Validation Accuracy: 75.62%

Per-Class Validation Accuracy:
  No Thrust: 77.50% (124/160)
  Chemical: 100.00% (160/160)
  Electric: 99.38% (159/160)
  Impulsive: 25.62% (41/160)
Epoch [21/100], Training Loss: 0.4904
Validation Loss: 0.4723, Validation Accuracy: 76.25%

Per-Class Validation Accuracy:
  No Thrust: 81.88% (131/160)
  Chemical: 100.00% (160/160)
  Electric: 99.38% (159/160)
  Impulsive: 23.75% (38/160)
Epoch [22/100], Training Loss: 0.4780
Validation Loss: 0.4821, Validation Accuracy: 76.09%

Per-Class Validation Accuracy:
  No Thrust: 78.75% (126/160)
  Chemical: 100.00% (160/160)
  Electric: 100.00% (160/160)
  Impulsive: 25.62% (41/160)
Epoch [23/100], Training Loss: 0.4756
Validation Loss: 0.4760, Validation Accuracy: 75.78%

Per-Class Validation Accuracy:
  No Thrust: 66.88% (107/160)
  Chemical: 100.00% (160/160)
  Electric: 100.00% (160/160)
  Impulsive: 36.25% (58/160)
Epoch [24/100], Training Loss: 0.4889
Validation Loss: 0.4612, Validation Accuracy: 78.44%

Per-Class Validation Accuracy:
  No Thrust: 80.00% (128/160)
  Chemical: 100.00% (160/160)
  Electric: 98.12% (157/160)
  Impulsive: 35.62% (57/160)
Epoch [25/100], Training Loss: 0.4714
Validation Loss: 0.4641, Validation Accuracy: 77.03%

Per-Class Validation Accuracy:
  No Thrust: 84.38% (135/160)
  Chemical: 100.00% (160/160)
  Electric: 99.38% (159/160)
  Impulsive: 24.38% (39/160)
Epoch [26/100], Training Loss: 0.4705
Validation Loss: 0.4822, Validation Accuracy: 75.94%

Per-Class Validation Accuracy:
  No Thrust: 68.75% (110/160)
  Chemical: 100.00% (160/160)
  Electric: 100.00% (160/160)
  Impulsive: 35.00% (56/160)
Epoch [27/100], Training Loss: 0.4428
Validation Loss: 0.4712, Validation Accuracy: 77.81%

Per-Class Validation Accuracy:
  No Thrust: 78.75% (126/160)
  Chemical: 100.00% (160/160)
  Electric: 100.00% (160/160)
  Impulsive: 32.50% (52/160)
Epoch [28/100], Training Loss: 0.4819
Validation Loss: 0.4842, Validation Accuracy: 76.72%

Per-Class Validation Accuracy:
  No Thrust: 76.88% (123/160)
  Chemical: 100.00% (160/160)
  Electric: 100.00% (160/160)
  Impulsive: 30.00% (48/160)
Epoch [29/100], Training Loss: 0.4570
Validation Loss: 0.4653, Validation Accuracy: 77.50%

Per-Class Validation Accuracy:
  No Thrust: 75.62% (121/160)
  Chemical: 100.00% (160/160)
  Electric: 98.75% (158/160)
  Impulsive: 35.62% (57/160)
Epoch [30/100], Training Loss: 0.4477
Validation Loss: 0.4574, Validation Accuracy: 78.91%

Per-Class Validation Accuracy:
  No Thrust: 81.25% (130/160)
  Chemical: 100.00% (160/160)
  Electric: 100.00% (160/160)
  Impulsive: 34.38% (55/160)
Epoch [31/100], Training Loss: 0.4520
Validation Loss: 0.4746, Validation Accuracy: 77.97%

Per-Class Validation Accuracy:
  No Thrust: 78.12% (125/160)
  Chemical: 100.00% (160/160)
  Electric: 100.00% (160/160)
  Impulsive: 33.75% (54/160)
Epoch [32/100], Training Loss: 0.4441
Validation Loss: 0.4569, Validation Accuracy: 79.38%

Per-Class Validation Accuracy:
  No Thrust: 83.75% (134/160)
  Chemical: 100.00% (160/160)
  Electric: 100.00% (160/160)
  Impulsive: 33.75% (54/160)
Epoch [33/100], Training Loss: 0.4447
Validation Loss: 0.4781, Validation Accuracy: 76.56%

Per-Class Validation Accuracy:
  No Thrust: 66.25% (106/160)
  Chemical: 100.00% (160/160)
  Electric: 100.00% (160/160)
  Impulsive: 40.00% (64/160)
Epoch [34/100], Training Loss: 0.4352
Validation Loss: 0.4555, Validation Accuracy: 77.97%

Per-Class Validation Accuracy:
  No Thrust: 71.88% (115/160)
  Chemical: 100.00% (160/160)
  Electric: 98.75% (158/160)
  Impulsive: 41.25% (66/160)
Epoch [35/100], Training Loss: 0.4313
Validation Loss: 0.4687, Validation Accuracy: 78.59%

Per-Class Validation Accuracy:
  No Thrust: 85.00% (136/160)
  Chemical: 100.00% (160/160)
  Electric: 96.88% (155/160)
  Impulsive: 32.50% (52/160)
Epoch [36/100], Training Loss: 0.4627
Validation Loss: 0.4758, Validation Accuracy: 77.66%

Per-Class Validation Accuracy:
  No Thrust: 79.38% (127/160)
  Chemical: 100.00% (160/160)
  Electric: 100.00% (160/160)
  Impulsive: 31.25% (50/160)
Epoch [37/100], Training Loss: 0.4863
Validation Loss: 0.4876, Validation Accuracy: 76.09%

Per-Class Validation Accuracy:
  No Thrust: 88.12% (141/160)
  Chemical: 100.00% (160/160)
  Electric: 96.25% (154/160)
  Impulsive: 20.00% (32/160)
Epoch [38/100], Training Loss: 0.4368
Validation Loss: 0.4713, Validation Accuracy: 78.28%

Per-Class Validation Accuracy:
  No Thrust: 81.25% (130/160)
  Chemical: 100.00% (160/160)
  Electric: 99.38% (159/160)
  Impulsive: 32.50% (52/160)
Epoch [39/100], Training Loss: 0.4358
Validation Loss: 0.4696, Validation Accuracy: 77.50%

Per-Class Validation Accuracy:
  No Thrust: 90.62% (145/160)
  Chemical: 100.00% (160/160)
  Electric: 92.50% (148/160)
  Impulsive: 26.88% (43/160)
Epoch [40/100], Training Loss: 0.4423
Validation Loss: 0.4727, Validation Accuracy: 77.19%

Per-Class Validation Accuracy:
  No Thrust: 75.00% (120/160)
  Chemical: 100.00% (160/160)
  Electric: 100.00% (160/160)
  Impulsive: 33.75% (54/160)
Epoch [41/100], Training Loss: 0.4412
Validation Loss: 0.4656, Validation Accuracy: 78.28%

Per-Class Validation Accuracy:
  No Thrust: 80.00% (128/160)
  Chemical: 100.00% (160/160)
  Electric: 98.75% (158/160)
  Impulsive: 34.38% (55/160)
Epoch [42/100], Training Loss: 0.4007
Validation Loss: 0.4601, Validation Accuracy: 79.22%

Per-Class Validation Accuracy:
  No Thrust: 83.75% (134/160)
  Chemical: 100.00% (160/160)
  Electric: 98.75% (158/160)
  Impulsive: 34.38% (55/160)
Epoch [43/100], Training Loss: 0.4064
Validation Loss: 0.4762, Validation Accuracy: 77.81%

Per-Class Validation Accuracy:
  No Thrust: 80.00% (128/160)
  Chemical: 100.00% (160/160)
  Electric: 99.38% (159/160)
  Impulsive: 31.88% (51/160)
Epoch [44/100], Training Loss: 0.3957
Validation Loss: 0.4640, Validation Accuracy: 79.06%

Per-Class Validation Accuracy:
  No Thrust: 81.88% (131/160)
  Chemical: 100.00% (160/160)
  Electric: 98.75% (158/160)
  Impulsive: 35.62% (57/160)
Early stopping triggered.

	Elapsed time is 17.5333 seconds.

==========================================================================================
Total parameters: 18004
Total memory (bytes): 144032
Total memory (MB): 0.137359619140625
==========================================================================================

LSTM Validation
Validation Loss: 0.4640, Validation Accuracy: 79.06%

Per-Class Validation Accuracy:
  No Thrust: 81.88% (131/160)
  Chemical: 100.00% (160/160)
  Electric: 98.75% (158/160)
  Impulsive: 35.62% (57/160)

Classification Report:
              precision    recall  f1-score   support

   No Thrust     0.6179    0.8187    0.7043       160
    Chemical     1.0000    1.0000    1.0000       160
    Electric     0.8449    0.9875    0.9107       160
   Impulsive     0.7037    0.3563    0.4730       160

    accuracy                         0.7906       640
   macro avg     0.7916    0.7906    0.7720       640
weighted avg     0.7916    0.7906    0.7720       640


Confusion Matrix (rows = true, cols = predicted):
             P_No Thrust  P_Chemical  P_Electric  P_Impulsive
T_No Thrust          131           0           7           22
T_Chemical             0         160           0            0
T_Electric             0           0         158            2
T_Impulsive           81           0          22           57

LSTM Inference Time	Elapsed time is 0.2580 seconds.

Entering Mamba Training Loop
Epoch [1/100], Training Loss: 1.3805
Validation Loss: 1.3669, Validation Accuracy: 34.06%

Per-Class Validation Accuracy:
  No Thrust: 27.50% (44/160)
  Chemical: 53.12% (85/160)
  Electric: 55.62% (89/160)
  Impulsive: 0.00% (0/160)
Epoch [2/100], Training Loss: 1.3372
Validation Loss: 1.2769, Validation Accuracy: 37.50%

Per-Class Validation Accuracy:
  No Thrust: 46.88% (75/160)
  Chemical: 74.38% (119/160)
  Electric: 3.12% (5/160)
  Impulsive: 25.62% (41/160)
Epoch [3/100], Training Loss: 1.2157
Validation Loss: 1.1800, Validation Accuracy: 41.09%

Per-Class Validation Accuracy:
  No Thrust: 49.38% (79/160)
  Chemical: 61.88% (99/160)
  Electric: 18.75% (30/160)
  Impulsive: 34.38% (55/160)
Epoch [4/100], Training Loss: 1.1388
Validation Loss: 1.1211, Validation Accuracy: 43.28%

Per-Class Validation Accuracy:
  No Thrust: 38.75% (62/160)
  Chemical: 75.62% (121/160)
  Electric: 12.50% (20/160)
  Impulsive: 46.25% (74/160)
Epoch [5/100], Training Loss: 1.0802
Validation Loss: 1.0315, Validation Accuracy: 50.62%

Per-Class Validation Accuracy:
  No Thrust: 44.38% (71/160)
  Chemical: 82.50% (132/160)
  Electric: 31.25% (50/160)
  Impulsive: 44.38% (71/160)
Epoch [6/100], Training Loss: 0.9737
Validation Loss: 0.9032, Validation Accuracy: 55.00%

Per-Class Validation Accuracy:
  No Thrust: 38.75% (62/160)
  Chemical: 91.25% (146/160)
  Electric: 34.38% (55/160)
  Impulsive: 55.62% (89/160)
Epoch [7/100], Training Loss: 0.8713
Validation Loss: 0.7793, Validation Accuracy: 63.75%

Per-Class Validation Accuracy:
  No Thrust: 56.25% (90/160)
  Chemical: 95.62% (153/160)
  Electric: 58.75% (94/160)
  Impulsive: 44.38% (71/160)
Epoch [8/100], Training Loss: 0.7809
Validation Loss: 0.7100, Validation Accuracy: 66.56%

Per-Class Validation Accuracy:
  No Thrust: 58.75% (94/160)
  Chemical: 98.75% (158/160)
  Electric: 76.25% (122/160)
  Impulsive: 32.50% (52/160)
Epoch [9/100], Training Loss: 0.6809
Validation Loss: 0.6649, Validation Accuracy: 69.69%

Per-Class Validation Accuracy:
  No Thrust: 58.12% (93/160)
  Chemical: 97.50% (156/160)
  Electric: 91.88% (147/160)
  Impulsive: 31.25% (50/160)
Epoch [10/100], Training Loss: 0.6345
Validation Loss: 0.6288, Validation Accuracy: 71.72%

Per-Class Validation Accuracy:
  No Thrust: 58.75% (94/160)
  Chemical: 98.75% (158/160)
  Electric: 92.50% (148/160)
  Impulsive: 36.88% (59/160)
Epoch [11/100], Training Loss: 0.6254
Validation Loss: 0.6121, Validation Accuracy: 70.00%

Per-Class Validation Accuracy:
  No Thrust: 60.00% (96/160)
  Chemical: 99.38% (159/160)
  Electric: 89.38% (143/160)
  Impulsive: 31.25% (50/160)
Epoch [12/100], Training Loss: 0.5982
Validation Loss: 0.6054, Validation Accuracy: 70.94%

Per-Class Validation Accuracy:
  No Thrust: 69.38% (111/160)
  Chemical: 98.12% (157/160)
  Electric: 95.62% (153/160)
  Impulsive: 20.62% (33/160)
Epoch [13/100], Training Loss: 0.5948
Validation Loss: 0.5950, Validation Accuracy: 71.88%

Per-Class Validation Accuracy:
  No Thrust: 66.25% (106/160)
  Chemical: 100.00% (160/160)
  Electric: 96.25% (154/160)
  Impulsive: 25.00% (40/160)
Epoch [14/100], Training Loss: 0.5526
Validation Loss: 0.5906, Validation Accuracy: 71.25%

Per-Class Validation Accuracy:
  No Thrust: 63.12% (101/160)
  Chemical: 100.00% (160/160)
  Electric: 93.75% (150/160)
  Impulsive: 28.12% (45/160)
Epoch [15/100], Training Loss: 0.5400
Validation Loss: 0.5984, Validation Accuracy: 70.94%

Per-Class Validation Accuracy:
  No Thrust: 60.62% (97/160)
  Chemical: 100.00% (160/160)
  Electric: 94.38% (151/160)
  Impulsive: 28.75% (46/160)
Epoch [16/100], Training Loss: 0.5361
Validation Loss: 0.5779, Validation Accuracy: 70.94%

Per-Class Validation Accuracy:
  No Thrust: 65.62% (105/160)
  Chemical: 100.00% (160/160)
  Electric: 92.50% (148/160)
  Impulsive: 25.62% (41/160)
Epoch [17/100], Training Loss: 0.5364
Validation Loss: 0.5802, Validation Accuracy: 71.88%

Per-Class Validation Accuracy:
  No Thrust: 64.38% (103/160)
  Chemical: 100.00% (160/160)
  Electric: 95.62% (153/160)
  Impulsive: 27.50% (44/160)
Epoch [18/100], Training Loss: 0.5284
Validation Loss: 0.5769, Validation Accuracy: 71.56%

Per-Class Validation Accuracy:
  No Thrust: 61.88% (99/160)
  Chemical: 100.00% (160/160)
  Electric: 91.25% (146/160)
  Impulsive: 33.12% (53/160)
Epoch [19/100], Training Loss: 0.5128
Validation Loss: 0.5672, Validation Accuracy: 72.34%

Per-Class Validation Accuracy:
  No Thrust: 61.88% (99/160)
  Chemical: 100.00% (160/160)
  Electric: 93.75% (150/160)
  Impulsive: 33.75% (54/160)
Epoch [20/100], Training Loss: 0.5136
Validation Loss: 0.5625, Validation Accuracy: 71.56%

Per-Class Validation Accuracy:
  No Thrust: 65.62% (105/160)
  Chemical: 100.00% (160/160)
  Electric: 91.88% (147/160)
  Impulsive: 28.75% (46/160)
Epoch [21/100], Training Loss: 0.5197
Validation Loss: 0.5566, Validation Accuracy: 71.88%

Per-Class Validation Accuracy:
  No Thrust: 63.75% (102/160)
  Chemical: 100.00% (160/160)
  Electric: 93.75% (150/160)
  Impulsive: 30.00% (48/160)
Epoch [22/100], Training Loss: 0.5093
Validation Loss: 0.5610, Validation Accuracy: 72.03%

Per-Class Validation Accuracy:
  No Thrust: 63.75% (102/160)
  Chemical: 100.00% (160/160)
  Electric: 94.38% (151/160)
  Impulsive: 30.00% (48/160)
Epoch [23/100], Training Loss: 0.4903
Validation Loss: 0.5752, Validation Accuracy: 72.03%

Per-Class Validation Accuracy:
  No Thrust: 68.12% (109/160)
  Chemical: 100.00% (160/160)
  Electric: 95.62% (153/160)
  Impulsive: 24.38% (39/160)
Epoch [24/100], Training Loss: 0.5014
Validation Loss: 0.5643, Validation Accuracy: 71.88%

Per-Class Validation Accuracy:
  No Thrust: 64.38% (103/160)
  Chemical: 100.00% (160/160)
  Electric: 93.12% (149/160)
  Impulsive: 30.00% (48/160)
Epoch [25/100], Training Loss: 0.4961
Validation Loss: 0.5585, Validation Accuracy: 72.34%

Per-Class Validation Accuracy:
  No Thrust: 68.75% (110/160)
  Chemical: 100.00% (160/160)
  Electric: 94.38% (151/160)
  Impulsive: 26.25% (42/160)
Epoch [26/100], Training Loss: 0.4985
Validation Loss: 0.5570, Validation Accuracy: 72.34%

Per-Class Validation Accuracy:
  No Thrust: 66.88% (107/160)
  Chemical: 100.00% (160/160)
  Electric: 96.25% (154/160)
  Impulsive: 26.25% (42/160)
Epoch [27/100], Training Loss: 0.4799
Validation Loss: 0.5590, Validation Accuracy: 72.19%

Per-Class Validation Accuracy:
  No Thrust: 61.88% (99/160)
  Chemical: 100.00% (160/160)
  Electric: 94.38% (151/160)
  Impulsive: 32.50% (52/160)
Epoch [28/100], Training Loss: 0.4783
Validation Loss: 0.5571, Validation Accuracy: 72.34%

Per-Class Validation Accuracy:
  No Thrust: 65.62% (105/160)
  Chemical: 100.00% (160/160)
  Electric: 94.38% (151/160)
  Impulsive: 29.38% (47/160)
Epoch [29/100], Training Loss: 0.4780
Validation Loss: 0.5583, Validation Accuracy: 72.66%

Per-Class Validation Accuracy:
  No Thrust: 65.00% (104/160)
  Chemical: 100.00% (160/160)
  Electric: 95.00% (152/160)
  Impulsive: 30.62% (49/160)
Epoch [30/100], Training Loss: 0.4681
Validation Loss: 0.5559, Validation Accuracy: 72.50%

Per-Class Validation Accuracy:
  No Thrust: 67.50% (108/160)
  Chemical: 100.00% (160/160)
  Electric: 95.62% (153/160)
  Impulsive: 26.88% (43/160)
Epoch [31/100], Training Loss: 0.4758
Validation Loss: 0.5493, Validation Accuracy: 72.50%

Per-Class Validation Accuracy:
  No Thrust: 65.62% (105/160)
  Chemical: 100.00% (160/160)
  Electric: 94.38% (151/160)
  Impulsive: 30.00% (48/160)
Epoch [32/100], Training Loss: 0.4726
Validation Loss: 0.5488, Validation Accuracy: 72.66%

Per-Class Validation Accuracy:
  No Thrust: 66.88% (107/160)
  Chemical: 100.00% (160/160)
  Electric: 95.62% (153/160)
  Impulsive: 28.12% (45/160)
Epoch [33/100], Training Loss: 0.4722
Validation Loss: 0.5500, Validation Accuracy: 72.81%

Per-Class Validation Accuracy:
  No Thrust: 65.62% (105/160)
  Chemical: 100.00% (160/160)
  Electric: 95.00% (152/160)
  Impulsive: 30.62% (49/160)
Epoch [34/100], Training Loss: 0.4579
Validation Loss: 0.5564, Validation Accuracy: 72.81%

Per-Class Validation Accuracy:
  No Thrust: 66.88% (107/160)
  Chemical: 100.00% (160/160)
  Electric: 95.62% (153/160)
  Impulsive: 28.75% (46/160)
Epoch [35/100], Training Loss: 0.4536
Validation Loss: 0.5579, Validation Accuracy: 72.34%

Per-Class Validation Accuracy:
  No Thrust: 66.25% (106/160)
  Chemical: 100.00% (160/160)
  Electric: 93.75% (150/160)
  Impulsive: 29.38% (47/160)
Epoch [36/100], Training Loss: 0.4410
Validation Loss: 0.5546, Validation Accuracy: 72.19%

Per-Class Validation Accuracy:
  No Thrust: 63.75% (102/160)
  Chemical: 100.00% (160/160)
  Electric: 94.38% (151/160)
  Impulsive: 30.62% (49/160)
Epoch [37/100], Training Loss: 0.4492
Validation Loss: 0.5487, Validation Accuracy: 72.97%

Per-Class Validation Accuracy:
  No Thrust: 67.50% (108/160)
  Chemical: 100.00% (160/160)
  Electric: 94.38% (151/160)
  Impulsive: 30.00% (48/160)
Epoch [38/100], Training Loss: 0.4667
Validation Loss: 0.5456, Validation Accuracy: 73.28%

Per-Class Validation Accuracy:
  No Thrust: 66.88% (107/160)
  Chemical: 100.00% (160/160)
  Electric: 95.62% (153/160)
  Impulsive: 30.62% (49/160)
Epoch [39/100], Training Loss: 0.4464
Validation Loss: 0.5482, Validation Accuracy: 72.50%

Per-Class Validation Accuracy:
  No Thrust: 67.50% (108/160)
  Chemical: 100.00% (160/160)
  Electric: 93.75% (150/160)
  Impulsive: 28.75% (46/160)
Epoch [40/100], Training Loss: 0.4417
Validation Loss: 0.5646, Validation Accuracy: 73.59%

Per-Class Validation Accuracy:
  No Thrust: 63.75% (102/160)
  Chemical: 100.00% (160/160)
  Electric: 95.62% (153/160)
  Impulsive: 35.00% (56/160)
Epoch [41/100], Training Loss: 0.4395
Validation Loss: 0.5551, Validation Accuracy: 72.97%

Per-Class Validation Accuracy:
  No Thrust: 67.50% (108/160)
  Chemical: 100.00% (160/160)
  Electric: 95.00% (152/160)
  Impulsive: 29.38% (47/160)
Epoch [42/100], Training Loss: 0.4506
Validation Loss: 0.5492, Validation Accuracy: 73.44%

Per-Class Validation Accuracy:
  No Thrust: 66.88% (107/160)
  Chemical: 100.00% (160/160)
  Electric: 95.62% (153/160)
  Impulsive: 31.25% (50/160)
Epoch [43/100], Training Loss: 0.4472
Validation Loss: 0.5541, Validation Accuracy: 73.28%

Per-Class Validation Accuracy:
  No Thrust: 65.00% (104/160)
  Chemical: 100.00% (160/160)
  Electric: 95.62% (153/160)
  Impulsive: 32.50% (52/160)
Epoch [44/100], Training Loss: 0.4378
Validation Loss: 0.5570, Validation Accuracy: 73.91%

Per-Class Validation Accuracy:
  No Thrust: 62.50% (100/160)
  Chemical: 100.00% (160/160)
  Electric: 95.62% (153/160)
  Impulsive: 37.50% (60/160)
Epoch [45/100], Training Loss: 0.4292
Validation Loss: 0.5534, Validation Accuracy: 73.28%

Per-Class Validation Accuracy:
  No Thrust: 63.75% (102/160)
  Chemical: 100.00% (160/160)
  Electric: 95.00% (152/160)
  Impulsive: 34.38% (55/160)
Epoch [46/100], Training Loss: 0.4428
Validation Loss: 0.5561, Validation Accuracy: 73.59%

Per-Class Validation Accuracy:
  No Thrust: 63.12% (101/160)
  Chemical: 100.00% (160/160)
  Electric: 95.62% (153/160)
  Impulsive: 35.62% (57/160)
Epoch [47/100], Training Loss: 0.4348
Validation Loss: 0.5536, Validation Accuracy: 73.28%

Per-Class Validation Accuracy:
  No Thrust: 64.38% (103/160)
  Chemical: 100.00% (160/160)
  Electric: 95.62% (153/160)
  Impulsive: 33.12% (53/160)
Epoch [48/100], Training Loss: 0.4534
Validation Loss: 0.5433, Validation Accuracy: 74.06%

Per-Class Validation Accuracy:
  No Thrust: 65.00% (104/160)
  Chemical: 100.00% (160/160)
  Electric: 95.62% (153/160)
  Impulsive: 35.62% (57/160)
Epoch [49/100], Training Loss: 0.4374
Validation Loss: 0.5473, Validation Accuracy: 73.75%

Per-Class Validation Accuracy:
  No Thrust: 64.38% (103/160)
  Chemical: 100.00% (160/160)
  Electric: 95.62% (153/160)
  Impulsive: 35.00% (56/160)
Epoch [50/100], Training Loss: 0.4342
Validation Loss: 0.5424, Validation Accuracy: 73.75%

Per-Class Validation Accuracy:
  No Thrust: 64.38% (103/160)
  Chemical: 100.00% (160/160)
  Electric: 95.62% (153/160)
  Impulsive: 35.00% (56/160)
Epoch [51/100], Training Loss: 0.4333
Validation Loss: 0.5447, Validation Accuracy: 73.44%

Per-Class Validation Accuracy:
  No Thrust: 66.25% (106/160)
  Chemical: 100.00% (160/160)
  Electric: 95.62% (153/160)
  Impulsive: 31.88% (51/160)
Epoch [52/100], Training Loss: 0.4301
Validation Loss: 0.5511, Validation Accuracy: 73.44%

Per-Class Validation Accuracy:
  No Thrust: 61.88% (99/160)
  Chemical: 100.00% (160/160)
  Electric: 95.62% (153/160)
  Impulsive: 36.25% (58/160)
Epoch [53/100], Training Loss: 0.4255
Validation Loss: 0.5486, Validation Accuracy: 74.06%

Per-Class Validation Accuracy:
  No Thrust: 63.75% (102/160)
  Chemical: 100.00% (160/160)
  Electric: 95.62% (153/160)
  Impulsive: 36.88% (59/160)
Epoch [54/100], Training Loss: 0.4336
Validation Loss: 0.5451, Validation Accuracy: 73.59%

Per-Class Validation Accuracy:
  No Thrust: 64.38% (103/160)
  Chemical: 100.00% (160/160)
  Electric: 95.62% (153/160)
  Impulsive: 34.38% (55/160)
Epoch [55/100], Training Loss: 0.4198
Validation Loss: 0.5524, Validation Accuracy: 73.91%

Per-Class Validation Accuracy:
  No Thrust: 62.50% (100/160)
  Chemical: 100.00% (160/160)
  Electric: 95.62% (153/160)
  Impulsive: 37.50% (60/160)
Epoch [56/100], Training Loss: 0.4361
Validation Loss: 0.5459, Validation Accuracy: 74.22%

Per-Class Validation Accuracy:
  No Thrust: 65.00% (104/160)
  Chemical: 100.00% (160/160)
  Electric: 95.00% (152/160)
  Impulsive: 36.88% (59/160)
Epoch [57/100], Training Loss: 0.4174
Validation Loss: 0.5492, Validation Accuracy: 74.22%

Per-Class Validation Accuracy:
  No Thrust: 62.50% (100/160)
  Chemical: 100.00% (160/160)
  Electric: 95.62% (153/160)
  Impulsive: 38.75% (62/160)
Epoch [58/100], Training Loss: 0.4161
Validation Loss: 0.5517, Validation Accuracy: 74.38%

Per-Class Validation Accuracy:
  No Thrust: 61.88% (99/160)
  Chemical: 100.00% (160/160)
  Electric: 95.62% (153/160)
  Impulsive: 40.00% (64/160)
Epoch [59/100], Training Loss: 0.4120
Validation Loss: 0.5524, Validation Accuracy: 73.91%

Per-Class Validation Accuracy:
  No Thrust: 61.88% (99/160)
  Chemical: 100.00% (160/160)
  Electric: 95.62% (153/160)
  Impulsive: 38.12% (61/160)
Epoch [60/100], Training Loss: 0.4091
Validation Loss: 0.5564, Validation Accuracy: 74.06%

Per-Class Validation Accuracy:
  No Thrust: 63.75% (102/160)
  Chemical: 100.00% (160/160)
  Electric: 95.62% (153/160)
  Impulsive: 36.88% (59/160)
Early stopping triggered.

	Elapsed time is 32.7566 seconds.

==========================================================================================
Total parameters: 6106
Total memory (bytes): 48848
Total memory (MB): 0.0465850830078125
==========================================================================================

Mamba Validation
Validation Loss: 0.5564, Validation Accuracy: 74.06%

Per-Class Validation Accuracy:
  No Thrust: 63.75% (102/160)
  Chemical: 100.00% (160/160)
  Electric: 95.62% (153/160)
  Impulsive: 36.88% (59/160)

Classification Report:
              precision    recall  f1-score   support

   No Thrust     0.6071    0.6375    0.6220       160
    Chemical     1.0000    1.0000    1.0000       160
    Electric     0.7574    0.9563    0.8453       160
   Impulsive     0.5364    0.3688    0.4370       160

    accuracy                         0.7406       640
   macro avg     0.7252    0.7406    0.7261       640
weighted avg     0.7252    0.7406    0.7261       640


Confusion Matrix (rows = true, cols = predicted):
             P_No Thrust  P_Chemical  P_Electric  P_Impulsive
T_No Thrust          102           0          14           44
T_Chemical             0         160           0            0
T_Electric             0           0         153            7
T_Impulsive           66           0          35           59

Mamba Inference Time	Elapsed time is 0.3189 seconds.
