Processing datasets for vleo with 10 minutes and 800 random systems.
GPU is available
Training data location: C:/Users/hu650776/GMAT-Thrust-Data/data/classification/vleo/10min-800
Test data location: C:/Users/hu650776/GMAT-Thrust-Data/data/classification/vleo/10min-800

Entering Decision Trees Training Loop

	Elapsed time is 0.2183 seconds.

==========================================================================================
Total parameters: NaN
Total memory (bytes): 374716
Total memory (MB): 0.3573570251464844
==========================================================================================

Decision Trees Validation
Validation Loss: 1.2730, Validation Accuracy: 36.09%

Per-Class Validation Accuracy:
  No Thrust: 42.50% (68/160)
  Chemical: 56.88% (91/160)
  Electric: 21.88% (35/160)
  Impulsive: 23.12% (37/160)

Classification Report:
              precision    recall  f1-score   support

   No Thrust     0.3119    0.4250    0.3598       160
    Chemical     0.5200    0.5687    0.5433       160
    Electric     0.2941    0.2188    0.2509       160
   Impulsive     0.2891    0.2313    0.2569       160

    accuracy                         0.3609       640
   macro avg     0.3538    0.3609    0.3527       640
weighted avg     0.3538    0.3609    0.3527       640


Confusion Matrix (rows = true, cols = predicted):
             P_No Thrust  P_Chemical  P_Electric  P_Impulsive
T_No Thrust           68          27          31           34
T_Chemical            20          91          24           25
T_Electric            63          30          35           32
T_Impulsive           67          27          29           37

Decision Trees Inference Time	Elapsed time is 0.0171 seconds.

Entering LSTM Training Loop
Epoch [1/100], Training Loss: 1.3907
Validation Loss: 1.3869, Validation Accuracy: 25.00%

Per-Class Validation Accuracy:
  No Thrust: 100.00% (160/160)
  Chemical: 0.00% (0/160)
  Electric: 0.00% (0/160)
  Impulsive: 0.00% (0/160)
Epoch [2/100], Training Loss: 1.3872
Validation Loss: 1.3863, Validation Accuracy: 25.00%

Per-Class Validation Accuracy:
  No Thrust: 90.00% (144/160)
  Chemical: 0.00% (0/160)
  Electric: 10.00% (16/160)
  Impulsive: 0.00% (0/160)
Epoch [3/100], Training Loss: 1.3879
Validation Loss: 1.3863, Validation Accuracy: 25.00%

Per-Class Validation Accuracy:
  No Thrust: 80.00% (128/160)
  Chemical: 0.00% (0/160)
  Electric: 0.00% (0/160)
  Impulsive: 20.00% (32/160)
Epoch [4/100], Training Loss: 1.3879
Validation Loss: 1.3863, Validation Accuracy: 25.00%

Per-Class Validation Accuracy:
  No Thrust: 0.00% (0/160)
  Chemical: 0.00% (0/160)
  Electric: 10.00% (16/160)
  Impulsive: 90.00% (144/160)
Epoch [5/100], Training Loss: 1.3894
Validation Loss: 1.3863, Validation Accuracy: 25.00%

Per-Class Validation Accuracy:
  No Thrust: 80.00% (128/160)
  Chemical: 0.00% (0/160)
  Electric: 0.00% (0/160)
  Impulsive: 20.00% (32/160)
Epoch [6/100], Training Loss: 1.3882
Validation Loss: 1.3864, Validation Accuracy: 25.00%

Per-Class Validation Accuracy:
  No Thrust: 0.00% (0/160)
  Chemical: 0.00% (0/160)
  Electric: 0.00% (0/160)
  Impulsive: 100.00% (160/160)
Epoch [7/100], Training Loss: 1.3877
Validation Loss: 1.3863, Validation Accuracy: 25.00%

Per-Class Validation Accuracy:
  No Thrust: 0.00% (0/160)
  Chemical: 100.00% (160/160)
  Electric: 0.00% (0/160)
  Impulsive: 0.00% (0/160)
Epoch [8/100], Training Loss: 1.3878
Validation Loss: 1.3863, Validation Accuracy: 25.00%

Per-Class Validation Accuracy:
  No Thrust: 60.00% (96/160)
  Chemical: 0.00% (0/160)
  Electric: 0.00% (0/160)
  Impulsive: 40.00% (64/160)
Epoch [9/100], Training Loss: 1.3879
Validation Loss: 1.3862, Validation Accuracy: 25.00%

Per-Class Validation Accuracy:
  No Thrust: 70.00% (112/160)
  Chemical: 10.00% (16/160)
  Electric: 20.00% (32/160)
  Impulsive: 0.00% (0/160)
Epoch [10/100], Training Loss: 1.3870
Validation Loss: 1.3863, Validation Accuracy: 25.00%

Per-Class Validation Accuracy:
  No Thrust: 20.00% (32/160)
  Chemical: 10.00% (16/160)
  Electric: 0.00% (0/160)
  Impulsive: 70.00% (112/160)
Epoch [11/100], Training Loss: 1.3861
Validation Loss: 1.3863, Validation Accuracy: 25.00%

Per-Class Validation Accuracy:
  No Thrust: 20.00% (32/160)
  Chemical: 0.00% (0/160)
  Electric: 32.50% (52/160)
  Impulsive: 47.50% (76/160)
Epoch [12/100], Training Loss: 1.3879
Validation Loss: 1.3863, Validation Accuracy: 25.00%

Per-Class Validation Accuracy:
  No Thrust: 0.00% (0/160)
  Chemical: 20.00% (32/160)
  Electric: 50.00% (80/160)
  Impulsive: 30.00% (48/160)
Epoch [13/100], Training Loss: 1.3867
Validation Loss: 1.3862, Validation Accuracy: 25.00%

Per-Class Validation Accuracy:
  No Thrust: 30.00% (48/160)
  Chemical: 60.00% (96/160)
  Electric: 10.00% (16/160)
  Impulsive: 0.00% (0/160)
Epoch [14/100], Training Loss: 1.3869
Validation Loss: 1.3862, Validation Accuracy: 27.50%

Per-Class Validation Accuracy:
  No Thrust: 0.00% (0/160)
  Chemical: 20.00% (32/160)
  Electric: 90.00% (144/160)
  Impulsive: 0.00% (0/160)
Epoch [15/100], Training Loss: 1.3867
Validation Loss: 1.3862, Validation Accuracy: 24.84%

Per-Class Validation Accuracy:
  No Thrust: 10.00% (16/160)
  Chemical: 31.88% (51/160)
  Electric: 28.75% (46/160)
  Impulsive: 28.75% (46/160)
Epoch [16/100], Training Loss: 1.3864
Validation Loss: 1.3862, Validation Accuracy: 25.00%

Per-Class Validation Accuracy:
  No Thrust: 0.00% (0/160)
  Chemical: 10.00% (16/160)
  Electric: 50.00% (80/160)
  Impulsive: 40.00% (64/160)
Epoch [17/100], Training Loss: 1.3872
Validation Loss: 1.3862, Validation Accuracy: 25.00%

Per-Class Validation Accuracy:
  No Thrust: 0.00% (0/160)
  Chemical: 20.00% (32/160)
  Electric: 70.00% (112/160)
  Impulsive: 10.00% (16/160)
Epoch [18/100], Training Loss: 1.3868
Validation Loss: 1.3862, Validation Accuracy: 25.16%

Per-Class Validation Accuracy:
  No Thrust: 31.88% (51/160)
  Chemical: 10.00% (16/160)
  Electric: 48.75% (78/160)
  Impulsive: 10.00% (16/160)
Epoch [19/100], Training Loss: 1.3863
Validation Loss: 1.3863, Validation Accuracy: 25.00%

Per-Class Validation Accuracy:
  No Thrust: 0.00% (0/160)
  Chemical: 0.00% (0/160)
  Electric: 80.00% (128/160)
  Impulsive: 20.00% (32/160)
Epoch [20/100], Training Loss: 1.3875
Validation Loss: 1.3862, Validation Accuracy: 25.00%

Per-Class Validation Accuracy:
  No Thrust: 40.00% (64/160)
  Chemical: 10.00% (16/160)
  Electric: 20.00% (32/160)
  Impulsive: 30.00% (48/160)
Epoch [21/100], Training Loss: 1.3869
Validation Loss: 1.3862, Validation Accuracy: 25.00%

Per-Class Validation Accuracy:
  No Thrust: 40.00% (64/160)
  Chemical: 10.00% (16/160)
  Electric: 20.00% (32/160)
  Impulsive: 30.00% (48/160)
Epoch [22/100], Training Loss: 1.3864
Validation Loss: 1.3862, Validation Accuracy: 25.00%

Per-Class Validation Accuracy:
  No Thrust: 20.00% (32/160)
  Chemical: 10.00% (16/160)
  Electric: 20.00% (32/160)
  Impulsive: 50.00% (80/160)
Epoch [23/100], Training Loss: 1.3863
Validation Loss: 1.3862, Validation Accuracy: 25.00%

Per-Class Validation Accuracy:
  No Thrust: 50.00% (80/160)
  Chemical: 10.00% (16/160)
  Electric: 20.00% (32/160)
  Impulsive: 20.00% (32/160)
Early stopping triggered.

	Elapsed time is 9.3604 seconds.

==========================================================================================
Total parameters: 18004
Total memory (bytes): 144032
Total memory (MB): 0.137359619140625
==========================================================================================

LSTM Validation
Validation Loss: 1.3862, Validation Accuracy: 25.00%

Per-Class Validation Accuracy:
  No Thrust: 50.00% (80/160)
  Chemical: 10.00% (16/160)
  Electric: 20.00% (32/160)
  Impulsive: 20.00% (32/160)

Classification Report:
              precision    recall  f1-score   support

   No Thrust     0.2500    0.5000    0.3333       160
    Chemical     0.2500    0.1000    0.1429       160
    Electric     0.2500    0.2000    0.2222       160
   Impulsive     0.2500    0.2000    0.2222       160

    accuracy                         0.2500       640
   macro avg     0.2500    0.2500    0.2302       640
weighted avg     0.2500    0.2500    0.2302       640


Confusion Matrix (rows = true, cols = predicted):
             P_No Thrust  P_Chemical  P_Electric  P_Impulsive
T_No Thrust           80          16          32           32
T_Chemical            80          16          32           32
T_Electric            80          16          32           32
T_Impulsive           80          16          32           32

LSTM Inference Time	Elapsed time is 0.2415 seconds.

Entering Mamba Training Loop
Epoch [1/100], Training Loss: 1.3915
Validation Loss: 1.3885, Validation Accuracy: 25.00%

Per-Class Validation Accuracy:
  No Thrust: 0.00% (0/160)
  Chemical: 98.75% (158/160)
  Electric: 1.25% (2/160)
  Impulsive: 0.00% (0/160)
Epoch [2/100], Training Loss: 1.3891
Validation Loss: 1.3878, Validation Accuracy: 25.78%

Per-Class Validation Accuracy:
  No Thrust: 0.00% (0/160)
  Chemical: 96.88% (155/160)
  Electric: 3.75% (6/160)
  Impulsive: 2.50% (4/160)
Epoch [3/100], Training Loss: 1.3885
Validation Loss: 1.3872, Validation Accuracy: 25.94%

Per-Class Validation Accuracy:
  No Thrust: 0.00% (0/160)
  Chemical: 95.00% (152/160)
  Electric: 5.62% (9/160)
  Impulsive: 3.12% (5/160)
Epoch [4/100], Training Loss: 1.3883
Validation Loss: 1.3869, Validation Accuracy: 26.09%

Per-Class Validation Accuracy:
  No Thrust: 0.00% (0/160)
  Chemical: 96.88% (155/160)
  Electric: 1.88% (3/160)
  Impulsive: 5.62% (9/160)
Epoch [5/100], Training Loss: 1.3878
Validation Loss: 1.3864, Validation Accuracy: 27.19%

Per-Class Validation Accuracy:
  No Thrust: 0.00% (0/160)
  Chemical: 85.62% (137/160)
  Electric: 11.25% (18/160)
  Impulsive: 11.88% (19/160)
Epoch [6/100], Training Loss: 1.3876
Validation Loss: 1.3861, Validation Accuracy: 26.88%

Per-Class Validation Accuracy:
  No Thrust: 0.00% (0/160)
  Chemical: 71.25% (114/160)
  Electric: 19.38% (31/160)
  Impulsive: 16.88% (27/160)
Epoch [7/100], Training Loss: 1.3863
Validation Loss: 1.3858, Validation Accuracy: 27.81%

Per-Class Validation Accuracy:
  No Thrust: 1.88% (3/160)
  Chemical: 70.62% (113/160)
  Electric: 16.88% (27/160)
  Impulsive: 21.88% (35/160)
Epoch [8/100], Training Loss: 1.3862
Validation Loss: 1.3855, Validation Accuracy: 27.03%

Per-Class Validation Accuracy:
  No Thrust: 5.00% (8/160)
  Chemical: 58.75% (94/160)
  Electric: 18.75% (30/160)
  Impulsive: 25.62% (41/160)
Epoch [9/100], Training Loss: 1.3866
Validation Loss: 1.3852, Validation Accuracy: 27.97%

Per-Class Validation Accuracy:
  No Thrust: 3.75% (6/160)
  Chemical: 57.50% (92/160)
  Electric: 25.62% (41/160)
  Impulsive: 25.00% (40/160)
Epoch [10/100], Training Loss: 1.3862
Validation Loss: 1.3849, Validation Accuracy: 27.50%

Per-Class Validation Accuracy:
  No Thrust: 10.62% (17/160)
  Chemical: 53.12% (85/160)
  Electric: 21.88% (35/160)
  Impulsive: 24.38% (39/160)
Epoch [11/100], Training Loss: 1.3865
Validation Loss: 1.3847, Validation Accuracy: 28.12%

Per-Class Validation Accuracy:
  No Thrust: 9.38% (15/160)
  Chemical: 46.25% (74/160)
  Electric: 26.25% (42/160)
  Impulsive: 30.62% (49/160)
Epoch [12/100], Training Loss: 1.3848
Validation Loss: 1.3843, Validation Accuracy: 26.88%

Per-Class Validation Accuracy:
  No Thrust: 11.25% (18/160)
  Chemical: 42.50% (68/160)
  Electric: 31.25% (50/160)
  Impulsive: 22.50% (36/160)
Epoch [13/100], Training Loss: 1.3850
Validation Loss: 1.3839, Validation Accuracy: 27.34%

Per-Class Validation Accuracy:
  No Thrust: 13.75% (22/160)
  Chemical: 42.50% (68/160)
  Electric: 27.50% (44/160)
  Impulsive: 25.62% (41/160)
Epoch [14/100], Training Loss: 1.3843
Validation Loss: 1.3836, Validation Accuracy: 27.81%

Per-Class Validation Accuracy:
  No Thrust: 16.88% (27/160)
  Chemical: 46.88% (75/160)
  Electric: 29.38% (47/160)
  Impulsive: 18.12% (29/160)
Epoch [15/100], Training Loss: 1.3853
Validation Loss: 1.3832, Validation Accuracy: 27.81%

Per-Class Validation Accuracy:
  No Thrust: 11.25% (18/160)
  Chemical: 46.88% (75/160)
  Electric: 31.88% (51/160)
  Impulsive: 21.25% (34/160)
Epoch [16/100], Training Loss: 1.3846
Validation Loss: 1.3827, Validation Accuracy: 28.44%

Per-Class Validation Accuracy:
  No Thrust: 11.88% (19/160)
  Chemical: 51.25% (82/160)
  Electric: 24.38% (39/160)
  Impulsive: 26.25% (42/160)
Epoch [17/100], Training Loss: 1.3848
Validation Loss: 1.3823, Validation Accuracy: 27.81%

Per-Class Validation Accuracy:
  No Thrust: 15.62% (25/160)
  Chemical: 44.38% (71/160)
  Electric: 37.50% (60/160)
  Impulsive: 13.75% (22/160)
Epoch [18/100], Training Loss: 1.3850
Validation Loss: 1.3818, Validation Accuracy: 28.28%

Per-Class Validation Accuracy:
  No Thrust: 23.12% (37/160)
  Chemical: 47.50% (76/160)
  Electric: 20.62% (33/160)
  Impulsive: 21.88% (35/160)
Epoch [19/100], Training Loss: 1.3836
Validation Loss: 1.3812, Validation Accuracy: 28.12%

Per-Class Validation Accuracy:
  No Thrust: 20.62% (33/160)
  Chemical: 44.38% (71/160)
  Electric: 26.88% (43/160)
  Impulsive: 20.62% (33/160)
Epoch [20/100], Training Loss: 1.3821
Validation Loss: 1.3803, Validation Accuracy: 28.12%

Per-Class Validation Accuracy:
  No Thrust: 19.38% (31/160)
  Chemical: 38.75% (62/160)
  Electric: 31.25% (50/160)
  Impulsive: 23.12% (37/160)
Epoch [21/100], Training Loss: 1.3812
Validation Loss: 1.3794, Validation Accuracy: 30.00%

Per-Class Validation Accuracy:
  No Thrust: 21.25% (34/160)
  Chemical: 51.25% (82/160)
  Electric: 21.88% (35/160)
  Impulsive: 25.62% (41/160)
Epoch [22/100], Training Loss: 1.3828
Validation Loss: 1.3785, Validation Accuracy: 31.41%

Per-Class Validation Accuracy:
  No Thrust: 16.88% (27/160)
  Chemical: 51.88% (83/160)
  Electric: 24.38% (39/160)
  Impulsive: 32.50% (52/160)
Epoch [23/100], Training Loss: 1.3804
Validation Loss: 1.3770, Validation Accuracy: 30.94%

Per-Class Validation Accuracy:
  No Thrust: 21.25% (34/160)
  Chemical: 54.38% (87/160)
  Electric: 15.62% (25/160)
  Impulsive: 32.50% (52/160)
Epoch [24/100], Training Loss: 1.3811
Validation Loss: 1.3751, Validation Accuracy: 32.66%

Per-Class Validation Accuracy:
  No Thrust: 18.12% (29/160)
  Chemical: 51.88% (83/160)
  Electric: 17.50% (28/160)
  Impulsive: 43.12% (69/160)
Epoch [25/100], Training Loss: 1.3757
Validation Loss: 1.3721, Validation Accuracy: 33.44%

Per-Class Validation Accuracy:
  No Thrust: 26.25% (42/160)
  Chemical: 60.62% (97/160)
  Electric: 20.00% (32/160)
  Impulsive: 26.88% (43/160)
Epoch [26/100], Training Loss: 1.3736
Validation Loss: 1.3676, Validation Accuracy: 32.81%

Per-Class Validation Accuracy:
  No Thrust: 26.88% (43/160)
  Chemical: 52.50% (84/160)
  Electric: 12.50% (20/160)
  Impulsive: 39.38% (63/160)
Epoch [27/100], Training Loss: 1.3765
Validation Loss: 1.3669, Validation Accuracy: 31.88%

Per-Class Validation Accuracy:
  No Thrust: 21.25% (34/160)
  Chemical: 53.12% (85/160)
  Electric: 28.12% (45/160)
  Impulsive: 25.00% (40/160)
Epoch [28/100], Training Loss: 1.3734
Validation Loss: 1.3628, Validation Accuracy: 32.66%

Per-Class Validation Accuracy:
  No Thrust: 25.62% (41/160)
  Chemical: 55.62% (89/160)
  Electric: 15.62% (25/160)
  Impulsive: 33.75% (54/160)
Epoch [29/100], Training Loss: 1.3674
Validation Loss: 1.3559, Validation Accuracy: 34.38%

Per-Class Validation Accuracy:
  No Thrust: 25.62% (41/160)
  Chemical: 53.12% (85/160)
  Electric: 21.25% (34/160)
  Impulsive: 37.50% (60/160)
Epoch [30/100], Training Loss: 1.3672
Validation Loss: 1.3521, Validation Accuracy: 35.62%

Per-Class Validation Accuracy:
  No Thrust: 23.75% (38/160)
  Chemical: 63.12% (101/160)
  Electric: 22.50% (36/160)
  Impulsive: 33.12% (53/160)
Epoch [31/100], Training Loss: 1.3619
Validation Loss: 1.3420, Validation Accuracy: 35.78%

Per-Class Validation Accuracy:
  No Thrust: 20.00% (32/160)
  Chemical: 67.50% (108/160)
  Electric: 23.12% (37/160)
  Impulsive: 32.50% (52/160)
Epoch [32/100], Training Loss: 1.3614
Validation Loss: 1.3404, Validation Accuracy: 33.59%

Per-Class Validation Accuracy:
  No Thrust: 20.62% (33/160)
  Chemical: 53.12% (85/160)
  Electric: 21.88% (35/160)
  Impulsive: 38.75% (62/160)
Epoch [33/100], Training Loss: 1.3517
Validation Loss: 1.3334, Validation Accuracy: 36.72%

Per-Class Validation Accuracy:
  No Thrust: 19.38% (31/160)
  Chemical: 63.12% (101/160)
  Electric: 26.88% (43/160)
  Impulsive: 37.50% (60/160)
Epoch [34/100], Training Loss: 1.3480
Validation Loss: 1.3251, Validation Accuracy: 35.94%

Per-Class Validation Accuracy:
  No Thrust: 35.00% (56/160)
  Chemical: 52.50% (84/160)
  Electric: 16.25% (26/160)
  Impulsive: 40.00% (64/160)
Epoch [35/100], Training Loss: 1.3441
Validation Loss: 1.3258, Validation Accuracy: 36.88%

Per-Class Validation Accuracy:
  No Thrust: 23.75% (38/160)
  Chemical: 65.00% (104/160)
  Electric: 35.62% (57/160)
  Impulsive: 23.12% (37/160)
Epoch [36/100], Training Loss: 1.3312
Validation Loss: 1.3106, Validation Accuracy: 39.84%

Per-Class Validation Accuracy:
  No Thrust: 35.00% (56/160)
  Chemical: 72.50% (116/160)
  Electric: 8.75% (14/160)
  Impulsive: 43.12% (69/160)
Epoch [37/100], Training Loss: 1.3308
Validation Loss: 1.3020, Validation Accuracy: 38.75%

Per-Class Validation Accuracy:
  No Thrust: 33.75% (54/160)
  Chemical: 61.25% (98/160)
  Electric: 17.50% (28/160)
  Impulsive: 42.50% (68/160)
Epoch [38/100], Training Loss: 1.3225
Validation Loss: 1.2866, Validation Accuracy: 37.34%

Per-Class Validation Accuracy:
  No Thrust: 20.00% (32/160)
  Chemical: 81.88% (131/160)
  Electric: 18.75% (30/160)
  Impulsive: 28.75% (46/160)
Epoch [39/100], Training Loss: 1.3215
Validation Loss: 1.2761, Validation Accuracy: 41.41%

Per-Class Validation Accuracy:
  No Thrust: 41.88% (67/160)
  Chemical: 75.62% (121/160)
  Electric: 14.38% (23/160)
  Impulsive: 33.75% (54/160)
Epoch [40/100], Training Loss: 1.2913
Validation Loss: 1.2579, Validation Accuracy: 40.00%

Per-Class Validation Accuracy:
  No Thrust: 31.88% (51/160)
  Chemical: 78.75% (126/160)
  Electric: 14.38% (23/160)
  Impulsive: 35.00% (56/160)
Epoch [41/100], Training Loss: 1.2928
Validation Loss: 1.2519, Validation Accuracy: 41.56%

Per-Class Validation Accuracy:
  No Thrust: 35.62% (57/160)
  Chemical: 73.12% (117/160)
  Electric: 20.00% (32/160)
  Impulsive: 37.50% (60/160)
Epoch [42/100], Training Loss: 1.2972
Validation Loss: 1.2390, Validation Accuracy: 40.94%

Per-Class Validation Accuracy:
  No Thrust: 38.12% (61/160)
  Chemical: 76.88% (123/160)
  Electric: 14.38% (23/160)
  Impulsive: 34.38% (55/160)
Epoch [43/100], Training Loss: 1.2966
Validation Loss: 1.2436, Validation Accuracy: 39.69%

Per-Class Validation Accuracy:
  No Thrust: 31.25% (50/160)
  Chemical: 71.88% (115/160)
  Electric: 21.25% (34/160)
  Impulsive: 34.38% (55/160)
Epoch [44/100], Training Loss: 1.2750
Validation Loss: 1.2176, Validation Accuracy: 41.25%

Per-Class Validation Accuracy:
  No Thrust: 35.00% (56/160)
  Chemical: 87.50% (140/160)
  Electric: 11.25% (18/160)
  Impulsive: 31.25% (50/160)
Epoch [45/100], Training Loss: 1.2826
Validation Loss: 1.2197, Validation Accuracy: 43.12%

Per-Class Validation Accuracy:
  No Thrust: 31.25% (50/160)
  Chemical: 80.62% (129/160)
  Electric: 21.25% (34/160)
  Impulsive: 39.38% (63/160)
Epoch [46/100], Training Loss: 1.2368
Validation Loss: 1.1941, Validation Accuracy: 43.59%

Per-Class Validation Accuracy:
  No Thrust: 34.38% (55/160)
  Chemical: 81.25% (130/160)
  Electric: 25.00% (40/160)
  Impulsive: 33.75% (54/160)
Epoch [47/100], Training Loss: 1.2653
Validation Loss: 1.2017, Validation Accuracy: 41.25%

Per-Class Validation Accuracy:
  No Thrust: 38.75% (62/160)
  Chemical: 86.88% (139/160)
  Electric: 21.88% (35/160)
  Impulsive: 17.50% (28/160)
Epoch [48/100], Training Loss: 1.2501
Validation Loss: 1.1866, Validation Accuracy: 44.22%

Per-Class Validation Accuracy:
  No Thrust: 38.75% (62/160)
  Chemical: 76.88% (123/160)
  Electric: 22.50% (36/160)
  Impulsive: 38.75% (62/160)
Epoch [49/100], Training Loss: 1.2298
Validation Loss: 1.1790, Validation Accuracy: 40.94%

Per-Class Validation Accuracy:
  No Thrust: 28.12% (45/160)
  Chemical: 82.50% (132/160)
  Electric: 21.25% (34/160)
  Impulsive: 31.88% (51/160)
Epoch [50/100], Training Loss: 1.2334
Validation Loss: 1.1772, Validation Accuracy: 42.81%

Per-Class Validation Accuracy:
  No Thrust: 35.00% (56/160)
  Chemical: 85.00% (136/160)
  Electric: 21.25% (34/160)
  Impulsive: 30.00% (48/160)
Epoch [51/100], Training Loss: 1.2165
Validation Loss: 1.1454, Validation Accuracy: 45.31%

Per-Class Validation Accuracy:
  No Thrust: 41.25% (66/160)
  Chemical: 83.75% (134/160)
  Electric: 19.38% (31/160)
  Impulsive: 36.88% (59/160)
Epoch [52/100], Training Loss: 1.2648
Validation Loss: 1.1583, Validation Accuracy: 43.75%

Per-Class Validation Accuracy:
  No Thrust: 36.25% (58/160)
  Chemical: 90.00% (144/160)
  Electric: 27.50% (44/160)
  Impulsive: 21.25% (34/160)
Epoch [53/100], Training Loss: 1.2365
Validation Loss: 1.1559, Validation Accuracy: 44.38%

Per-Class Validation Accuracy:
  No Thrust: 39.38% (63/160)
  Chemical: 91.25% (146/160)
  Electric: 23.12% (37/160)
  Impulsive: 23.75% (38/160)
Epoch [54/100], Training Loss: 1.2175
Validation Loss: 1.1417, Validation Accuracy: 42.97%

Per-Class Validation Accuracy:
  No Thrust: 28.75% (46/160)
  Chemical: 91.88% (147/160)
  Electric: 21.88% (35/160)
  Impulsive: 29.38% (47/160)
Epoch [55/100], Training Loss: 1.2512
Validation Loss: 1.1405, Validation Accuracy: 46.88%

Per-Class Validation Accuracy:
  No Thrust: 40.62% (65/160)
  Chemical: 90.00% (144/160)
  Electric: 27.50% (44/160)
  Impulsive: 29.38% (47/160)
Epoch [56/100], Training Loss: 1.1861
Validation Loss: 1.1270, Validation Accuracy: 45.62%

Per-Class Validation Accuracy:
  No Thrust: 46.88% (75/160)
  Chemical: 90.62% (145/160)
  Electric: 15.00% (24/160)
  Impulsive: 30.00% (48/160)
Epoch [57/100], Training Loss: 1.2043
Validation Loss: 1.1282, Validation Accuracy: 45.78%

Per-Class Validation Accuracy:
  No Thrust: 48.75% (78/160)
  Chemical: 83.12% (133/160)
  Electric: 11.88% (19/160)
  Impulsive: 39.38% (63/160)
Epoch [58/100], Training Loss: 1.1989
Validation Loss: 1.1083, Validation Accuracy: 45.78%

Per-Class Validation Accuracy:
  No Thrust: 42.50% (68/160)
  Chemical: 90.00% (144/160)
  Electric: 16.88% (27/160)
  Impulsive: 33.75% (54/160)
Epoch [59/100], Training Loss: 1.1823
Validation Loss: 1.1046, Validation Accuracy: 45.94%

Per-Class Validation Accuracy:
  No Thrust: 36.88% (59/160)
  Chemical: 88.75% (142/160)
  Electric: 11.25% (18/160)
  Impulsive: 46.88% (75/160)
Epoch [60/100], Training Loss: 1.1664
Validation Loss: 1.0980, Validation Accuracy: 46.72%

Per-Class Validation Accuracy:
  No Thrust: 48.12% (77/160)
  Chemical: 88.12% (141/160)
  Electric: 10.62% (17/160)
  Impulsive: 40.00% (64/160)
Epoch [61/100], Training Loss: 1.1773
Validation Loss: 1.0944, Validation Accuracy: 47.03%

Per-Class Validation Accuracy:
  No Thrust: 32.50% (52/160)
  Chemical: 92.50% (148/160)
  Electric: 41.25% (66/160)
  Impulsive: 21.88% (35/160)
Epoch [62/100], Training Loss: 1.1768
Validation Loss: 1.0874, Validation Accuracy: 47.66%

Per-Class Validation Accuracy:
  No Thrust: 51.25% (82/160)
  Chemical: 88.75% (142/160)
  Electric: 18.12% (29/160)
  Impulsive: 32.50% (52/160)
Epoch [63/100], Training Loss: 1.1744
Validation Loss: 1.1079, Validation Accuracy: 44.22%

Per-Class Validation Accuracy:
  No Thrust: 44.38% (71/160)
  Chemical: 85.62% (137/160)
  Electric: 17.50% (28/160)
  Impulsive: 29.38% (47/160)
Epoch [64/100], Training Loss: 1.1757
Validation Loss: 1.0946, Validation Accuracy: 46.41%

Per-Class Validation Accuracy:
  No Thrust: 45.00% (72/160)
  Chemical: 88.12% (141/160)
  Electric: 11.25% (18/160)
  Impulsive: 41.25% (66/160)
Epoch [65/100], Training Loss: 1.1587
Validation Loss: 1.0618, Validation Accuracy: 47.97%

Per-Class Validation Accuracy:
  No Thrust: 41.88% (67/160)
  Chemical: 90.62% (145/160)
  Electric: 27.50% (44/160)
  Impulsive: 31.88% (51/160)
Epoch [66/100], Training Loss: 1.1581
Validation Loss: 1.0585, Validation Accuracy: 46.72%

Per-Class Validation Accuracy:
  No Thrust: 40.00% (64/160)
  Chemical: 93.75% (150/160)
  Electric: 26.25% (42/160)
  Impulsive: 26.88% (43/160)
Epoch [67/100], Training Loss: 1.1383
Validation Loss: 1.0387, Validation Accuracy: 48.28%

Per-Class Validation Accuracy:
  No Thrust: 33.12% (53/160)
  Chemical: 93.12% (149/160)
  Electric: 29.38% (47/160)
  Impulsive: 37.50% (60/160)
Epoch [68/100], Training Loss: 1.1388
Validation Loss: 1.0561, Validation Accuracy: 46.09%

Per-Class Validation Accuracy:
  No Thrust: 33.12% (53/160)
  Chemical: 93.75% (150/160)
  Electric: 26.88% (43/160)
  Impulsive: 30.62% (49/160)
Epoch [69/100], Training Loss: 1.1379
Validation Loss: 1.0373, Validation Accuracy: 48.12%

Per-Class Validation Accuracy:
  No Thrust: 43.75% (70/160)
  Chemical: 91.88% (147/160)
  Electric: 25.00% (40/160)
  Impulsive: 31.88% (51/160)
Epoch [70/100], Training Loss: 1.1198
Validation Loss: 1.0538, Validation Accuracy: 47.34%

Per-Class Validation Accuracy:
  No Thrust: 30.00% (48/160)
  Chemical: 88.12% (141/160)
  Electric: 18.75% (30/160)
  Impulsive: 52.50% (84/160)
Epoch [71/100], Training Loss: 1.1102
Validation Loss: 1.0539, Validation Accuracy: 48.28%

Per-Class Validation Accuracy:
  No Thrust: 39.38% (63/160)
  Chemical: 91.88% (147/160)
  Electric: 23.75% (38/160)
  Impulsive: 38.12% (61/160)
Epoch [72/100], Training Loss: 1.0875
Validation Loss: 1.0189, Validation Accuracy: 48.59%

Per-Class Validation Accuracy:
  No Thrust: 41.25% (66/160)
  Chemical: 93.75% (150/160)
  Electric: 19.38% (31/160)
  Impulsive: 40.00% (64/160)
Epoch [73/100], Training Loss: 1.1210
Validation Loss: 1.0317, Validation Accuracy: 47.97%

Per-Class Validation Accuracy:
  No Thrust: 35.00% (56/160)
  Chemical: 95.00% (152/160)
  Electric: 30.00% (48/160)
  Impulsive: 31.88% (51/160)
Epoch [74/100], Training Loss: 1.0972
Validation Loss: 1.0339, Validation Accuracy: 48.59%

Per-Class Validation Accuracy:
  No Thrust: 38.75% (62/160)
  Chemical: 95.62% (153/160)
  Electric: 32.50% (52/160)
  Impulsive: 27.50% (44/160)
Epoch [75/100], Training Loss: 1.1003
Validation Loss: 0.9991, Validation Accuracy: 48.75%

Per-Class Validation Accuracy:
  No Thrust: 24.38% (39/160)
  Chemical: 96.25% (154/160)
  Electric: 28.75% (46/160)
  Impulsive: 45.62% (73/160)
Epoch [76/100], Training Loss: 1.1056
Validation Loss: 1.0013, Validation Accuracy: 49.38%

Per-Class Validation Accuracy:
  No Thrust: 41.88% (67/160)
  Chemical: 93.75% (150/160)
  Electric: 35.62% (57/160)
  Impulsive: 26.25% (42/160)
Epoch [77/100], Training Loss: 1.1007
Validation Loss: 1.0115, Validation Accuracy: 48.12%

Per-Class Validation Accuracy:
  No Thrust: 36.25% (58/160)
  Chemical: 97.50% (156/160)
  Electric: 30.62% (49/160)
  Impulsive: 28.12% (45/160)
Epoch [78/100], Training Loss: 1.1309
Validation Loss: 1.0029, Validation Accuracy: 48.44%

Per-Class Validation Accuracy:
  No Thrust: 35.62% (57/160)
  Chemical: 98.75% (158/160)
  Electric: 37.50% (60/160)
  Impulsive: 21.88% (35/160)
Epoch [79/100], Training Loss: 1.0727
Validation Loss: 0.9788, Validation Accuracy: 51.72%

Per-Class Validation Accuracy:
  No Thrust: 36.88% (59/160)
  Chemical: 95.00% (152/160)
  Electric: 33.12% (53/160)
  Impulsive: 41.88% (67/160)
Epoch [80/100], Training Loss: 1.1071
Validation Loss: 0.9960, Validation Accuracy: 49.69%

Per-Class Validation Accuracy:
  No Thrust: 33.12% (53/160)
  Chemical: 96.25% (154/160)
  Electric: 23.75% (38/160)
  Impulsive: 45.62% (73/160)
Epoch [81/100], Training Loss: 1.0709
Validation Loss: 0.9725, Validation Accuracy: 50.00%

Per-Class Validation Accuracy:
  No Thrust: 33.12% (53/160)
  Chemical: 96.88% (155/160)
  Electric: 33.12% (53/160)
  Impulsive: 36.88% (59/160)
Epoch [82/100], Training Loss: 1.0718
Validation Loss: 0.9830, Validation Accuracy: 49.22%

Per-Class Validation Accuracy:
  No Thrust: 37.50% (60/160)
  Chemical: 91.88% (147/160)
  Electric: 26.88% (43/160)
  Impulsive: 40.62% (65/160)
Epoch [83/100], Training Loss: 1.0686
Validation Loss: 0.9924, Validation Accuracy: 49.84%

Per-Class Validation Accuracy:
  No Thrust: 35.00% (56/160)
  Chemical: 95.00% (152/160)
  Electric: 29.38% (47/160)
  Impulsive: 40.00% (64/160)
Epoch [84/100], Training Loss: 1.0785
Validation Loss: 0.9864, Validation Accuracy: 50.00%

Per-Class Validation Accuracy:
  No Thrust: 40.62% (65/160)
  Chemical: 96.88% (155/160)
  Electric: 26.88% (43/160)
  Impulsive: 35.62% (57/160)
Epoch [85/100], Training Loss: 1.0675
Validation Loss: 0.9683, Validation Accuracy: 50.31%

Per-Class Validation Accuracy:
  No Thrust: 28.12% (45/160)
  Chemical: 96.25% (154/160)
  Electric: 41.88% (67/160)
  Impulsive: 35.00% (56/160)
Epoch [86/100], Training Loss: 1.0870
Validation Loss: 0.9694, Validation Accuracy: 50.47%

Per-Class Validation Accuracy:
  No Thrust: 45.62% (73/160)
  Chemical: 94.38% (151/160)
  Electric: 34.38% (55/160)
  Impulsive: 27.50% (44/160)
Epoch [87/100], Training Loss: 1.0901
Validation Loss: 0.9839, Validation Accuracy: 49.69%

Per-Class Validation Accuracy:
  No Thrust: 22.50% (36/160)
  Chemical: 97.50% (156/160)
  Electric: 35.62% (57/160)
  Impulsive: 43.12% (69/160)
Epoch [88/100], Training Loss: 1.0521
Validation Loss: 0.9590, Validation Accuracy: 50.78%

Per-Class Validation Accuracy:
  No Thrust: 35.00% (56/160)
  Chemical: 97.50% (156/160)
  Electric: 25.00% (40/160)
  Impulsive: 45.62% (73/160)
Epoch [89/100], Training Loss: 1.0819
Validation Loss: 0.9500, Validation Accuracy: 51.56%

Per-Class Validation Accuracy:
  No Thrust: 32.50% (52/160)
  Chemical: 98.75% (158/160)
  Electric: 42.50% (68/160)
  Impulsive: 32.50% (52/160)
Epoch [90/100], Training Loss: 1.0870
Validation Loss: 0.9472, Validation Accuracy: 51.41%

Per-Class Validation Accuracy:
  No Thrust: 34.38% (55/160)
  Chemical: 99.38% (159/160)
  Electric: 41.88% (67/160)
  Impulsive: 30.00% (48/160)
Epoch [91/100], Training Loss: 1.0396
Validation Loss: 0.9474, Validation Accuracy: 51.72%

Per-Class Validation Accuracy:
  No Thrust: 30.00% (48/160)
  Chemical: 96.88% (155/160)
  Electric: 46.25% (74/160)
  Impulsive: 33.75% (54/160)
Epoch [92/100], Training Loss: 1.0172
Validation Loss: 0.9649, Validation Accuracy: 49.84%

Per-Class Validation Accuracy:
  No Thrust: 30.62% (49/160)
  Chemical: 95.00% (152/160)
  Electric: 36.25% (58/160)
  Impulsive: 37.50% (60/160)
Epoch [93/100], Training Loss: 1.0775
Validation Loss: 0.9480, Validation Accuracy: 51.88%

Per-Class Validation Accuracy:
  No Thrust: 21.88% (35/160)
  Chemical: 98.75% (158/160)
  Electric: 49.38% (79/160)
  Impulsive: 37.50% (60/160)
Epoch [94/100], Training Loss: 1.0500
Validation Loss: 0.9561, Validation Accuracy: 51.56%

Per-Class Validation Accuracy:
  No Thrust: 28.75% (46/160)
  Chemical: 96.88% (155/160)
  Electric: 46.88% (75/160)
  Impulsive: 33.75% (54/160)
Epoch [95/100], Training Loss: 1.0563
Validation Loss: 0.9391, Validation Accuracy: 51.41%

Per-Class Validation Accuracy:
  No Thrust: 41.25% (66/160)
  Chemical: 97.50% (156/160)
  Electric: 26.88% (43/160)
  Impulsive: 40.00% (64/160)
Epoch [96/100], Training Loss: 1.0368
Validation Loss: 0.9703, Validation Accuracy: 48.91%

Per-Class Validation Accuracy:
  No Thrust: 48.75% (78/160)
  Chemical: 90.00% (144/160)
  Electric: 21.88% (35/160)
  Impulsive: 35.00% (56/160)
Epoch [97/100], Training Loss: 1.0481
Validation Loss: 0.9545, Validation Accuracy: 50.94%

Per-Class Validation Accuracy:
  No Thrust: 30.62% (49/160)
  Chemical: 98.75% (158/160)
  Electric: 44.38% (71/160)
  Impulsive: 30.00% (48/160)
Epoch [98/100], Training Loss: 1.0570
Validation Loss: 0.9663, Validation Accuracy: 47.97%

Per-Class Validation Accuracy:
  No Thrust: 18.12% (29/160)
  Chemical: 96.88% (155/160)
  Electric: 49.38% (79/160)
  Impulsive: 27.50% (44/160)
Epoch [99/100], Training Loss: 1.0327
Validation Loss: 0.9441, Validation Accuracy: 51.41%

Per-Class Validation Accuracy:
  No Thrust: 61.88% (99/160)
  Chemical: 95.00% (152/160)
  Electric: 23.12% (37/160)
  Impulsive: 25.62% (41/160)
Epoch [100/100], Training Loss: 1.0553
Validation Loss: 0.9307, Validation Accuracy: 52.03%

Per-Class Validation Accuracy:
  No Thrust: 34.38% (55/160)
  Chemical: 99.38% (159/160)
  Electric: 55.00% (88/160)
  Impulsive: 19.38% (31/160)

	Elapsed time is 51.9427 seconds.

==========================================================================================
Total parameters: 6106
Total memory (bytes): 48848
Total memory (MB): 0.0465850830078125
==========================================================================================

Mamba Validation
Validation Loss: 0.9307, Validation Accuracy: 52.03%

Per-Class Validation Accuracy:
  No Thrust: 34.38% (55/160)
  Chemical: 99.38% (159/160)
  Electric: 55.00% (88/160)
  Impulsive: 19.38% (31/160)

Classification Report:
              precision    recall  f1-score   support

   No Thrust     0.3767    0.3438    0.3595       160
    Chemical     0.8833    0.9938    0.9353       160
    Electric     0.3860    0.5500    0.4536       160
   Impulsive     0.3605    0.1938    0.2520       160

    accuracy                         0.5203       640
   macro avg     0.5016    0.5203    0.5001       640
weighted avg     0.5016    0.5203    0.5001       640


Confusion Matrix (rows = true, cols = predicted):
             P_No Thrust  P_Chemical  P_Electric  P_Impulsive
T_No Thrust           55           6          68           31
T_Chemical             1         159           0            0
T_Electric            39           9          88           24
T_Impulsive           51           6          72           31

Mamba Inference Time	Elapsed time is 0.3003 seconds.
