Maximum mass for classification : 10 kg
Number of equispaced classes    : 6
Number of random systems        : 10000
Use LSTM comparison             : True
Use Transformer comparison      : False
Number of Layers                : 2
Damping of System               : 0.1
GPU is available
Time to generate data: 87.13 seconds

Entering LSTM Training Loop
Epoch [1/100], Training Loss: 1.8020
Validation Loss: 1.7884, Validation Accuracy: 17.10%
Epoch [2/100], Training Loss: 1.7555
Validation Loss: 1.7083, Validation Accuracy: 22.90%
Epoch [3/100], Training Loss: 1.7866
Validation Loss: 1.7742, Validation Accuracy: 19.83%
Epoch [4/100], Training Loss: 1.7046
Validation Loss: 1.6061, Validation Accuracy: 27.10%
Epoch [5/100], Training Loss: 1.5296
Validation Loss: 1.4933, Validation Accuracy: 36.77%
Epoch [6/100], Training Loss: 1.4592
Validation Loss: 1.3994, Validation Accuracy: 38.43%
Epoch [7/100], Training Loss: 1.4105
Validation Loss: 1.3737, Validation Accuracy: 38.13%
Epoch [8/100], Training Loss: 1.3859
Validation Loss: 1.3530, Validation Accuracy: 40.57%
Epoch [9/100], Training Loss: 1.3686
Validation Loss: 1.3383, Validation Accuracy: 41.67%
Epoch [10/100], Training Loss: 1.3507
Validation Loss: 1.3510, Validation Accuracy: 41.87%
Epoch [11/100], Training Loss: 1.3656
Validation Loss: 1.3558, Validation Accuracy: 40.07%
Epoch [12/100], Training Loss: 1.3402
Validation Loss: 1.3376, Validation Accuracy: 41.70%
Epoch [13/100], Training Loss: 1.3366
Validation Loss: 1.3366, Validation Accuracy: 39.67%
Epoch [14/100], Training Loss: 1.3373
Validation Loss: 1.3399, Validation Accuracy: 40.23%
Epoch [15/100], Training Loss: 1.3361
Validation Loss: 1.3212, Validation Accuracy: 39.97%
Epoch [16/100], Training Loss: 1.3393
Validation Loss: 1.3763, Validation Accuracy: 40.60%
Epoch [17/100], Training Loss: 1.3219
Validation Loss: 1.3362, Validation Accuracy: 41.50%
Epoch [18/100], Training Loss: 1.3292
Validation Loss: 1.3261, Validation Accuracy: 41.50%
Epoch [19/100], Training Loss: 1.4459
Validation Loss: 1.7966, Validation Accuracy: 17.87%
Epoch 00019: reducing learning rate of group 0 to 5.0000e-03.
Epoch [20/100], Training Loss: 1.6687
Validation Loss: 1.6242, Validation Accuracy: 30.17%
Epoch [21/100], Training Loss: 1.5949
Validation Loss: 1.5907, Validation Accuracy: 30.33%
Early stopping triggered.

	Elapsed time is 3305.2022 seconds.

==========================================================================================
Total parameters: 51078
Total memory (bytes): 408624
Total memory (MB): 0.3896942138671875
==========================================================================================

Entering Mamba Training Loop
Epoch [1/100], Training Loss: 1.5148
Validation Loss: 1.3690, Validation Accuracy: 41.07%
Epoch [2/100], Training Loss: 1.3798
Validation Loss: 1.3783, Validation Accuracy: 36.87%
Epoch [3/100], Training Loss: 1.3460
Validation Loss: 1.3570, Validation Accuracy: 38.63%
Epoch [4/100], Training Loss: 1.3432
Validation Loss: 1.3269, Validation Accuracy: 38.73%
Epoch [5/100], Training Loss: 1.3293
Validation Loss: 1.3273, Validation Accuracy: 41.40%
Epoch [6/100], Training Loss: 1.3418
Validation Loss: 1.3529, Validation Accuracy: 41.43%
Epoch [7/100], Training Loss: 1.3445
Validation Loss: 1.3392, Validation Accuracy: 39.27%
Epoch [8/100], Training Loss: 1.3286
Validation Loss: 1.3360, Validation Accuracy: 41.30%
Epoch 00008: reducing learning rate of group 0 to 5.0000e-03.
Epoch [9/100], Training Loss: 1.3108
Validation Loss: 1.3208, Validation Accuracy: 41.47%
Epoch [10/100], Training Loss: 1.3097
Validation Loss: 1.3224, Validation Accuracy: 41.53%
Epoch [11/100], Training Loss: 1.3110
Validation Loss: 1.3069, Validation Accuracy: 41.50%
Epoch [12/100], Training Loss: 1.3081
Validation Loss: 1.3133, Validation Accuracy: 41.27%
Epoch [13/100], Training Loss: 1.3080
Validation Loss: 1.3050, Validation Accuracy: 41.67%
Epoch [14/100], Training Loss: 1.3056
Validation Loss: 1.3120, Validation Accuracy: 42.33%
Epoch [15/100], Training Loss: 1.3115
Validation Loss: 1.3206, Validation Accuracy: 41.13%
Epoch [16/100], Training Loss: 1.3100
Validation Loss: 1.3059, Validation Accuracy: 41.60%
Epoch [17/100], Training Loss: 1.3065
Validation Loss: 1.3067, Validation Accuracy: 42.90%
Epoch 00017: reducing learning rate of group 0 to 2.5000e-03.
Epoch [18/100], Training Loss: 1.2996
Validation Loss: 1.3027, Validation Accuracy: 41.77%
Epoch [19/100], Training Loss: 1.2975
Validation Loss: 1.3029, Validation Accuracy: 42.63%
Epoch [20/100], Training Loss: 1.2976
Validation Loss: 1.3031, Validation Accuracy: 42.20%
Epoch [21/100], Training Loss: 1.2991
Validation Loss: 1.3182, Validation Accuracy: 42.57%
Epoch [22/100], Training Loss: 1.2968
Validation Loss: 1.3032, Validation Accuracy: 42.47%
Epoch 00022: reducing learning rate of group 0 to 1.2500e-03.
Epoch [23/100], Training Loss: 1.2938
Validation Loss: 1.3032, Validation Accuracy: 42.17%
Epoch [24/100], Training Loss: 1.2934
Validation Loss: 1.3072, Validation Accuracy: 41.50%
Early stopping triggered.

	Elapsed time is 42605.1898 seconds.

==========================================================================================
Total parameters: 16138
Total memory (bytes): 129104
Total memory (MB): 0.1231231689453125
==========================================================================================
